<html><head><title>HsacExamples.SlimTests.BrowserTests.LayoutTest</title><meta http-equiv='Content-Type' content='text/html;charset=UTF-8'/><link rel='stylesheet' type='text/css' href='css/fitnesse.css'/><script src='javascript/jquery-1.11.3.min.js' type='text/javascript'></script><script src='javascript/fitnesse.js' type='text/javascript'></script></head><body><header><h2>HsacExamples.SlimTests.BrowserTests.LayoutTest</h2></header><article><br/><h1 id="PageLayoutTestingusing">Page Layout Testing using LayoutTest</h1>
<br/>On this page we check whether a page, opened using BrowserTest, meets the look and feel criteria described in a 'spec file'.<br/>This is done by using LayoutTest (so not by BrowserTest itself) which enables the use of the <a href="http://galenframework.com">Galen Framework</a>.<br/>A 'spec file' is a file containing a specification, written in <a href="http://galenframework.com/docs/reference-galen-spec-language-guide/">Galen Spec Language</a>, which allows the location of objects relatively to each other on a page to be checked.<br/>This file is loaded from the wiki's files section<a title="create page" href="FitNesse.FullReferenceGuide.UserGuide.FitNesseWiki.FilesSection?edit&amp;nonExistent=true">[?]</a>.<br/><br/>Since two different fixtures are used this test page uses two separate script tables: one to open the right page, and another to perform the layout check.<br/>Depending on the focus of the test script one could consider whether it makes sense to use either BrowserTest (when the focus is no layout checking) or LayoutTest (when the focus of the script is browser actions) as a library<a title="create page" href="FitNesse.FullReferenceGuide.UserGuide.WritingAcceptanceTests.SliM.LibraryTable?edit&amp;nonExistent=true">[?]</a>. This removes the need to explicitly switch between the two fixtures.<br/>One can then just have a single script (using methods from both fixtures) manipuating the browser and checking the resulting pages' layout.<br/><br/><p class="note">The configuration of Selenium (i.e. which browser to use) and starting the browser session is done in the SuiteSetup<a title="create page" href="HsacExamples.SlimTests.BrowserTests.SuiteSetup?edit&amp;nonExistent=true">[?]</a>. Which allows this configuration to be shared between tests. Closing the browser is done in <a href="HsacExamples.SlimTests.BrowserTests.SuiteTearDown">SuiteTearDown</a>, which happens after all tests are completed.</p><br/>We start by opening the page to be checked.<br/><br/><table>
	<tr class="slimRowTitle">
		<td>script</td>
		<td>browser test <span class="error">org.openqa.selenium.UnsupportedCommandException: The test with session id aaf57187dd7a41408652c14cc63f9203 has already finished, and can't receive further commands.
You can learn more at https://saucelabs.com/jobs/aaf57187dd7a41408652c14cc63f9203
For help, please check https://wiki.saucelabs.com/display/DOCS/Common+Error+Messages
Command duration or timeout: 70 milliseconds
Build info: version: '3.141.59', revision: 'e82be7d358', time: '2018-11-14T08:17:03'
System info: host: 'travis-job-aa215925-1b05-4c97-9cfc-e91855bfde3c', ip: '127.0.1.1', os.name: 'Linux', os.arch: 'amd64', os.version: '4.4.0-101-generic', java.version: '1.8.0_151'
Driver info: org.openqa.selenium.remote.RemoteWebDriver
Capabilities {acceptInsecureCerts: false, acceptSslCerts: false, applicationCacheEnabled: false, browserConnectionEnabled: false, browserName: chrome, chrome: {chromedriverVersion: 2.43.600210 (68dcf5eebde371..., userDataDir: C:\Users\ADMINI~1\AppData\L...}, cssSelectorsEnabled: true, databaseEnabled: false, goog:chromeOptions: {debuggerAddress: localhost:49216}, handlesAlerts: true, hasMetadata: true, hasTouchScreen: false, javascriptEnabled: true, locationContextEnabled: true, mobileEmulationEnabled: false, nativeEvents: true, networkConnectionEnabled: false, pageLoadStrategy: normal, platform: XP, platformName: XP, rotatable: false, setWindowRect: true, takesHeapSnapshot: true, takesScreenshot: true, unexpectedAlertBehaviour: , unhandledPromptBehavior: , version: 70.0.3538.67, webStorageEnabled: true, webdriver.remote.sessionid: aaf57187dd7a41408652c14cc63...}
Session ID: aaf57187dd7a41408652c14cc63f9203</span></td>
	</tr>
	<tr class="slimRowColor4">
		<td>open <span class="error"><div><div>org.openqa.selenium.UnsupportedCommandException: The test with session id aaf57187dd7a41408652c14cc63f9203 has already finished, and can't receive further commands.<br/>You can learn more at https://saucelabs.com/jobs/aaf57187dd7a41408652c14cc63f9203<br/>For help, please check https://wiki.saucelabs.com/display/DOCS/Common+Error+Messages<br/>Command duration or timeout: 67 milliseconds<br/>Build info: version: '3.141.59', revision: 'e82be7d358', time: '2018-11-14T08:17:03'<br/>System info: host: 'travis-job-aa215925-1b05-4c97-9cfc-e91855bfde3c', ip: '127.0.1.1', os.name: 'Linux', os.arch: 'amd64', os.version: '4.4.0-101-generic', java.version: '1.8.0_151'<br/>Driver info: org.openqa.selenium.remote.RemoteWebDriver<br/>Capabilities {acceptInsecureCerts: false, acceptSslCerts: false, applicationCacheEnabled: false, browserConnectionEnabled: false, browserName: chrome, chrome: {chromedriverVersion: 2.43.600210 (68dcf5eebde371..., userDataDir: C:\Users\ADMINI~1\AppData\L...}, cssSelectorsEnabled: true, databaseEnabled: false, goog:chromeOptions: {debuggerAddress: localhost:49216}, handlesAlerts: true, hasMetadata: true, hasTouchScreen: false, javascriptEnabled: true, locationContextEnabled: true, mobileEmulationEnabled: false, nativeEvents: true, networkConnectionEnabled: false, pageLoadStrategy: normal, platform: XP, platformName: XP, rotatable: false, setWindowRect: true, takesHeapSnapshot: true, takesScreenshot: true, unexpectedAlertBehaviour: , unhandledPromptBehavior: , version: 70.0.3538.67, webStorageEnabled: true, webdriver.remote.sessionid: aaf57187dd7a41408652c14cc63...}<br/>Session ID: aaf57187dd7a41408652c14cc63f9203<br/>	at sun.reflect.GeneratedConstructorAccessor18.newInstance(Unknown Source)<br/>	at sun.reflect.DelegatingConstructorAccessorImpl.newInstance(DelegatingConstructorAccessorImpl.java:45)<br/>	at java.lang.reflect.Constructor.newInstance(Constructor.java:423)<br/>	at org.openqa.selenium.remote.ErrorHandler.createThrowable(ErrorHandler.java:214)<br/>	at org.openqa.selenium.remote.ErrorHandler.throwIfResponseFailed(ErrorHandler.java:166)<br/>	at org.openqa.selenium.remote.RemoteWebDriver.execute(RemoteWebDriver.java:586)<br/>	at org.openqa.selenium.remote.RemoteWebDriver$RemoteTargetLocator.defaultContent(RemoteWebDriver.java:922)<br/>	at nl.hsac.fitnesse.fixture.util.selenium.SeleniumHelper.switchToDefaultContent(SeleniumHelper.java:1112)<br/>	at nl.hsac.fitnesse.fixture.slim.web.BrowserTest.switchToDefaultContent(BrowserTest.java:422)<br/>	at nl.hsac.fitnesse.fixture.slim.web.BrowserTest.open(BrowserTest.java:218)<br/>	at sun.reflect.NativeMethodAccessorImpl.invoke0(Native Method)<br/>	at sun.reflect.NativeMethodAccessorImpl.invoke(NativeMethodAccessorImpl.java:62)<br/>	at sun.reflect.DelegatingMethodAccessorImpl.invoke(DelegatingMethodAccessorImpl.java:43)<br/>	at java.lang.reflect.Method.invoke(Method.java:498)<br/>	at fitnesse.slim.fixtureInteraction.DefaultInteraction.methodInvoke(DefaultInteraction.java:221)<br/>	at nl.hsac.fitnesse.fixture.slim.SlimFixture.invoke(SlimFixture.java:61)<br/>	at nl.hsac.fitnesse.fixture.slim.web.BrowserTest.superInvoke(BrowserTest.java:141)<br/>	at nl.hsac.fitnesse.fixture.slim.web.BrowserTest.invoke(BrowserTest.java:88)<br/>	at nl.hsac.fitnesse.fixture.slim.SlimFixture.aroundSlimInvoke(SlimFixture.java:41)<br/>	at sun.reflect.GeneratedMethodAccessor1.invoke(Unknown Source)<br/>	at sun.reflect.DelegatingMethodAccessorImpl.invoke(DelegatingMethodAccessorImpl.java:43)<br/>	at java.lang.reflect.Method.invoke(Method.java:498)<br/>	at fitnesse.slim.fixtureInteraction.DefaultInteraction.methodInvoke(DefaultInteraction.java:221)<br/>	at fitnesse.slim.fixtureInteraction.DefaultInteraction.callMethod(DefaultInteraction.java:204)<br/>	at fitnesse.slim.fixtureInteraction.DefaultInteraction.invokeMethod(DefaultInteraction.java:188)<br/>	at fitnesse.slim.fixtureInteraction.DefaultInteraction.findAndInvoke(DefaultInteraction.java:166)<br/>	at fitnesse.slim.MethodExecutor.findAndInvoke(MethodExecutor.java:18)<br/>	at fitnesse.slim.FixtureMethodExecutor.execute(FixtureMethodExecutor.java:18)<br/>	at fitnesse.slim.StatementExecutor.getMethodExecutionResult(StatementExecutor.java:139)<br/>	at fitnesse.slim.StatementExecutor.call(StatementExecutor.java:112)<br/>	at fitnesse.slim.instructions.CallInstruction.executeInternal(CallInstruction.java:35)<br/>	at fitnesse.slim.instructions.Instruction.execute(Instruction.java:29)<br/>	at fitnesse.slim.ListExecutor$Executive.executeStatement(ListExecutor.java:49)<br/>	at fitnesse.slim.ListExecutor$Executive.executeStatements(ListExecutor.java:43)<br/>	at fitnesse.slim.ListExecutor.execute(ListExecutor.java:85)<br/>	at fitnesse.slim.SlimServer.executeInstructions(SlimServer.java:82)<br/>	at fitnesse.slim.SlimServer.processOneSetOfInstructions(SlimServer.java:75)<br/>	at fitnesse.slim.SlimServer.tryProcessInstructions(SlimServer.java:62)<br/>	at fitnesse.slim.SlimServer.serve(SlimServer.java:47)<br/>	at fitnesse.testsystems.slim.InProcessSlimClient$1.run(InProcessSlimClient.java:55)<br/>	at java.lang.Thread.run(Thread.java:748)<br/>.</div><div>Page content:(Screenshot not available)</div></div></span></td>
		<td><a href="http://testapp.galenframework.com">http://testapp.galenframework.com</a></td>
	</tr>
</table>
<br/>Then we trigger layout verification, and check its results. Note that the full (HTML) report generated by Galen will be made available as part of the test result.<br/>That full report will contain all details on any issues found. In the wiki test we just check: that the spec file used contained specs to be used, and how many specs caused errors/warnings.<br/>(This test is a bit strange in that it expects errors, which you normally would not.)<br/><br/><table>
	<tr class="slimRowTitle">
		<td>script</td>
		<td colspan="2"><span class="pass">layout test</span></td>
	</tr>
	<tr class="slimRowColor7">
		<td>set included tags</td>
		<td colspan="2">usual,hovered</td>
	</tr>
	<tr class="exception closed">
		<td class="error">show</td>
		<td class="error">verify layout using</td>
		<td class="error"><a href="files/galenExamples/menuHighlight.gspec">http://files/galenExamples/menuHighlight.gspec</a></td>
	</tr><tr class="exception-detail closed-detail"><td colspan="3"><pre>__EXCEPTION__:org.openqa.selenium.UnsupportedCommandException: The test with session id aaf57187dd7a41408652c14cc63f9203 has already finished, and can't receive further commands.
You can learn more at https://saucelabs.com/jobs/aaf57187dd7a41408652c14cc63f9203
For help, please check https://wiki.saucelabs.com/display/DOCS/Common+Error+Messages
Command duration or timeout: 68 milliseconds
Build info: version: '3.141.59', revision: 'e82be7d358', time: '2018-11-14T08:17:03'
System info: host: 'travis-job-aa215925-1b05-4c97-9cfc-e91855bfde3c', ip: '127.0.1.1', os.name: 'Linux', os.arch: 'amd64', os.version: '4.4.0-101-generic', java.version: '1.8.0_151'
Driver info: org.openqa.selenium.remote.RemoteWebDriver
Capabilities {acceptInsecureCerts: false, acceptSslCerts: false, applicationCacheEnabled: false, browserConnectionEnabled: false, browserName: chrome, chrome: {chromedriverVersion: 2.43.600210 (68dcf5eebde371..., userDataDir: C:\Users\ADMINI~1\AppData\L...}, cssSelectorsEnabled: true, databaseEnabled: false, goog:chromeOptions: {debuggerAddress: localhost:49216}, handlesAlerts: true, hasMetadata: true, hasTouchScreen: false, javascriptEnabled: true, locationContextEnabled: true, mobileEmulationEnabled: false, nativeEvents: true, networkConnectionEnabled: false, pageLoadStrategy: normal, platform: XP, platformName: XP, rotatable: false, setWindowRect: true, takesHeapSnapshot: true, takesScreenshot: true, unexpectedAlertBehaviour: , unhandledPromptBehavior: , version: 70.0.3538.67, webStorageEnabled: true, webdriver.remote.sessionid: aaf57187dd7a41408652c14cc63...}
Session ID: aaf57187dd7a41408652c14cc63f9203
*** Element info: {Using=css selector, value=#menu li a}
	at sun.reflect.GeneratedConstructorAccessor18.newInstance(Unknown Source) [n/a]
	at sun.reflect.DelegatingConstructorAccessorImpl.newInstance(DelegatingConstructorAccessorImpl.java:45) [rt.jar:1.8.0_151]
	at java.lang.reflect.Constructor.newInstance(Constructor.java:423) [rt.jar:1.8.0_151]
	at org.openqa.selenium.remote.ErrorHandler.createThrowable(ErrorHandler.java:214) [selenium-remote-driver-3.141.59.jar]
	at org.openqa.selenium.remote.ErrorHandler.throwIfResponseFailed(ErrorHandler.java:166) [selenium-remote-driver-3.141.59.jar]
	at org.openqa.selenium.remote.RemoteWebDriver.execute(RemoteWebDriver.java:586) [selenium-remote-driver-3.141.59.jar]
	at org.openqa.selenium.remote.RemoteWebDriver.findElements(RemoteWebDriver.java:353) [selenium-remote-driver-3.141.59.jar]
	at org.openqa.selenium.remote.RemoteWebDriver.findElementsByCssSelector(RemoteWebDriver.java:424) [selenium-remote-driver-3.141.59.jar]
	at org.openqa.selenium.By$ByCssSelector.findElements(By.java:441) [selenium-api-3.141.59.jar]
	at org.openqa.selenium.remote.RemoteWebDriver.findElements(RemoteWebDriver.java:311) [selenium-remote-driver-3.141.59.jar]
	at com.galenframework.page.selenium.ByChain.findElements(ByChain.java:40) [galen-core-2.4.0.jar]
	at com.galenframework.page.selenium.SeleniumPage.driverFindElements(SeleniumPage.java:111) [galen-core-2.4.0.jar]
	at com.galenframework.page.selenium.SeleniumPage.getObjectCount(SeleniumPage.java:153) [galen-core-2.4.0.jar]
	at com.galenframework.speclang2.pagespec.ObjectDefinitionProcessor.addMultiObjectsToSpec(ObjectDefinitionProcessor.java:145) [galen-core-2.4.0.jar]
	at com.galenframework.speclang2.pagespec.ObjectDefinitionProcessor.processObject(ObjectDefinitionProcessor.java:105) [galen-core-2.4.0.jar]
	at com.galenframework.speclang2.pagespec.ObjectDefinitionProcessor.parseItem(ObjectDefinitionProcessor.java:63) [galen-core-2.4.0.jar]
	at com.galenframework.speclang2.pagespec.ObjectDefinitionProcessor.parseItem(ObjectDefinitionProcessor.java:59) [galen-core-2.4.0.jar]
	at com.galenframework.speclang2.pagespec.ObjectDefinitionProcessor.process(ObjectDefinitionProcessor.java:52) [galen-core-2.4.0.jar]
	at com.galenframework.speclang2.pagespec.MacroProcessor.processMacroStatement(MacroProcessor.java:203) [galen-core-2.4.0.jar]
	at com.galenframework.speclang2.pagespec.MacroProcessor.process(MacroProcessor.java:84) [galen-core-2.4.0.jar]
	at com.galenframework.speclang2.pagespec.PageSpecReader.read(PageSpecReader.java:61) [galen-core-2.4.0.jar]
	at com.galenframework.speclang2.pagespec.PageSpecReader.read(PageSpecReader.java:45) [galen-core-2.4.0.jar]
	at com.galenframework.api.Galen.checkLayout(Galen.java:68) [galen-core-2.4.0.jar]
	at com.galenframework.api.Galen.checkLayout(Galen.java:59) [galen-core-2.4.0.jar]
	at com.galenframework.api.Galen.checkLayout(Galen.java:52) [galen-core-2.4.0.jar]
	at com.galenframework.api.Galen.checkLayout(Galen.java:142) [galen-core-2.4.0.jar]
	at nl.hsac.fitnesse.fixture.slim.web.LayoutTest.checkLayout(LayoutTest.java:69) [file:/home/travis/build/fhoeben/hsac-fitnesse-fixtures/wiki/fixtures/]
	at nl.hsac.fitnesse.fixture.slim.web.LayoutTest.checkLayout(LayoutTest.java:60) [file:/home/travis/build/fhoeben/hsac-fitnesse-fixtures/wiki/fixtures/]
	at nl.hsac.fitnesse.fixture.slim.web.LayoutTest.verifyLayoutUsing(LayoutTest.java:52) [file:/home/travis/build/fhoeben/hsac-fitnesse-fixtures/wiki/fixtures/]
	at sun.reflect.NativeMethodAccessorImpl.invoke0(Native Method) [rt.jar:1.8.0_151]
	at sun.reflect.NativeMethodAccessorImpl.invoke(NativeMethodAccessorImpl.java:62) [rt.jar:1.8.0_151]
	at sun.reflect.DelegatingMethodAccessorImpl.invoke(DelegatingMethodAccessorImpl.java:43) [rt.jar:1.8.0_151]
	at java.lang.reflect.Method.invoke(Method.java:498) [rt.jar:1.8.0_151]
	at fitnesse.slim.fixtureInteraction.DefaultInteraction.methodInvoke(DefaultInteraction.java:221) [fitnesse-20180127.jar:20180127]
	at nl.hsac.fitnesse.fixture.slim.SlimFixture.invoke(SlimFixture.java:61) [file:/home/travis/build/fhoeben/hsac-fitnesse-fixtures/wiki/fixtures/]
	at nl.hsac.fitnesse.fixture.slim.SlimFixture.aroundSlimInvoke(SlimFixture.java:41) [file:/home/travis/build/fhoeben/hsac-fitnesse-fixtures/wiki/fixtures/]
	at sun.reflect.GeneratedMethodAccessor1.invoke(Unknown Source) [n/a]
	at sun.reflect.DelegatingMethodAccessorImpl.invoke(DelegatingMethodAccessorImpl.java:43) [rt.jar:1.8.0_151]
	at java.lang.reflect.Method.invoke(Method.java:498) [rt.jar:1.8.0_151]
	at fitnesse.slim.fixtureInteraction.DefaultInteraction.methodInvoke(DefaultInteraction.java:221) [fitnesse-20180127.jar:20180127]
	at fitnesse.slim.fixtureInteraction.DefaultInteraction.callMethod(DefaultInteraction.java:204) [fitnesse-20180127.jar:20180127]
	at fitnesse.slim.fixtureInteraction.DefaultInteraction.invokeMethod(DefaultInteraction.java:188) [fitnesse-20180127.jar:20180127]
	at fitnesse.slim.fixtureInteraction.DefaultInteraction.findAndInvoke(DefaultInteraction.java:166) [fitnesse-20180127.jar:20180127]
	at fitnesse.slim.MethodExecutor.findAndInvoke(MethodExecutor.java:18) [fitnesse-20180127.jar:20180127]
	at fitnesse.slim.FixtureMethodExecutor.execute(FixtureMethodExecutor.java:18) [fitnesse-20180127.jar:20180127]
	at fitnesse.slim.StatementExecutor.getMethodExecutionResult(StatementExecutor.java:139) [fitnesse-20180127.jar:20180127]
	at fitnesse.slim.StatementExecutor.call(StatementExecutor.java:112) [fitnesse-20180127.jar:20180127]
	at fitnesse.slim.instructions.CallInstruction.executeInternal(CallInstruction.java:35) [fitnesse-20180127.jar:20180127]
	at fitnesse.slim.instructions.Instruction.execute(Instruction.java:29) [fitnesse-20180127.jar:20180127]
	at fitnesse.slim.ListExecutor$Executive.executeStatement(ListExecutor.java:49) [fitnesse-20180127.jar:20180127]
	at fitnesse.slim.ListExecutor$Executive.executeStatements(ListExecutor.java:43) [fitnesse-20180127.jar:20180127]
	at fitnesse.slim.ListExecutor.execute(ListExecutor.java:85) [fitnesse-20180127.jar:20180127]
	at fitnesse.slim.SlimServer.executeInstructions(SlimServer.java:82) [fitnesse-20180127.jar:20180127]
	at fitnesse.slim.SlimServer.processOneSetOfInstructions(SlimServer.java:75) [fitnesse-20180127.jar:20180127]
	at fitnesse.slim.SlimServer.tryProcessInstructions(SlimServer.java:62) [fitnesse-20180127.jar:20180127]
	at fitnesse.slim.SlimServer.serve(SlimServer.java:47) [fitnesse-20180127.jar:20180127]
	at fitnesse.testsystems.slim.InProcessSlimClient$1.run(InProcessSlimClient.java:55) [fitnesse-20180127.jar:20180127]
	at java.lang.Thread.run(Thread.java:748) [rt.jar:1.8.0_151]</pre></td></tr>
	<tr class="slimRowColor0">
		<td>check</td>
		<td>verified spec count</td>
		<td><span class="fail">0&gt;0</span></td>
	</tr>
	<tr class="slimRowColor0">
		<td>check</td>
		<td>passed spec count</td>
		<td><span class="pass">0</span></td>
	</tr>
	<tr class="slimRowColor0">
		<td>check</td>
		<td>spec error count</td>
		<td>[<span class="diff">0</span>] <span class="fail">expected [</span><span class="diff">2</span><span class="fail">]</span></td>
	</tr>
	<tr class="slimRowColor0">
		<td>check</td>
		<td>spec warning count</td>
		<td><span class="pass">0</span></td>
	</tr>
	<tr class="exception closed">
		<td class="error">show</td>
		<td colspan="2" class="error">layout check messages</td>
	</tr><tr class="exception-detail closed-detail"><td colspan="3"><pre>__EXCEPTION__:java.lang.NullPointerException
	at nl.hsac.fitnesse.fixture.slim.web.LayoutTest.formatResultsForWiki(LayoutTest.java:125) [file:/home/travis/build/fhoeben/hsac-fitnesse-fixtures/wiki/fixtures/]
	at nl.hsac.fitnesse.fixture.slim.web.LayoutTest.layoutCheckMessages(LayoutTest.java:120) [file:/home/travis/build/fhoeben/hsac-fitnesse-fixtures/wiki/fixtures/]
	at sun.reflect.NativeMethodAccessorImpl.invoke0(Native Method) [rt.jar:1.8.0_151]
	at sun.reflect.NativeMethodAccessorImpl.invoke(NativeMethodAccessorImpl.java:62) [rt.jar:1.8.0_151]
	at sun.reflect.DelegatingMethodAccessorImpl.invoke(DelegatingMethodAccessorImpl.java:43) [rt.jar:1.8.0_151]
	at java.lang.reflect.Method.invoke(Method.java:498) [rt.jar:1.8.0_151]
	at fitnesse.slim.fixtureInteraction.DefaultInteraction.methodInvoke(DefaultInteraction.java:221) [fitnesse-20180127.jar:20180127]
	at nl.hsac.fitnesse.fixture.slim.SlimFixture.invoke(SlimFixture.java:61) [file:/home/travis/build/fhoeben/hsac-fitnesse-fixtures/wiki/fixtures/]
	at nl.hsac.fitnesse.fixture.slim.SlimFixture.aroundSlimInvoke(SlimFixture.java:41) [file:/home/travis/build/fhoeben/hsac-fitnesse-fixtures/wiki/fixtures/]
	at sun.reflect.GeneratedMethodAccessor1.invoke(Unknown Source) [n/a]
	at sun.reflect.DelegatingMethodAccessorImpl.invoke(DelegatingMethodAccessorImpl.java:43) [rt.jar:1.8.0_151]
	at java.lang.reflect.Method.invoke(Method.java:498) [rt.jar:1.8.0_151]
	at fitnesse.slim.fixtureInteraction.DefaultInteraction.methodInvoke(DefaultInteraction.java:221) [fitnesse-20180127.jar:20180127]
	at fitnesse.slim.fixtureInteraction.DefaultInteraction.callMethod(DefaultInteraction.java:204) [fitnesse-20180127.jar:20180127]
	at fitnesse.slim.fixtureInteraction.DefaultInteraction.invokeMethod(DefaultInteraction.java:188) [fitnesse-20180127.jar:20180127]
	at fitnesse.slim.fixtureInteraction.DefaultInteraction.findAndInvoke(DefaultInteraction.java:166) [fitnesse-20180127.jar:20180127]
	at fitnesse.slim.MethodExecutor.findAndInvoke(MethodExecutor.java:18) [fitnesse-20180127.jar:20180127]
	at fitnesse.slim.FixtureMethodExecutor.execute(FixtureMethodExecutor.java:18) [fitnesse-20180127.jar:20180127]
	at fitnesse.slim.StatementExecutor.getMethodExecutionResult(StatementExecutor.java:139) [fitnesse-20180127.jar:20180127]
	at fitnesse.slim.StatementExecutor.call(StatementExecutor.java:112) [fitnesse-20180127.jar:20180127]
	at fitnesse.slim.instructions.CallInstruction.executeInternal(CallInstruction.java:35) [fitnesse-20180127.jar:20180127]
	at fitnesse.slim.instructions.Instruction.execute(Instruction.java:29) [fitnesse-20180127.jar:20180127]
	at fitnesse.slim.ListExecutor$Executive.executeStatement(ListExecutor.java:49) [fitnesse-20180127.jar:20180127]
	at fitnesse.slim.ListExecutor$Executive.executeStatements(ListExecutor.java:43) [fitnesse-20180127.jar:20180127]
	at fitnesse.slim.ListExecutor.execute(ListExecutor.java:85) [fitnesse-20180127.jar:20180127]
	at fitnesse.slim.SlimServer.executeInstructions(SlimServer.java:82) [fitnesse-20180127.jar:20180127]
	at fitnesse.slim.SlimServer.processOneSetOfInstructions(SlimServer.java:75) [fitnesse-20180127.jar:20180127]
	at fitnesse.slim.SlimServer.tryProcessInstructions(SlimServer.java:62) [fitnesse-20180127.jar:20180127]
	at fitnesse.slim.SlimServer.serve(SlimServer.java:47) [fitnesse-20180127.jar:20180127]
	at fitnesse.testsystems.slim.InProcessSlimClient$1.run(InProcessSlimClient.java:55) [fitnesse-20180127.jar:20180127]
	at java.lang.Thread.run(Thread.java:748) [rt.jar:1.8.0_151]</pre></td></tr>
	<tr class="slimRowColor7">
		<td>set included tags</td>
		<td colspan="2">usual</td>
	</tr>
	<tr class="slimRowColor5">
		<td>set layout check name</td>
		<td colspan="2">Menu with usual highlight</td>
	</tr>
	<tr class="exception closed">
		<td class="error">show</td>
		<td class="error">verify layout using</td>
		<td class="error"><a href="files/galenExamples/menuHighlight.gspec">http://files/galenExamples/menuHighlight.gspec</a></td>
	</tr><tr class="exception-detail closed-detail"><td colspan="3"><pre>__EXCEPTION__:org.openqa.selenium.UnsupportedCommandException: The test with session id aaf57187dd7a41408652c14cc63f9203 has already finished, and can't receive further commands.
You can learn more at https://saucelabs.com/jobs/aaf57187dd7a41408652c14cc63f9203
For help, please check https://wiki.saucelabs.com/display/DOCS/Common+Error+Messages
Command duration or timeout: 76 milliseconds
Build info: version: '3.141.59', revision: 'e82be7d358', time: '2018-11-14T08:17:03'
System info: host: 'travis-job-aa215925-1b05-4c97-9cfc-e91855bfde3c', ip: '127.0.1.1', os.name: 'Linux', os.arch: 'amd64', os.version: '4.4.0-101-generic', java.version: '1.8.0_151'
Driver info: org.openqa.selenium.remote.RemoteWebDriver
Capabilities {acceptInsecureCerts: false, acceptSslCerts: false, applicationCacheEnabled: false, browserConnectionEnabled: false, browserName: chrome, chrome: {chromedriverVersion: 2.43.600210 (68dcf5eebde371..., userDataDir: C:\Users\ADMINI~1\AppData\L...}, cssSelectorsEnabled: true, databaseEnabled: false, goog:chromeOptions: {debuggerAddress: localhost:49216}, handlesAlerts: true, hasMetadata: true, hasTouchScreen: false, javascriptEnabled: true, locationContextEnabled: true, mobileEmulationEnabled: false, nativeEvents: true, networkConnectionEnabled: false, pageLoadStrategy: normal, platform: XP, platformName: XP, rotatable: false, setWindowRect: true, takesHeapSnapshot: true, takesScreenshot: true, unexpectedAlertBehaviour: , unhandledPromptBehavior: , version: 70.0.3538.67, webStorageEnabled: true, webdriver.remote.sessionid: aaf57187dd7a41408652c14cc63...}
Session ID: aaf57187dd7a41408652c14cc63f9203
*** Element info: {Using=css selector, value=#menu li a}
	at sun.reflect.GeneratedConstructorAccessor18.newInstance(Unknown Source) [n/a]
	at sun.reflect.DelegatingConstructorAccessorImpl.newInstance(DelegatingConstructorAccessorImpl.java:45) [rt.jar:1.8.0_151]
	at java.lang.reflect.Constructor.newInstance(Constructor.java:423) [rt.jar:1.8.0_151]
	at org.openqa.selenium.remote.ErrorHandler.createThrowable(ErrorHandler.java:214) [selenium-remote-driver-3.141.59.jar]
	at org.openqa.selenium.remote.ErrorHandler.throwIfResponseFailed(ErrorHandler.java:166) [selenium-remote-driver-3.141.59.jar]
	at org.openqa.selenium.remote.RemoteWebDriver.execute(RemoteWebDriver.java:586) [selenium-remote-driver-3.141.59.jar]
	at org.openqa.selenium.remote.RemoteWebDriver.findElements(RemoteWebDriver.java:353) [selenium-remote-driver-3.141.59.jar]
	at org.openqa.selenium.remote.RemoteWebDriver.findElementsByCssSelector(RemoteWebDriver.java:424) [selenium-remote-driver-3.141.59.jar]
	at org.openqa.selenium.By$ByCssSelector.findElements(By.java:441) [selenium-api-3.141.59.jar]
	at org.openqa.selenium.remote.RemoteWebDriver.findElements(RemoteWebDriver.java:311) [selenium-remote-driver-3.141.59.jar]
	at com.galenframework.page.selenium.ByChain.findElements(ByChain.java:40) [galen-core-2.4.0.jar]
	at com.galenframework.page.selenium.SeleniumPage.driverFindElements(SeleniumPage.java:111) [galen-core-2.4.0.jar]
	at com.galenframework.page.selenium.SeleniumPage.getObjectCount(SeleniumPage.java:153) [galen-core-2.4.0.jar]
	at com.galenframework.speclang2.pagespec.ObjectDefinitionProcessor.addMultiObjectsToSpec(ObjectDefinitionProcessor.java:145) [galen-core-2.4.0.jar]
	at com.galenframework.speclang2.pagespec.ObjectDefinitionProcessor.processObject(ObjectDefinitionProcessor.java:105) [galen-core-2.4.0.jar]
	at com.galenframework.speclang2.pagespec.ObjectDefinitionProcessor.parseItem(ObjectDefinitionProcessor.java:63) [galen-core-2.4.0.jar]
	at com.galenframework.speclang2.pagespec.ObjectDefinitionProcessor.parseItem(ObjectDefinitionProcessor.java:59) [galen-core-2.4.0.jar]
	at com.galenframework.speclang2.pagespec.ObjectDefinitionProcessor.process(ObjectDefinitionProcessor.java:52) [galen-core-2.4.0.jar]
	at com.galenframework.speclang2.pagespec.MacroProcessor.processMacroStatement(MacroProcessor.java:203) [galen-core-2.4.0.jar]
	at com.galenframework.speclang2.pagespec.MacroProcessor.process(MacroProcessor.java:84) [galen-core-2.4.0.jar]
	at com.galenframework.speclang2.pagespec.PageSpecReader.read(PageSpecReader.java:61) [galen-core-2.4.0.jar]
	at com.galenframework.speclang2.pagespec.PageSpecReader.read(PageSpecReader.java:45) [galen-core-2.4.0.jar]
	at com.galenframework.api.Galen.checkLayout(Galen.java:68) [galen-core-2.4.0.jar]
	at com.galenframework.api.Galen.checkLayout(Galen.java:59) [galen-core-2.4.0.jar]
	at com.galenframework.api.Galen.checkLayout(Galen.java:52) [galen-core-2.4.0.jar]
	at com.galenframework.api.Galen.checkLayout(Galen.java:142) [galen-core-2.4.0.jar]
	at nl.hsac.fitnesse.fixture.slim.web.LayoutTest.checkLayout(LayoutTest.java:69) [file:/home/travis/build/fhoeben/hsac-fitnesse-fixtures/wiki/fixtures/]
	at nl.hsac.fitnesse.fixture.slim.web.LayoutTest.checkLayout(LayoutTest.java:60) [file:/home/travis/build/fhoeben/hsac-fitnesse-fixtures/wiki/fixtures/]
	at nl.hsac.fitnesse.fixture.slim.web.LayoutTest.verifyLayoutUsing(LayoutTest.java:52) [file:/home/travis/build/fhoeben/hsac-fitnesse-fixtures/wiki/fixtures/]
	at sun.reflect.NativeMethodAccessorImpl.invoke0(Native Method) [rt.jar:1.8.0_151]
	at sun.reflect.NativeMethodAccessorImpl.invoke(NativeMethodAccessorImpl.java:62) [rt.jar:1.8.0_151]
	at sun.reflect.DelegatingMethodAccessorImpl.invoke(DelegatingMethodAccessorImpl.java:43) [rt.jar:1.8.0_151]
	at java.lang.reflect.Method.invoke(Method.java:498) [rt.jar:1.8.0_151]
	at fitnesse.slim.fixtureInteraction.DefaultInteraction.methodInvoke(DefaultInteraction.java:221) [fitnesse-20180127.jar:20180127]
	at nl.hsac.fitnesse.fixture.slim.SlimFixture.invoke(SlimFixture.java:61) [file:/home/travis/build/fhoeben/hsac-fitnesse-fixtures/wiki/fixtures/]
	at nl.hsac.fitnesse.fixture.slim.SlimFixture.aroundSlimInvoke(SlimFixture.java:41) [file:/home/travis/build/fhoeben/hsac-fitnesse-fixtures/wiki/fixtures/]
	at sun.reflect.GeneratedMethodAccessor1.invoke(Unknown Source) [n/a]
	at sun.reflect.DelegatingMethodAccessorImpl.invoke(DelegatingMethodAccessorImpl.java:43) [rt.jar:1.8.0_151]
	at java.lang.reflect.Method.invoke(Method.java:498) [rt.jar:1.8.0_151]
	at fitnesse.slim.fixtureInteraction.DefaultInteraction.methodInvoke(DefaultInteraction.java:221) [fitnesse-20180127.jar:20180127]
	at fitnesse.slim.fixtureInteraction.DefaultInteraction.callMethod(DefaultInteraction.java:204) [fitnesse-20180127.jar:20180127]
	at fitnesse.slim.fixtureInteraction.DefaultInteraction.invokeMethod(DefaultInteraction.java:188) [fitnesse-20180127.jar:20180127]
	at fitnesse.slim.fixtureInteraction.DefaultInteraction.findAndInvoke(DefaultInteraction.java:166) [fitnesse-20180127.jar:20180127]
	at fitnesse.slim.MethodExecutor.findAndInvoke(MethodExecutor.java:18) [fitnesse-20180127.jar:20180127]
	at fitnesse.slim.FixtureMethodExecutor.execute(FixtureMethodExecutor.java:18) [fitnesse-20180127.jar:20180127]
	at fitnesse.slim.StatementExecutor.getMethodExecutionResult(StatementExecutor.java:139) [fitnesse-20180127.jar:20180127]
	at fitnesse.slim.StatementExecutor.call(StatementExecutor.java:112) [fitnesse-20180127.jar:20180127]
	at fitnesse.slim.instructions.CallInstruction.executeInternal(CallInstruction.java:35) [fitnesse-20180127.jar:20180127]
	at fitnesse.slim.instructions.Instruction.execute(Instruction.java:29) [fitnesse-20180127.jar:20180127]
	at fitnesse.slim.ListExecutor$Executive.executeStatement(ListExecutor.java:49) [fitnesse-20180127.jar:20180127]
	at fitnesse.slim.ListExecutor$Executive.executeStatements(ListExecutor.java:43) [fitnesse-20180127.jar:20180127]
	at fitnesse.slim.ListExecutor.execute(ListExecutor.java:85) [fitnesse-20180127.jar:20180127]
	at fitnesse.slim.SlimServer.executeInstructions(SlimServer.java:82) [fitnesse-20180127.jar:20180127]
	at fitnesse.slim.SlimServer.processOneSetOfInstructions(SlimServer.java:75) [fitnesse-20180127.jar:20180127]
	at fitnesse.slim.SlimServer.tryProcessInstructions(SlimServer.java:62) [fitnesse-20180127.jar:20180127]
	at fitnesse.slim.SlimServer.serve(SlimServer.java:47) [fitnesse-20180127.jar:20180127]
	at fitnesse.testsystems.slim.InProcessSlimClient$1.run(InProcessSlimClient.java:55) [fitnesse-20180127.jar:20180127]
	at java.lang.Thread.run(Thread.java:748) [rt.jar:1.8.0_151]</pre></td></tr>
	<tr class="slimRowColor0">
		<td>check</td>
		<td>spec error count</td>
		<td>[<span class="diff">0</span>] <span class="fail">expected [</span><span class="diff">1</span><span class="fail">]</span></td>
	</tr>
	<tr class="slimRowColor0">
		<td>check</td>
		<td>spec warning count</td>
		<td><span class="pass">0</span></td>
	</tr>
</table>
<br/></article></body></html>