<html><head><title>HsacExamples.SlimTests.BrowserTests.TemplateStoryboardTest</title><meta http-equiv='Content-Type' content='text/html;charset=UTF-8'/><link rel='stylesheet' type='text/css' href='css/fitnesse.css'/><script src='javascript/jquery-1.11.3.min.js' type='text/javascript'></script><script src='javascript/fitnesse.js' type='text/javascript'></script></head><body><header><h2>HsacExamples.SlimTests.BrowserTests.TemplateStoryboardTest</h2></header><article><br/><h1>Website testing using <i>table template</i> and BrowserTest</h1>
<br/><br/>On this page we test whether we check the prices of a couple of houses for sale in Utrecht, The Netherlands. <br/>This test continues where <a href="HsacExamples.SlimTests.BrowserTests.StoryboardTest">StoryboardTest</a> left off and combines it with <a href="HsacExamples.SlimTests.BrowserTests.TableTemplateTest">TableTemplateTest</a>.<br/><br/>The configuration of Selenium (i.e. which browser to use) and starting the browser session is done in the SuiteSetup<a title="create page" href="HsacExamples.SlimTests.BrowserTests.SuiteSetup?edit&amp;nonExistent=true">[?]</a>. Which allows this configuration to be shared between tests. Closing the browser is done in <a href="HsacExamples.SlimTests.BrowserTests.SuiteTearDown">SuiteTearDown</a>, which happens after all tests are completed.<br/><br/><table>
	<tr>
		<td>table template</td>
		<td colspan="3">check original price</td>
	</tr>
	<tr>
		<td>open</td>
		<td colspan="3"><a href="http://www.funda.nl">http://www.funda.nl</a></td>
	</tr>
	<tr>
		<td>select</td>
		<td>€ 1.000.000</td>
		<td>for</td>
		<td>van</td>
	</tr>
	<tr>
		<td>select</td>
		<td>€ 2.000.000</td>
		<td>for</td>
		<td>tot</td>
	</tr>
	<tr>
		<td>enter</td>
		<td>@{address}, @{city}</td>
		<td>as</td>
		<td>Plaats, buurt, adres etc</td>
	</tr>
	<tr>
		<td>note</td>
		<td colspan="3">select option from autocomplete</td>
	</tr>
	<tr>
		<td>press</td>
		<td colspan="3">down</td>
	</tr>
	<tr>
		<td>press</td>
		<td colspan="3">enter</td>
	</tr>
	<tr>
		<td>click</td>
		<td colspan="3">Zoek</td>
	</tr>
	<tr>
		<td>click</td>
		<td colspan="3">@{address}</td>
	</tr>
	<tr>
		<td>$price=</td>
		<td>value of</td>
		<td colspan="2">Vraagprijs</td>
	</tr>
	<tr>
		<td>$volume=</td>
		<td>value of</td>
		<td colspan="2">Inhoud</td>
	</tr>
	<tr>
		<td>check</td>
		<td>value of</td>
		<td>Woonoppervlakte</td>
		<td>@{squareMeters} m²</td>
	</tr>
	<tr>
		<td>$yearBuilt=</td>
		<td>value of</td>
		<td colspan="2">Bouwjaar</td>
	</tr>
</table>
<br/><br/><table>
	<tr>
		<td>storyboard</td>
		<td><span class="pass">browser test</span></td>
	</tr>
</table>
<br/><table>
	<tr>
		<td colspan="6">check original price</td>
	</tr>
	<tr>
		<td>address</td>
		<td>city</td>
		<td>price?</td>
		<td>square meters</td>
		<td>year built?</td>
		<td>volume?</td>
	</tr>
	<tr class="scenario closed">
		<td class="fail">Gageldijk 87</td>
		<td class="fail">Utrecht</td>
		<td class="fail">[<span class="diff">null</span>] <span class="fail">expected [</span><span class="diff">€ 1.750.000 k.k.</span><span class="fail">]</span></td>
		<td class="fail">392</td>
		<td class="fail">[<span class="diff">null</span>] <span class="fail">expected [</span><span class="diff">1910</span><span class="fail">]</span></td>
		<td class="fail">[<span class="diff">null</span>] <span class="fail">expected [</span><span class="diff">1.881 m³</span><span class="fail">]</span></td>
	</tr><tr class="scenario-detail closed-detail"><td colspan="6"><table>
	<tr>
		<td>table template</td>
		<td colspan="3">check original price</td>
	</tr>
	<tr>
		<td><span class="pass">open</span></td>
		<td colspan="3"><a href="http://www.funda.nl">http://www.funda.nl</a></td>
	<td><a href="files/screenshots/storyboard/HsacExamples.SlimTests.BrowserTests.TemplateStoryboardTest/01-001.png"><img src="files/screenshots/storyboard/HsacExamples.SlimTests.BrowserTests.TemplateStoryboardTest/01-001.png" title="/home/travis/build/fhoeben/hsac-fitnesse-fixtures/target/fitnesse-results/files/screenshots/storyboard/HsacExamples.SlimTests.BrowserTests.TemplateStoryboardTest/01-001.png" height="200"/></a></td></tr>
	<tr>
		<td><span class="pass">select</span></td>
		<td>€ 1.000.000</td>
		<td>for</td>
		<td>van</td>
	<td><a href="files/screenshots/storyboard/HsacExamples.SlimTests.BrowserTests.TemplateStoryboardTest/01-002.png"><img src="files/screenshots/storyboard/HsacExamples.SlimTests.BrowserTests.TemplateStoryboardTest/01-002.png" title="/home/travis/build/fhoeben/hsac-fitnesse-fixtures/target/fitnesse-results/files/screenshots/storyboard/HsacExamples.SlimTests.BrowserTests.TemplateStoryboardTest/01-002.png" height="200"/></a></td></tr>
	<tr>
		<td><span class="pass">select</span></td>
		<td>€ 2.000.000</td>
		<td>for</td>
		<td>tot</td>
	<td><a href="files/screenshots/storyboard/HsacExamples.SlimTests.BrowserTests.TemplateStoryboardTest/01-003.png"><img src="files/screenshots/storyboard/HsacExamples.SlimTests.BrowserTests.TemplateStoryboardTest/01-003.png" title="/home/travis/build/fhoeben/hsac-fitnesse-fixtures/target/fitnesse-results/files/screenshots/storyboard/HsacExamples.SlimTests.BrowserTests.TemplateStoryboardTest/01-003.png" height="200"/></a></td></tr>
	<tr>
		<td><span class="pass">enter</span></td>
		<td>Gageldijk 87, Utrecht</td>
		<td>as</td>
		<td>Plaats, buurt, adres etc</td>
	<td><a href="files/screenshots/storyboard/HsacExamples.SlimTests.BrowserTests.TemplateStoryboardTest/01-004.png"><img src="files/screenshots/storyboard/HsacExamples.SlimTests.BrowserTests.TemplateStoryboardTest/01-004.png" title="/home/travis/build/fhoeben/hsac-fitnesse-fixtures/target/fitnesse-results/files/screenshots/storyboard/HsacExamples.SlimTests.BrowserTests.TemplateStoryboardTest/01-004.png" height="200"/></a></td></tr>
	<tr>
		<td>note</td>
		<td colspan="3">select option from autocomplete</td>
	</tr>
	<tr>
		<td><span class="pass">press</span></td>
		<td colspan="3">down</td>
	<td><a href="files/screenshots/storyboard/HsacExamples.SlimTests.BrowserTests.TemplateStoryboardTest/01-005.png"><img src="files/screenshots/storyboard/HsacExamples.SlimTests.BrowserTests.TemplateStoryboardTest/01-005.png" title="/home/travis/build/fhoeben/hsac-fitnesse-fixtures/target/fitnesse-results/files/screenshots/storyboard/HsacExamples.SlimTests.BrowserTests.TemplateStoryboardTest/01-005.png" height="200"/></a></td></tr>
	<tr>
		<td><span class="pass">press</span></td>
		<td colspan="3">enter</td>
	<td><a href="files/screenshots/storyboard/HsacExamples.SlimTests.BrowserTests.TemplateStoryboardTest/01-006.png"><img src="files/screenshots/storyboard/HsacExamples.SlimTests.BrowserTests.TemplateStoryboardTest/01-006.png" title="/home/travis/build/fhoeben/hsac-fitnesse-fixtures/target/fitnesse-results/files/screenshots/storyboard/HsacExamples.SlimTests.BrowserTests.TemplateStoryboardTest/01-006.png" height="200"/></a></td></tr>
	<tr>
		<td><span class="pass">click</span></td>
		<td colspan="3">Zoek</td>
	<td><a href="files/screenshots/storyboard/HsacExamples.SlimTests.BrowserTests.TemplateStoryboardTest/01-007.png"><img src="files/screenshots/storyboard/HsacExamples.SlimTests.BrowserTests.TemplateStoryboardTest/01-007.png" title="/home/travis/build/fhoeben/hsac-fitnesse-fixtures/target/fitnesse-results/files/screenshots/storyboard/HsacExamples.SlimTests.BrowserTests.TemplateStoryboardTest/01-007.png" height="200"/></a></td></tr>
	<tr>
		<td>click <span class="error"><div><div>Timed-out waiting (after 10s).</div><div><a href="files/pagesources/org.openqa.selenium.TimeoutException_17.html">Page content</a>:<a href="files/screenshots/timeouts/BrowserTest/timeout_16.png"><img src="files/screenshots/timeouts/BrowserTest/timeout_16.png" title="/home/travis/build/fhoeben/hsac-fitnesse-fixtures/target/fitnesse-results/files/screenshots/timeouts/BrowserTest/timeout_16.png" height="200"/></a></div></div></span></td>
		<td colspan="3">Gageldijk 87</td>
	<td><a href="files/screenshots/storyboard/HsacExamples.SlimTests.BrowserTests.TemplateStoryboardTest/01-008.png"><img src="files/screenshots/storyboard/HsacExamples.SlimTests.BrowserTests.TemplateStoryboardTest/01-008.png" title="/home/travis/build/fhoeben/hsac-fitnesse-fixtures/target/fitnesse-results/files/screenshots/storyboard/HsacExamples.SlimTests.BrowserTests.TemplateStoryboardTest/01-008.png" height="200"/></a></td></tr>
	<tr>
		<td>$price&lt;-[null]</td>
		<td>value of</td>
		<td colspan="2">Vraagprijs</td>
	</tr>
	<tr>
		<td>$volume&lt;-[null]</td>
		<td>value of</td>
		<td colspan="2">Inhoud</td>
	</tr>
	<tr>
		<td>check</td>
		<td>value of</td>
		<td>Woonoppervlakte</td>
		<td>[<span class="diff">null</span>] <span class="fail">expected [</span><span class="diff">392 m²</span><span class="fail">]</span></td>
	<td><a href="files/screenshots/storyboard/HsacExamples.SlimTests.BrowserTests.TemplateStoryboardTest/01-009.png"><img src="files/screenshots/storyboard/HsacExamples.SlimTests.BrowserTests.TemplateStoryboardTest/01-009.png" title="/home/travis/build/fhoeben/hsac-fitnesse-fixtures/target/fitnesse-results/files/screenshots/storyboard/HsacExamples.SlimTests.BrowserTests.TemplateStoryboardTest/01-009.png" height="200"/></a></td></tr>
	<tr>
		<td>$yearBuilt&lt;-[null]</td>
		<td>value of</td>
		<td colspan="2">Bouwjaar</td>
	</tr>
</table></td></tr>
	<tr class="scenario closed">
		<td class="error">Lange Nieuwstraat 72</td>
		<td class="error">Utrecht</td>
		<td class="error">[<span class="diff">null</span>] <span class="fail">expected [</span><span class="diff">€ 1.942.500 k.k.</span><span class="fail">]</span></td>
		<td class="error">820</td>
		<td class="error">[<span class="diff">null</span>] <span class="fail">expected [</span><span class="diff">Voor 1906</span><span class="fail">]</span></td>
		<td class="error">[<span class="diff">null</span>] <span class="fail">expected [</span><span class="diff">3.190 m³</span><span class="fail">]</span></td>
	</tr><tr class="scenario-detail closed-detail"><td colspan="6"><table>
	<tr>
		<td>table template</td>
		<td colspan="3">check original price</td>
	</tr>
	<tr>
		<td><span class="pass">open</span></td>
		<td colspan="3"><a href="http://www.funda.nl">http://www.funda.nl</a></td>
	<td><a href="files/screenshots/storyboard/HsacExamples.SlimTests.BrowserTests.TemplateStoryboardTest/01-010.png"><img src="files/screenshots/storyboard/HsacExamples.SlimTests.BrowserTests.TemplateStoryboardTest/01-010.png" title="/home/travis/build/fhoeben/hsac-fitnesse-fixtures/target/fitnesse-results/files/screenshots/storyboard/HsacExamples.SlimTests.BrowserTests.TemplateStoryboardTest/01-010.png" height="200"/></a></td></tr>
	<tr>
		<td><span class="pass">select</span></td>
		<td>€ 1.000.000</td>
		<td>for</td>
		<td>van</td>
	<td><a href="files/screenshots/storyboard/HsacExamples.SlimTests.BrowserTests.TemplateStoryboardTest/01-011.png"><img src="files/screenshots/storyboard/HsacExamples.SlimTests.BrowserTests.TemplateStoryboardTest/01-011.png" title="/home/travis/build/fhoeben/hsac-fitnesse-fixtures/target/fitnesse-results/files/screenshots/storyboard/HsacExamples.SlimTests.BrowserTests.TemplateStoryboardTest/01-011.png" height="200"/></a></td></tr>
	<tr>
		<td><span class="pass">select</span></td>
		<td>€ 2.000.000</td>
		<td>for</td>
		<td>tot</td>
	<td><a href="files/screenshots/storyboard/HsacExamples.SlimTests.BrowserTests.TemplateStoryboardTest/01-012.png"><img src="files/screenshots/storyboard/HsacExamples.SlimTests.BrowserTests.TemplateStoryboardTest/01-012.png" title="/home/travis/build/fhoeben/hsac-fitnesse-fixtures/target/fitnesse-results/files/screenshots/storyboard/HsacExamples.SlimTests.BrowserTests.TemplateStoryboardTest/01-012.png" height="200"/></a></td></tr>
	<tr>
		<td><span class="pass">enter</span></td>
		<td>Lange Nieuwstraat 72, Utrecht</td>
		<td>as</td>
		<td>Plaats, buurt, adres etc</td>
	<td><a href="files/screenshots/storyboard/HsacExamples.SlimTests.BrowserTests.TemplateStoryboardTest/01-013.png"><img src="files/screenshots/storyboard/HsacExamples.SlimTests.BrowserTests.TemplateStoryboardTest/01-013.png" title="/home/travis/build/fhoeben/hsac-fitnesse-fixtures/target/fitnesse-results/files/screenshots/storyboard/HsacExamples.SlimTests.BrowserTests.TemplateStoryboardTest/01-013.png" height="200"/></a></td></tr>
	<tr>
		<td>note</td>
		<td colspan="3">select option from autocomplete</td>
	</tr>
	<tr>
		<td><span class="pass">press</span></td>
		<td colspan="3">down</td>
	<td><a href="files/screenshots/storyboard/HsacExamples.SlimTests.BrowserTests.TemplateStoryboardTest/01-014.png"><img src="files/screenshots/storyboard/HsacExamples.SlimTests.BrowserTests.TemplateStoryboardTest/01-014.png" title="/home/travis/build/fhoeben/hsac-fitnesse-fixtures/target/fitnesse-results/files/screenshots/storyboard/HsacExamples.SlimTests.BrowserTests.TemplateStoryboardTest/01-014.png" height="200"/></a></td></tr>
	<tr>
		<td><span class="pass">press</span></td>
		<td colspan="3">enter</td>
	<td><a href="files/screenshots/storyboard/HsacExamples.SlimTests.BrowserTests.TemplateStoryboardTest/01-015.png"><img src="files/screenshots/storyboard/HsacExamples.SlimTests.BrowserTests.TemplateStoryboardTest/01-015.png" title="/home/travis/build/fhoeben/hsac-fitnesse-fixtures/target/fitnesse-results/files/screenshots/storyboard/HsacExamples.SlimTests.BrowserTests.TemplateStoryboardTest/01-015.png" height="200"/></a></td></tr>
	<tr>
		<td>click <span class="error"><div>org.openqa.selenium.UnsupportedCommandException: ERROR The test with session id 8df3d7f06e234c9a80a1b986cb6528b3 has already finished, and can't receive further commands.<br/>You can learn more at https://saucelabs.com/jobs/8df3d7f06e234c9a80a1b986cb6528b3<br/>For help, please check https://wiki.saucelabs.com/display/DOCS/Common+Error+Messages<br/>Command duration or timeout: 300.24 seconds<br/>Build info: version: '2.53.1', revision: 'a36b8b1cd5757287168e54b817830adce9b0158d', time: '2016-06-30 19:26:09'<br/>System info: host: 'testing-worker-linux-docker-04e1c29d-3463-linux-3', ip: '172.17.3.75', os.name: 'Linux', os.arch: 'amd64', os.version: '3.13.0-40-generic', java.version: '1.7.0_76'<br/>Session ID: 8df3d7f06e234c9a80a1b986cb6528b3<br/>Driver info: org.openqa.selenium.remote.RemoteWebDriver<br/>Capabilities [{platform=XP, javascriptEnabled=true, acceptSslCerts=true, hasMetadata=true, browserName=chrome, chrome={userDataDir=C:\Users\ADMINI~1\AppData\Local\Temp\scoped_dir1864_31527, chromedriverVersion=2.24.417431 (9aea000394714d2fbb20850021f6204f2256b9cf)}, networkConnectionEnabled=false, rotatable=false, mobileEmulationEnabled=false, locationContextEnabled=true, webdriver.remote.sessionid=8df3d7f06e234c9a80a1b986cb6528b3, version=54.0.2840.59, pageLoadStrategy=normal, takesHeapSnapshot=true, cssSelectorsEnabled=true, databaseEnabled=false, handlesAlerts=true, browserConnectionEnabled=false, webStorageEnabled=true, nativeEvents=true, hasTouchScreen=false, applicationCacheEnabled=false, takesScreenshot=true}]<br/>	at sun.reflect.NativeConstructorAccessorImpl.newInstance0(Native Method)<br/>	at sun.reflect.NativeConstructorAccessorImpl.newInstance(NativeConstructorAccessorImpl.java:57)<br/>	at sun.reflect.DelegatingConstructorAccessorImpl.newInstance(DelegatingConstructorAccessorImpl.java:45)<br/>	at java.lang.reflect.Constructor.newInstance(Constructor.java:526)<br/>	at org.openqa.selenium.remote.ErrorHandler.createThrowable(ErrorHandler.java:206)<br/>	at org.openqa.selenium.remote.ErrorHandler.throwIfResponseFailed(ErrorHandler.java:158)<br/>	at org.openqa.selenium.remote.RemoteWebDriver.execute(RemoteWebDriver.java:678)<br/>	at org.openqa.selenium.remote.RemoteWebElement.execute(RemoteWebElement.java:327)<br/>	at org.openqa.selenium.remote.RemoteWebElement.isEnabled(RemoteWebElement.java:169)<br/>	at nl.hsac.fitnesse.fixture.util.selenium.SeleniumHelper.isInteractable(SeleniumHelper.java:397)<br/>	at nl.hsac.fitnesse.fixture.util.selenium.SeleniumHelper.getElementToClick(SeleniumHelper.java:135)<br/>	at nl.hsac.fitnesse.fixture.slim.web.BrowserTest.getElementToClick(BrowserTest.java:730)<br/>	at nl.hsac.fitnesse.fixture.slim.web.BrowserTest.clickImp(BrowserTest.java:687)<br/>	at nl.hsac.fitnesse.fixture.slim.web.BrowserTest.click(BrowserTest.java:665)<br/>	at sun.reflect.GeneratedMethodAccessor3.invoke(Unknown Source)<br/>	at sun.reflect.DelegatingMethodAccessorImpl.invoke(DelegatingMethodAccessorImpl.java:43)<br/>	at java.lang.reflect.Method.invoke(Method.java:606)<br/>	at fitnesse.slim.fixtureInteraction.DefaultInteraction.methodInvoke(DefaultInteraction.java:148)<br/>	at nl.hsac.fitnesse.fixture.slim.SlimFixture.invoke(SlimFixture.java:45)<br/>	at nl.hsac.fitnesse.fixture.slim.web.BrowserTest.superInvoke(BrowserTest.java:107)<br/>	at nl.hsac.fitnesse.fixture.slim.web.BrowserTest$1.apply(BrowserTest.java:71)<br/>	at nl.hsac.fitnesse.fixture.slim.web.BrowserTest$1.apply(BrowserTest.java:67)<br/>	at nl.hsac.fitnesse.fixture.util.selenium.TryAllFramesConditionDecorator.apply(TryAllFramesConditionDecorator.java:34)<br/>	at nl.hsac.fitnesse.fixture.util.selenium.TryAllFramesConditionDecorator.apply(TryAllFramesConditionDecorator.java:16)<br/>	at nl.hsac.fitnesse.fixture.util.selenium.SeleniumHelper$2.apply(SeleniumHelper.java:953)<br/>	at nl.hsac.fitnesse.fixture.util.selenium.SeleniumHelper$2.apply(SeleniumHelper.java:949)<br/>	at org.openqa.selenium.support.ui.FluentWait.until(FluentWait.java:238)<br/>	at nl.hsac.fitnesse.fixture.util.selenium.SeleniumHelper.waitUntil(SeleniumHelper.java:938)<br/>	at nl.hsac.fitnesse.fixture.slim.web.BrowserTest.waitUntilImpl(BrowserTest.java:1764)<br/>	at nl.hsac.fitnesse.fixture.slim.web.BrowserTest.waitUntil(BrowserTest.java:1694)<br/>	at nl.hsac.fitnesse.fixture.slim.web.BrowserTest.invokedWrappedInWaitUntil(BrowserTest.java:100)<br/>	at nl.hsac.fitnesse.fixture.slim.web.BrowserTest.invoke(BrowserTest.java:61)<br/>	at nl.hsac.fitnesse.fixture.slim.SlimFixture.aroundSlimInvoke(SlimFixture.java:25)<br/>	at sun.reflect.GeneratedMethodAccessor1.invoke(Unknown Source)<br/>	at sun.reflect.DelegatingMethodAccessorImpl.invoke(DelegatingMethodAccessorImpl.java:43)<br/>	at java.lang.reflect.Method.invoke(Method.java:606)<br/>	at fitnesse.slim.fixtureInteraction.DefaultInteraction.methodInvoke(DefaultInteraction.java:148)<br/>	at fitnesse.slim.fixtureInteraction.DefaultInteraction.callMethod(DefaultInteraction.java:131)<br/>	at fitnesse.slim.fixtureInteraction.DefaultInteraction.invokeMethod(DefaultInteraction.java:115)<br/>	at fitnesse.slim.fixtureInteraction.DefaultInteraction.findAndInvoke(DefaultInteraction.java:92)<br/>	at fitnesse.slim.MethodExecutor.findAndInvoke(MethodExecutor.java:18)<br/>	at fitnesse.slim.FixtureMethodExecutor.execute(FixtureMethodExecutor.java:18)<br/>	at fitnesse.slim.StatementExecutor.getMethodExecutionResult(StatementExecutor.java:133)<br/>	at fitnesse.slim.StatementExecutor.call(StatementExecutor.java:106)<br/>	at fitnesse.slim.StatementTimeoutExecutor$3.call(StatementTimeoutExecutor.java:90)<br/>	at java.util.concurrent.FutureTask.run(FutureTask.java:262)<br/>	at java.util.concurrent.ThreadPoolExecutor.runWorker(ThreadPoolExecutor.java:1145)<br/>	at java.util.concurrent.ThreadPoolExecutor$Worker.run(ThreadPoolExecutor.java:615)<br/>	at java.lang.Thread.run(Thread.java:745)<br/></div></span></td>
		<td colspan="3">Zoek</td>
	<td> <span class="error"><div>org.openqa.selenium.UnsupportedCommandException: ERROR The test with session id 8df3d7f06e234c9a80a1b986cb6528b3 has already finished, and can't receive further commands.<br/>You can learn more at https://saucelabs.com/jobs/8df3d7f06e234c9a80a1b986cb6528b3<br/>For help, please check https://wiki.saucelabs.com/display/DOCS/Common+Error+Messages<br/>Command duration or timeout: 80 milliseconds<br/>Build info: version: '2.53.1', revision: 'a36b8b1cd5757287168e54b817830adce9b0158d', time: '2016-06-30 19:26:09'<br/>System info: host: 'testing-worker-linux-docker-04e1c29d-3463-linux-3', ip: '172.17.3.75', os.name: 'Linux', os.arch: 'amd64', os.version: '3.13.0-40-generic', java.version: '1.7.0_76'<br/>Session ID: 8df3d7f06e234c9a80a1b986cb6528b3<br/>Driver info: org.openqa.selenium.remote.RemoteWebDriver<br/>Capabilities [{platform=XP, javascriptEnabled=true, acceptSslCerts=true, hasMetadata=true, browserName=chrome, chrome={userDataDir=C:\Users\ADMINI~1\AppData\Local\Temp\scoped_dir1864_31527, chromedriverVersion=2.24.417431 (9aea000394714d2fbb20850021f6204f2256b9cf)}, networkConnectionEnabled=false, rotatable=false, mobileEmulationEnabled=false, locationContextEnabled=true, webdriver.remote.sessionid=8df3d7f06e234c9a80a1b986cb6528b3, version=54.0.2840.59, pageLoadStrategy=normal, takesHeapSnapshot=true, cssSelectorsEnabled=true, databaseEnabled=false, handlesAlerts=true, browserConnectionEnabled=false, webStorageEnabled=true, nativeEvents=true, hasTouchScreen=false, applicationCacheEnabled=false, takesScreenshot=true}]<br/>	at sun.reflect.NativeConstructorAccessorImpl.newInstance0(Native Method)<br/>	at sun.reflect.NativeConstructorAccessorImpl.newInstance(NativeConstructorAccessorImpl.java:57)<br/>	at sun.reflect.DelegatingConstructorAccessorImpl.newInstance(DelegatingConstructorAccessorImpl.java:45)<br/>	at java.lang.reflect.Constructor.newInstance(Constructor.java:526)<br/>	at org.openqa.selenium.remote.ErrorHandler.createThrowable(ErrorHandler.java:206)<br/>	at org.openqa.selenium.remote.ErrorHandler.throwIfResponseFailed(ErrorHandler.java:158)<br/>	at org.openqa.selenium.remote.RemoteWebDriver.execute(RemoteWebDriver.java:678)<br/>	at org.openqa.selenium.remote.RemoteWebDriver.execute(RemoteWebDriver.java:701)<br/>	at org.openqa.selenium.remote.RemoteWebDriver.getScreenshotAs(RemoteWebDriver.java:335)<br/>	at nl.hsac.fitnesse.fixture.util.selenium.SeleniumHelper.takeScreenshot(SeleniumHelper.java:1092)<br/>	at nl.hsac.fitnesse.fixture.slim.web.BrowserTest.createScreenshot(BrowserTest.java:1665)<br/>	at nl.hsac.fitnesse.fixture.slim.web.BrowserTest.takeScreenshot(BrowserTest.java:1627)<br/>	at sun.reflect.GeneratedMethodAccessor6.invoke(Unknown Source)<br/>	at sun.reflect.DelegatingMethodAccessorImpl.invoke(DelegatingMethodAccessorImpl.java:43)<br/>	at java.lang.reflect.Method.invoke(Method.java:606)<br/>	at fitnesse.slim.fixtureInteraction.DefaultInteraction.methodInvoke(DefaultInteraction.java:148)<br/>	at nl.hsac.fitnesse.fixture.slim.SlimFixture.invoke(SlimFixture.java:45)<br/>	at nl.hsac.fitnesse.fixture.slim.web.BrowserTest.superInvoke(BrowserTest.java:107)<br/>	at nl.hsac.fitnesse.fixture.slim.web.BrowserTest.invoke(BrowserTest.java:59)<br/>	at nl.hsac.fitnesse.fixture.slim.SlimFixture.aroundSlimInvoke(SlimFixture.java:25)<br/>	at sun.reflect.GeneratedMethodAccessor1.invoke(Unknown Source)<br/>	at sun.reflect.DelegatingMethodAccessorImpl.invoke(DelegatingMethodAccessorImpl.java:43)<br/>	at java.lang.reflect.Method.invoke(Method.java:606)<br/>	at fitnesse.slim.fixtureInteraction.DefaultInteraction.methodInvoke(DefaultInteraction.java:148)<br/>	at fitnesse.slim.fixtureInteraction.DefaultInteraction.callMethod(DefaultInteraction.java:131)<br/>	at fitnesse.slim.fixtureInteraction.DefaultInteraction.invokeMethod(DefaultInteraction.java:115)<br/>	at fitnesse.slim.fixtureInteraction.DefaultInteraction.findAndInvoke(DefaultInteraction.java:92)<br/>	at fitnesse.slim.MethodExecutor.findAndInvoke(MethodExecutor.java:18)<br/>	at fitnesse.slim.FixtureMethodExecutor.execute(FixtureMethodExecutor.java:18)<br/>	at fitnesse.slim.StatementExecutor.getMethodExecutionResult(StatementExecutor.java:133)<br/>	at fitnesse.slim.StatementExecutor.call(StatementExecutor.java:106)<br/>	at fitnesse.slim.StatementTimeoutExecutor$3.call(StatementTimeoutExecutor.java:90)<br/>	at java.util.concurrent.FutureTask.run(FutureTask.java:262)<br/>	at java.util.concurrent.ThreadPoolExecutor.runWorker(ThreadPoolExecutor.java:1145)<br/>	at java.util.concurrent.ThreadPoolExecutor$Worker.run(ThreadPoolExecutor.java:615)<br/>	at java.lang.Thread.run(Thread.java:745)<br/></div></span></td></tr>
	<tr>
		<td>click <span class="error"><div>org.openqa.selenium.UnsupportedCommandException: ERROR The test with session id 8df3d7f06e234c9a80a1b986cb6528b3 has already finished, and can't receive further commands.<br/>You can learn more at https://saucelabs.com/jobs/8df3d7f06e234c9a80a1b986cb6528b3<br/>For help, please check https://wiki.saucelabs.com/display/DOCS/Common+Error+Messages<br/>Command duration or timeout: 80 milliseconds<br/>Build info: version: '2.53.1', revision: 'a36b8b1cd5757287168e54b817830adce9b0158d', time: '2016-06-30 19:26:09'<br/>System info: host: 'testing-worker-linux-docker-04e1c29d-3463-linux-3', ip: '172.17.3.75', os.name: 'Linux', os.arch: 'amd64', os.version: '3.13.0-40-generic', java.version: '1.7.0_76'<br/>*** Element info: {Using=link text, value=Lange Nieuwstraat 72}<br/>Session ID: 8df3d7f06e234c9a80a1b986cb6528b3<br/>Driver info: org.openqa.selenium.remote.RemoteWebDriver<br/>Capabilities [{platform=XP, javascriptEnabled=true, acceptSslCerts=true, hasMetadata=true, browserName=chrome, chrome={userDataDir=C:\Users\ADMINI~1\AppData\Local\Temp\scoped_dir1864_31527, chromedriverVersion=2.24.417431 (9aea000394714d2fbb20850021f6204f2256b9cf)}, networkConnectionEnabled=false, rotatable=false, mobileEmulationEnabled=false, locationContextEnabled=true, webdriver.remote.sessionid=8df3d7f06e234c9a80a1b986cb6528b3, version=54.0.2840.59, pageLoadStrategy=normal, takesHeapSnapshot=true, cssSelectorsEnabled=true, databaseEnabled=false, handlesAlerts=true, browserConnectionEnabled=false, webStorageEnabled=true, nativeEvents=true, hasTouchScreen=false, applicationCacheEnabled=false, takesScreenshot=true}]<br/>	at sun.reflect.NativeConstructorAccessorImpl.newInstance0(Native Method)<br/>	at sun.reflect.NativeConstructorAccessorImpl.newInstance(NativeConstructorAccessorImpl.java:57)<br/>	at sun.reflect.DelegatingConstructorAccessorImpl.newInstance(DelegatingConstructorAccessorImpl.java:45)<br/>	at java.lang.reflect.Constructor.newInstance(Constructor.java:526)<br/>	at org.openqa.selenium.remote.ErrorHandler.createThrowable(ErrorHandler.java:206)<br/>	at org.openqa.selenium.remote.ErrorHandler.throwIfResponseFailed(ErrorHandler.java:158)<br/>	at org.openqa.selenium.remote.RemoteWebDriver.execute(RemoteWebDriver.java:678)<br/>	at org.openqa.selenium.remote.RemoteWebDriver.findElements(RemoteWebDriver.java:388)<br/>	at org.openqa.selenium.remote.RemoteWebDriver.findElementsByLinkText(RemoteWebDriver.java:432)<br/>	at org.openqa.selenium.By$ByLinkText.findElements(By.java:241)<br/>	at org.openqa.selenium.remote.RemoteWebDriver.findElements(RemoteWebDriver.java:351)<br/>	at nl.hsac.fitnesse.fixture.util.selenium.SeleniumHelper.findElement(SeleniumHelper.java:984)<br/>	at nl.hsac.fitnesse.fixture.util.selenium.SeleniumHelper.findElement(SeleniumHelper.java:826)<br/>	at nl.hsac.fitnesse.fixture.util.selenium.SeleniumHelper.findElement(SeleniumHelper.java:815)<br/>	at nl.hsac.fitnesse.fixture.util.selenium.SeleniumHelper.getElementToClick(SeleniumHelper.java:120)<br/>	at nl.hsac.fitnesse.fixture.slim.web.BrowserTest.getElementToClick(BrowserTest.java:730)<br/>	at nl.hsac.fitnesse.fixture.slim.web.BrowserTest.clickImp(BrowserTest.java:687)<br/>	at nl.hsac.fitnesse.fixture.slim.web.BrowserTest.click(BrowserTest.java:665)<br/>	at sun.reflect.GeneratedMethodAccessor3.invoke(Unknown Source)<br/>	at sun.reflect.DelegatingMethodAccessorImpl.invoke(DelegatingMethodAccessorImpl.java:43)<br/>	at java.lang.reflect.Method.invoke(Method.java:606)<br/>	at fitnesse.slim.fixtureInteraction.DefaultInteraction.methodInvoke(DefaultInteraction.java:148)<br/>	at nl.hsac.fitnesse.fixture.slim.SlimFixture.invoke(SlimFixture.java:45)<br/>	at nl.hsac.fitnesse.fixture.slim.web.BrowserTest.superInvoke(BrowserTest.java:107)<br/>	at nl.hsac.fitnesse.fixture.slim.web.BrowserTest$1.apply(BrowserTest.java:71)<br/>	at nl.hsac.fitnesse.fixture.slim.web.BrowserTest$1.apply(BrowserTest.java:67)<br/>	at nl.hsac.fitnesse.fixture.util.selenium.TryAllFramesConditionDecorator.apply(TryAllFramesConditionDecorator.java:34)<br/>	at nl.hsac.fitnesse.fixture.util.selenium.TryAllFramesConditionDecorator.apply(TryAllFramesConditionDecorator.java:16)<br/>	at nl.hsac.fitnesse.fixture.util.selenium.SeleniumHelper$2.apply(SeleniumHelper.java:953)<br/>	at nl.hsac.fitnesse.fixture.util.selenium.SeleniumHelper$2.apply(SeleniumHelper.java:949)<br/>	at org.openqa.selenium.support.ui.FluentWait.until(FluentWait.java:238)<br/>	at nl.hsac.fitnesse.fixture.util.selenium.SeleniumHelper.waitUntil(SeleniumHelper.java:938)<br/>	at nl.hsac.fitnesse.fixture.slim.web.BrowserTest.waitUntilImpl(BrowserTest.java:1764)<br/>	at nl.hsac.fitnesse.fixture.slim.web.BrowserTest.waitUntil(BrowserTest.java:1694)<br/>	at nl.hsac.fitnesse.fixture.slim.web.BrowserTest.invokedWrappedInWaitUntil(BrowserTest.java:100)<br/>	at nl.hsac.fitnesse.fixture.slim.web.BrowserTest.invoke(BrowserTest.java:61)<br/>	at nl.hsac.fitnesse.fixture.slim.SlimFixture.aroundSlimInvoke(SlimFixture.java:25)<br/>	at sun.reflect.GeneratedMethodAccessor1.invoke(Unknown Source)<br/>	at sun.reflect.DelegatingMethodAccessorImpl.invoke(DelegatingMethodAccessorImpl.java:43)<br/>	at java.lang.reflect.Method.invoke(Method.java:606)<br/>	at fitnesse.slim.fixtureInteraction.DefaultInteraction.methodInvoke(DefaultInteraction.java:148)<br/>	at fitnesse.slim.fixtureInteraction.DefaultInteraction.callMethod(DefaultInteraction.java:131)<br/>	at fitnesse.slim.fixtureInteraction.DefaultInteraction.invokeMethod(DefaultInteraction.java:115)<br/>	at fitnesse.slim.fixtureInteraction.DefaultInteraction.findAndInvoke(DefaultInteraction.java:92)<br/>	at fitnesse.slim.MethodExecutor.findAndInvoke(MethodExecutor.java:18)<br/>	at fitnesse.slim.FixtureMethodExecutor.execute(FixtureMethodExecutor.java:18)<br/>	at fitnesse.slim.StatementExecutor.getMethodExecutionResult(StatementExecutor.java:133)<br/>	at fitnesse.slim.StatementExecutor.call(StatementExecutor.java:106)<br/>	at fitnesse.slim.StatementTimeoutExecutor$3.call(StatementTimeoutExecutor.java:90)<br/>	at java.util.concurrent.FutureTask.run(FutureTask.java:262)<br/>	at java.util.concurrent.ThreadPoolExecutor.runWorker(ThreadPoolExecutor.java:1145)<br/>	at java.util.concurrent.ThreadPoolExecutor$Worker.run(ThreadPoolExecutor.java:615)<br/>	at java.lang.Thread.run(Thread.java:745)<br/></div></span></td>
		<td colspan="3">Lange Nieuwstraat 72</td>
	<td> <span class="error"><div>org.openqa.selenium.UnsupportedCommandException: ERROR The test with session id 8df3d7f06e234c9a80a1b986cb6528b3 has already finished, and can't receive further commands.<br/>You can learn more at https://saucelabs.com/jobs/8df3d7f06e234c9a80a1b986cb6528b3<br/>For help, please check https://wiki.saucelabs.com/display/DOCS/Common+Error+Messages<br/>Command duration or timeout: 78 milliseconds<br/>Build info: version: '2.53.1', revision: 'a36b8b1cd5757287168e54b817830adce9b0158d', time: '2016-06-30 19:26:09'<br/>System info: host: 'testing-worker-linux-docker-04e1c29d-3463-linux-3', ip: '172.17.3.75', os.name: 'Linux', os.arch: 'amd64', os.version: '3.13.0-40-generic', java.version: '1.7.0_76'<br/>Session ID: 8df3d7f06e234c9a80a1b986cb6528b3<br/>Driver info: org.openqa.selenium.remote.RemoteWebDriver<br/>Capabilities [{platform=XP, javascriptEnabled=true, acceptSslCerts=true, hasMetadata=true, browserName=chrome, chrome={userDataDir=C:\Users\ADMINI~1\AppData\Local\Temp\scoped_dir1864_31527, chromedriverVersion=2.24.417431 (9aea000394714d2fbb20850021f6204f2256b9cf)}, networkConnectionEnabled=false, rotatable=false, mobileEmulationEnabled=false, locationContextEnabled=true, webdriver.remote.sessionid=8df3d7f06e234c9a80a1b986cb6528b3, version=54.0.2840.59, pageLoadStrategy=normal, takesHeapSnapshot=true, cssSelectorsEnabled=true, databaseEnabled=false, handlesAlerts=true, browserConnectionEnabled=false, webStorageEnabled=true, nativeEvents=true, hasTouchScreen=false, applicationCacheEnabled=false, takesScreenshot=true}]<br/>	at sun.reflect.NativeConstructorAccessorImpl.newInstance0(Native Method)<br/>	at sun.reflect.NativeConstructorAccessorImpl.newInstance(NativeConstructorAccessorImpl.java:57)<br/>	at sun.reflect.DelegatingConstructorAccessorImpl.newInstance(DelegatingConstructorAccessorImpl.java:45)<br/>	at java.lang.reflect.Constructor.newInstance(Constructor.java:526)<br/>	at org.openqa.selenium.remote.ErrorHandler.createThrowable(ErrorHandler.java:206)<br/>	at org.openqa.selenium.remote.ErrorHandler.throwIfResponseFailed(ErrorHandler.java:158)<br/>	at org.openqa.selenium.remote.RemoteWebDriver.execute(RemoteWebDriver.java:678)<br/>	at org.openqa.selenium.remote.RemoteWebDriver.execute(RemoteWebDriver.java:701)<br/>	at org.openqa.selenium.remote.RemoteWebDriver.getScreenshotAs(RemoteWebDriver.java:335)<br/>	at nl.hsac.fitnesse.fixture.util.selenium.SeleniumHelper.takeScreenshot(SeleniumHelper.java:1092)<br/>	at nl.hsac.fitnesse.fixture.slim.web.BrowserTest.createScreenshot(BrowserTest.java:1665)<br/>	at nl.hsac.fitnesse.fixture.slim.web.BrowserTest.takeScreenshot(BrowserTest.java:1627)<br/>	at sun.reflect.GeneratedMethodAccessor6.invoke(Unknown Source)<br/>	at sun.reflect.DelegatingMethodAccessorImpl.invoke(DelegatingMethodAccessorImpl.java:43)<br/>	at java.lang.reflect.Method.invoke(Method.java:606)<br/>	at fitnesse.slim.fixtureInteraction.DefaultInteraction.methodInvoke(DefaultInteraction.java:148)<br/>	at nl.hsac.fitnesse.fixture.slim.SlimFixture.invoke(SlimFixture.java:45)<br/>	at nl.hsac.fitnesse.fixture.slim.web.BrowserTest.superInvoke(BrowserTest.java:107)<br/>	at nl.hsac.fitnesse.fixture.slim.web.BrowserTest.invoke(BrowserTest.java:59)<br/>	at nl.hsac.fitnesse.fixture.slim.SlimFixture.aroundSlimInvoke(SlimFixture.java:25)<br/>	at sun.reflect.GeneratedMethodAccessor1.invoke(Unknown Source)<br/>	at sun.reflect.DelegatingMethodAccessorImpl.invoke(DelegatingMethodAccessorImpl.java:43)<br/>	at java.lang.reflect.Method.invoke(Method.java:606)<br/>	at fitnesse.slim.fixtureInteraction.DefaultInteraction.methodInvoke(DefaultInteraction.java:148)<br/>	at fitnesse.slim.fixtureInteraction.DefaultInteraction.callMethod(DefaultInteraction.java:131)<br/>	at fitnesse.slim.fixtureInteraction.DefaultInteraction.invokeMethod(DefaultInteraction.java:115)<br/>	at fitnesse.slim.fixtureInteraction.DefaultInteraction.findAndInvoke(DefaultInteraction.java:92)<br/>	at fitnesse.slim.MethodExecutor.findAndInvoke(MethodExecutor.java:18)<br/>	at fitnesse.slim.FixtureMethodExecutor.execute(FixtureMethodExecutor.java:18)<br/>	at fitnesse.slim.StatementExecutor.getMethodExecutionResult(StatementExecutor.java:133)<br/>	at fitnesse.slim.StatementExecutor.call(StatementExecutor.java:106)<br/>	at fitnesse.slim.StatementTimeoutExecutor$3.call(StatementTimeoutExecutor.java:90)<br/>	at java.util.concurrent.FutureTask.run(FutureTask.java:262)<br/>	at java.util.concurrent.ThreadPoolExecutor.runWorker(ThreadPoolExecutor.java:1145)<br/>	at java.util.concurrent.ThreadPoolExecutor$Worker.run(ThreadPoolExecutor.java:615)<br/>	at java.lang.Thread.run(Thread.java:745)<br/></div></span></td></tr>
	<tr>
		<td>$price= <span class="error"><div>org.openqa.selenium.UnsupportedCommandException: ERROR The test with session id 8df3d7f06e234c9a80a1b986cb6528b3 has already finished, and can't receive further commands.<br/>You can learn more at https://saucelabs.com/jobs/8df3d7f06e234c9a80a1b986cb6528b3<br/>For help, please check https://wiki.saucelabs.com/display/DOCS/Common+Error+Messages<br/>Command duration or timeout: 78 milliseconds<br/>Build info: version: '2.53.1', revision: 'a36b8b1cd5757287168e54b817830adce9b0158d', time: '2016-06-30 19:26:09'<br/>System info: host: 'testing-worker-linux-docker-04e1c29d-3463-linux-3', ip: '172.17.3.75', os.name: 'Linux', os.arch: 'amd64', os.version: '3.13.0-40-generic', java.version: '1.7.0_76'<br/>*** Element info: {Using=xpath, value=.//label/descendant-or-self::text()[normalize-space(translate(., '&nbsp;', ' '))='Vraagprijs']/ancestor-or-self::label}<br/>Session ID: 8df3d7f06e234c9a80a1b986cb6528b3<br/>Driver info: org.openqa.selenium.remote.RemoteWebDriver<br/>Capabilities [{platform=XP, javascriptEnabled=true, acceptSslCerts=true, hasMetadata=true, browserName=chrome, chrome={userDataDir=C:\Users\ADMINI~1\AppData\Local\Temp\scoped_dir1864_31527, chromedriverVersion=2.24.417431 (9aea000394714d2fbb20850021f6204f2256b9cf)}, networkConnectionEnabled=false, rotatable=false, mobileEmulationEnabled=false, locationContextEnabled=true, webdriver.remote.sessionid=8df3d7f06e234c9a80a1b986cb6528b3, version=54.0.2840.59, pageLoadStrategy=normal, takesHeapSnapshot=true, cssSelectorsEnabled=true, databaseEnabled=false, handlesAlerts=true, browserConnectionEnabled=false, webStorageEnabled=true, nativeEvents=true, hasTouchScreen=false, applicationCacheEnabled=false, takesScreenshot=true}]<br/>	at sun.reflect.NativeConstructorAccessorImpl.newInstance0(Native Method)<br/>	at sun.reflect.NativeConstructorAccessorImpl.newInstance(NativeConstructorAccessorImpl.java:57)<br/>	at sun.reflect.DelegatingConstructorAccessorImpl.newInstance(DelegatingConstructorAccessorImpl.java:45)<br/>	at java.lang.reflect.Constructor.newInstance(Constructor.java:526)<br/>	at org.openqa.selenium.remote.ErrorHandler.createThrowable(ErrorHandler.java:206)<br/>	at org.openqa.selenium.remote.ErrorHandler.throwIfResponseFailed(ErrorHandler.java:158)<br/>	at org.openqa.selenium.remote.RemoteWebDriver.execute(RemoteWebDriver.java:678)<br/>	at org.openqa.selenium.remote.RemoteWebDriver.findElements(RemoteWebDriver.java:388)<br/>	at org.openqa.selenium.remote.RemoteWebDriver.findElementsByXPath(RemoteWebDriver.java:504)<br/>	at org.openqa.selenium.By$ByXPath.findElements(By.java:356)<br/>	at org.openqa.selenium.remote.RemoteWebDriver.findElements(RemoteWebDriver.java:351)<br/>	at nl.hsac.fitnesse.fixture.util.selenium.SeleniumHelper.findElement(SeleniumHelper.java:984)<br/>	at nl.hsac.fitnesse.fixture.util.selenium.SeleniumHelper.findElement(SeleniumHelper.java:826)<br/>	at nl.hsac.fitnesse.fixture.util.selenium.SeleniumHelper.findElement(SeleniumHelper.java:815)<br/>	at nl.hsac.fitnesse.fixture.util.selenium.SeleniumHelper.findByXPath(SeleniumHelper.java:806)<br/>	at nl.hsac.fitnesse.fixture.util.selenium.SeleniumHelper.getElementByLabel(SeleniumHelper.java:454)<br/>	at nl.hsac.fitnesse.fixture.util.selenium.SeleniumHelper.getElementByLabelOccurrence(SeleniumHelper.java:409)<br/>	at nl.hsac.fitnesse.fixture.util.selenium.SeleniumHelper.getElementExact(SeleniumHelper.java:289)<br/>	at nl.hsac.fitnesse.fixture.util.selenium.SeleniumHelper.getElement(SeleniumHelper.java:255)<br/>	at nl.hsac.fitnesse.fixture.slim.web.BrowserTest.getElement(BrowserTest.java:1228)<br/>	at nl.hsac.fitnesse.fixture.slim.web.BrowserTest.getElementToRetrieveValue(BrowserTest.java:941)<br/>	at nl.hsac.fitnesse.fixture.slim.web.BrowserTest.valueForIn(BrowserTest.java:936)<br/>	at nl.hsac.fitnesse.fixture.slim.web.BrowserTest.valueFor(BrowserTest.java:926)<br/>	at nl.hsac.fitnesse.fixture.slim.web.BrowserTest.valueOf(BrowserTest.java:921)<br/>	at sun.reflect.GeneratedMethodAccessor2.invoke(Unknown Source)<br/>	at sun.reflect.DelegatingMethodAccessorImpl.invoke(DelegatingMethodAccessorImpl.java:43)<br/>	at java.lang.reflect.Method.invoke(Method.java:606)<br/>	at fitnesse.slim.fixtureInteraction.DefaultInteraction.methodInvoke(DefaultInteraction.java:148)<br/>	at nl.hsac.fitnesse.fixture.slim.SlimFixture.invoke(SlimFixture.java:45)<br/>	at nl.hsac.fitnesse.fixture.slim.web.BrowserTest.superInvoke(BrowserTest.java:107)<br/>	at nl.hsac.fitnesse.fixture.slim.web.BrowserTest$1.apply(BrowserTest.java:71)<br/>	at nl.hsac.fitnesse.fixture.slim.web.BrowserTest$1.apply(BrowserTest.java:67)<br/>	at nl.hsac.fitnesse.fixture.util.selenium.TryAllFramesConditionDecorator.apply(TryAllFramesConditionDecorator.java:34)<br/>	at nl.hsac.fitnesse.fixture.util.selenium.TryAllFramesConditionDecorator.apply(TryAllFramesConditionDecorator.java:16)<br/>	at nl.hsac.fitnesse.fixture.util.selenium.SeleniumHelper$2.apply(SeleniumHelper.java:953)<br/>	at nl.hsac.fitnesse.fixture.util.selenium.SeleniumHelper$2.apply(SeleniumHelper.java:949)<br/>	at org.openqa.selenium.support.ui.FluentWait.until(FluentWait.java:238)<br/>	at nl.hsac.fitnesse.fixture.util.selenium.SeleniumHelper.waitUntil(SeleniumHelper.java:938)<br/>	at nl.hsac.fitnesse.fixture.slim.web.BrowserTest.waitUntilImpl(BrowserTest.java:1764)<br/>	at nl.hsac.fitnesse.fixture.slim.web.BrowserTest.waitUntilOrNull(BrowserTest.java:1757)<br/>	at nl.hsac.fitnesse.fixture.slim.web.BrowserTest.invokedWrappedInWaitUntil(BrowserTest.java:93)<br/>	at nl.hsac.fitnesse.fixture.slim.web.BrowserTest.invoke(BrowserTest.java:61)<br/>	at nl.hsac.fitnesse.fixture.slim.SlimFixture.aroundSlimInvoke(SlimFixture.java:25)<br/>	at sun.reflect.GeneratedMethodAccessor1.invoke(Unknown Source)<br/>	at sun.reflect.DelegatingMethodAccessorImpl.invoke(DelegatingMethodAccessorImpl.java:43)<br/>	at java.lang.reflect.Method.invoke(Method.java:606)<br/>	at fitnesse.slim.fixtureInteraction.DefaultInteraction.methodInvoke(DefaultInteraction.java:148)<br/>	at fitnesse.slim.fixtureInteraction.DefaultInteraction.callMethod(DefaultInteraction.java:131)<br/>	at fitnesse.slim.fixtureInteraction.DefaultInteraction.invokeMethod(DefaultInteraction.java:115)<br/>	at fitnesse.slim.fixtureInteraction.DefaultInteraction.findAndInvoke(DefaultInteraction.java:92)<br/>	at fitnesse.slim.MethodExecutor.findAndInvoke(MethodExecutor.java:18)<br/>	at fitnesse.slim.FixtureMethodExecutor.execute(FixtureMethodExecutor.java:18)<br/>	at fitnesse.slim.StatementExecutor.getMethodExecutionResult(StatementExecutor.java:133)<br/>	at fitnesse.slim.StatementExecutor.callAndAssign(StatementExecutor.java:116)<br/>	at fitnesse.slim.StatementTimeoutExecutor$2.call(StatementTimeoutExecutor.java:79)<br/>	at java.util.concurrent.FutureTask.run(FutureTask.java:262)<br/>	at java.util.concurrent.ThreadPoolExecutor.runWorker(ThreadPoolExecutor.java:1145)<br/>	at java.util.concurrent.ThreadPoolExecutor$Worker.run(ThreadPoolExecutor.java:615)<br/>	at java.lang.Thread.run(Thread.java:745)<br/></div></span></td>
		<td>value of</td>
		<td colspan="2">Vraagprijs</td>
	</tr>
	<tr>
		<td>$volume= <span class="error"><div>org.openqa.selenium.UnsupportedCommandException: ERROR The test with session id 8df3d7f06e234c9a80a1b986cb6528b3 has already finished, and can't receive further commands.<br/>You can learn more at https://saucelabs.com/jobs/8df3d7f06e234c9a80a1b986cb6528b3<br/>For help, please check https://wiki.saucelabs.com/display/DOCS/Common+Error+Messages<br/>Command duration or timeout: 78 milliseconds<br/>Build info: version: '2.53.1', revision: 'a36b8b1cd5757287168e54b817830adce9b0158d', time: '2016-06-30 19:26:09'<br/>System info: host: 'testing-worker-linux-docker-04e1c29d-3463-linux-3', ip: '172.17.3.75', os.name: 'Linux', os.arch: 'amd64', os.version: '3.13.0-40-generic', java.version: '1.7.0_76'<br/>*** Element info: {Using=xpath, value=.//label/descendant-or-self::text()[normalize-space(translate(., '&nbsp;', ' '))='Inhoud']/ancestor-or-self::label}<br/>Session ID: 8df3d7f06e234c9a80a1b986cb6528b3<br/>Driver info: org.openqa.selenium.remote.RemoteWebDriver<br/>Capabilities [{platform=XP, javascriptEnabled=true, acceptSslCerts=true, hasMetadata=true, browserName=chrome, chrome={userDataDir=C:\Users\ADMINI~1\AppData\Local\Temp\scoped_dir1864_31527, chromedriverVersion=2.24.417431 (9aea000394714d2fbb20850021f6204f2256b9cf)}, networkConnectionEnabled=false, rotatable=false, mobileEmulationEnabled=false, locationContextEnabled=true, webdriver.remote.sessionid=8df3d7f06e234c9a80a1b986cb6528b3, version=54.0.2840.59, pageLoadStrategy=normal, takesHeapSnapshot=true, cssSelectorsEnabled=true, databaseEnabled=false, handlesAlerts=true, browserConnectionEnabled=false, webStorageEnabled=true, nativeEvents=true, hasTouchScreen=false, applicationCacheEnabled=false, takesScreenshot=true}]<br/>	at sun.reflect.NativeConstructorAccessorImpl.newInstance0(Native Method)<br/>	at sun.reflect.NativeConstructorAccessorImpl.newInstance(NativeConstructorAccessorImpl.java:57)<br/>	at sun.reflect.DelegatingConstructorAccessorImpl.newInstance(DelegatingConstructorAccessorImpl.java:45)<br/>	at java.lang.reflect.Constructor.newInstance(Constructor.java:526)<br/>	at org.openqa.selenium.remote.ErrorHandler.createThrowable(ErrorHandler.java:206)<br/>	at org.openqa.selenium.remote.ErrorHandler.throwIfResponseFailed(ErrorHandler.java:158)<br/>	at org.openqa.selenium.remote.RemoteWebDriver.execute(RemoteWebDriver.java:678)<br/>	at org.openqa.selenium.remote.RemoteWebDriver.findElements(RemoteWebDriver.java:388)<br/>	at org.openqa.selenium.remote.RemoteWebDriver.findElementsByXPath(RemoteWebDriver.java:504)<br/>	at org.openqa.selenium.By$ByXPath.findElements(By.java:356)<br/>	at org.openqa.selenium.remote.RemoteWebDriver.findElements(RemoteWebDriver.java:351)<br/>	at nl.hsac.fitnesse.fixture.util.selenium.SeleniumHelper.findElement(SeleniumHelper.java:984)<br/>	at nl.hsac.fitnesse.fixture.util.selenium.SeleniumHelper.findElement(SeleniumHelper.java:826)<br/>	at nl.hsac.fitnesse.fixture.util.selenium.SeleniumHelper.findElement(SeleniumHelper.java:815)<br/>	at nl.hsac.fitnesse.fixture.util.selenium.SeleniumHelper.findByXPath(SeleniumHelper.java:806)<br/>	at nl.hsac.fitnesse.fixture.util.selenium.SeleniumHelper.getElementByLabel(SeleniumHelper.java:454)<br/>	at nl.hsac.fitnesse.fixture.util.selenium.SeleniumHelper.getElementByLabelOccurrence(SeleniumHelper.java:409)<br/>	at nl.hsac.fitnesse.fixture.util.selenium.SeleniumHelper.getElementExact(SeleniumHelper.java:289)<br/>	at nl.hsac.fitnesse.fixture.util.selenium.SeleniumHelper.getElement(SeleniumHelper.java:255)<br/>	at nl.hsac.fitnesse.fixture.slim.web.BrowserTest.getElement(BrowserTest.java:1228)<br/>	at nl.hsac.fitnesse.fixture.slim.web.BrowserTest.getElementToRetrieveValue(BrowserTest.java:941)<br/>	at nl.hsac.fitnesse.fixture.slim.web.BrowserTest.valueForIn(BrowserTest.java:936)<br/>	at nl.hsac.fitnesse.fixture.slim.web.BrowserTest.valueFor(BrowserTest.java:926)<br/>	at nl.hsac.fitnesse.fixture.slim.web.BrowserTest.valueOf(BrowserTest.java:921)<br/>	at sun.reflect.GeneratedMethodAccessor2.invoke(Unknown Source)<br/>	at sun.reflect.DelegatingMethodAccessorImpl.invoke(DelegatingMethodAccessorImpl.java:43)<br/>	at java.lang.reflect.Method.invoke(Method.java:606)<br/>	at fitnesse.slim.fixtureInteraction.DefaultInteraction.methodInvoke(DefaultInteraction.java:148)<br/>	at nl.hsac.fitnesse.fixture.slim.SlimFixture.invoke(SlimFixture.java:45)<br/>	at nl.hsac.fitnesse.fixture.slim.web.BrowserTest.superInvoke(BrowserTest.java:107)<br/>	at nl.hsac.fitnesse.fixture.slim.web.BrowserTest$1.apply(BrowserTest.java:71)<br/>	at nl.hsac.fitnesse.fixture.slim.web.BrowserTest$1.apply(BrowserTest.java:67)<br/>	at nl.hsac.fitnesse.fixture.util.selenium.TryAllFramesConditionDecorator.apply(TryAllFramesConditionDecorator.java:34)<br/>	at nl.hsac.fitnesse.fixture.util.selenium.TryAllFramesConditionDecorator.apply(TryAllFramesConditionDecorator.java:16)<br/>	at nl.hsac.fitnesse.fixture.util.selenium.SeleniumHelper$2.apply(SeleniumHelper.java:953)<br/>	at nl.hsac.fitnesse.fixture.util.selenium.SeleniumHelper$2.apply(SeleniumHelper.java:949)<br/>	at org.openqa.selenium.support.ui.FluentWait.until(FluentWait.java:238)<br/>	at nl.hsac.fitnesse.fixture.util.selenium.SeleniumHelper.waitUntil(SeleniumHelper.java:938)<br/>	at nl.hsac.fitnesse.fixture.slim.web.BrowserTest.waitUntilImpl(BrowserTest.java:1764)<br/>	at nl.hsac.fitnesse.fixture.slim.web.BrowserTest.waitUntilOrNull(BrowserTest.java:1757)<br/>	at nl.hsac.fitnesse.fixture.slim.web.BrowserTest.invokedWrappedInWaitUntil(BrowserTest.java:93)<br/>	at nl.hsac.fitnesse.fixture.slim.web.BrowserTest.invoke(BrowserTest.java:61)<br/>	at nl.hsac.fitnesse.fixture.slim.SlimFixture.aroundSlimInvoke(SlimFixture.java:25)<br/>	at sun.reflect.GeneratedMethodAccessor1.invoke(Unknown Source)<br/>	at sun.reflect.DelegatingMethodAccessorImpl.invoke(DelegatingMethodAccessorImpl.java:43)<br/>	at java.lang.reflect.Method.invoke(Method.java:606)<br/>	at fitnesse.slim.fixtureInteraction.DefaultInteraction.methodInvoke(DefaultInteraction.java:148)<br/>	at fitnesse.slim.fixtureInteraction.DefaultInteraction.callMethod(DefaultInteraction.java:131)<br/>	at fitnesse.slim.fixtureInteraction.DefaultInteraction.invokeMethod(DefaultInteraction.java:115)<br/>	at fitnesse.slim.fixtureInteraction.DefaultInteraction.findAndInvoke(DefaultInteraction.java:92)<br/>	at fitnesse.slim.MethodExecutor.findAndInvoke(MethodExecutor.java:18)<br/>	at fitnesse.slim.FixtureMethodExecutor.execute(FixtureMethodExecutor.java:18)<br/>	at fitnesse.slim.StatementExecutor.getMethodExecutionResult(StatementExecutor.java:133)<br/>	at fitnesse.slim.StatementExecutor.callAndAssign(StatementExecutor.java:116)<br/>	at fitnesse.slim.StatementTimeoutExecutor$2.call(StatementTimeoutExecutor.java:79)<br/>	at java.util.concurrent.FutureTask.run(FutureTask.java:262)<br/>	at java.util.concurrent.ThreadPoolExecutor.runWorker(ThreadPoolExecutor.java:1145)<br/>	at java.util.concurrent.ThreadPoolExecutor$Worker.run(ThreadPoolExecutor.java:615)<br/>	at java.lang.Thread.run(Thread.java:745)<br/></div></span></td>
		<td>value of</td>
		<td colspan="2">Inhoud</td>
	</tr>
	<tr>
		<td>check</td>
		<td>value of</td>
		<td>Woonoppervlakte</td>
		<td>820 m² <span class="error"><div>org.openqa.selenium.UnsupportedCommandException: ERROR The test with session id 8df3d7f06e234c9a80a1b986cb6528b3 has already finished, and can't receive further commands.<br/>You can learn more at https://saucelabs.com/jobs/8df3d7f06e234c9a80a1b986cb6528b3<br/>For help, please check https://wiki.saucelabs.com/display/DOCS/Common+Error+Messages<br/>Command duration or timeout: 80 milliseconds<br/>Build info: version: '2.53.1', revision: 'a36b8b1cd5757287168e54b817830adce9b0158d', time: '2016-06-30 19:26:09'<br/>System info: host: 'testing-worker-linux-docker-04e1c29d-3463-linux-3', ip: '172.17.3.75', os.name: 'Linux', os.arch: 'amd64', os.version: '3.13.0-40-generic', java.version: '1.7.0_76'<br/>*** Element info: {Using=xpath, value=.//label/descendant-or-self::text()[normalize-space(translate(., '&nbsp;', ' '))='Woonoppervlakte']/ancestor-or-self::label}<br/>Session ID: 8df3d7f06e234c9a80a1b986cb6528b3<br/>Driver info: org.openqa.selenium.remote.RemoteWebDriver<br/>Capabilities [{platform=XP, javascriptEnabled=true, acceptSslCerts=true, hasMetadata=true, browserName=chrome, chrome={userDataDir=C:\Users\ADMINI~1\AppData\Local\Temp\scoped_dir1864_31527, chromedriverVersion=2.24.417431 (9aea000394714d2fbb20850021f6204f2256b9cf)}, networkConnectionEnabled=false, rotatable=false, mobileEmulationEnabled=false, locationContextEnabled=true, webdriver.remote.sessionid=8df3d7f06e234c9a80a1b986cb6528b3, version=54.0.2840.59, pageLoadStrategy=normal, takesHeapSnapshot=true, cssSelectorsEnabled=true, databaseEnabled=false, handlesAlerts=true, browserConnectionEnabled=false, webStorageEnabled=true, nativeEvents=true, hasTouchScreen=false, applicationCacheEnabled=false, takesScreenshot=true}]<br/>	at sun.reflect.NativeConstructorAccessorImpl.newInstance0(Native Method)<br/>	at sun.reflect.NativeConstructorAccessorImpl.newInstance(NativeConstructorAccessorImpl.java:57)<br/>	at sun.reflect.DelegatingConstructorAccessorImpl.newInstance(DelegatingConstructorAccessorImpl.java:45)<br/>	at java.lang.reflect.Constructor.newInstance(Constructor.java:526)<br/>	at org.openqa.selenium.remote.ErrorHandler.createThrowable(ErrorHandler.java:206)<br/>	at org.openqa.selenium.remote.ErrorHandler.throwIfResponseFailed(ErrorHandler.java:158)<br/>	at org.openqa.selenium.remote.RemoteWebDriver.execute(RemoteWebDriver.java:678)<br/>	at org.openqa.selenium.remote.RemoteWebDriver.findElements(RemoteWebDriver.java:388)<br/>	at org.openqa.selenium.remote.RemoteWebDriver.findElementsByXPath(RemoteWebDriver.java:504)<br/>	at org.openqa.selenium.By$ByXPath.findElements(By.java:356)<br/>	at org.openqa.selenium.remote.RemoteWebDriver.findElements(RemoteWebDriver.java:351)<br/>	at nl.hsac.fitnesse.fixture.util.selenium.SeleniumHelper.findElement(SeleniumHelper.java:984)<br/>	at nl.hsac.fitnesse.fixture.util.selenium.SeleniumHelper.findElement(SeleniumHelper.java:826)<br/>	at nl.hsac.fitnesse.fixture.util.selenium.SeleniumHelper.findElement(SeleniumHelper.java:815)<br/>	at nl.hsac.fitnesse.fixture.util.selenium.SeleniumHelper.findByXPath(SeleniumHelper.java:806)<br/>	at nl.hsac.fitnesse.fixture.util.selenium.SeleniumHelper.getElementByLabel(SeleniumHelper.java:454)<br/>	at nl.hsac.fitnesse.fixture.util.selenium.SeleniumHelper.getElementByLabelOccurrence(SeleniumHelper.java:409)<br/>	at nl.hsac.fitnesse.fixture.util.selenium.SeleniumHelper.getElementExact(SeleniumHelper.java:289)<br/>	at nl.hsac.fitnesse.fixture.util.selenium.SeleniumHelper.getElement(SeleniumHelper.java:255)<br/>	at nl.hsac.fitnesse.fixture.slim.web.BrowserTest.getElement(BrowserTest.java:1228)<br/>	at nl.hsac.fitnesse.fixture.slim.web.BrowserTest.getElementToRetrieveValue(BrowserTest.java:941)<br/>	at nl.hsac.fitnesse.fixture.slim.web.BrowserTest.valueForIn(BrowserTest.java:936)<br/>	at nl.hsac.fitnesse.fixture.slim.web.BrowserTest.valueFor(BrowserTest.java:926)<br/>	at nl.hsac.fitnesse.fixture.slim.web.BrowserTest.valueOf(BrowserTest.java:921)<br/>	at sun.reflect.GeneratedMethodAccessor2.invoke(Unknown Source)<br/>	at sun.reflect.DelegatingMethodAccessorImpl.invoke(DelegatingMethodAccessorImpl.java:43)<br/>	at java.lang.reflect.Method.invoke(Method.java:606)<br/>	at fitnesse.slim.fixtureInteraction.DefaultInteraction.methodInvoke(DefaultInteraction.java:148)<br/>	at nl.hsac.fitnesse.fixture.slim.SlimFixture.invoke(SlimFixture.java:45)<br/>	at nl.hsac.fitnesse.fixture.slim.web.BrowserTest.superInvoke(BrowserTest.java:107)<br/>	at nl.hsac.fitnesse.fixture.slim.web.BrowserTest$1.apply(BrowserTest.java:71)<br/>	at nl.hsac.fitnesse.fixture.slim.web.BrowserTest$1.apply(BrowserTest.java:67)<br/>	at nl.hsac.fitnesse.fixture.util.selenium.TryAllFramesConditionDecorator.apply(TryAllFramesConditionDecorator.java:34)<br/>	at nl.hsac.fitnesse.fixture.util.selenium.TryAllFramesConditionDecorator.apply(TryAllFramesConditionDecorator.java:16)<br/>	at nl.hsac.fitnesse.fixture.util.selenium.SeleniumHelper$2.apply(SeleniumHelper.java:953)<br/>	at nl.hsac.fitnesse.fixture.util.selenium.SeleniumHelper$2.apply(SeleniumHelper.java:949)<br/>	at org.openqa.selenium.support.ui.FluentWait.until(FluentWait.java:238)<br/>	at nl.hsac.fitnesse.fixture.util.selenium.SeleniumHelper.waitUntil(SeleniumHelper.java:938)<br/>	at nl.hsac.fitnesse.fixture.slim.web.BrowserTest.waitUntilImpl(BrowserTest.java:1764)<br/>	at nl.hsac.fitnesse.fixture.slim.web.BrowserTest.waitUntilOrNull(BrowserTest.java:1757)<br/>	at nl.hsac.fitnesse.fixture.slim.web.BrowserTest.invokedWrappedInWaitUntil(BrowserTest.java:93)<br/>	at nl.hsac.fitnesse.fixture.slim.web.BrowserTest.invoke(BrowserTest.java:61)<br/>	at nl.hsac.fitnesse.fixture.slim.SlimFixture.aroundSlimInvoke(SlimFixture.java:25)<br/>	at sun.reflect.GeneratedMethodAccessor1.invoke(Unknown Source)<br/>	at sun.reflect.DelegatingMethodAccessorImpl.invoke(DelegatingMethodAccessorImpl.java:43)<br/>	at java.lang.reflect.Method.invoke(Method.java:606)<br/>	at fitnesse.slim.fixtureInteraction.DefaultInteraction.methodInvoke(DefaultInteraction.java:148)<br/>	at fitnesse.slim.fixtureInteraction.DefaultInteraction.callMethod(DefaultInteraction.java:131)<br/>	at fitnesse.slim.fixtureInteraction.DefaultInteraction.invokeMethod(DefaultInteraction.java:115)<br/>	at fitnesse.slim.fixtureInteraction.DefaultInteraction.findAndInvoke(DefaultInteraction.java:92)<br/>	at fitnesse.slim.MethodExecutor.findAndInvoke(MethodExecutor.java:18)<br/>	at fitnesse.slim.FixtureMethodExecutor.execute(FixtureMethodExecutor.java:18)<br/>	at fitnesse.slim.StatementExecutor.getMethodExecutionResult(StatementExecutor.java:133)<br/>	at fitnesse.slim.StatementExecutor.call(StatementExecutor.java:106)<br/>	at fitnesse.slim.StatementTimeoutExecutor$3.call(StatementTimeoutExecutor.java:90)<br/>	at java.util.concurrent.FutureTask.run(FutureTask.java:262)<br/>	at java.util.concurrent.ThreadPoolExecutor.runWorker(ThreadPoolExecutor.java:1145)<br/>	at java.util.concurrent.ThreadPoolExecutor$Worker.run(ThreadPoolExecutor.java:615)<br/>	at java.lang.Thread.run(Thread.java:745)<br/></div></span></td>
	<td> <span class="error"><div>org.openqa.selenium.UnsupportedCommandException: ERROR The test with session id 8df3d7f06e234c9a80a1b986cb6528b3 has already finished, and can't receive further commands.<br/>You can learn more at https://saucelabs.com/jobs/8df3d7f06e234c9a80a1b986cb6528b3<br/>For help, please check https://wiki.saucelabs.com/display/DOCS/Common+Error+Messages<br/>Command duration or timeout: 82 milliseconds<br/>Build info: version: '2.53.1', revision: 'a36b8b1cd5757287168e54b817830adce9b0158d', time: '2016-06-30 19:26:09'<br/>System info: host: 'testing-worker-linux-docker-04e1c29d-3463-linux-3', ip: '172.17.3.75', os.name: 'Linux', os.arch: 'amd64', os.version: '3.13.0-40-generic', java.version: '1.7.0_76'<br/>Session ID: 8df3d7f06e234c9a80a1b986cb6528b3<br/>Driver info: org.openqa.selenium.remote.RemoteWebDriver<br/>Capabilities [{platform=XP, javascriptEnabled=true, acceptSslCerts=true, hasMetadata=true, browserName=chrome, chrome={userDataDir=C:\Users\ADMINI~1\AppData\Local\Temp\scoped_dir1864_31527, chromedriverVersion=2.24.417431 (9aea000394714d2fbb20850021f6204f2256b9cf)}, networkConnectionEnabled=false, rotatable=false, mobileEmulationEnabled=false, locationContextEnabled=true, webdriver.remote.sessionid=8df3d7f06e234c9a80a1b986cb6528b3, version=54.0.2840.59, pageLoadStrategy=normal, takesHeapSnapshot=true, cssSelectorsEnabled=true, databaseEnabled=false, handlesAlerts=true, browserConnectionEnabled=false, webStorageEnabled=true, nativeEvents=true, hasTouchScreen=false, applicationCacheEnabled=false, takesScreenshot=true}]<br/>	at sun.reflect.NativeConstructorAccessorImpl.newInstance0(Native Method)<br/>	at sun.reflect.NativeConstructorAccessorImpl.newInstance(NativeConstructorAccessorImpl.java:57)<br/>	at sun.reflect.DelegatingConstructorAccessorImpl.newInstance(DelegatingConstructorAccessorImpl.java:45)<br/>	at java.lang.reflect.Constructor.newInstance(Constructor.java:526)<br/>	at org.openqa.selenium.remote.ErrorHandler.createThrowable(ErrorHandler.java:206)<br/>	at org.openqa.selenium.remote.ErrorHandler.throwIfResponseFailed(ErrorHandler.java:158)<br/>	at org.openqa.selenium.remote.RemoteWebDriver.execute(RemoteWebDriver.java:678)<br/>	at org.openqa.selenium.remote.RemoteWebDriver.execute(RemoteWebDriver.java:701)<br/>	at org.openqa.selenium.remote.RemoteWebDriver.getScreenshotAs(RemoteWebDriver.java:335)<br/>	at nl.hsac.fitnesse.fixture.util.selenium.SeleniumHelper.takeScreenshot(SeleniumHelper.java:1092)<br/>	at nl.hsac.fitnesse.fixture.slim.web.BrowserTest.createScreenshot(BrowserTest.java:1665)<br/>	at nl.hsac.fitnesse.fixture.slim.web.BrowserTest.takeScreenshot(BrowserTest.java:1627)<br/>	at sun.reflect.GeneratedMethodAccessor6.invoke(Unknown Source)<br/>	at sun.reflect.DelegatingMethodAccessorImpl.invoke(DelegatingMethodAccessorImpl.java:43)<br/>	at java.lang.reflect.Method.invoke(Method.java:606)<br/>	at fitnesse.slim.fixtureInteraction.DefaultInteraction.methodInvoke(DefaultInteraction.java:148)<br/>	at nl.hsac.fitnesse.fixture.slim.SlimFixture.invoke(SlimFixture.java:45)<br/>	at nl.hsac.fitnesse.fixture.slim.web.BrowserTest.superInvoke(BrowserTest.java:107)<br/>	at nl.hsac.fitnesse.fixture.slim.web.BrowserTest.invoke(BrowserTest.java:59)<br/>	at nl.hsac.fitnesse.fixture.slim.SlimFixture.aroundSlimInvoke(SlimFixture.java:25)<br/>	at sun.reflect.GeneratedMethodAccessor1.invoke(Unknown Source)<br/>	at sun.reflect.DelegatingMethodAccessorImpl.invoke(DelegatingMethodAccessorImpl.java:43)<br/>	at java.lang.reflect.Method.invoke(Method.java:606)<br/>	at fitnesse.slim.fixtureInteraction.DefaultInteraction.methodInvoke(DefaultInteraction.java:148)<br/>	at fitnesse.slim.fixtureInteraction.DefaultInteraction.callMethod(DefaultInteraction.java:131)<br/>	at fitnesse.slim.fixtureInteraction.DefaultInteraction.invokeMethod(DefaultInteraction.java:115)<br/>	at fitnesse.slim.fixtureInteraction.DefaultInteraction.findAndInvoke(DefaultInteraction.java:92)<br/>	at fitnesse.slim.MethodExecutor.findAndInvoke(MethodExecutor.java:18)<br/>	at fitnesse.slim.FixtureMethodExecutor.execute(FixtureMethodExecutor.java:18)<br/>	at fitnesse.slim.StatementExecutor.getMethodExecutionResult(StatementExecutor.java:133)<br/>	at fitnesse.slim.StatementExecutor.call(StatementExecutor.java:106)<br/>	at fitnesse.slim.StatementTimeoutExecutor$3.call(StatementTimeoutExecutor.java:90)<br/>	at java.util.concurrent.FutureTask.run(FutureTask.java:262)<br/>	at java.util.concurrent.ThreadPoolExecutor.runWorker(ThreadPoolExecutor.java:1145)<br/>	at java.util.concurrent.ThreadPoolExecutor$Worker.run(ThreadPoolExecutor.java:615)<br/>	at java.lang.Thread.run(Thread.java:745)<br/></div></span></td></tr>
	<tr>
		<td>$yearBuilt= <span class="error"><div>org.openqa.selenium.UnsupportedCommandException: ERROR The test with session id 8df3d7f06e234c9a80a1b986cb6528b3 has already finished, and can't receive further commands.<br/>You can learn more at https://saucelabs.com/jobs/8df3d7f06e234c9a80a1b986cb6528b3<br/>For help, please check https://wiki.saucelabs.com/display/DOCS/Common+Error+Messages<br/>Command duration or timeout: 78 milliseconds<br/>Build info: version: '2.53.1', revision: 'a36b8b1cd5757287168e54b817830adce9b0158d', time: '2016-06-30 19:26:09'<br/>System info: host: 'testing-worker-linux-docker-04e1c29d-3463-linux-3', ip: '172.17.3.75', os.name: 'Linux', os.arch: 'amd64', os.version: '3.13.0-40-generic', java.version: '1.7.0_76'<br/>*** Element info: {Using=xpath, value=.//label/descendant-or-self::text()[normalize-space(translate(., '&nbsp;', ' '))='Bouwjaar']/ancestor-or-self::label}<br/>Session ID: 8df3d7f06e234c9a80a1b986cb6528b3<br/>Driver info: org.openqa.selenium.remote.RemoteWebDriver<br/>Capabilities [{platform=XP, javascriptEnabled=true, acceptSslCerts=true, hasMetadata=true, browserName=chrome, chrome={userDataDir=C:\Users\ADMINI~1\AppData\Local\Temp\scoped_dir1864_31527, chromedriverVersion=2.24.417431 (9aea000394714d2fbb20850021f6204f2256b9cf)}, networkConnectionEnabled=false, rotatable=false, mobileEmulationEnabled=false, locationContextEnabled=true, webdriver.remote.sessionid=8df3d7f06e234c9a80a1b986cb6528b3, version=54.0.2840.59, pageLoadStrategy=normal, takesHeapSnapshot=true, cssSelectorsEnabled=true, databaseEnabled=false, handlesAlerts=true, browserConnectionEnabled=false, webStorageEnabled=true, nativeEvents=true, hasTouchScreen=false, applicationCacheEnabled=false, takesScreenshot=true}]<br/>	at sun.reflect.GeneratedConstructorAccessor14.newInstance(Unknown Source)<br/>	at sun.reflect.DelegatingConstructorAccessorImpl.newInstance(DelegatingConstructorAccessorImpl.java:45)<br/>	at java.lang.reflect.Constructor.newInstance(Constructor.java:526)<br/>	at org.openqa.selenium.remote.ErrorHandler.createThrowable(ErrorHandler.java:206)<br/>	at org.openqa.selenium.remote.ErrorHandler.throwIfResponseFailed(ErrorHandler.java:158)<br/>	at org.openqa.selenium.remote.RemoteWebDriver.execute(RemoteWebDriver.java:678)<br/>	at org.openqa.selenium.remote.RemoteWebDriver.findElements(RemoteWebDriver.java:388)<br/>	at org.openqa.selenium.remote.RemoteWebDriver.findElementsByXPath(RemoteWebDriver.java:504)<br/>	at org.openqa.selenium.By$ByXPath.findElements(By.java:356)<br/>	at org.openqa.selenium.remote.RemoteWebDriver.findElements(RemoteWebDriver.java:351)<br/>	at nl.hsac.fitnesse.fixture.util.selenium.SeleniumHelper.findElement(SeleniumHelper.java:984)<br/>	at nl.hsac.fitnesse.fixture.util.selenium.SeleniumHelper.findElement(SeleniumHelper.java:826)<br/>	at nl.hsac.fitnesse.fixture.util.selenium.SeleniumHelper.findElement(SeleniumHelper.java:815)<br/>	at nl.hsac.fitnesse.fixture.util.selenium.SeleniumHelper.findByXPath(SeleniumHelper.java:806)<br/>	at nl.hsac.fitnesse.fixture.util.selenium.SeleniumHelper.getElementByLabel(SeleniumHelper.java:454)<br/>	at nl.hsac.fitnesse.fixture.util.selenium.SeleniumHelper.getElementByLabelOccurrence(SeleniumHelper.java:409)<br/>	at nl.hsac.fitnesse.fixture.util.selenium.SeleniumHelper.getElementExact(SeleniumHelper.java:289)<br/>	at nl.hsac.fitnesse.fixture.util.selenium.SeleniumHelper.getElement(SeleniumHelper.java:255)<br/>	at nl.hsac.fitnesse.fixture.slim.web.BrowserTest.getElement(BrowserTest.java:1228)<br/>	at nl.hsac.fitnesse.fixture.slim.web.BrowserTest.getElementToRetrieveValue(BrowserTest.java:941)<br/>	at nl.hsac.fitnesse.fixture.slim.web.BrowserTest.valueForIn(BrowserTest.java:936)<br/>	at nl.hsac.fitnesse.fixture.slim.web.BrowserTest.valueFor(BrowserTest.java:926)<br/>	at nl.hsac.fitnesse.fixture.slim.web.BrowserTest.valueOf(BrowserTest.java:921)<br/>	at sun.reflect.GeneratedMethodAccessor2.invoke(Unknown Source)<br/>	at sun.reflect.DelegatingMethodAccessorImpl.invoke(DelegatingMethodAccessorImpl.java:43)<br/>	at java.lang.reflect.Method.invoke(Method.java:606)<br/>	at fitnesse.slim.fixtureInteraction.DefaultInteraction.methodInvoke(DefaultInteraction.java:148)<br/>	at nl.hsac.fitnesse.fixture.slim.SlimFixture.invoke(SlimFixture.java:45)<br/>	at nl.hsac.fitnesse.fixture.slim.web.BrowserTest.superInvoke(BrowserTest.java:107)<br/>	at nl.hsac.fitnesse.fixture.slim.web.BrowserTest$1.apply(BrowserTest.java:71)<br/>	at nl.hsac.fitnesse.fixture.slim.web.BrowserTest$1.apply(BrowserTest.java:67)<br/>	at nl.hsac.fitnesse.fixture.util.selenium.TryAllFramesConditionDecorator.apply(TryAllFramesConditionDecorator.java:34)<br/>	at nl.hsac.fitnesse.fixture.util.selenium.TryAllFramesConditionDecorator.apply(TryAllFramesConditionDecorator.java:16)<br/>	at nl.hsac.fitnesse.fixture.util.selenium.SeleniumHelper$2.apply(SeleniumHelper.java:953)<br/>	at nl.hsac.fitnesse.fixture.util.selenium.SeleniumHelper$2.apply(SeleniumHelper.java:949)<br/>	at org.openqa.selenium.support.ui.FluentWait.until(FluentWait.java:238)<br/>	at nl.hsac.fitnesse.fixture.util.selenium.SeleniumHelper.waitUntil(SeleniumHelper.java:938)<br/>	at nl.hsac.fitnesse.fixture.slim.web.BrowserTest.waitUntilImpl(BrowserTest.java:1764)<br/>	at nl.hsac.fitnesse.fixture.slim.web.BrowserTest.waitUntilOrNull(BrowserTest.java:1757)<br/>	at nl.hsac.fitnesse.fixture.slim.web.BrowserTest.invokedWrappedInWaitUntil(BrowserTest.java:93)<br/>	at nl.hsac.fitnesse.fixture.slim.web.BrowserTest.invoke(BrowserTest.java:61)<br/>	at nl.hsac.fitnesse.fixture.slim.SlimFixture.aroundSlimInvoke(SlimFixture.java:25)<br/>	at sun.reflect.GeneratedMethodAccessor1.invoke(Unknown Source)<br/>	at sun.reflect.DelegatingMethodAccessorImpl.invoke(DelegatingMethodAccessorImpl.java:43)<br/>	at java.lang.reflect.Method.invoke(Method.java:606)<br/>	at fitnesse.slim.fixtureInteraction.DefaultInteraction.methodInvoke(DefaultInteraction.java:148)<br/>	at fitnesse.slim.fixtureInteraction.DefaultInteraction.callMethod(DefaultInteraction.java:131)<br/>	at fitnesse.slim.fixtureInteraction.DefaultInteraction.invokeMethod(DefaultInteraction.java:115)<br/>	at fitnesse.slim.fixtureInteraction.DefaultInteraction.findAndInvoke(DefaultInteraction.java:92)<br/>	at fitnesse.slim.MethodExecutor.findAndInvoke(MethodExecutor.java:18)<br/>	at fitnesse.slim.FixtureMethodExecutor.execute(FixtureMethodExecutor.java:18)<br/>	at fitnesse.slim.StatementExecutor.getMethodExecutionResult(StatementExecutor.java:133)<br/>	at fitnesse.slim.StatementExecutor.callAndAssign(StatementExecutor.java:116)<br/>	at fitnesse.slim.StatementTimeoutExecutor$2.call(StatementTimeoutExecutor.java:79)<br/>	at java.util.concurrent.FutureTask.run(FutureTask.java:262)<br/>	at java.util.concurrent.ThreadPoolExecutor.runWorker(ThreadPoolExecutor.java:1145)<br/>	at java.util.concurrent.ThreadPoolExecutor$Worker.run(ThreadPoolExecutor.java:615)<br/>	at java.lang.Thread.run(Thread.java:745)<br/></div></span></td>
		<td>value of</td>
		<td colspan="2">Bouwjaar</td>
	</tr>
</table></td></tr>
</table>
<br/><br/></article></body></html>