<html><head><title>HsacExamples.SlimTests.BrowserTests.UseCookiesForHttpTest</title><meta http-equiv='Content-Type' content='text/html;charset=UTF-8'/><link rel='stylesheet' type='text/css' href='css/fitnesse.css'/><script src='javascript/jquery-1.11.3.min.js' type='text/javascript'></script><script src='javascript/fitnesse.js' type='text/javascript'></script></head><body><header><h2>HsacExamples.SlimTests.BrowserTests.UseCookiesForHttpTest</h2></header><article><br/>By taking cookies from a browser's session we can test REST services that are only accessible in after (complex) login procedures.<br/><br/>Here we don't actually test a login procedure. We just validate cookies are copied and subsequent requests by http test can change the cookies stored.<br/><br/><table>
	<tr class="slimRowTitle">
		<td>script</td>
		<td colspan="2">browser test <span class="error">org.openqa.selenium.UnsupportedCommandException: ERROR The test with session id 5dd660d2b092413094851c1bfef75af9 has already finished, and can't receive further commands.
You can learn more at https://saucelabs.com/jobs/5dd660d2b092413094851c1bfef75af9
For help, please check https://wiki.saucelabs.com/display/DOCS/Common+Error+Messages
Command duration or timeout: 79 milliseconds
Build info: version: '2.53.1', revision: 'a36b8b1cd5757287168e54b817830adce9b0158d', time: '2016-06-30 19:26:09'
System info: host: 'testing-worker-linux-docker-418eaeb9-3461-linux-3', ip: '172.17.1.93', os.name: 'Linux', os.arch: 'amd64', os.version: '3.13.0-40-generic', java.version: '1.7.0_76'
Session ID: 5dd660d2b092413094851c1bfef75af9
Driver info: org.openqa.selenium.remote.RemoteWebDriver
Capabilities [{platform=XP, javascriptEnabled=true, acceptSslCerts=true, hasMetadata=true, browserName=chrome, chrome={userDataDir=C:\Users\ADMINI~1\AppData\Local\Temp\scoped_dir1676_22194, chromedriverVersion=2.24.417431 (9aea000394714d2fbb20850021f6204f2256b9cf)}, networkConnectionEnabled=false, rotatable=false, mobileEmulationEnabled=false, locationContextEnabled=true, webdriver.remote.sessionid=5dd660d2b092413094851c1bfef75af9, version=54.0.2840.59, pageLoadStrategy=normal, takesHeapSnapshot=true, cssSelectorsEnabled=true, databaseEnabled=false, handlesAlerts=true, browserConnectionEnabled=false, webStorageEnabled=true, nativeEvents=true, hasTouchScreen=false, applicationCacheEnabled=false, takesScreenshot=true}]</span></td>
	</tr>
	<tr class="slimRowColor4">
		<td>open <span class="error"><div>org.openqa.selenium.UnsupportedCommandException: ERROR The test with session id 5dd660d2b092413094851c1bfef75af9 has already finished, and can't receive further commands.<br/>You can learn more at https://saucelabs.com/jobs/5dd660d2b092413094851c1bfef75af9<br/>For help, please check https://wiki.saucelabs.com/display/DOCS/Common+Error+Messages<br/>Command duration or timeout: 78 milliseconds<br/>Build info: version: '2.53.1', revision: 'a36b8b1cd5757287168e54b817830adce9b0158d', time: '2016-06-30 19:26:09'<br/>System info: host: 'testing-worker-linux-docker-418eaeb9-3461-linux-3', ip: '172.17.1.93', os.name: 'Linux', os.arch: 'amd64', os.version: '3.13.0-40-generic', java.version: '1.7.0_76'<br/>Session ID: 5dd660d2b092413094851c1bfef75af9<br/>Driver info: org.openqa.selenium.remote.RemoteWebDriver<br/>Capabilities [{platform=XP, javascriptEnabled=true, acceptSslCerts=true, hasMetadata=true, browserName=chrome, chrome={userDataDir=C:\Users\ADMINI~1\AppData\Local\Temp\scoped_dir1676_22194, chromedriverVersion=2.24.417431 (9aea000394714d2fbb20850021f6204f2256b9cf)}, networkConnectionEnabled=false, rotatable=false, mobileEmulationEnabled=false, locationContextEnabled=true, webdriver.remote.sessionid=5dd660d2b092413094851c1bfef75af9, version=54.0.2840.59, pageLoadStrategy=normal, takesHeapSnapshot=true, cssSelectorsEnabled=true, databaseEnabled=false, handlesAlerts=true, browserConnectionEnabled=false, webStorageEnabled=true, nativeEvents=true, hasTouchScreen=false, applicationCacheEnabled=false, takesScreenshot=true}]<br/>	at sun.reflect.GeneratedConstructorAccessor13.newInstance(Unknown Source)<br/>	at sun.reflect.DelegatingConstructorAccessorImpl.newInstance(DelegatingConstructorAccessorImpl.java:45)<br/>	at java.lang.reflect.Constructor.newInstance(Constructor.java:526)<br/>	at org.openqa.selenium.remote.ErrorHandler.createThrowable(ErrorHandler.java:206)<br/>	at org.openqa.selenium.remote.ErrorHandler.throwIfResponseFailed(ErrorHandler.java:158)<br/>	at org.openqa.selenium.remote.RemoteWebDriver.execute(RemoteWebDriver.java:678)<br/>	at org.openqa.selenium.remote.RemoteWebDriver$RemoteTargetLocator.defaultContent(RemoteWebDriver.java:1039)<br/>	at nl.hsac.fitnesse.fixture.util.selenium.SeleniumHelper.switchToDefaultContent(SeleniumHelper.java:1215)<br/>	at nl.hsac.fitnesse.fixture.slim.web.BrowserTest.switchToDefaultContent(BrowserTest.java:395)<br/>	at nl.hsac.fitnesse.fixture.slim.web.BrowserTest.open(BrowserTest.java:183)<br/>	at sun.reflect.NativeMethodAccessorImpl.invoke0(Native Method)<br/>	at sun.reflect.NativeMethodAccessorImpl.invoke(NativeMethodAccessorImpl.java:57)<br/>	at sun.reflect.DelegatingMethodAccessorImpl.invoke(DelegatingMethodAccessorImpl.java:43)<br/>	at java.lang.reflect.Method.invoke(Method.java:606)<br/>	at fitnesse.slim.fixtureInteraction.DefaultInteraction.methodInvoke(DefaultInteraction.java:148)<br/>	at nl.hsac.fitnesse.fixture.slim.SlimFixture.invoke(SlimFixture.java:45)<br/>	at nl.hsac.fitnesse.fixture.slim.web.BrowserTest.superInvoke(BrowserTest.java:107)<br/>	at nl.hsac.fitnesse.fixture.slim.web.BrowserTest.invoke(BrowserTest.java:59)<br/>	at nl.hsac.fitnesse.fixture.slim.SlimFixture.aroundSlimInvoke(SlimFixture.java:25)<br/>	at sun.reflect.GeneratedMethodAccessor1.invoke(Unknown Source)<br/>	at sun.reflect.DelegatingMethodAccessorImpl.invoke(DelegatingMethodAccessorImpl.java:43)<br/>	at java.lang.reflect.Method.invoke(Method.java:606)<br/>	at fitnesse.slim.fixtureInteraction.DefaultInteraction.methodInvoke(DefaultInteraction.java:148)<br/>	at fitnesse.slim.fixtureInteraction.DefaultInteraction.callMethod(DefaultInteraction.java:131)<br/>	at fitnesse.slim.fixtureInteraction.DefaultInteraction.invokeMethod(DefaultInteraction.java:115)<br/>	at fitnesse.slim.fixtureInteraction.DefaultInteraction.findAndInvoke(DefaultInteraction.java:92)<br/>	at fitnesse.slim.MethodExecutor.findAndInvoke(MethodExecutor.java:18)<br/>	at fitnesse.slim.FixtureMethodExecutor.execute(FixtureMethodExecutor.java:18)<br/>	at fitnesse.slim.StatementExecutor.getMethodExecutionResult(StatementExecutor.java:133)<br/>	at fitnesse.slim.StatementExecutor.call(StatementExecutor.java:106)<br/>	at fitnesse.slim.StatementTimeoutExecutor$3.call(StatementTimeoutExecutor.java:90)<br/>	at java.util.concurrent.FutureTask.run(FutureTask.java:262)<br/>	at java.util.concurrent.ThreadPoolExecutor.runWorker(ThreadPoolExecutor.java:1145)<br/>	at java.util.concurrent.ThreadPoolExecutor$Worker.run(ThreadPoolExecutor.java:615)<br/>	at java.lang.Thread.run(Thread.java:745)<br/></div></span></td>
		<td colspan="2"><a href="https://mail.live.com/default.aspx">https://mail.live.com/default.aspx</a></td>
	</tr>
	<tr class="slimRowColor6">
		<td>$uaid= <span class="error"><div>org.openqa.selenium.UnsupportedCommandException: ERROR The test with session id 5dd660d2b092413094851c1bfef75af9 has already finished, and can't receive further commands.<br/>You can learn more at https://saucelabs.com/jobs/5dd660d2b092413094851c1bfef75af9<br/>For help, please check https://wiki.saucelabs.com/display/DOCS/Common+Error+Messages<br/>Command duration or timeout: 79 milliseconds<br/>Build info: version: '2.53.1', revision: 'a36b8b1cd5757287168e54b817830adce9b0158d', time: '2016-06-30 19:26:09'<br/>System info: host: 'testing-worker-linux-docker-418eaeb9-3461-linux-3', ip: '172.17.1.93', os.name: 'Linux', os.arch: 'amd64', os.version: '3.13.0-40-generic', java.version: '1.7.0_76'<br/>Session ID: 5dd660d2b092413094851c1bfef75af9<br/>Driver info: org.openqa.selenium.remote.RemoteWebDriver<br/>Capabilities [{platform=XP, javascriptEnabled=true, acceptSslCerts=true, hasMetadata=true, browserName=chrome, chrome={userDataDir=C:\Users\ADMINI~1\AppData\Local\Temp\scoped_dir1676_22194, chromedriverVersion=2.24.417431 (9aea000394714d2fbb20850021f6204f2256b9cf)}, networkConnectionEnabled=false, rotatable=false, mobileEmulationEnabled=false, locationContextEnabled=true, webdriver.remote.sessionid=5dd660d2b092413094851c1bfef75af9, version=54.0.2840.59, pageLoadStrategy=normal, takesHeapSnapshot=true, cssSelectorsEnabled=true, databaseEnabled=false, handlesAlerts=true, browserConnectionEnabled=false, webStorageEnabled=true, nativeEvents=true, hasTouchScreen=false, applicationCacheEnabled=false, takesScreenshot=true}]<br/>	at sun.reflect.GeneratedConstructorAccessor13.newInstance(Unknown Source)<br/>	at sun.reflect.DelegatingConstructorAccessorImpl.newInstance(DelegatingConstructorAccessorImpl.java:45)<br/>	at java.lang.reflect.Constructor.newInstance(Constructor.java:526)<br/>	at org.openqa.selenium.remote.ErrorHandler.createThrowable(ErrorHandler.java:206)<br/>	at org.openqa.selenium.remote.ErrorHandler.throwIfResponseFailed(ErrorHandler.java:158)<br/>	at org.openqa.selenium.remote.RemoteWebDriver.execute(RemoteWebDriver.java:678)<br/>	at org.openqa.selenium.remote.RemoteWebDriver.execute(RemoteWebDriver.java:701)<br/>	at org.openqa.selenium.remote.RemoteWebDriver$RemoteWebDriverOptions.getCookies(RemoteWebDriver.java:778)<br/>	at org.openqa.selenium.remote.RemoteWebDriver$RemoteWebDriverOptions.getCookieNamed(RemoteWebDriver.java:813)<br/>	at nl.hsac.fitnesse.fixture.util.selenium.SeleniumHelper.getCookie(SeleniumHelper.java:1278)<br/>	at nl.hsac.fitnesse.fixture.slim.web.BrowserTest.cookieValue(BrowserTest.java:2073)<br/>	at sun.reflect.NativeMethodAccessorImpl.invoke0(Native Method)<br/>	at sun.reflect.NativeMethodAccessorImpl.invoke(NativeMethodAccessorImpl.java:57)<br/>	at sun.reflect.DelegatingMethodAccessorImpl.invoke(DelegatingMethodAccessorImpl.java:43)<br/>	at java.lang.reflect.Method.invoke(Method.java:606)<br/>	at fitnesse.slim.fixtureInteraction.DefaultInteraction.methodInvoke(DefaultInteraction.java:148)<br/>	at nl.hsac.fitnesse.fixture.slim.SlimFixture.invoke(SlimFixture.java:45)<br/>	at nl.hsac.fitnesse.fixture.slim.web.BrowserTest.superInvoke(BrowserTest.java:107)<br/>	at nl.hsac.fitnesse.fixture.slim.web.BrowserTest.invoke(BrowserTest.java:59)<br/>	at nl.hsac.fitnesse.fixture.slim.SlimFixture.aroundSlimInvoke(SlimFixture.java:25)<br/>	at sun.reflect.GeneratedMethodAccessor1.invoke(Unknown Source)<br/>	at sun.reflect.DelegatingMethodAccessorImpl.invoke(DelegatingMethodAccessorImpl.java:43)<br/>	at java.lang.reflect.Method.invoke(Method.java:606)<br/>	at fitnesse.slim.fixtureInteraction.DefaultInteraction.methodInvoke(DefaultInteraction.java:148)<br/>	at fitnesse.slim.fixtureInteraction.DefaultInteraction.callMethod(DefaultInteraction.java:131)<br/>	at fitnesse.slim.fixtureInteraction.DefaultInteraction.invokeMethod(DefaultInteraction.java:115)<br/>	at fitnesse.slim.fixtureInteraction.DefaultInteraction.findAndInvoke(DefaultInteraction.java:92)<br/>	at fitnesse.slim.MethodExecutor.findAndInvoke(MethodExecutor.java:18)<br/>	at fitnesse.slim.FixtureMethodExecutor.execute(FixtureMethodExecutor.java:18)<br/>	at fitnesse.slim.StatementExecutor.getMethodExecutionResult(StatementExecutor.java:133)<br/>	at fitnesse.slim.StatementExecutor.callAndAssign(StatementExecutor.java:116)<br/>	at fitnesse.slim.StatementTimeoutExecutor$2.call(StatementTimeoutExecutor.java:79)<br/>	at java.util.concurrent.FutureTask.run(FutureTask.java:262)<br/>	at java.util.concurrent.ThreadPoolExecutor.runWorker(ThreadPoolExecutor.java:1145)<br/>	at java.util.concurrent.ThreadPoolExecutor$Worker.run(ThreadPoolExecutor.java:615)<br/>	at java.lang.Thread.run(Thread.java:745)<br/></div></span></td>
		<td>cookie value</td>
		<td>uaid</td>
	</tr>
	<tr class="slimRowColor3">
		<td>$ck= <span class="error"><div>org.openqa.selenium.UnsupportedCommandException: ERROR The test with session id 5dd660d2b092413094851c1bfef75af9 has already finished, and can't receive further commands.<br/>You can learn more at https://saucelabs.com/jobs/5dd660d2b092413094851c1bfef75af9<br/>For help, please check https://wiki.saucelabs.com/display/DOCS/Common+Error+Messages<br/>Command duration or timeout: 96 milliseconds<br/>Build info: version: '2.53.1', revision: 'a36b8b1cd5757287168e54b817830adce9b0158d', time: '2016-06-30 19:26:09'<br/>System info: host: 'testing-worker-linux-docker-418eaeb9-3461-linux-3', ip: '172.17.1.93', os.name: 'Linux', os.arch: 'amd64', os.version: '3.13.0-40-generic', java.version: '1.7.0_76'<br/>Session ID: 5dd660d2b092413094851c1bfef75af9<br/>Driver info: org.openqa.selenium.remote.RemoteWebDriver<br/>Capabilities [{platform=XP, javascriptEnabled=true, acceptSslCerts=true, hasMetadata=true, browserName=chrome, chrome={userDataDir=C:\Users\ADMINI~1\AppData\Local\Temp\scoped_dir1676_22194, chromedriverVersion=2.24.417431 (9aea000394714d2fbb20850021f6204f2256b9cf)}, networkConnectionEnabled=false, rotatable=false, mobileEmulationEnabled=false, locationContextEnabled=true, webdriver.remote.sessionid=5dd660d2b092413094851c1bfef75af9, version=54.0.2840.59, pageLoadStrategy=normal, takesHeapSnapshot=true, cssSelectorsEnabled=true, databaseEnabled=false, handlesAlerts=true, browserConnectionEnabled=false, webStorageEnabled=true, nativeEvents=true, hasTouchScreen=false, applicationCacheEnabled=false, takesScreenshot=true}]<br/>	at sun.reflect.GeneratedConstructorAccessor13.newInstance(Unknown Source)<br/>	at sun.reflect.DelegatingConstructorAccessorImpl.newInstance(DelegatingConstructorAccessorImpl.java:45)<br/>	at java.lang.reflect.Constructor.newInstance(Constructor.java:526)<br/>	at org.openqa.selenium.remote.ErrorHandler.createThrowable(ErrorHandler.java:206)<br/>	at org.openqa.selenium.remote.ErrorHandler.throwIfResponseFailed(ErrorHandler.java:158)<br/>	at org.openqa.selenium.remote.RemoteWebDriver.execute(RemoteWebDriver.java:678)<br/>	at org.openqa.selenium.remote.RemoteWebDriver.execute(RemoteWebDriver.java:701)<br/>	at org.openqa.selenium.remote.RemoteWebDriver$RemoteWebDriverOptions.getCookies(RemoteWebDriver.java:778)<br/>	at org.openqa.selenium.remote.RemoteWebDriver$RemoteWebDriverOptions.getCookieNamed(RemoteWebDriver.java:813)<br/>	at nl.hsac.fitnesse.fixture.util.selenium.SeleniumHelper.getCookie(SeleniumHelper.java:1278)<br/>	at nl.hsac.fitnesse.fixture.slim.web.BrowserTest.cookieValue(BrowserTest.java:2073)<br/>	at sun.reflect.NativeMethodAccessorImpl.invoke0(Native Method)<br/>	at sun.reflect.NativeMethodAccessorImpl.invoke(NativeMethodAccessorImpl.java:57)<br/>	at sun.reflect.DelegatingMethodAccessorImpl.invoke(DelegatingMethodAccessorImpl.java:43)<br/>	at java.lang.reflect.Method.invoke(Method.java:606)<br/>	at fitnesse.slim.fixtureInteraction.DefaultInteraction.methodInvoke(DefaultInteraction.java:148)<br/>	at nl.hsac.fitnesse.fixture.slim.SlimFixture.invoke(SlimFixture.java:45)<br/>	at nl.hsac.fitnesse.fixture.slim.web.BrowserTest.superInvoke(BrowserTest.java:107)<br/>	at nl.hsac.fitnesse.fixture.slim.web.BrowserTest.invoke(BrowserTest.java:59)<br/>	at nl.hsac.fitnesse.fixture.slim.SlimFixture.aroundSlimInvoke(SlimFixture.java:25)<br/>	at sun.reflect.GeneratedMethodAccessor1.invoke(Unknown Source)<br/>	at sun.reflect.DelegatingMethodAccessorImpl.invoke(DelegatingMethodAccessorImpl.java:43)<br/>	at java.lang.reflect.Method.invoke(Method.java:606)<br/>	at fitnesse.slim.fixtureInteraction.DefaultInteraction.methodInvoke(DefaultInteraction.java:148)<br/>	at fitnesse.slim.fixtureInteraction.DefaultInteraction.callMethod(DefaultInteraction.java:131)<br/>	at fitnesse.slim.fixtureInteraction.DefaultInteraction.invokeMethod(DefaultInteraction.java:115)<br/>	at fitnesse.slim.fixtureInteraction.DefaultInteraction.findAndInvoke(DefaultInteraction.java:92)<br/>	at fitnesse.slim.MethodExecutor.findAndInvoke(MethodExecutor.java:18)<br/>	at fitnesse.slim.FixtureMethodExecutor.execute(FixtureMethodExecutor.java:18)<br/>	at fitnesse.slim.StatementExecutor.getMethodExecutionResult(StatementExecutor.java:133)<br/>	at fitnesse.slim.StatementExecutor.callAndAssign(StatementExecutor.java:116)<br/>	at fitnesse.slim.StatementTimeoutExecutor$2.call(StatementTimeoutExecutor.java:79)<br/>	at java.util.concurrent.FutureTask.run(FutureTask.java:262)<br/>	at java.util.concurrent.ThreadPoolExecutor.runWorker(ThreadPoolExecutor.java:1145)<br/>	at java.util.concurrent.ThreadPoolExecutor$Worker.run(ThreadPoolExecutor.java:615)<br/>	at java.lang.Thread.run(Thread.java:745)<br/></div></span></td>
		<td>cookie value</td>
		<td>CkTst</td>
	</tr>
	<tr class="slimRowColor7">
		<td>$pok= <span class="error"><div>org.openqa.selenium.UnsupportedCommandException: ERROR The test with session id 5dd660d2b092413094851c1bfef75af9 has already finished, and can't receive further commands.<br/>You can learn more at https://saucelabs.com/jobs/5dd660d2b092413094851c1bfef75af9<br/>For help, please check https://wiki.saucelabs.com/display/DOCS/Common+Error+Messages<br/>Command duration or timeout: 80 milliseconds<br/>Build info: version: '2.53.1', revision: 'a36b8b1cd5757287168e54b817830adce9b0158d', time: '2016-06-30 19:26:09'<br/>System info: host: 'testing-worker-linux-docker-418eaeb9-3461-linux-3', ip: '172.17.1.93', os.name: 'Linux', os.arch: 'amd64', os.version: '3.13.0-40-generic', java.version: '1.7.0_76'<br/>Session ID: 5dd660d2b092413094851c1bfef75af9<br/>Driver info: org.openqa.selenium.remote.RemoteWebDriver<br/>Capabilities [{platform=XP, javascriptEnabled=true, acceptSslCerts=true, hasMetadata=true, browserName=chrome, chrome={userDataDir=C:\Users\ADMINI~1\AppData\Local\Temp\scoped_dir1676_22194, chromedriverVersion=2.24.417431 (9aea000394714d2fbb20850021f6204f2256b9cf)}, networkConnectionEnabled=false, rotatable=false, mobileEmulationEnabled=false, locationContextEnabled=true, webdriver.remote.sessionid=5dd660d2b092413094851c1bfef75af9, version=54.0.2840.59, pageLoadStrategy=normal, takesHeapSnapshot=true, cssSelectorsEnabled=true, databaseEnabled=false, handlesAlerts=true, browserConnectionEnabled=false, webStorageEnabled=true, nativeEvents=true, hasTouchScreen=false, applicationCacheEnabled=false, takesScreenshot=true}]<br/>	at sun.reflect.GeneratedConstructorAccessor13.newInstance(Unknown Source)<br/>	at sun.reflect.DelegatingConstructorAccessorImpl.newInstance(DelegatingConstructorAccessorImpl.java:45)<br/>	at java.lang.reflect.Constructor.newInstance(Constructor.java:526)<br/>	at org.openqa.selenium.remote.ErrorHandler.createThrowable(ErrorHandler.java:206)<br/>	at org.openqa.selenium.remote.ErrorHandler.throwIfResponseFailed(ErrorHandler.java:158)<br/>	at org.openqa.selenium.remote.RemoteWebDriver.execute(RemoteWebDriver.java:678)<br/>	at org.openqa.selenium.remote.RemoteWebDriver.execute(RemoteWebDriver.java:701)<br/>	at org.openqa.selenium.remote.RemoteWebDriver$RemoteWebDriverOptions.getCookies(RemoteWebDriver.java:778)<br/>	at org.openqa.selenium.remote.RemoteWebDriver$RemoteWebDriverOptions.getCookieNamed(RemoteWebDriver.java:813)<br/>	at nl.hsac.fitnesse.fixture.util.selenium.SeleniumHelper.getCookie(SeleniumHelper.java:1278)<br/>	at nl.hsac.fitnesse.fixture.slim.web.BrowserTest.cookieValue(BrowserTest.java:2073)<br/>	at sun.reflect.NativeMethodAccessorImpl.invoke0(Native Method)<br/>	at sun.reflect.NativeMethodAccessorImpl.invoke(NativeMethodAccessorImpl.java:57)<br/>	at sun.reflect.DelegatingMethodAccessorImpl.invoke(DelegatingMethodAccessorImpl.java:43)<br/>	at java.lang.reflect.Method.invoke(Method.java:606)<br/>	at fitnesse.slim.fixtureInteraction.DefaultInteraction.methodInvoke(DefaultInteraction.java:148)<br/>	at nl.hsac.fitnesse.fixture.slim.SlimFixture.invoke(SlimFixture.java:45)<br/>	at nl.hsac.fitnesse.fixture.slim.web.BrowserTest.superInvoke(BrowserTest.java:107)<br/>	at nl.hsac.fitnesse.fixture.slim.web.BrowserTest.invoke(BrowserTest.java:59)<br/>	at nl.hsac.fitnesse.fixture.slim.SlimFixture.aroundSlimInvoke(SlimFixture.java:25)<br/>	at sun.reflect.GeneratedMethodAccessor1.invoke(Unknown Source)<br/>	at sun.reflect.DelegatingMethodAccessorImpl.invoke(DelegatingMethodAccessorImpl.java:43)<br/>	at java.lang.reflect.Method.invoke(Method.java:606)<br/>	at fitnesse.slim.fixtureInteraction.DefaultInteraction.methodInvoke(DefaultInteraction.java:148)<br/>	at fitnesse.slim.fixtureInteraction.DefaultInteraction.callMethod(DefaultInteraction.java:131)<br/>	at fitnesse.slim.fixtureInteraction.DefaultInteraction.invokeMethod(DefaultInteraction.java:115)<br/>	at fitnesse.slim.fixtureInteraction.DefaultInteraction.findAndInvoke(DefaultInteraction.java:92)<br/>	at fitnesse.slim.MethodExecutor.findAndInvoke(MethodExecutor.java:18)<br/>	at fitnesse.slim.FixtureMethodExecutor.execute(FixtureMethodExecutor.java:18)<br/>	at fitnesse.slim.StatementExecutor.getMethodExecutionResult(StatementExecutor.java:133)<br/>	at fitnesse.slim.StatementExecutor.callAndAssign(StatementExecutor.java:116)<br/>	at fitnesse.slim.StatementTimeoutExecutor$2.call(StatementTimeoutExecutor.java:79)<br/>	at java.util.concurrent.FutureTask.run(FutureTask.java:262)<br/>	at java.util.concurrent.ThreadPoolExecutor.runWorker(ThreadPoolExecutor.java:1145)<br/>	at java.util.concurrent.ThreadPoolExecutor$Worker.run(ThreadPoolExecutor.java:615)<br/>	at java.lang.Thread.run(Thread.java:745)<br/></div></span></td>
		<td>cookie value</td>
		<td>MSPOK</td>
	</tr>
	<tr class="slimRowColor2">
		<td>$requ= <span class="error"><div>org.openqa.selenium.UnsupportedCommandException: ERROR The test with session id 5dd660d2b092413094851c1bfef75af9 has already finished, and can't receive further commands.<br/>You can learn more at https://saucelabs.com/jobs/5dd660d2b092413094851c1bfef75af9<br/>For help, please check https://wiki.saucelabs.com/display/DOCS/Common+Error+Messages<br/>Command duration or timeout: 80 milliseconds<br/>Build info: version: '2.53.1', revision: 'a36b8b1cd5757287168e54b817830adce9b0158d', time: '2016-06-30 19:26:09'<br/>System info: host: 'testing-worker-linux-docker-418eaeb9-3461-linux-3', ip: '172.17.1.93', os.name: 'Linux', os.arch: 'amd64', os.version: '3.13.0-40-generic', java.version: '1.7.0_76'<br/>Session ID: 5dd660d2b092413094851c1bfef75af9<br/>Driver info: org.openqa.selenium.remote.RemoteWebDriver<br/>Capabilities [{platform=XP, javascriptEnabled=true, acceptSslCerts=true, hasMetadata=true, browserName=chrome, chrome={userDataDir=C:\Users\ADMINI~1\AppData\Local\Temp\scoped_dir1676_22194, chromedriverVersion=2.24.417431 (9aea000394714d2fbb20850021f6204f2256b9cf)}, networkConnectionEnabled=false, rotatable=false, mobileEmulationEnabled=false, locationContextEnabled=true, webdriver.remote.sessionid=5dd660d2b092413094851c1bfef75af9, version=54.0.2840.59, pageLoadStrategy=normal, takesHeapSnapshot=true, cssSelectorsEnabled=true, databaseEnabled=false, handlesAlerts=true, browserConnectionEnabled=false, webStorageEnabled=true, nativeEvents=true, hasTouchScreen=false, applicationCacheEnabled=false, takesScreenshot=true}]<br/>	at sun.reflect.GeneratedConstructorAccessor13.newInstance(Unknown Source)<br/>	at sun.reflect.DelegatingConstructorAccessorImpl.newInstance(DelegatingConstructorAccessorImpl.java:45)<br/>	at java.lang.reflect.Constructor.newInstance(Constructor.java:526)<br/>	at org.openqa.selenium.remote.ErrorHandler.createThrowable(ErrorHandler.java:206)<br/>	at org.openqa.selenium.remote.ErrorHandler.throwIfResponseFailed(ErrorHandler.java:158)<br/>	at org.openqa.selenium.remote.RemoteWebDriver.execute(RemoteWebDriver.java:678)<br/>	at org.openqa.selenium.remote.RemoteWebDriver.execute(RemoteWebDriver.java:701)<br/>	at org.openqa.selenium.remote.RemoteWebDriver$RemoteWebDriverOptions.getCookies(RemoteWebDriver.java:778)<br/>	at org.openqa.selenium.remote.RemoteWebDriver$RemoteWebDriverOptions.getCookieNamed(RemoteWebDriver.java:813)<br/>	at nl.hsac.fitnesse.fixture.util.selenium.SeleniumHelper.getCookie(SeleniumHelper.java:1278)<br/>	at nl.hsac.fitnesse.fixture.slim.web.BrowserTest.cookieValue(BrowserTest.java:2073)<br/>	at sun.reflect.NativeMethodAccessorImpl.invoke0(Native Method)<br/>	at sun.reflect.NativeMethodAccessorImpl.invoke(NativeMethodAccessorImpl.java:57)<br/>	at sun.reflect.DelegatingMethodAccessorImpl.invoke(DelegatingMethodAccessorImpl.java:43)<br/>	at java.lang.reflect.Method.invoke(Method.java:606)<br/>	at fitnesse.slim.fixtureInteraction.DefaultInteraction.methodInvoke(DefaultInteraction.java:148)<br/>	at nl.hsac.fitnesse.fixture.slim.SlimFixture.invoke(SlimFixture.java:45)<br/>	at nl.hsac.fitnesse.fixture.slim.web.BrowserTest.superInvoke(BrowserTest.java:107)<br/>	at nl.hsac.fitnesse.fixture.slim.web.BrowserTest.invoke(BrowserTest.java:59)<br/>	at nl.hsac.fitnesse.fixture.slim.SlimFixture.aroundSlimInvoke(SlimFixture.java:25)<br/>	at sun.reflect.GeneratedMethodAccessor1.invoke(Unknown Source)<br/>	at sun.reflect.DelegatingMethodAccessorImpl.invoke(DelegatingMethodAccessorImpl.java:43)<br/>	at java.lang.reflect.Method.invoke(Method.java:606)<br/>	at fitnesse.slim.fixtureInteraction.DefaultInteraction.methodInvoke(DefaultInteraction.java:148)<br/>	at fitnesse.slim.fixtureInteraction.DefaultInteraction.callMethod(DefaultInteraction.java:131)<br/>	at fitnesse.slim.fixtureInteraction.DefaultInteraction.invokeMethod(DefaultInteraction.java:115)<br/>	at fitnesse.slim.fixtureInteraction.DefaultInteraction.findAndInvoke(DefaultInteraction.java:92)<br/>	at fitnesse.slim.MethodExecutor.findAndInvoke(MethodExecutor.java:18)<br/>	at fitnesse.slim.FixtureMethodExecutor.execute(FixtureMethodExecutor.java:18)<br/>	at fitnesse.slim.StatementExecutor.getMethodExecutionResult(StatementExecutor.java:133)<br/>	at fitnesse.slim.StatementExecutor.callAndAssign(StatementExecutor.java:116)<br/>	at fitnesse.slim.StatementTimeoutExecutor$2.call(StatementTimeoutExecutor.java:79)<br/>	at java.util.concurrent.FutureTask.run(FutureTask.java:262)<br/>	at java.util.concurrent.ThreadPoolExecutor.runWorker(ThreadPoolExecutor.java:1145)<br/>	at java.util.concurrent.ThreadPoolExecutor$Worker.run(ThreadPoolExecutor.java:615)<br/>	at java.lang.Thread.run(Thread.java:745)<br/></div></span></td>
		<td>cookie value</td>
		<td>MSPRequ</td>
	</tr>
</table>
<br/>Copying from browser's cookie store implicitly ensures cookies are stored/sent.<br/><br/><table>
	<tr class="slimRowTitle">
		<td>script</td>
		<td colspan="3"><span class="pass">http test</span></td>
	</tr>
	<tr class="slimRowColor8">
		<td>note</td>
		<td colspan="3">we set version information for cookies (Selenium cannot supply it)</td>
	</tr>
	<tr class="exception closed">
		<td class="error">copy browser cookies with version</td>
		<td colspan="3" class="error">1</td>
	</tr><tr class="exception-detail closed-detail"><td colspan="4"><pre>__EXCEPTION__:org.openqa.selenium.UnsupportedCommandException: ERROR The test with session id 5dd660d2b092413094851c1bfef75af9 has already finished, and can't receive further commands.
You can learn more at https://saucelabs.com/jobs/5dd660d2b092413094851c1bfef75af9
For help, please check https://wiki.saucelabs.com/display/DOCS/Common+Error+Messages
Command duration or timeout: 79 milliseconds
Build info: version: '2.53.1', revision: 'a36b8b1cd5757287168e54b817830adce9b0158d', time: '2016-06-30 19:26:09'
System info: host: 'testing-worker-linux-docker-418eaeb9-3461-linux-3', ip: '172.17.1.93', os.name: 'Linux', os.arch: 'amd64', os.version: '3.13.0-40-generic', java.version: '1.7.0_76'
Session ID: 5dd660d2b092413094851c1bfef75af9
Driver info: org.openqa.selenium.remote.RemoteWebDriver
Capabilities [{platform=XP, javascriptEnabled=true, acceptSslCerts=true, hasMetadata=true, browserName=chrome, chrome={userDataDir=C:\Users\ADMINI~1\AppData\Local\Temp\scoped_dir1676_22194, chromedriverVersion=2.24.417431 (9aea000394714d2fbb20850021f6204f2256b9cf)}, networkConnectionEnabled=false, rotatable=false, mobileEmulationEnabled=false, locationContextEnabled=true, webdriver.remote.sessionid=5dd660d2b092413094851c1bfef75af9, version=54.0.2840.59, pageLoadStrategy=normal, takesHeapSnapshot=true, cssSelectorsEnabled=true, databaseEnabled=false, handlesAlerts=true, browserConnectionEnabled=false, webStorageEnabled=true, nativeEvents=true, hasTouchScreen=false, applicationCacheEnabled=false, takesScreenshot=true}]
	at sun.reflect.GeneratedConstructorAccessor13.newInstance(Unknown Source) [n/a]
	at sun.reflect.DelegatingConstructorAccessorImpl.newInstance(DelegatingConstructorAccessorImpl.java:45) [rt.jar:1.7.0_76]
	at java.lang.reflect.Constructor.newInstance(Constructor.java:526) [rt.jar:1.7.0_76]
	at org.openqa.selenium.remote.ErrorHandler.createThrowable(ErrorHandler.java:206) [selenium-remote-driver-2.53.1.jar]
	at org.openqa.selenium.remote.ErrorHandler.throwIfResponseFailed(ErrorHandler.java:158) [selenium-remote-driver-2.53.1.jar]
	at org.openqa.selenium.remote.RemoteWebDriver.execute(RemoteWebDriver.java:678) [selenium-remote-driver-2.53.1.jar]
	at org.openqa.selenium.remote.RemoteWebDriver.execute(RemoteWebDriver.java:701) [selenium-remote-driver-2.53.1.jar]
	at org.openqa.selenium.remote.RemoteWebDriver$RemoteWebDriverOptions.getCookies(RemoteWebDriver.java:778) [selenium-remote-driver-2.53.1.jar]
	at nl.hsac.fitnesse.fixture.util.selenium.SeleniumHelper.getCookies(SeleniumHelper.java:1285) [file:/home/travis/build/fhoeben/hsac-fitnesse-fixtures/wiki/fixtures/]
	at nl.hsac.fitnesse.fixture.Environment.addSeleniumCookies(Environment.java:587) [file:/home/travis/build/fhoeben/hsac-fitnesse-fixtures/wiki/fixtures/]
	at nl.hsac.fitnesse.fixture.slim.HttpTest.copyBrowserCookiesWithVersion(HttpTest.java:492) [file:/home/travis/build/fhoeben/hsac-fitnesse-fixtures/wiki/fixtures/]
	at sun.reflect.NativeMethodAccessorImpl.invoke0(Native Method) [rt.jar:1.7.0_76]
	at sun.reflect.NativeMethodAccessorImpl.invoke(NativeMethodAccessorImpl.java:57) [rt.jar:1.7.0_76]
	at sun.reflect.DelegatingMethodAccessorImpl.invoke(DelegatingMethodAccessorImpl.java:43) [rt.jar:1.7.0_76]
	at java.lang.reflect.Method.invoke(Method.java:606) [rt.jar:1.7.0_76]
	at fitnesse.slim.fixtureInteraction.DefaultInteraction.methodInvoke(DefaultInteraction.java:148) [fitnesse-20160618.jar]
	at nl.hsac.fitnesse.fixture.slim.SlimFixture.invoke(SlimFixture.java:45) [file:/home/travis/build/fhoeben/hsac-fitnesse-fixtures/wiki/fixtures/]
	at nl.hsac.fitnesse.fixture.slim.SlimFixture.aroundSlimInvoke(SlimFixture.java:25) [file:/home/travis/build/fhoeben/hsac-fitnesse-fixtures/wiki/fixtures/]
	at sun.reflect.GeneratedMethodAccessor1.invoke(Unknown Source) [n/a]
	at sun.reflect.DelegatingMethodAccessorImpl.invoke(DelegatingMethodAccessorImpl.java:43) [rt.jar:1.7.0_76]
	at java.lang.reflect.Method.invoke(Method.java:606) [rt.jar:1.7.0_76]
	at fitnesse.slim.fixtureInteraction.DefaultInteraction.methodInvoke(DefaultInteraction.java:148) [fitnesse-20160618.jar]
	at fitnesse.slim.fixtureInteraction.DefaultInteraction.callMethod(DefaultInteraction.java:131) [fitnesse-20160618.jar]
	at fitnesse.slim.fixtureInteraction.DefaultInteraction.invokeMethod(DefaultInteraction.java:115) [fitnesse-20160618.jar]
	at fitnesse.slim.fixtureInteraction.DefaultInteraction.findAndInvoke(DefaultInteraction.java:92) [fitnesse-20160618.jar]
	at fitnesse.slim.MethodExecutor.findAndInvoke(MethodExecutor.java:18) [fitnesse-20160618.jar]
	at fitnesse.slim.FixtureMethodExecutor.execute(FixtureMethodExecutor.java:18) [fitnesse-20160618.jar]
	at fitnesse.slim.StatementExecutor.getMethodExecutionResult(StatementExecutor.java:133) [fitnesse-20160618.jar]
	at fitnesse.slim.StatementExecutor.call(StatementExecutor.java:106) [fitnesse-20160618.jar]
	at fitnesse.slim.StatementTimeoutExecutor$3.call(StatementTimeoutExecutor.java:90) [fitnesse-20160618.jar]
	at java.util.concurrent.FutureTask.run(FutureTask.java:262) [rt.jar:1.7.0_76]
	at java.util.concurrent.ThreadPoolExecutor.runWorker(ThreadPoolExecutor.java:1145) [rt.jar:1.7.0_76]
	at java.util.concurrent.ThreadPoolExecutor$Worker.run(ThreadPoolExecutor.java:615) [rt.jar:1.7.0_76]
	at java.lang.Thread.run(Thread.java:745) [rt.jar:1.7.0_76]</pre></td></tr>
	<tr class="slimRowColor0">
		<td>check</td>
		<td>cookie value</td>
		<td>uaid</td>
		<td>[<span class="diff">n</span>u<span class="diff">ll</span>] <span class="fail">expected [</span><span class="diff">$</span><span class="fail">u</span><span class="diff">aid</span><span class="fail">]</span></td>
	</tr>
	<tr class="slimRowColor0">
		<td>check</td>
		<td>cookie value</td>
		<td>CkTst</td>
		<td>[<span class="diff">null</span>] <span class="fail">expected [</span><span class="diff">$ck</span><span class="fail">]</span></td>
	</tr>
	<tr class="slimRowColor0">
		<td>check</td>
		<td>cookie value</td>
		<td>MSPOK</td>
		<td>[<span class="diff">null</span>] <span class="fail">expected [</span><span class="diff">$pok</span><span class="fail">]</span></td>
	</tr>
	<tr class="slimRowColor0">
		<td>check</td>
		<td>cookie value</td>
		<td>MSPRequ</td>
		<td>[<span class="diff">n</span>u<span class="diff">ll</span>] <span class="fail">expected [</span><span class="diff">$req</span><span class="fail">u]</span></td>
	</tr>
	<tr class="slimRowColor8">
		<td><span class="pass">get from</span></td>
		<td colspan="3"><a href="https://mail.live.com/default.aspx">https://mail.live.com/default.aspx</a></td>
	</tr>
	<tr class="slimRowColor0">
		<td>check</td>
		<td>response status</td>
		<td colspan="2"><span class="pass">200</span></td>
	</tr>
	<tr class="slimRowColor9">
		<td>show</td>
		<td colspan="3">response headers</td>
	<td><table class="hash_table">
	<tr class="hash_row">
		<td class="hash_key">Cache-Control</td>
		<td class="hash_value">max-age=0</td>
	</tr>
	<tr class="hash_row">
		<td class="hash_key">Content-Length</td>
		<td class="hash_value">10700</td>
	</tr>
	<tr class="hash_row">
		<td class="hash_key">Content-Type</td>
		<td class="hash_value">text/html; charset=utf-8</td>
	</tr>
	<tr class="hash_row">
		<td class="hash_key">Expires</td>
		<td class="hash_value">Fri, 21 Oct 2016 09:02:04 GMT</td>
	</tr>
	<tr class="hash_row">
		<td class="hash_key">Server</td>
		<td class="hash_value">Microsoft-IIS/8.5</td>
	</tr>
	<tr class="hash_row">
		<td class="hash_key">P3P</td>
		<td class="hash_value">CP="DSP CUR OTPi IND OTRi ONL FIN"</td>
	</tr>
	<tr class="hash_row">
		<td class="hash_key">Set-Cookie</td>
		<td class="hash_value">[uaid=e8522d0a42d2478b86963c0173eb746a; domain=login.live.com;secure= ;path=/;HTTPOnly= ;version=1, MSPRequ=lt=1477040584&amp;co=1&amp;id=64855; secure= ;path=/;HTTPOnly=;version=1, MSPOK=$uuid-b8c50c10-6f53-450d-8a91-768855a1922d; domain=login.live.com;secure= ;path=/;HTTPOnly= ;version=1]</td>
	</tr>
	<tr class="hash_row">
		<td class="hash_key">X-Frame-Options</td>
		<td class="hash_value">deny</td>
	</tr>
	<tr class="hash_row">
		<td class="hash_key">X-Content-Type-Options</td>
		<td class="hash_value">nosniff</td>
	</tr>
	<tr class="hash_row">
		<td class="hash_key">Strict-Transport-Security</td>
		<td class="hash_value">max-age=31536000</td>
	</tr>
	<tr class="hash_row">
		<td class="hash_key">X-XSS-Protection</td>
		<td class="hash_value">1; mode=block</td>
	</tr>
	<tr class="hash_row">
		<td class="hash_key">Date</td>
		<td class="hash_value">Fri, 21 Oct 2016 09:03:04 GMT</td>
	</tr>
	<tr class="hash_row">
		<td class="hash_key">Connection</td>
		<td class="hash_value">close</td>
	</tr>
</table></td></tr>
	<tr class="slimRowColor9">
		<td>show</td>
		<td colspan="3">cookie values</td>
	<td><table class="hash_table">
	<tr class="hash_row">
		<td class="hash_key">MSPOK</td>
		<td class="hash_value">$uuid-b8c50c10-6f53-450d-8a91-768855a1922d</td>
	</tr>
	<tr class="hash_row">
		<td class="hash_key">MSPRequ</td>
		<td class="hash_value">lt=1477040584&amp;co=1&amp;id=64855</td>
	</tr>
	<tr class="hash_row">
		<td class="hash_key">uaid</td>
		<td class="hash_value">e8522d0a42d2478b86963c0173eb746a</td>
	</tr>
</table></td></tr>
	<tr class="slimRowColor9">
		<td>check not</td>
		<td>cookie value</td>
		<td>uaid</td>
		<td><span class="pass">$uaid</span></td>
	</tr>
	<tr class="slimRowColor0">
		<td>check</td>
		<td>cookie value</td>
		<td>CkTst</td>
		<td>[<span class="diff">null</span>] <span class="fail">expected [</span><span class="diff">$ck</span><span class="fail">]</span></td>
	</tr>
	<tr class="slimRowColor0">
		<td>check</td>
		<td>cookie value</td>
		<td>MSPOK</td>
		<td>[$<span class="diff">uuid-b8c50c10-6f53-450d-8a91-768855a1922d</span>] <span class="fail">expected [$</span><span class="diff">pok</span><span class="fail">]</span></td>
	</tr>
	<tr class="slimRowColor9">
		<td>check not</td>
		<td>cookie value</td>
		<td>MSPRequ</td>
		<td><span class="pass">$requ</span></td>
	</tr>
</table>
<br/></article></body></html>