<html><head><title>HsacExamples.SlimTests.BrowserTests.StoryboardTest</title><meta http-equiv='Content-Type' content='text/html;charset=UTF-8'/><link rel='stylesheet' type='text/css' href='css/fitnesse.css'/><script src='javascript/jquery-1.11.3.min.js' type='text/javascript'></script><script src='javascript/fitnesse.js' type='text/javascript'></script></head><body><header><h2>HsacExamples.SlimTests.BrowserTests.StoryboardTest</h2></header><article><br/><h1>Website testing using BrowserTest with Storyboard</h1>
<br/>On this page we compare the asking price of the same house on two websites. We use a special version of Slim's ScriptTable, a storyboard, which will automatically take a screenshot after each action. <br/> <br/>The configuration of Selenium (i.e. which browser to use) and starting the browser session is done in the SuiteSetup<a title="create page" href="HsacExamples.SlimTests.BrowserTests.SuiteSetup?edit&amp;nonExistent=true">[?]</a>. Which allows this configuration to be shared between tests. Closing the browser is done in <a href="HsacExamples.SlimTests.BrowserTests.SuiteTearDown">SuiteTearDown</a>, which happens after all tests are completed.<br/><br/><table>
	<tr>
		<td>storyboard</td>
		<td colspan="3"><span class="pass">browser test</span></td>
	</tr>
	<tr>
		<td><span class="pass">open</span></td>
		<td colspan="3"><a href="http://www.huizenzoeker.nl">http://www.huizenzoeker.nl</a></td>
	<td><a href="files/screenshots/storyboard/HsacExamples.SlimTests.BrowserTests.StoryboardTest/01-001.png"><img src="files/screenshots/storyboard/HsacExamples.SlimTests.BrowserTests.StoryboardTest/01-001.png" title="/home/travis/build/fhoeben/hsac-fitnesse-fixtures/target/fitnesse-results/files/screenshots/storyboard/HsacExamples.SlimTests.BrowserTests.StoryboardTest/01-001.png" height="200"/></a></td></tr>
	<tr>
		<td>enter <span class="error"><div><div>Timed-out waiting (after 10s).</div><div><a href="files/pagesources/org.openqa.selenium.TimeoutException_30.HTML">Page content</a>:<a href="files/screenshots/timeouts/BrowserTest/timeout_26.png"><img src="files/screenshots/timeouts/BrowserTest/timeout_26.png" title="/home/travis/build/fhoeben/hsac-fitnesse-fixtures/target/fitnesse-results/files/screenshots/timeouts/BrowserTest/timeout_26.png" height="200"/></a></div></div></span></td>
		<td>Groenedijk, Utrecht</td>
		<td>for</td>
		<td>Plaats, postcode met straatnaam</td>
	<td><a href="files/screenshots/storyboard/HsacExamples.SlimTests.BrowserTests.StoryboardTest/01-002.png"><img src="files/screenshots/storyboard/HsacExamples.SlimTests.BrowserTests.StoryboardTest/01-002.png" title="/home/travis/build/fhoeben/hsac-fitnesse-fixtures/target/fitnesse-results/files/screenshots/storyboard/HsacExamples.SlimTests.BrowserTests.StoryboardTest/01-002.png" height="200"/></a></td></tr>
	<tr>
		<td colspan="4"><span class="pass">press enter</span></td>
	<td><a href="files/screenshots/storyboard/HsacExamples.SlimTests.BrowserTests.StoryboardTest/01-003.png"><img src="files/screenshots/storyboard/HsacExamples.SlimTests.BrowserTests.StoryboardTest/01-003.png" title="/home/travis/build/fhoeben/hsac-fitnesse-fixtures/target/fitnesse-results/files/screenshots/storyboard/HsacExamples.SlimTests.BrowserTests.StoryboardTest/01-003.png" height="200"/></a></td></tr>
	<tr>
		<td>click <span class="error"><div><div>Timed-out waiting (after 10s).</div><div><a href="files/pagesources/org.openqa.selenium.TimeoutException_31.HTML">Page content</a>:<a href="files/screenshots/timeouts/BrowserTest/timeout_27.png"><img src="files/screenshots/timeouts/BrowserTest/timeout_27.png" title="/home/travis/build/fhoeben/hsac-fitnesse-fixtures/target/fitnesse-results/files/screenshots/timeouts/BrowserTest/timeout_27.png" height="200"/></a></div></div></span></td>
		<td colspan="3">Groenedijk 57</td>
	<td><a href="files/screenshots/storyboard/HsacExamples.SlimTests.BrowserTests.StoryboardTest/01-004.png"><img src="files/screenshots/storyboard/HsacExamples.SlimTests.BrowserTests.StoryboardTest/01-004.png" title="/home/travis/build/fhoeben/hsac-fitnesse-fixtures/target/fitnesse-results/files/screenshots/storyboard/HsacExamples.SlimTests.BrowserTests.StoryboardTest/01-004.png" height="200"/></a></td></tr>
	<tr>
		<td>$price&lt;-[null]</td>
		<td>value of</td>
		<td colspan="2">xpath=//div[@class='prijs']/strong</td>
	</tr>
	<tr>
		<td><span class="pass">open</span></td>
		<td colspan="3"><a href="http://www.funda.nl">http://www.funda.nl</a></td>
	<td><a href="files/screenshots/storyboard/HsacExamples.SlimTests.BrowserTests.StoryboardTest/01-005.png"><img src="files/screenshots/storyboard/HsacExamples.SlimTests.BrowserTests.StoryboardTest/01-005.png" title="/home/travis/build/fhoeben/hsac-fitnesse-fixtures/target/fitnesse-results/files/screenshots/storyboard/HsacExamples.SlimTests.BrowserTests.StoryboardTest/01-005.png" height="200"/></a></td></tr>
	<tr>
		<td>select <span class="error"><div><div>Timed-out waiting (after 10s).</div><div><a href="files/pagesources/org.openqa.selenium.TimeoutException_32.HTML">Page content</a>:<a href="files/screenshots/timeouts/BrowserTest/timeout_28.png"><img src="files/screenshots/timeouts/BrowserTest/timeout_28.png" title="/home/travis/build/fhoeben/hsac-fitnesse-fixtures/target/fitnesse-results/files/screenshots/timeouts/BrowserTest/timeout_28.png" height="200"/></a></div></div></span></td>
		<td>â‚¬ 1.000.000</td>
		<td>for</td>
		<td>Van</td>
	<td><a href="files/screenshots/storyboard/HsacExamples.SlimTests.BrowserTests.StoryboardTest/01-006.png"><img src="files/screenshots/storyboard/HsacExamples.SlimTests.BrowserTests.StoryboardTest/01-006.png" title="/home/travis/build/fhoeben/hsac-fitnesse-fixtures/target/fitnesse-results/files/screenshots/storyboard/HsacExamples.SlimTests.BrowserTests.StoryboardTest/01-006.png" height="200"/></a></td></tr>
	<tr>
		<td>enter <span class="error"><div><div>Timed-out waiting (after 10s).</div><div><a href="files/pagesources/org.openqa.selenium.TimeoutException_33.HTML">Page content</a>:<a href="files/screenshots/timeouts/BrowserTest/timeout_29.png"><img src="files/screenshots/timeouts/BrowserTest/timeout_29.png" title="/home/travis/build/fhoeben/hsac-fitnesse-fixtures/target/fitnesse-results/files/screenshots/timeouts/BrowserTest/timeout_29.png" height="200"/></a></div></div></span></td>
		<td>Groenedijk, Utrecht</td>
		<td>as</td>
		<td>Plaats, buurt, adres etc</td>
	<td><a href="files/screenshots/storyboard/HsacExamples.SlimTests.BrowserTests.StoryboardTest/01-007.png"><img src="files/screenshots/storyboard/HsacExamples.SlimTests.BrowserTests.StoryboardTest/01-007.png" title="/home/travis/build/fhoeben/hsac-fitnesse-fixtures/target/fitnesse-results/files/screenshots/storyboard/HsacExamples.SlimTests.BrowserTests.StoryboardTest/01-007.png" height="200"/></a></td></tr>
	<tr>
		<td>note</td>
		<td colspan="3">select option from autocomplete</td>
	</tr>
	<tr>
		<td><span class="pass">press</span></td>
		<td colspan="3">tab</td>
	<td><a href="files/screenshots/storyboard/HsacExamples.SlimTests.BrowserTests.StoryboardTest/01-008.png"><img src="files/screenshots/storyboard/HsacExamples.SlimTests.BrowserTests.StoryboardTest/01-008.png" title="/home/travis/build/fhoeben/hsac-fitnesse-fixtures/target/fitnesse-results/files/screenshots/storyboard/HsacExamples.SlimTests.BrowserTests.StoryboardTest/01-008.png" height="200"/></a></td></tr>
	<tr>
		<td><span class="pass">click</span></td>
		<td colspan="3">Zoek</td>
	<td><a href="files/screenshots/storyboard/HsacExamples.SlimTests.BrowserTests.StoryboardTest/01-009.png"><img src="files/screenshots/storyboard/HsacExamples.SlimTests.BrowserTests.StoryboardTest/01-009.png" title="/home/travis/build/fhoeben/hsac-fitnesse-fixtures/target/fitnesse-results/files/screenshots/storyboard/HsacExamples.SlimTests.BrowserTests.StoryboardTest/01-009.png" height="200"/></a></td></tr>
	<tr>
		<td>click <span class="error"><div>org.openqa.selenium.UnsupportedCommandException: The test with session id 642ca53461334f19948980b4ed6749bc has already finished, and can't receive further commands.<br/>You can learn more at https://saucelabs.com/jobs/642ca53461334f19948980b4ed6749bc<br/>For help, please check https://wiki.saucelabs.com/display/DOCS/Common+Error+Messages<br/>Command duration or timeout: 128 milliseconds<br/>Build info: version: '3.5.2', revision: '10229a9', time: '2017-08-21T17:29:55.15Z'<br/>System info: host: 'testing-docker-01a6dd09-76eb-46dc-a876-775e87cc3be7', ip: '172.17.0.10', os.name: 'Linux', os.arch: 'amd64', os.version: '4.11.6-041106-generic', java.version: '1.8.0_131'<br/>Driver info: org.openqa.selenium.remote.RemoteWebDriver<br/>Capabilities [{mobileEmulationEnabled=false, hasTouchScreen=false, platform=XP, acceptSslCerts=true, webStorageEnabled=true, takesScreenshot=true, browserName=chrome, javascriptEnabled=true, unexpectedAlertBehaviour=, applicationCacheEnabled=false, rotatable=false, networkConnectionEnabled=false, chrome={chromedriverVersion=2.29.461591 (62ebf098771772160f391d75e589dc567915b233), userDataDir=C:\Users\ADMINI~1\AppData\Local\Temp\scoped_dir1812_26006}, takesHeapSnapshot=true, pageLoadStrategy=normal, unhandledPromptBehavior=, hasMetadata=true, handlesAlerts=true, databaseEnabled=false, version=60.0.3112.78, browserConnectionEnabled=false, nativeEvents=true, webdriver.remote.sessionid=642ca53461334f19948980b4ed6749bc, locationContextEnabled=true, cssSelectorsEnabled=true}]<br/>Session ID: 642ca53461334f19948980b4ed6749bc<br/>	at sun.reflect.NativeConstructorAccessorImpl.newInstance0(Native Method)<br/>	at sun.reflect.NativeConstructorAccessorImpl.newInstance(NativeConstructorAccessorImpl.java:62)<br/>	at sun.reflect.DelegatingConstructorAccessorImpl.newInstance(DelegatingConstructorAccessorImpl.java:45)<br/>	at java.lang.reflect.Constructor.newInstance(Constructor.java:423)<br/>	at org.openqa.selenium.remote.ErrorHandler.createThrowable(ErrorHandler.java:215)<br/>	at org.openqa.selenium.remote.ErrorHandler.throwIfResponseFailed(ErrorHandler.java:167)<br/>	at org.openqa.selenium.remote.RemoteWebDriver.execute(RemoteWebDriver.java:675)<br/>	at org.openqa.selenium.remote.RemoteWebDriver$RemoteTargetLocator.defaultContent(RemoteWebDriver.java:1014)<br/>	at nl.hsac.fitnesse.fixture.util.selenium.SeleniumHelper.switchToDefaultContent(SeleniumHelper.java:1460)<br/>	at nl.hsac.fitnesse.fixture.util.selenium.SeleniumHelper.switchToParentFrame(SeleniumHelper.java:1489)<br/>	at nl.hsac.fitnesse.fixture.util.selenium.TryAllFramesConditionDecorator.invokeInFrames(TryAllFramesConditionDecorator.java:62)<br/>	at nl.hsac.fitnesse.fixture.util.selenium.TryAllFramesConditionDecorator.apply(TryAllFramesConditionDecorator.java:37)<br/>	at nl.hsac.fitnesse.fixture.util.selenium.TryAllFramesConditionDecorator.apply(TryAllFramesConditionDecorator.java:16)<br/>	at nl.hsac.fitnesse.fixture.util.selenium.SeleniumHelper$2.apply(SeleniumHelper.java:1178)<br/>	at nl.hsac.fitnesse.fixture.util.selenium.SeleniumHelper$2.apply(SeleniumHelper.java:1174)<br/>	at org.openqa.selenium.support.ui.FluentWait.until(FluentWait.java:209)<br/>	at nl.hsac.fitnesse.fixture.util.selenium.SeleniumHelper.waitUntil(SeleniumHelper.java:1163)<br/>	at nl.hsac.fitnesse.fixture.slim.web.BrowserTest.waitUntilImpl(BrowserTest.java:1869)<br/>	at nl.hsac.fitnesse.fixture.slim.web.BrowserTest.waitUntil(BrowserTest.java:1799)<br/>	at nl.hsac.fitnesse.fixture.slim.web.BrowserTest.invokedWrappedInWaitUntil(BrowserTest.java:97)<br/>	at nl.hsac.fitnesse.fixture.slim.web.BrowserTest.invoke(BrowserTest.java:59)<br/>	at nl.hsac.fitnesse.fixture.slim.SlimFixture.aroundSlimInvoke(SlimFixture.java:30)<br/>	at sun.reflect.GeneratedMethodAccessor1.invoke(Unknown Source)<br/>	at sun.reflect.DelegatingMethodAccessorImpl.invoke(DelegatingMethodAccessorImpl.java:43)<br/>	at java.lang.reflect.Method.invoke(Method.java:498)<br/>	at fitnesse.slim.fixtureInteraction.DefaultInteraction.methodInvoke(DefaultInteraction.java:147)<br/>	at fitnesse.slim.fixtureInteraction.DefaultInteraction.callMethod(DefaultInteraction.java:130)<br/>	at fitnesse.slim.fixtureInteraction.DefaultInteraction.invokeMethod(DefaultInteraction.java:114)<br/>	at fitnesse.slim.fixtureInteraction.DefaultInteraction.findAndInvoke(DefaultInteraction.java:92)<br/>	at fitnesse.slim.MethodExecutor.findAndInvoke(MethodExecutor.java:18)<br/>	at fitnesse.slim.FixtureMethodExecutor.execute(FixtureMethodExecutor.java:18)<br/>	at fitnesse.slim.StatementExecutor.getMethodExecutionResult(StatementExecutor.java:130)<br/>	at fitnesse.slim.StatementExecutor.call(StatementExecutor.java:103)<br/>	at fitnesse.slim.instructions.CallInstruction.executeInternal(CallInstruction.java:35)<br/>	at fitnesse.slim.instructions.Instruction.execute(Instruction.java:29)<br/>	at fitnesse.slim.ListExecutor$Executive.executeStatement(ListExecutor.java:49)<br/>	at fitnesse.slim.ListExecutor$Executive.executeStatements(ListExecutor.java:43)<br/>	at fitnesse.slim.ListExecutor.execute(ListExecutor.java:85)<br/>	at fitnesse.slim.SlimServer.executeInstructions(SlimServer.java:82)<br/>	at fitnesse.slim.SlimServer.processOneSetOfInstructions(SlimServer.java:75)<br/>	at fitnesse.slim.SlimServer.tryProcessInstructions(SlimServer.java:62)<br/>	at fitnesse.slim.SlimServer.serve(SlimServer.java:47)<br/>	at fitnesse.testsystems.slim.InProcessSlimClient$1.run(InProcessSlimClient.java:53)<br/>	at java.lang.Thread.run(Thread.java:748)<br/></div></span></td>
		<td colspan="3">Groenedijk 57</td>
	<td> <span class="error"><div>org.openqa.selenium.UnsupportedCommandException: The test with session id 642ca53461334f19948980b4ed6749bc has already finished, and can't receive further commands.<br/>You can learn more at https://saucelabs.com/jobs/642ca53461334f19948980b4ed6749bc<br/>For help, please check https://wiki.saucelabs.com/display/DOCS/Common+Error+Messages<br/>Command duration or timeout: 114 milliseconds<br/>Build info: version: '3.5.2', revision: '10229a9', time: '2017-08-21T17:29:55.15Z'<br/>System info: host: 'testing-docker-01a6dd09-76eb-46dc-a876-775e87cc3be7', ip: '172.17.0.10', os.name: 'Linux', os.arch: 'amd64', os.version: '4.11.6-041106-generic', java.version: '1.8.0_131'<br/>Driver info: org.openqa.selenium.remote.RemoteWebDriver<br/>Capabilities [{mobileEmulationEnabled=false, hasTouchScreen=false, platform=XP, acceptSslCerts=true, webStorageEnabled=true, takesScreenshot=true, browserName=chrome, javascriptEnabled=true, unexpectedAlertBehaviour=, applicationCacheEnabled=false, rotatable=false, networkConnectionEnabled=false, chrome={chromedriverVersion=2.29.461591 (62ebf098771772160f391d75e589dc567915b233), userDataDir=C:\Users\ADMINI~1\AppData\Local\Temp\scoped_dir1812_26006}, takesHeapSnapshot=true, pageLoadStrategy=normal, unhandledPromptBehavior=, hasMetadata=true, handlesAlerts=true, databaseEnabled=false, version=60.0.3112.78, browserConnectionEnabled=false, nativeEvents=true, webdriver.remote.sessionid=642ca53461334f19948980b4ed6749bc, locationContextEnabled=true, cssSelectorsEnabled=true}]<br/>Session ID: 642ca53461334f19948980b4ed6749bc<br/>	at sun.reflect.NativeConstructorAccessorImpl.newInstance0(Native Method)<br/>	at sun.reflect.NativeConstructorAccessorImpl.newInstance(NativeConstructorAccessorImpl.java:62)<br/>	at sun.reflect.DelegatingConstructorAccessorImpl.newInstance(DelegatingConstructorAccessorImpl.java:45)<br/>	at java.lang.reflect.Constructor.newInstance(Constructor.java:423)<br/>	at org.openqa.selenium.remote.ErrorHandler.createThrowable(ErrorHandler.java:215)<br/>	at org.openqa.selenium.remote.ErrorHandler.throwIfResponseFailed(ErrorHandler.java:167)<br/>	at org.openqa.selenium.remote.RemoteWebDriver.execute(RemoteWebDriver.java:675)<br/>	at org.openqa.selenium.remote.RemoteWebDriver.execute(RemoteWebDriver.java:698)<br/>	at org.openqa.selenium.remote.RemoteWebDriver.getScreenshotAs(RemoteWebDriver.java:386)<br/>	at nl.hsac.fitnesse.fixture.util.selenium.SeleniumHelper.takeScreenshot(SeleniumHelper.java:1317)<br/>	at nl.hsac.fitnesse.fixture.slim.web.BrowserTest.createScreenshot(BrowserTest.java:1770)<br/>	at nl.hsac.fitnesse.fixture.slim.web.BrowserTest.takeScreenshot(BrowserTest.java:1732)<br/>	at sun.reflect.GeneratedMethodAccessor8.invoke(Unknown Source)<br/>	at sun.reflect.DelegatingMethodAccessorImpl.invoke(DelegatingMethodAccessorImpl.java:43)<br/>	at java.lang.reflect.Method.invoke(Method.java:498)<br/>	at fitnesse.slim.fixtureInteraction.DefaultInteraction.methodInvoke(DefaultInteraction.java:147)<br/>	at nl.hsac.fitnesse.fixture.slim.SlimFixture.invoke(SlimFixture.java:50)<br/>	at nl.hsac.fitnesse.fixture.slim.web.BrowserTest.superInvoke(BrowserTest.java:104)<br/>	at nl.hsac.fitnesse.fixture.slim.web.BrowserTest.invoke(BrowserTest.java:57)<br/>	at nl.hsac.fitnesse.fixture.slim.SlimFixture.aroundSlimInvoke(SlimFixture.java:30)<br/>	at sun.reflect.GeneratedMethodAccessor1.invoke(Unknown Source)<br/>	at sun.reflect.DelegatingMethodAccessorImpl.invoke(DelegatingMethodAccessorImpl.java:43)<br/>	at java.lang.reflect.Method.invoke(Method.java:498)<br/>	at fitnesse.slim.fixtureInteraction.DefaultInteraction.methodInvoke(DefaultInteraction.java:147)<br/>	at fitnesse.slim.fixtureInteraction.DefaultInteraction.callMethod(DefaultInteraction.java:130)<br/>	at fitnesse.slim.fixtureInteraction.DefaultInteraction.invokeMethod(DefaultInteraction.java:114)<br/>	at fitnesse.slim.fixtureInteraction.DefaultInteraction.findAndInvoke(DefaultInteraction.java:92)<br/>	at fitnesse.slim.MethodExecutor.findAndInvoke(MethodExecutor.java:18)<br/>	at fitnesse.slim.FixtureMethodExecutor.execute(FixtureMethodExecutor.java:18)<br/>	at fitnesse.slim.StatementExecutor.getMethodExecutionResult(StatementExecutor.java:130)<br/>	at fitnesse.slim.StatementExecutor.call(StatementExecutor.java:103)<br/>	at fitnesse.slim.instructions.CallInstruction.executeInternal(CallInstruction.java:35)<br/>	at fitnesse.slim.instructions.Instruction.execute(Instruction.java:29)<br/>	at fitnesse.slim.ListExecutor$Executive.executeStatement(ListExecutor.java:49)<br/>	at fitnesse.slim.ListExecutor$Executive.executeStatements(ListExecutor.java:43)<br/>	at fitnesse.slim.ListExecutor.execute(ListExecutor.java:85)<br/>	at fitnesse.slim.SlimServer.executeInstructions(SlimServer.java:82)<br/>	at fitnesse.slim.SlimServer.processOneSetOfInstructions(SlimServer.java:75)<br/>	at fitnesse.slim.SlimServer.tryProcessInstructions(SlimServer.java:62)<br/>	at fitnesse.slim.SlimServer.serve(SlimServer.java:47)<br/>	at fitnesse.testsystems.slim.InProcessSlimClient$1.run(InProcessSlimClient.java:53)<br/>	at java.lang.Thread.run(Thread.java:748)<br/></div></span></td></tr>
	<tr>
		<td>check</td>
		<td>value of</td>
		<td>Vraagprijs</td>
		<td>$price k.k. <span class="error"><div>org.openqa.selenium.UnsupportedCommandException: The test with session id 642ca53461334f19948980b4ed6749bc has already finished, and can't receive further commands.<br/>You can learn more at https://saucelabs.com/jobs/642ca53461334f19948980b4ed6749bc<br/>For help, please check https://wiki.saucelabs.com/display/DOCS/Common+Error+Messages<br/>Command duration or timeout: 141 milliseconds<br/>Build info: version: '3.5.2', revision: '10229a9', time: '2017-08-21T17:29:55.15Z'<br/>System info: host: 'testing-docker-01a6dd09-76eb-46dc-a876-775e87cc3be7', ip: '172.17.0.10', os.name: 'Linux', os.arch: 'amd64', os.version: '4.11.6-041106-generic', java.version: '1.8.0_131'<br/>Driver info: org.openqa.selenium.remote.RemoteWebDriver<br/>Capabilities [{mobileEmulationEnabled=false, hasTouchScreen=false, platform=XP, acceptSslCerts=true, webStorageEnabled=true, takesScreenshot=true, browserName=chrome, javascriptEnabled=true, unexpectedAlertBehaviour=, applicationCacheEnabled=false, rotatable=false, networkConnectionEnabled=false, chrome={chromedriverVersion=2.29.461591 (62ebf098771772160f391d75e589dc567915b233), userDataDir=C:\Users\ADMINI~1\AppData\Local\Temp\scoped_dir1812_26006}, takesHeapSnapshot=true, pageLoadStrategy=normal, unhandledPromptBehavior=, hasMetadata=true, handlesAlerts=true, databaseEnabled=false, version=60.0.3112.78, browserConnectionEnabled=false, nativeEvents=true, webdriver.remote.sessionid=642ca53461334f19948980b4ed6749bc, locationContextEnabled=true, cssSelectorsEnabled=true}]<br/>Session ID: 642ca53461334f19948980b4ed6749bc<br/>*** Element info: {Using=xpath, value=.//label/descendant-or-self::text()[normalize-space(translate(., '&nbsp;', ' '))='Vraagprijs']/ancestor-or-self::label}<br/>	at sun.reflect.NativeConstructorAccessorImpl.newInstance0(Native Method)<br/>	at sun.reflect.NativeConstructorAccessorImpl.newInstance(NativeConstructorAccessorImpl.java:62)<br/>	at sun.reflect.DelegatingConstructorAccessorImpl.newInstance(DelegatingConstructorAccessorImpl.java:45)<br/>	at java.lang.reflect.Constructor.newInstance(Constructor.java:423)<br/>	at org.openqa.selenium.remote.ErrorHandler.createThrowable(ErrorHandler.java:215)<br/>	at org.openqa.selenium.remote.ErrorHandler.throwIfResponseFailed(ErrorHandler.java:167)<br/>	at org.openqa.selenium.remote.RemoteWebDriver.execute(RemoteWebDriver.java:675)<br/>	at org.openqa.selenium.remote.RemoteWebDriver.findElements(RemoteWebDriver.java:441)<br/>	at org.openqa.selenium.remote.RemoteWebDriver.findElementsByXPath(RemoteWebDriver.java:517)<br/>	at org.openqa.selenium.By$ByXPath.findElements(By.java:356)<br/>	at org.openqa.selenium.remote.RemoteWebDriver.findElements(RemoteWebDriver.java:402)<br/>	at nl.hsac.fitnesse.fixture.util.selenium.SeleniumHelper.findElement(SeleniumHelper.java:1209)<br/>	at nl.hsac.fitnesse.fixture.util.selenium.SeleniumHelper.findElement(SeleniumHelper.java:1051)<br/>	at nl.hsac.fitnesse.fixture.util.selenium.SeleniumHelper.findElement(SeleniumHelper.java:1040)<br/>	at nl.hsac.fitnesse.fixture.util.selenium.SeleniumHelper.findByXPath(SeleniumHelper.java:1031)<br/>	at nl.hsac.fitnesse.fixture.util.selenium.SeleniumHelper.getElementByLabel(SeleniumHelper.java:516)<br/>	at nl.hsac.fitnesse.fixture.util.selenium.SeleniumHelper.getElementByLabelOccurrence(SeleniumHelper.java:472)<br/>	at nl.hsac.fitnesse.fixture.util.selenium.SeleniumHelper.getElementExact(SeleniumHelper.java:352)<br/>	at nl.hsac.fitnesse.fixture.util.selenium.SeleniumHelper.getElement(SeleniumHelper.java:318)<br/>	at nl.hsac.fitnesse.fixture.slim.web.BrowserTest.getElement(BrowserTest.java:1320)<br/>	at nl.hsac.fitnesse.fixture.slim.web.BrowserTest.lambda$getElement$3(BrowserTest.java:1324)<br/>	at nl.hsac.fitnesse.fixture.slim.web.BrowserTest.doInContainer(BrowserTest.java:767)<br/>	at nl.hsac.fitnesse.fixture.slim.web.BrowserTest.getElement(BrowserTest.java:1324)<br/>	at nl.hsac.fitnesse.fixture.slim.web.BrowserTest.getElementToRetrieveValue(BrowserTest.java:1043)<br/>	at nl.hsac.fitnesse.fixture.slim.web.BrowserTest.valueForIn(BrowserTest.java:978)<br/>	at nl.hsac.fitnesse.fixture.slim.web.BrowserTest.valueFor(BrowserTest.java:968)<br/>	at nl.hsac.fitnesse.fixture.slim.web.BrowserTest.valueOf(BrowserTest.java:963)<br/>	at sun.reflect.GeneratedMethodAccessor3.invoke(Unknown Source)<br/>	at sun.reflect.DelegatingMethodAccessorImpl.invoke(DelegatingMethodAccessorImpl.java:43)<br/>	at java.lang.reflect.Method.invoke(Method.java:498)<br/>	at fitnesse.slim.fixtureInteraction.DefaultInteraction.methodInvoke(DefaultInteraction.java:147)<br/>	at nl.hsac.fitnesse.fixture.slim.SlimFixture.invoke(SlimFixture.java:50)<br/>	at nl.hsac.fitnesse.fixture.slim.web.BrowserTest.superInvoke(BrowserTest.java:104)<br/>	at nl.hsac.fitnesse.fixture.slim.web.BrowserTest$1.apply(BrowserTest.java:69)<br/>	at nl.hsac.fitnesse.fixture.slim.web.BrowserTest$1.apply(BrowserTest.java:65)<br/>	at nl.hsac.fitnesse.fixture.util.selenium.TryAllFramesConditionDecorator.apply(TryAllFramesConditionDecorator.java:34)<br/>	at nl.hsac.fitnesse.fixture.util.selenium.TryAllFramesConditionDecorator.apply(TryAllFramesConditionDecorator.java:16)<br/>	at nl.hsac.fitnesse.fixture.util.selenium.SeleniumHelper$2.apply(SeleniumHelper.java:1178)<br/>	at nl.hsac.fitnesse.fixture.util.selenium.SeleniumHelper$2.apply(SeleniumHelper.java:1174)<br/>	at org.openqa.selenium.support.ui.FluentWait.until(FluentWait.java:209)<br/>	at nl.hsac.fitnesse.fixture.util.selenium.SeleniumHelper.waitUntil(SeleniumHelper.java:1163)<br/>	at nl.hsac.fitnesse.fixture.slim.web.BrowserTest.waitUntilImpl(BrowserTest.java:1869)<br/>	at nl.hsac.fitnesse.fixture.slim.web.BrowserTest.waitUntilOrNull(BrowserTest.java:1862)<br/>	at nl.hsac.fitnesse.fixture.slim.web.BrowserTest.invokedWrappedInWaitUntil(BrowserTest.java:90)<br/>	at nl.hsac.fitnesse.fixture.slim.web.BrowserTest.invoke(BrowserTest.java:59)<br/>	at nl.hsac.fitnesse.fixture.slim.SlimFixture.aroundSlimInvoke(SlimFixture.java:30)<br/>	at sun.reflect.GeneratedMethodAccessor1.invoke(Unknown Source)<br/>	at sun.reflect.DelegatingMethodAccessorImpl.invoke(DelegatingMethodAccessorImpl.java:43)<br/>	at java.lang.reflect.Method.invoke(Method.java:498)<br/>	at fitnesse.slim.fixtureInteraction.DefaultInteraction.methodInvoke(DefaultInteraction.java:147)<br/>	at fitnesse.slim.fixtureInteraction.DefaultInteraction.callMethod(DefaultInteraction.java:130)<br/>	at fitnesse.slim.fixtureInteraction.DefaultInteraction.invokeMethod(DefaultInteraction.java:114)<br/>	at fitnesse.slim.fixtureInteraction.DefaultInteraction.findAndInvoke(DefaultInteraction.java:92)<br/>	at fitnesse.slim.MethodExecutor.findAndInvoke(MethodExecutor.java:18)<br/>	at fitnesse.slim.FixtureMethodExecutor.execute(FixtureMethodExecutor.java:18)<br/>	at fitnesse.slim.StatementExecutor.getMethodExecutionResult(StatementExecutor.java:130)<br/>	at fitnesse.slim.StatementExecutor.call(StatementExecutor.java:103)<br/>	at fitnesse.slim.instructions.CallInstruction.executeInternal(CallInstruction.java:35)<br/>	at fitnesse.slim.instructions.Instruction.execute(Instruction.java:29)<br/>	at fitnesse.slim.ListExecutor$Executive.executeStatement(ListExecutor.java:49)<br/>	at fitnesse.slim.ListExecutor$Executive.executeStatements(ListExecutor.java:43)<br/>	at fitnesse.slim.ListExecutor.execute(ListExecutor.java:85)<br/>	at fitnesse.slim.SlimServer.executeInstructions(SlimServer.java:82)<br/>	at fitnesse.slim.SlimServer.processOneSetOfInstructions(SlimServer.java:75)<br/>	at fitnesse.slim.SlimServer.tryProcessInstructions(SlimServer.java:62)<br/>	at fitnesse.slim.SlimServer.serve(SlimServer.java:47)<br/>	at fitnesse.testsystems.slim.InProcessSlimClient$1.run(InProcessSlimClient.java:53)<br/>	at java.lang.Thread.run(Thread.java:748)<br/></div></span></td>
	<td> <span class="error"><div>org.openqa.selenium.UnsupportedCommandException: The test with session id 642ca53461334f19948980b4ed6749bc has already finished, and can't receive further commands.<br/>You can learn more at https://saucelabs.com/jobs/642ca53461334f19948980b4ed6749bc<br/>For help, please check https://wiki.saucelabs.com/display/DOCS/Common+Error+Messages<br/>Command duration or timeout: 120 milliseconds<br/>Build info: version: '3.5.2', revision: '10229a9', time: '2017-08-21T17:29:55.15Z'<br/>System info: host: 'testing-docker-01a6dd09-76eb-46dc-a876-775e87cc3be7', ip: '172.17.0.10', os.name: 'Linux', os.arch: 'amd64', os.version: '4.11.6-041106-generic', java.version: '1.8.0_131'<br/>Driver info: org.openqa.selenium.remote.RemoteWebDriver<br/>Capabilities [{mobileEmulationEnabled=false, hasTouchScreen=false, platform=XP, acceptSslCerts=true, webStorageEnabled=true, takesScreenshot=true, browserName=chrome, javascriptEnabled=true, unexpectedAlertBehaviour=, applicationCacheEnabled=false, rotatable=false, networkConnectionEnabled=false, chrome={chromedriverVersion=2.29.461591 (62ebf098771772160f391d75e589dc567915b233), userDataDir=C:\Users\ADMINI~1\AppData\Local\Temp\scoped_dir1812_26006}, takesHeapSnapshot=true, pageLoadStrategy=normal, unhandledPromptBehavior=, hasMetadata=true, handlesAlerts=true, databaseEnabled=false, version=60.0.3112.78, browserConnectionEnabled=false, nativeEvents=true, webdriver.remote.sessionid=642ca53461334f19948980b4ed6749bc, locationContextEnabled=true, cssSelectorsEnabled=true}]<br/>Session ID: 642ca53461334f19948980b4ed6749bc<br/>	at sun.reflect.NativeConstructorAccessorImpl.newInstance0(Native Method)<br/>	at sun.reflect.NativeConstructorAccessorImpl.newInstance(NativeConstructorAccessorImpl.java:62)<br/>	at sun.reflect.DelegatingConstructorAccessorImpl.newInstance(DelegatingConstructorAccessorImpl.java:45)<br/>	at java.lang.reflect.Constructor.newInstance(Constructor.java:423)<br/>	at org.openqa.selenium.remote.ErrorHandler.createThrowable(ErrorHandler.java:215)<br/>	at org.openqa.selenium.remote.ErrorHandler.throwIfResponseFailed(ErrorHandler.java:167)<br/>	at org.openqa.selenium.remote.RemoteWebDriver.execute(RemoteWebDriver.java:675)<br/>	at org.openqa.selenium.remote.RemoteWebDriver.execute(RemoteWebDriver.java:698)<br/>	at org.openqa.selenium.remote.RemoteWebDriver.getScreenshotAs(RemoteWebDriver.java:386)<br/>	at nl.hsac.fitnesse.fixture.util.selenium.SeleniumHelper.takeScreenshot(SeleniumHelper.java:1317)<br/>	at nl.hsac.fitnesse.fixture.slim.web.BrowserTest.createScreenshot(BrowserTest.java:1770)<br/>	at nl.hsac.fitnesse.fixture.slim.web.BrowserTest.takeScreenshot(BrowserTest.java:1732)<br/>	at sun.reflect.GeneratedMethodAccessor8.invoke(Unknown Source)<br/>	at sun.reflect.DelegatingMethodAccessorImpl.invoke(DelegatingMethodAccessorImpl.java:43)<br/>	at java.lang.reflect.Method.invoke(Method.java:498)<br/>	at fitnesse.slim.fixtureInteraction.DefaultInteraction.methodInvoke(DefaultInteraction.java:147)<br/>	at nl.hsac.fitnesse.fixture.slim.SlimFixture.invoke(SlimFixture.java:50)<br/>	at nl.hsac.fitnesse.fixture.slim.web.BrowserTest.superInvoke(BrowserTest.java:104)<br/>	at nl.hsac.fitnesse.fixture.slim.web.BrowserTest.invoke(BrowserTest.java:57)<br/>	at nl.hsac.fitnesse.fixture.slim.SlimFixture.aroundSlimInvoke(SlimFixture.java:30)<br/>	at sun.reflect.GeneratedMethodAccessor1.invoke(Unknown Source)<br/>	at sun.reflect.DelegatingMethodAccessorImpl.invoke(DelegatingMethodAccessorImpl.java:43)<br/>	at java.lang.reflect.Method.invoke(Method.java:498)<br/>	at fitnesse.slim.fixtureInteraction.DefaultInteraction.methodInvoke(DefaultInteraction.java:147)<br/>	at fitnesse.slim.fixtureInteraction.DefaultInteraction.callMethod(DefaultInteraction.java:130)<br/>	at fitnesse.slim.fixtureInteraction.DefaultInteraction.invokeMethod(DefaultInteraction.java:114)<br/>	at fitnesse.slim.fixtureInteraction.DefaultInteraction.findAndInvoke(DefaultInteraction.java:92)<br/>	at fitnesse.slim.MethodExecutor.findAndInvoke(MethodExecutor.java:18)<br/>	at fitnesse.slim.FixtureMethodExecutor.execute(FixtureMethodExecutor.java:18)<br/>	at fitnesse.slim.StatementExecutor.getMethodExecutionResult(StatementExecutor.java:130)<br/>	at fitnesse.slim.StatementExecutor.call(StatementExecutor.java:103)<br/>	at fitnesse.slim.instructions.CallInstruction.executeInternal(CallInstruction.java:35)<br/>	at fitnesse.slim.instructions.Instruction.execute(Instruction.java:29)<br/>	at fitnesse.slim.ListExecutor$Executive.executeStatement(ListExecutor.java:49)<br/>	at fitnesse.slim.ListExecutor$Executive.executeStatements(ListExecutor.java:43)<br/>	at fitnesse.slim.ListExecutor.execute(ListExecutor.java:85)<br/>	at fitnesse.slim.SlimServer.executeInstructions(SlimServer.java:82)<br/>	at fitnesse.slim.SlimServer.processOneSetOfInstructions(SlimServer.java:75)<br/>	at fitnesse.slim.SlimServer.tryProcessInstructions(SlimServer.java:62)<br/>	at fitnesse.slim.SlimServer.serve(SlimServer.java:47)<br/>	at fitnesse.testsystems.slim.InProcessSlimClient$1.run(InProcessSlimClient.java:53)<br/>	at java.lang.Thread.run(Thread.java:748)<br/></div></span></td></tr>
</table>
</article></body></html>