<html><head><title>HsacExamples.SlimTests.BrowserTests.ScriptTest</title><meta http-equiv='Content-Type' content='text/html;charset=UTF-8'/><link rel='stylesheet' type='text/css' href='css/fitnesse.css'/><script src='javascript/jquery-1.11.3.min.js' type='text/javascript'></script><script src='javascript/fitnesse.js' type='text/javascript'></script></head><body><header><h2>HsacExamples.SlimTests.BrowserTests.ScriptTest</h2></header><article><br/><h1>Website testing using BrowserTest</h1>
<br/><br/>On this page we test whether we can find a nice house which is for sale in Utrecht, The Netherlands. <br/>We check whether they have not been changing the original asking price or its size in square meters. Furthermore we look at, and capture, the first three pictures<br/><br/>To do this we use a Slim script table<a title="create page" href="FitNesse.UserGuide.WritingAcceptanceTests.SliM.ScriptTable?edit&amp;nonExistent=true">[?]</a> driving the Java class BrowserTest (which uses Selenium).<br/>This class allows us to specify what we want to do using a web browser, by the (end user visible) texts on screen. We don't need to specify any HTML code or write any custom Java logic. By only using the texts visible on screen we only need to change the script if the site's interaction design changes, but not for changes in HTML structure, element naming or styling.<br/><br/>The configuration of Selenium (i.e. which browser to use) and starting the browser session is done in the SuiteSetup<a title="create page" href="HsacExamples.SlimTests.BrowserTests.SuiteSetup?edit&amp;nonExistent=true">[?]</a>. Which allows this configuration to be shared between tests. Closing the browser is done in <a href="HsacExamples.SlimTests.BrowserTests.SuiteTearDown">SuiteTearDown</a>, which happens after all tests are completed.<br/><br/><table>
	<tr class="slimRowTitle">
		<td>script</td>
		<td colspan="3"><span class="pass">browser test</span></td>
	</tr>
	<tr class="slimRowColor4">
		<td><span class="pass">open</span></td>
		<td colspan="3"><a href="http://www.funda.nl">http://www.funda.nl</a></td>
	</tr>
	<tr class="slimRowColor0">
		<td><span class="pass">select</span></td>
		<td>€ 1.000.000</td>
		<td>for</td>
		<td>van</td>
	</tr>
	<tr class="slimRowColor0">
		<td><span class="pass">select</span></td>
		<td>€ 2.000.000</td>
		<td>for</td>
		<td>tot</td>
	</tr>
	<tr class="slimRowColor2">
		<td>enter <span class="error"><div><div>Timed-out waiting (after 10s).</div><div><a href="files/pagesources/org.openqa.selenium.TimeoutException_11.html">Page content</a>:<a href="files/screenshots/timeouts/BrowserTest/timeout_9.png"><img src="files/screenshots/timeouts/BrowserTest/timeout_9.png" title="/home/travis/build/fhoeben/hsac-fitnesse-fixtures/target/fitnesse-results/files/screenshots/timeouts/BrowserTest/timeout_9.png" height="200"/></a></div></div></span></td>
		<td>Maliebaan, Utrecht</td>
		<td>as</td>
		<td>Locatie</td>
	</tr>
	<tr class="slimRowColor8">
		<td>note</td>
		<td colspan="3">select option from autocomplete</td>
	</tr>
	<tr class="slimRowColor7">
		<td><span class="pass">wait</span></td>
		<td>1</td>
		<td colspan="2">seconds</td>
	</tr>
	<tr class="slimRowColor7">
		<td><span class="pass">press</span></td>
		<td colspan="3">down</td>
	</tr>
	<tr class="slimRowColor7">
		<td><span class="pass">press</span></td>
		<td colspan="3">enter</td>
	</tr>
	<tr class="slimRowColor8">
		<td><span class="pass">click</span></td>
		<td colspan="3">Zoek</td>
	</tr>
	<tr class="slimRowColor8">
		<td>click <span class="error"><div><div>Timed-out waiting (after 10s).</div><div><a href="files/pagesources/org.openqa.selenium.TimeoutException_12.html">Page content</a>:<a href="files/screenshots/timeouts/BrowserTest/timeout_10.png"><img src="files/screenshots/timeouts/BrowserTest/timeout_10.png" title="/home/travis/build/fhoeben/hsac-fitnesse-fixtures/target/fitnesse-results/files/screenshots/timeouts/BrowserTest/timeout_10.png" height="200"/></a></div></div></span></td>
		<td colspan="3">Maliebaan 3</td>
	</tr>
	<tr class="slimRowColor0">
		<td>check</td>
		<td>page title</td>
		<td colspan="2">[Hui<span class="diff">zen</span> te koop i<span class="diff">n L</span>an<span class="diff">d</span> <span class="diff">Nede</span>r<span class="diff">land</span> [funda]] <span class="fail">expected [Hui</span><span class="diff">s</span><span class="fail"> te koop</span><span class="diff">:</span><span class="fail"> </span><span class="diff">Mal</span><span class="fail">i</span><span class="diff">eb</span><span class="fail">a</span><span class="diff">a</span><span class="fail">n </span><span class="diff">3 3581 CA Ut</span><span class="fail">r</span><span class="diff">echt</span><span class="fail"> [funda]]</span></td>
	</tr>
	<tr class="slimRowColor8">
		<td>click <span class="error"><div><div>Timed-out waiting (after 10s).</div><div><a href="files/pagesources/org.openqa.selenium.TimeoutException_13.html">Page content</a>:<a href="files/screenshots/timeouts/BrowserTest/timeout_11.png"><img src="files/screenshots/timeouts/BrowserTest/timeout_11.png" title="/home/travis/build/fhoeben/hsac-fitnesse-fixtures/target/fitnesse-results/files/screenshots/timeouts/BrowserTest/timeout_11.png" height="200"/></a></div></div></span></td>
		<td colspan="3">Kenmerken</td>
	</tr>
	<tr class="slimRowColor0">
		<td>check</td>
		<td>value of</td>
		<td>Status</td>
		<td>[<span class="diff">null</span>] <span class="fail">expected [</span><span class="diff">Beschikbaar</span><span class="fail">]</span></td>
	</tr>
	<tr class="slimRowColor0">
		<td>check</td>
		<td>value of</td>
		<td>Woonoppervlakte</td>
		<td>[<span class="diff">275</span> m²] <span class="fail">expected [</span><span class="diff">418</span><span class="fail"> m²]</span></td>
	</tr>
	<tr class="slimRowColor8">
		<td>note</td>
		<td colspan="3">set width so we see button to go to next photo</td>
	</tr>
	<tr class="slimRowColor2">
		<td>set browser width</td>
		<td colspan="3">1200</td>
	</tr>
	<tr class="slimRowColor8">
		<td>click <span class="error"><div><div>Timed-out waiting (after 10s).</div><div><a href="files/pagesources/org.openqa.selenium.TimeoutException_14.html">Page content</a>:<a href="files/screenshots/timeouts/BrowserTest/timeout_12.png"><img src="files/screenshots/timeouts/BrowserTest/timeout_12.png" title="/home/travis/build/fhoeben/hsac-fitnesse-fixtures/target/fitnesse-results/files/screenshots/timeouts/BrowserTest/timeout_12.png" height="200"/></a></div></div></span></td>
		<td colspan="3">Foto's</td>
	</tr>
	<tr class="slimRowColor9">
		<td>show</td>
		<td>take screenshot</td>
		<td colspan="2">Foto_1</td>
	<td><a href="files/screenshots/Foto_1.png"><img src="files/screenshots/Foto_1.png" title="/home/travis/build/fhoeben/hsac-fitnesse-fixtures/target/fitnesse-results/files/screenshots/Foto_1.png" height="200"/></a></td></tr>
	<tr class="slimRowColor8">
		<td>click <span class="error"><div>org.openqa.selenium.UnsupportedCommandException: ERROR The test with session id f0389dca2daf465e85349b5e7528685d has already finished, and can't receive further commands<br/>You can learn more at https://saucelabs.com/jobs/f0389dca2daf465e85349b5e7528685d<br/>For help, please check https://docs.saucelabs.com/reference/troubleshooting-common-error-messages<br/>Command duration or timeout: 79 milliseconds<br/>Build info: version: '2.49.0', revision: '365eeb44deba2067b1761c8862ef21d55250e063', time: '2016-01-13 11:57:39'<br/>System info: host: 'testing-worker-linux-docker-c4b2f33d-3207-linux-2', ip: '172.17.0.132', os.name: 'Linux', os.arch: 'amd64', os.version: '3.13.0-40-generic', java.version: '1.7.0_76'<br/>Session ID: f0389dca2daf465e85349b5e7528685d<br/>Driver info: org.openqa.selenium.remote.RemoteWebDriver<br/>Capabilities [{platform=XP, acceptSslCerts=true, javascriptEnabled=true, hasMetadata=true, browserName=chrome, chrome={userDataDir=C:\Users\ADMINI~1\AppData\Local\Temp\scoped_dir1740_18572}, rotatable=false, locationContextEnabled=true, mobileEmulationEnabled=false, webdriver.remote.sessionid=f0389dca2daf465e85349b5e7528685d, version=47.0.2526.73, takesHeapSnapshot=true, cssSelectorsEnabled=true, databaseEnabled=false, handlesAlerts=true, browserConnectionEnabled=false, webStorageEnabled=true, nativeEvents=true, hasTouchScreen=false, applicationCacheEnabled=false, takesScreenshot=true}]<br/>	at sun.reflect.NativeConstructorAccessorImpl.newInstance0(Native Method)<br/>	at sun.reflect.NativeConstructorAccessorImpl.newInstance(NativeConstructorAccessorImpl.java:57)<br/>	at sun.reflect.DelegatingConstructorAccessorImpl.newInstance(DelegatingConstructorAccessorImpl.java:45)<br/>	at java.lang.reflect.Constructor.newInstance(Constructor.java:526)<br/>	at org.openqa.selenium.remote.ErrorHandler.createThrowable(ErrorHandler.java:206)<br/>	at org.openqa.selenium.remote.ErrorHandler.throwIfResponseFailed(ErrorHandler.java:158)<br/>	at org.openqa.selenium.remote.RemoteWebDriver.execute(RemoteWebDriver.java:678)<br/>	at org.openqa.selenium.remote.RemoteWebDriver$RemoteTargetLocator.defaultContent(RemoteWebDriver.java:1037)<br/>	at nl.hsac.fitnesse.fixture.util.selenium.SeleniumHelper.switchToDefaultContent(SeleniumHelper.java:1122)<br/>	at nl.hsac.fitnesse.fixture.util.selenium.SeleniumHelper.switchToParentFrame(SeleniumHelper.java:1146)<br/>	at nl.hsac.fitnesse.fixture.util.selenium.TryAllFramesConditionDecorator.invokeInFrames(TryAllFramesConditionDecorator.java:55)<br/>	at nl.hsac.fitnesse.fixture.util.selenium.TryAllFramesConditionDecorator.invokeInFrames(TryAllFramesConditionDecorator.java:49)<br/>	at nl.hsac.fitnesse.fixture.util.selenium.TryAllFramesConditionDecorator.apply(TryAllFramesConditionDecorator.java:34)<br/>	at nl.hsac.fitnesse.fixture.util.selenium.TryAllFramesConditionDecorator.apply(TryAllFramesConditionDecorator.java:15)<br/>	at nl.hsac.fitnesse.fixture.util.selenium.SeleniumHelper$2.apply(SeleniumHelper.java:892)<br/>	at nl.hsac.fitnesse.fixture.util.selenium.SeleniumHelper$2.apply(SeleniumHelper.java:888)<br/>	at org.openqa.selenium.support.ui.FluentWait.until(FluentWait.java:238)<br/>	at nl.hsac.fitnesse.fixture.util.selenium.SeleniumHelper.waitUntil(SeleniumHelper.java:877)<br/>	at nl.hsac.fitnesse.fixture.slim.web.BrowserTest.waitUntilImpl(BrowserTest.java:1449)<br/>	at nl.hsac.fitnesse.fixture.slim.web.BrowserTest.waitUntil(BrowserTest.java:1408)<br/>	at nl.hsac.fitnesse.fixture.slim.web.BrowserTest.invokedWrappedInWaitUntil(BrowserTest.java:102)<br/>	at nl.hsac.fitnesse.fixture.slim.web.BrowserTest.invoke(BrowserTest.java:63)<br/>	at nl.hsac.fitnesse.fixture.slim.SlimFixture.aroundSlimInvoke(SlimFixture.java:25)<br/>	at sun.reflect.GeneratedMethodAccessor2.invoke(Unknown Source)<br/>	at sun.reflect.DelegatingMethodAccessorImpl.invoke(DelegatingMethodAccessorImpl.java:43)<br/>	at java.lang.reflect.Method.invoke(Method.java:606)<br/>	at fitnesse.slim.fixtureInteraction.DefaultInteraction.methodInvoke(DefaultInteraction.java:81)<br/>	at fitnesse.slim.MethodExecutor.callMethod(MethodExecutor.java:55)<br/>	at fitnesse.slim.MethodExecutor.invokeMethod(MethodExecutor.java:38)<br/>	at fitnesse.slim.MethodExecutor.findAndInvoke(MethodExecutor.java:72)<br/>	at fitnesse.slim.FixtureMethodExecutor.execute(FixtureMethodExecutor.java:20)<br/>	at fitnesse.slim.StatementExecutor.getMethodExecutionResult(StatementExecutor.java:135)<br/>	at fitnesse.slim.StatementExecutor.call(StatementExecutor.java:108)<br/>	at fitnesse.slim.StatementTimeoutExecutor$3.call(StatementTimeoutExecutor.java:90)<br/>	at java.util.concurrent.FutureTask.run(FutureTask.java:262)<br/>	at java.util.concurrent.ThreadPoolExecutor.runWorker(ThreadPoolExecutor.java:1145)<br/>	at java.util.concurrent.ThreadPoolExecutor$Worker.run(ThreadPoolExecutor.java:615)<br/>	at java.lang.Thread.run(Thread.java:745)<br/></div></span></td>
		<td colspan="3">Volgende foto</td>
	</tr>
	<tr class="slimRowColor8">
		<td>note</td>
		<td colspan="3">Wait for the loading of the next photo to complete</td>
	</tr>
	<tr class="slimRowColor0">
		<td><span class="pass">wait seconds</span></td>
		<td colspan="3">1</td>
	</tr>
	<tr class="slimRowColor9">
		<td>show <span class="error"><div>org.openqa.selenium.UnsupportedCommandException: ERROR The test with session id f0389dca2daf465e85349b5e7528685d has already finished, and can't receive further commands<br/>You can learn more at https://saucelabs.com/jobs/f0389dca2daf465e85349b5e7528685d<br/>For help, please check https://docs.saucelabs.com/reference/troubleshooting-common-error-messages<br/>Command duration or timeout: 80 milliseconds<br/>Build info: version: '2.49.0', revision: '365eeb44deba2067b1761c8862ef21d55250e063', time: '2016-01-13 11:57:39'<br/>System info: host: 'testing-worker-linux-docker-c4b2f33d-3207-linux-2', ip: '172.17.0.132', os.name: 'Linux', os.arch: 'amd64', os.version: '3.13.0-40-generic', java.version: '1.7.0_76'<br/>Session ID: f0389dca2daf465e85349b5e7528685d<br/>Driver info: org.openqa.selenium.remote.RemoteWebDriver<br/>Capabilities [{platform=XP, acceptSslCerts=true, javascriptEnabled=true, hasMetadata=true, browserName=chrome, chrome={userDataDir=C:\Users\ADMINI~1\AppData\Local\Temp\scoped_dir1740_18572}, rotatable=false, locationContextEnabled=true, mobileEmulationEnabled=false, webdriver.remote.sessionid=f0389dca2daf465e85349b5e7528685d, version=47.0.2526.73, takesHeapSnapshot=true, cssSelectorsEnabled=true, databaseEnabled=false, handlesAlerts=true, browserConnectionEnabled=false, webStorageEnabled=true, nativeEvents=true, hasTouchScreen=false, applicationCacheEnabled=false, takesScreenshot=true}]<br/>	at sun.reflect.NativeConstructorAccessorImpl.newInstance0(Native Method)<br/>	at sun.reflect.NativeConstructorAccessorImpl.newInstance(NativeConstructorAccessorImpl.java:57)<br/>	at sun.reflect.DelegatingConstructorAccessorImpl.newInstance(DelegatingConstructorAccessorImpl.java:45)<br/>	at java.lang.reflect.Constructor.newInstance(Constructor.java:526)<br/>	at org.openqa.selenium.remote.ErrorHandler.createThrowable(ErrorHandler.java:206)<br/>	at org.openqa.selenium.remote.ErrorHandler.throwIfResponseFailed(ErrorHandler.java:158)<br/>	at org.openqa.selenium.remote.RemoteWebDriver.execute(RemoteWebDriver.java:678)<br/>	at org.openqa.selenium.remote.RemoteWebDriver.execute(RemoteWebDriver.java:701)<br/>	at org.openqa.selenium.remote.RemoteWebDriver.getScreenshotAs(RemoteWebDriver.java:335)<br/>	at nl.hsac.fitnesse.fixture.util.selenium.SeleniumHelper.takeScreenshot(SeleniumHelper.java:1007)<br/>	at nl.hsac.fitnesse.fixture.slim.web.BrowserTest.createScreenshot(BrowserTest.java:1379)<br/>	at nl.hsac.fitnesse.fixture.slim.web.BrowserTest.takeScreenshot(BrowserTest.java:1351)<br/>	at sun.reflect.GeneratedMethodAccessor8.invoke(Unknown Source)<br/>	at sun.reflect.DelegatingMethodAccessorImpl.invoke(DelegatingMethodAccessorImpl.java:43)<br/>	at java.lang.reflect.Method.invoke(Method.java:606)<br/>	at fitnesse.slim.fixtureInteraction.DefaultInteraction.methodInvoke(DefaultInteraction.java:81)<br/>	at nl.hsac.fitnesse.fixture.slim.SlimFixture.invoke(SlimFixture.java:45)<br/>	at nl.hsac.fitnesse.fixture.slim.web.BrowserTest.superInvoke(BrowserTest.java:109)<br/>	at nl.hsac.fitnesse.fixture.slim.web.BrowserTest.invoke(BrowserTest.java:61)<br/>	at nl.hsac.fitnesse.fixture.slim.SlimFixture.aroundSlimInvoke(SlimFixture.java:25)<br/>	at sun.reflect.GeneratedMethodAccessor2.invoke(Unknown Source)<br/>	at sun.reflect.DelegatingMethodAccessorImpl.invoke(DelegatingMethodAccessorImpl.java:43)<br/>	at java.lang.reflect.Method.invoke(Method.java:606)<br/>	at fitnesse.slim.fixtureInteraction.DefaultInteraction.methodInvoke(DefaultInteraction.java:81)<br/>	at fitnesse.slim.MethodExecutor.callMethod(MethodExecutor.java:55)<br/>	at fitnesse.slim.MethodExecutor.invokeMethod(MethodExecutor.java:38)<br/>	at fitnesse.slim.MethodExecutor.findAndInvoke(MethodExecutor.java:72)<br/>	at fitnesse.slim.FixtureMethodExecutor.execute(FixtureMethodExecutor.java:20)<br/>	at fitnesse.slim.StatementExecutor.getMethodExecutionResult(StatementExecutor.java:135)<br/>	at fitnesse.slim.StatementExecutor.call(StatementExecutor.java:108)<br/>	at fitnesse.slim.StatementTimeoutExecutor$3.call(StatementTimeoutExecutor.java:90)<br/>	at java.util.concurrent.FutureTask.run(FutureTask.java:262)<br/>	at java.util.concurrent.ThreadPoolExecutor.runWorker(ThreadPoolExecutor.java:1145)<br/>	at java.util.concurrent.ThreadPoolExecutor$Worker.run(ThreadPoolExecutor.java:615)<br/>	at java.lang.Thread.run(Thread.java:745)<br/></div></span></td>
		<td>take screenshot</td>
		<td colspan="2">Foto_2</td>
	</tr>
	<tr class="slimRowColor8">
		<td>click <span class="error"><div>org.openqa.selenium.UnsupportedCommandException: ERROR The test with session id f0389dca2daf465e85349b5e7528685d has already finished, and can't receive further commands<br/>You can learn more at https://saucelabs.com/jobs/f0389dca2daf465e85349b5e7528685d<br/>For help, please check https://docs.saucelabs.com/reference/troubleshooting-common-error-messages<br/>Command duration or timeout: 78 milliseconds<br/>Build info: version: '2.49.0', revision: '365eeb44deba2067b1761c8862ef21d55250e063', time: '2016-01-13 11:57:39'<br/>System info: host: 'testing-worker-linux-docker-c4b2f33d-3207-linux-2', ip: '172.17.0.132', os.name: 'Linux', os.arch: 'amd64', os.version: '3.13.0-40-generic', java.version: '1.7.0_76'<br/>*** Element info: {Using=link text, value=Volgende foto}<br/>Session ID: f0389dca2daf465e85349b5e7528685d<br/>Driver info: org.openqa.selenium.remote.RemoteWebDriver<br/>Capabilities [{platform=XP, acceptSslCerts=true, javascriptEnabled=true, hasMetadata=true, browserName=chrome, chrome={userDataDir=C:\Users\ADMINI~1\AppData\Local\Temp\scoped_dir1740_18572}, rotatable=false, locationContextEnabled=true, mobileEmulationEnabled=false, webdriver.remote.sessionid=f0389dca2daf465e85349b5e7528685d, version=47.0.2526.73, takesHeapSnapshot=true, cssSelectorsEnabled=true, databaseEnabled=false, handlesAlerts=true, browserConnectionEnabled=false, webStorageEnabled=true, nativeEvents=true, hasTouchScreen=false, applicationCacheEnabled=false, takesScreenshot=true}]<br/>	at sun.reflect.NativeConstructorAccessorImpl.newInstance0(Native Method)<br/>	at sun.reflect.NativeConstructorAccessorImpl.newInstance(NativeConstructorAccessorImpl.java:57)<br/>	at sun.reflect.DelegatingConstructorAccessorImpl.newInstance(DelegatingConstructorAccessorImpl.java:45)<br/>	at java.lang.reflect.Constructor.newInstance(Constructor.java:526)<br/>	at org.openqa.selenium.remote.ErrorHandler.createThrowable(ErrorHandler.java:206)<br/>	at org.openqa.selenium.remote.ErrorHandler.throwIfResponseFailed(ErrorHandler.java:158)<br/>	at org.openqa.selenium.remote.RemoteWebDriver.execute(RemoteWebDriver.java:678)<br/>	at org.openqa.selenium.remote.RemoteWebDriver.findElements(RemoteWebDriver.java:388)<br/>	at org.openqa.selenium.remote.RemoteWebDriver.findElementsByLinkText(RemoteWebDriver.java:432)<br/>	at org.openqa.selenium.By$ByLinkText.findElements(By.java:241)<br/>	at org.openqa.selenium.remote.RemoteWebDriver.findElements(RemoteWebDriver.java:351)<br/>	at nl.hsac.fitnesse.fixture.util.selenium.SeleniumHelper.findElement(SeleniumHelper.java:923)<br/>	at nl.hsac.fitnesse.fixture.util.selenium.SeleniumHelper.findElement(SeleniumHelper.java:775)<br/>	at nl.hsac.fitnesse.fixture.util.selenium.SeleniumHelper.findElement(SeleniumHelper.java:764)<br/>	at nl.hsac.fitnesse.fixture.util.selenium.SeleniumHelper.getElementToClick(SeleniumHelper.java:106)<br/>	at nl.hsac.fitnesse.fixture.slim.web.BrowserTest.getElementToClick(BrowserTest.java:635)<br/>	at nl.hsac.fitnesse.fixture.slim.web.BrowserTest.clickImp(BrowserTest.java:622)<br/>	at nl.hsac.fitnesse.fixture.slim.web.BrowserTest.click(BrowserTest.java:611)<br/>	at sun.reflect.GeneratedMethodAccessor4.invoke(Unknown Source)<br/>	at sun.reflect.DelegatingMethodAccessorImpl.invoke(DelegatingMethodAccessorImpl.java:43)<br/>	at java.lang.reflect.Method.invoke(Method.java:606)<br/>	at fitnesse.slim.fixtureInteraction.DefaultInteraction.methodInvoke(DefaultInteraction.java:81)<br/>	at nl.hsac.fitnesse.fixture.slim.SlimFixture.invoke(SlimFixture.java:45)<br/>	at nl.hsac.fitnesse.fixture.slim.web.BrowserTest.superInvoke(BrowserTest.java:109)<br/>	at nl.hsac.fitnesse.fixture.slim.web.BrowserTest$1.apply(BrowserTest.java:73)<br/>	at nl.hsac.fitnesse.fixture.slim.web.BrowserTest$1.apply(BrowserTest.java:69)<br/>	at nl.hsac.fitnesse.fixture.util.selenium.TryAllFramesConditionDecorator.apply(TryAllFramesConditionDecorator.java:32)<br/>	at nl.hsac.fitnesse.fixture.util.selenium.TryAllFramesConditionDecorator.apply(TryAllFramesConditionDecorator.java:15)<br/>	at nl.hsac.fitnesse.fixture.util.selenium.SeleniumHelper$2.apply(SeleniumHelper.java:892)<br/>	at nl.hsac.fitnesse.fixture.util.selenium.SeleniumHelper$2.apply(SeleniumHelper.java:888)<br/>	at org.openqa.selenium.support.ui.FluentWait.until(FluentWait.java:238)<br/>	at nl.hsac.fitnesse.fixture.util.selenium.SeleniumHelper.waitUntil(SeleniumHelper.java:877)<br/>	at nl.hsac.fitnesse.fixture.slim.web.BrowserTest.waitUntilImpl(BrowserTest.java:1449)<br/>	at nl.hsac.fitnesse.fixture.slim.web.BrowserTest.waitUntil(BrowserTest.java:1408)<br/>	at nl.hsac.fitnesse.fixture.slim.web.BrowserTest.invokedWrappedInWaitUntil(BrowserTest.java:102)<br/>	at nl.hsac.fitnesse.fixture.slim.web.BrowserTest.invoke(BrowserTest.java:63)<br/>	at nl.hsac.fitnesse.fixture.slim.SlimFixture.aroundSlimInvoke(SlimFixture.java:25)<br/>	at sun.reflect.GeneratedMethodAccessor2.invoke(Unknown Source)<br/>	at sun.reflect.DelegatingMethodAccessorImpl.invoke(DelegatingMethodAccessorImpl.java:43)<br/>	at java.lang.reflect.Method.invoke(Method.java:606)<br/>	at fitnesse.slim.fixtureInteraction.DefaultInteraction.methodInvoke(DefaultInteraction.java:81)<br/>	at fitnesse.slim.MethodExecutor.callMethod(MethodExecutor.java:55)<br/>	at fitnesse.slim.MethodExecutor.invokeMethod(MethodExecutor.java:38)<br/>	at fitnesse.slim.MethodExecutor.findAndInvoke(MethodExecutor.java:72)<br/>	at fitnesse.slim.FixtureMethodExecutor.execute(FixtureMethodExecutor.java:20)<br/>	at fitnesse.slim.StatementExecutor.getMethodExecutionResult(StatementExecutor.java:135)<br/>	at fitnesse.slim.StatementExecutor.call(StatementExecutor.java:108)<br/>	at fitnesse.slim.StatementTimeoutExecutor$3.call(StatementTimeoutExecutor.java:90)<br/>	at java.util.concurrent.FutureTask.run(FutureTask.java:262)<br/>	at java.util.concurrent.ThreadPoolExecutor.runWorker(ThreadPoolExecutor.java:1145)<br/>	at java.util.concurrent.ThreadPoolExecutor$Worker.run(ThreadPoolExecutor.java:615)<br/>	at java.lang.Thread.run(Thread.java:745)<br/></div></span></td>
		<td colspan="3">Volgende foto</td>
	</tr>
	<tr class="slimRowColor0">
		<td><span class="pass">wait seconds</span></td>
		<td colspan="3">1</td>
	</tr>
	<tr class="slimRowColor9">
		<td>show <span class="error"><div>org.openqa.selenium.UnsupportedCommandException: ERROR The test with session id f0389dca2daf465e85349b5e7528685d has already finished, and can't receive further commands<br/>You can learn more at https://saucelabs.com/jobs/f0389dca2daf465e85349b5e7528685d<br/>For help, please check https://docs.saucelabs.com/reference/troubleshooting-common-error-messages<br/>Command duration or timeout: 79 milliseconds<br/>Build info: version: '2.49.0', revision: '365eeb44deba2067b1761c8862ef21d55250e063', time: '2016-01-13 11:57:39'<br/>System info: host: 'testing-worker-linux-docker-c4b2f33d-3207-linux-2', ip: '172.17.0.132', os.name: 'Linux', os.arch: 'amd64', os.version: '3.13.0-40-generic', java.version: '1.7.0_76'<br/>Session ID: f0389dca2daf465e85349b5e7528685d<br/>Driver info: org.openqa.selenium.remote.RemoteWebDriver<br/>Capabilities [{platform=XP, acceptSslCerts=true, javascriptEnabled=true, hasMetadata=true, browserName=chrome, chrome={userDataDir=C:\Users\ADMINI~1\AppData\Local\Temp\scoped_dir1740_18572}, rotatable=false, locationContextEnabled=true, mobileEmulationEnabled=false, webdriver.remote.sessionid=f0389dca2daf465e85349b5e7528685d, version=47.0.2526.73, takesHeapSnapshot=true, cssSelectorsEnabled=true, databaseEnabled=false, handlesAlerts=true, browserConnectionEnabled=false, webStorageEnabled=true, nativeEvents=true, hasTouchScreen=false, applicationCacheEnabled=false, takesScreenshot=true}]<br/>	at sun.reflect.NativeConstructorAccessorImpl.newInstance0(Native Method)<br/>	at sun.reflect.NativeConstructorAccessorImpl.newInstance(NativeConstructorAccessorImpl.java:57)<br/>	at sun.reflect.DelegatingConstructorAccessorImpl.newInstance(DelegatingConstructorAccessorImpl.java:45)<br/>	at java.lang.reflect.Constructor.newInstance(Constructor.java:526)<br/>	at org.openqa.selenium.remote.ErrorHandler.createThrowable(ErrorHandler.java:206)<br/>	at org.openqa.selenium.remote.ErrorHandler.throwIfResponseFailed(ErrorHandler.java:158)<br/>	at org.openqa.selenium.remote.RemoteWebDriver.execute(RemoteWebDriver.java:678)<br/>	at org.openqa.selenium.remote.RemoteWebDriver.execute(RemoteWebDriver.java:701)<br/>	at org.openqa.selenium.remote.RemoteWebDriver.getScreenshotAs(RemoteWebDriver.java:335)<br/>	at nl.hsac.fitnesse.fixture.util.selenium.SeleniumHelper.takeScreenshot(SeleniumHelper.java:1007)<br/>	at nl.hsac.fitnesse.fixture.slim.web.BrowserTest.createScreenshot(BrowserTest.java:1379)<br/>	at nl.hsac.fitnesse.fixture.slim.web.BrowserTest.takeScreenshot(BrowserTest.java:1351)<br/>	at sun.reflect.GeneratedMethodAccessor8.invoke(Unknown Source)<br/>	at sun.reflect.DelegatingMethodAccessorImpl.invoke(DelegatingMethodAccessorImpl.java:43)<br/>	at java.lang.reflect.Method.invoke(Method.java:606)<br/>	at fitnesse.slim.fixtureInteraction.DefaultInteraction.methodInvoke(DefaultInteraction.java:81)<br/>	at nl.hsac.fitnesse.fixture.slim.SlimFixture.invoke(SlimFixture.java:45)<br/>	at nl.hsac.fitnesse.fixture.slim.web.BrowserTest.superInvoke(BrowserTest.java:109)<br/>	at nl.hsac.fitnesse.fixture.slim.web.BrowserTest.invoke(BrowserTest.java:61)<br/>	at nl.hsac.fitnesse.fixture.slim.SlimFixture.aroundSlimInvoke(SlimFixture.java:25)<br/>	at sun.reflect.GeneratedMethodAccessor2.invoke(Unknown Source)<br/>	at sun.reflect.DelegatingMethodAccessorImpl.invoke(DelegatingMethodAccessorImpl.java:43)<br/>	at java.lang.reflect.Method.invoke(Method.java:606)<br/>	at fitnesse.slim.fixtureInteraction.DefaultInteraction.methodInvoke(DefaultInteraction.java:81)<br/>	at fitnesse.slim.MethodExecutor.callMethod(MethodExecutor.java:55)<br/>	at fitnesse.slim.MethodExecutor.invokeMethod(MethodExecutor.java:38)<br/>	at fitnesse.slim.MethodExecutor.findAndInvoke(MethodExecutor.java:72)<br/>	at fitnesse.slim.FixtureMethodExecutor.execute(FixtureMethodExecutor.java:20)<br/>	at fitnesse.slim.StatementExecutor.getMethodExecutionResult(StatementExecutor.java:135)<br/>	at fitnesse.slim.StatementExecutor.call(StatementExecutor.java:108)<br/>	at fitnesse.slim.StatementTimeoutExecutor$3.call(StatementTimeoutExecutor.java:90)<br/>	at java.util.concurrent.FutureTask.run(FutureTask.java:262)<br/>	at java.util.concurrent.ThreadPoolExecutor.runWorker(ThreadPoolExecutor.java:1145)<br/>	at java.util.concurrent.ThreadPoolExecutor$Worker.run(ThreadPoolExecutor.java:615)<br/>	at java.lang.Thread.run(Thread.java:745)<br/></div></span></td>
		<td>take screenshot</td>
		<td colspan="2">Foto_3</td>
	</tr>
</table>
<br/>When multiple similar sequences of steps are needed a script can be generalized using a scenario, which is show in <a href="HsacExamples.SlimTests.BrowserTests.ScenarioTest">ScenarioTest</a>. <br/>To make test more readable, maintainable and powerful we can also create custom subclasses of BrowserTest. This is shown in <a href="HsacExamples.SlimTests.BrowserTests.CustomFixtureTest">CustomFixtureTest</a>.<br/></article></body></html>