<html><head><title>HsacExamples.SlimTests.BrowserTests.ScenarioTest</title><meta http-equiv='Content-Type' content='text/html;charset=UTF-8'/><link rel='stylesheet' type='text/css' href='css/fitnesse.css'/><script src='javascript/jquery-1.11.3.min.js' type='text/javascript'></script><script src='javascript/fitnesse.js' type='text/javascript'></script></head><body><header><h2>HsacExamples.SlimTests.BrowserTests.ScenarioTest</h2></header><article><br/><h1>Website testing using <i>scenario</i> and BrowserTest</h1>
<br/><br/>On this page we test whether we check the prices of a couple of houses for sale in Utrecht, The Netherlands. <br/>This test continues where <a href="HsacExamples.SlimTests.BrowserTests.ScriptTest">ScriptTest</a> left of. It uses a Slim scenario<a title="create page" href="FitNesse.UserGuide.WritingAcceptanceTests.SliM.ScenarioTable?edit&amp;nonExistent=true">[?]</a> to define a parameterized script.<br/>This is then invoked multiple times from a Decision table<a title="create page" href="FitNesse.UserGuide.WritingAcceptanceTests.SliM.DecisionTable?edit&amp;nonExistent=true">[?]</a>, once for each row.<br/><br/><br/>The configuration of Selenium (i.e. which browser to use) and starting the browser session is done in the SuiteSetup<a title="create page" href="HsacExamples.SlimTests.BrowserTests.SuiteSetup?edit&amp;nonExistent=true">[?]</a>. Which allows this configuration to be shared between tests. Closing the browser is done in <a href="HsacExamples.SlimTests.BrowserTests.SuiteTearDown">SuiteTearDown</a>, which happens after all tests are completed.<br/><br/><table>
	<tr class="slimRowTitle">
		<td>scenario</td>
		<td>check original price _</td>
		<td colspan="2">address, city</td>
	</tr>
	<tr class="slimRowColor4">
		<td>open</td>
		<td colspan="3"><a href="http://www.funda.nl">http://www.funda.nl</a></td>
	</tr>
	<tr class="slimRowColor2">
		<td>enter</td>
		<td>@{address}, @{city}</td>
		<td>as</td>
		<td>Plaats, buurt, adres etc</td>
	</tr>
	<tr class="slimRowColor8">
		<td>note</td>
		<td colspan="3">select option from autocomplete</td>
	</tr>
	<tr class="slimRowColor7">
		<td>press</td>
		<td colspan="3">down</td>
	</tr>
	<tr class="slimRowColor7">
		<td>press</td>
		<td colspan="3">enter</td>
	</tr>
	<tr class="slimRowColor0">
		<td>select</td>
		<td>€ 200.000</td>
		<td>for</td>
		<td>van</td>
	</tr>
	<tr class="slimRowColor0">
		<td>select</td>
		<td>€ 1.000.000</td>
		<td>for</td>
		<td>tot</td>
	</tr>
	<tr class="slimRowColor8">
		<td>click</td>
		<td colspan="3">Zoek</td>
	</tr>
	<tr class="slimRowColor8">
		<td>click</td>
		<td colspan="3">@{address}</td>
	</tr>
	<tr class="slimRowColor8">
		<td>$price=</td>
		<td>value of</td>
		<td colspan="2">Vraagprijs</td>
	</tr>
	<tr class="slimRowColor2">
		<td>$state=</td>
		<td>value of</td>
		<td colspan="2">Status</td>
	</tr>
</table>
<br/><table>
	<tr class="slimRowTitle">
		<td>script</td>
		<td>browser test <span class="error">org.openqa.selenium.UnsupportedCommandException: ERROR The test with session id 864bf71b1e52428eabffc4aeec1c017e has already finished, and can't receive further commands.
You can learn more at https://saucelabs.com/jobs/864bf71b1e52428eabffc4aeec1c017e
For help, please check https://docs.saucelabs.com/reference/troubleshooting-common-error-messages
Command duration or timeout: 80 milliseconds
Build info: version: '2.53.0', revision: '35ae25b1534ae328c771e0856c93e187490ca824', time: '2016-03-15 10:43:46'
System info: host: 'testing-worker-linux-docker-89428371-3382-linux-5', ip: '172.17.5.65', os.name: 'Linux', os.arch: 'amd64', os.version: '3.13.0-40-generic', java.version: '1.7.0_76'
Session ID: 864bf71b1e52428eabffc4aeec1c017e
Driver info: org.openqa.selenium.remote.RemoteWebDriver
Capabilities [{platform=XP, acceptSslCerts=true, javascriptEnabled=true, hasMetadata=true, browserName=chrome, chrome={userDataDir=C:\Users\ADMINI~1\AppData\Local\Temp\scoped_dir1880_19415, chromedriverVersion=2.21.371459 (36d3d07f660ff2bc1bf28a75d1cdabed0983e7c4)}, rotatable=false, locationContextEnabled=true, mobileEmulationEnabled=false, webdriver.remote.sessionid=864bf71b1e52428eabffc4aeec1c017e, version=50.0.2661.75, takesHeapSnapshot=true, cssSelectorsEnabled=true, databaseEnabled=false, handlesAlerts=true, browserConnectionEnabled=false, webStorageEnabled=true, nativeEvents=true, hasTouchScreen=false, applicationCacheEnabled=false, takesScreenshot=true}]</span></td>
	</tr>
</table>
<br/><table>
	<tr>
		<td colspan="4">check original price</td>
	</tr>
	<tr>
		<td>address</td>
		<td>city</td>
		<td>price?</td>
		<td>state?</td>
	</tr>
	<tr class="scenario closed">
		<td class="error">Maliebaan 73 D</td>
		<td class="error">Utrecht</td>
		<td class="error">€ 295.000 k.k. <span class="ignore">Test not run</span></td>
		<td class="error">Beschikbaar <span class="ignore">Test not run</span></td>
	</tr><tr class="scenario-detail closed-detail"><td colspan="4"><table>
	<tr class="slimRowTitle">
		<td>scenario</td>
		<td>check original price _</td>
		<td colspan="2">address, city</td>
	</tr>
	<tr class="slimRowColor4">
		<td>open <span class="error"><div>org.openqa.selenium.UnsupportedCommandException: ERROR The test with session id 864bf71b1e52428eabffc4aeec1c017e has already finished, and can't receive further commands.<br/>You can learn more at https://saucelabs.com/jobs/864bf71b1e52428eabffc4aeec1c017e<br/>For help, please check https://docs.saucelabs.com/reference/troubleshooting-common-error-messages<br/>Command duration or timeout: 79 milliseconds<br/>Build info: version: '2.53.0', revision: '35ae25b1534ae328c771e0856c93e187490ca824', time: '2016-03-15 10:43:46'<br/>System info: host: 'testing-worker-linux-docker-89428371-3382-linux-5', ip: '172.17.5.65', os.name: 'Linux', os.arch: 'amd64', os.version: '3.13.0-40-generic', java.version: '1.7.0_76'<br/>Session ID: 864bf71b1e52428eabffc4aeec1c017e<br/>Driver info: org.openqa.selenium.remote.RemoteWebDriver<br/>Capabilities [{platform=XP, acceptSslCerts=true, javascriptEnabled=true, hasMetadata=true, browserName=chrome, chrome={userDataDir=C:\Users\ADMINI~1\AppData\Local\Temp\scoped_dir1880_19415, chromedriverVersion=2.21.371459 (36d3d07f660ff2bc1bf28a75d1cdabed0983e7c4)}, rotatable=false, locationContextEnabled=true, mobileEmulationEnabled=false, webdriver.remote.sessionid=864bf71b1e52428eabffc4aeec1c017e, version=50.0.2661.75, takesHeapSnapshot=true, cssSelectorsEnabled=true, databaseEnabled=false, handlesAlerts=true, browserConnectionEnabled=false, webStorageEnabled=true, nativeEvents=true, hasTouchScreen=false, applicationCacheEnabled=false, takesScreenshot=true}]<br/>	at sun.reflect.GeneratedConstructorAccessor11.newInstance(Unknown Source)<br/>	at sun.reflect.DelegatingConstructorAccessorImpl.newInstance(DelegatingConstructorAccessorImpl.java:45)<br/>	at java.lang.reflect.Constructor.newInstance(Constructor.java:526)<br/>	at org.openqa.selenium.remote.ErrorHandler.createThrowable(ErrorHandler.java:206)<br/>	at org.openqa.selenium.remote.ErrorHandler.throwIfResponseFailed(ErrorHandler.java:158)<br/>	at org.openqa.selenium.remote.RemoteWebDriver.execute(RemoteWebDriver.java:678)<br/>	at org.openqa.selenium.remote.RemoteWebDriver$RemoteTargetLocator.defaultContent(RemoteWebDriver.java:1039)<br/>	at nl.hsac.fitnesse.fixture.util.selenium.SeleniumHelper.switchToDefaultContent(SeleniumHelper.java:1172)<br/>	at nl.hsac.fitnesse.fixture.slim.web.BrowserTest.switchToDefaultContent(BrowserTest.java:397)<br/>	at nl.hsac.fitnesse.fixture.slim.web.BrowserTest.open(BrowserTest.java:185)<br/>	at nl.hsac.fitnesse.fixture.slim.web.NgBrowserTest.open(NgBrowserTest.java:99)<br/>	at sun.reflect.NativeMethodAccessorImpl.invoke0(Native Method)<br/>	at sun.reflect.NativeMethodAccessorImpl.invoke(NativeMethodAccessorImpl.java:57)<br/>	at sun.reflect.DelegatingMethodAccessorImpl.invoke(DelegatingMethodAccessorImpl.java:43)<br/>	at java.lang.reflect.Method.invoke(Method.java:606)<br/>	at fitnesse.slim.fixtureInteraction.DefaultInteraction.methodInvoke(DefaultInteraction.java:81)<br/>	at nl.hsac.fitnesse.fixture.slim.SlimFixture.invoke(SlimFixture.java:45)<br/>	at nl.hsac.fitnesse.fixture.slim.web.BrowserTest.superInvoke(BrowserTest.java:109)<br/>	at nl.hsac.fitnesse.fixture.slim.web.BrowserTest.invoke(BrowserTest.java:61)<br/>	at nl.hsac.fitnesse.fixture.slim.SlimFixture.aroundSlimInvoke(SlimFixture.java:25)<br/>	at sun.reflect.GeneratedMethodAccessor1.invoke(Unknown Source)<br/>	at sun.reflect.DelegatingMethodAccessorImpl.invoke(DelegatingMethodAccessorImpl.java:43)<br/>	at java.lang.reflect.Method.invoke(Method.java:606)<br/>	at fitnesse.slim.fixtureInteraction.DefaultInteraction.methodInvoke(DefaultInteraction.java:81)<br/>	at fitnesse.slim.MethodExecutor.callMethod(MethodExecutor.java:55)<br/>	at fitnesse.slim.MethodExecutor.invokeMethod(MethodExecutor.java:38)<br/>	at fitnesse.slim.MethodExecutor.findAndInvoke(MethodExecutor.java:72)<br/>	at fitnesse.slim.FixtureMethodExecutor.execute(FixtureMethodExecutor.java:20)<br/>	at fitnesse.slim.StatementExecutor.getMethodExecutionResult(StatementExecutor.java:135)<br/>	at fitnesse.slim.StatementExecutor.call(StatementExecutor.java:108)<br/>	at fitnesse.slim.StatementTimeoutExecutor$3.call(StatementTimeoutExecutor.java:90)<br/>	at java.util.concurrent.FutureTask.run(FutureTask.java:262)<br/>	at java.util.concurrent.ThreadPoolExecutor.runWorker(ThreadPoolExecutor.java:1145)<br/>	at java.util.concurrent.ThreadPoolExecutor$Worker.run(ThreadPoolExecutor.java:615)<br/>	at java.lang.Thread.run(Thread.java:745)<br/></div></span></td>
		<td colspan="3"><a href="http://www.funda.nl">http://www.funda.nl</a></td>
	</tr>
	<tr class="slimRowColor2">
		<td>enter <span class="error"><div>org.openqa.selenium.UnsupportedCommandException: ERROR The test with session id 864bf71b1e52428eabffc4aeec1c017e has already finished, and can't receive further commands.<br/>You can learn more at https://saucelabs.com/jobs/864bf71b1e52428eabffc4aeec1c017e<br/>For help, please check https://docs.saucelabs.com/reference/troubleshooting-common-error-messages<br/>Command duration or timeout: 77 milliseconds<br/>Build info: version: '2.53.0', revision: '35ae25b1534ae328c771e0856c93e187490ca824', time: '2016-03-15 10:43:46'<br/>System info: host: 'testing-worker-linux-docker-89428371-3382-linux-5', ip: '172.17.5.65', os.name: 'Linux', os.arch: 'amd64', os.version: '3.13.0-40-generic', java.version: '1.7.0_76'<br/>Session ID: 864bf71b1e52428eabffc4aeec1c017e<br/>Driver info: org.openqa.selenium.remote.RemoteWebDriver<br/>Capabilities [{platform=XP, acceptSslCerts=true, javascriptEnabled=true, hasMetadata=true, browserName=chrome, chrome={userDataDir=C:\Users\ADMINI~1\AppData\Local\Temp\scoped_dir1880_19415, chromedriverVersion=2.21.371459 (36d3d07f660ff2bc1bf28a75d1cdabed0983e7c4)}, rotatable=false, locationContextEnabled=true, mobileEmulationEnabled=false, webdriver.remote.sessionid=864bf71b1e52428eabffc4aeec1c017e, version=50.0.2661.75, takesHeapSnapshot=true, cssSelectorsEnabled=true, databaseEnabled=false, handlesAlerts=true, browserConnectionEnabled=false, webStorageEnabled=true, nativeEvents=true, hasTouchScreen=false, applicationCacheEnabled=false, takesScreenshot=true}]<br/>	at sun.reflect.GeneratedConstructorAccessor11.newInstance(Unknown Source)<br/>	at sun.reflect.DelegatingConstructorAccessorImpl.newInstance(DelegatingConstructorAccessorImpl.java:45)<br/>	at java.lang.reflect.Constructor.newInstance(Constructor.java:526)<br/>	at org.openqa.selenium.remote.ErrorHandler.createThrowable(ErrorHandler.java:206)<br/>	at org.openqa.selenium.remote.ErrorHandler.throwIfResponseFailed(ErrorHandler.java:158)<br/>	at org.openqa.selenium.remote.RemoteWebDriver.execute(RemoteWebDriver.java:678)<br/>	at org.openqa.selenium.remote.RemoteWebDriver.executeAsyncScript(RemoteWebDriver.java:598)<br/>	at nl.hsac.fitnesse.fixture.util.selenium.SeleniumHelper.waitForJavascriptCallback(SeleniumHelper.java:650)<br/>	at nl.hsac.fitnesse.fixture.slim.web.BrowserTest.waitForJavascriptCallback(BrowserTest.java:1768)<br/>	at nl.hsac.fitnesse.fixture.slim.web.NgBrowserTest.waitForAngularRequestsToFinish(NgBrowserTest.java:145)<br/>	at nl.hsac.fitnesse.fixture.slim.web.NgBrowserTest.waitForAngularRequestsToFinish(NgBrowserTest.java:112)<br/>	at nl.hsac.fitnesse.fixture.slim.web.NgBrowserTest.waitForAngularIfNeeded(NgBrowserTest.java:82)<br/>	at nl.hsac.fitnesse.fixture.slim.web.BrowserTest.beforeInvoke(BrowserTest.java:52)<br/>	at nl.hsac.fitnesse.fixture.slim.SlimFixture.aroundSlimInvoke(SlimFixture.java:24)<br/>	at sun.reflect.GeneratedMethodAccessor1.invoke(Unknown Source)<br/>	at sun.reflect.DelegatingMethodAccessorImpl.invoke(DelegatingMethodAccessorImpl.java:43)<br/>	at java.lang.reflect.Method.invoke(Method.java:606)<br/>	at fitnesse.slim.fixtureInteraction.DefaultInteraction.methodInvoke(DefaultInteraction.java:81)<br/>	at fitnesse.slim.MethodExecutor.callMethod(MethodExecutor.java:55)<br/>	at fitnesse.slim.MethodExecutor.invokeMethod(MethodExecutor.java:38)<br/>	at fitnesse.slim.MethodExecutor.findAndInvoke(MethodExecutor.java:72)<br/>	at fitnesse.slim.FixtureMethodExecutor.execute(FixtureMethodExecutor.java:20)<br/>	at fitnesse.slim.StatementExecutor.getMethodExecutionResult(StatementExecutor.java:135)<br/>	at fitnesse.slim.StatementExecutor.call(StatementExecutor.java:108)<br/>	at fitnesse.slim.StatementTimeoutExecutor$3.call(StatementTimeoutExecutor.java:90)<br/>	at java.util.concurrent.FutureTask.run(FutureTask.java:262)<br/>	at java.util.concurrent.ThreadPoolExecutor.runWorker(ThreadPoolExecutor.java:1145)<br/>	at java.util.concurrent.ThreadPoolExecutor$Worker.run(ThreadPoolExecutor.java:615)<br/>	at java.lang.Thread.run(Thread.java:745)<br/></div></span></td>
		<td>Maliebaan 73 D, Utrecht</td>
		<td>as</td>
		<td>Plaats, buurt, adres etc</td>
	</tr>
	<tr class="slimRowColor8">
		<td>note</td>
		<td colspan="3">select option from autocomplete</td>
	</tr>
	<tr class="slimRowColor7">
		<td>press <span class="error"><div>org.openqa.selenium.UnsupportedCommandException: ERROR The test with session id 864bf71b1e52428eabffc4aeec1c017e has already finished, and can't receive further commands.<br/>You can learn more at https://saucelabs.com/jobs/864bf71b1e52428eabffc4aeec1c017e<br/>For help, please check https://docs.saucelabs.com/reference/troubleshooting-common-error-messages<br/>Command duration or timeout: 81 milliseconds<br/>Build info: version: '2.53.0', revision: '35ae25b1534ae328c771e0856c93e187490ca824', time: '2016-03-15 10:43:46'<br/>System info: host: 'testing-worker-linux-docker-89428371-3382-linux-5', ip: '172.17.5.65', os.name: 'Linux', os.arch: 'amd64', os.version: '3.13.0-40-generic', java.version: '1.7.0_76'<br/>Session ID: 864bf71b1e52428eabffc4aeec1c017e<br/>Driver info: org.openqa.selenium.remote.RemoteWebDriver<br/>Capabilities [{platform=XP, acceptSslCerts=true, javascriptEnabled=true, hasMetadata=true, browserName=chrome, chrome={userDataDir=C:\Users\ADMINI~1\AppData\Local\Temp\scoped_dir1880_19415, chromedriverVersion=2.21.371459 (36d3d07f660ff2bc1bf28a75d1cdabed0983e7c4)}, rotatable=false, locationContextEnabled=true, mobileEmulationEnabled=false, webdriver.remote.sessionid=864bf71b1e52428eabffc4aeec1c017e, version=50.0.2661.75, takesHeapSnapshot=true, cssSelectorsEnabled=true, databaseEnabled=false, handlesAlerts=true, browserConnectionEnabled=false, webStorageEnabled=true, nativeEvents=true, hasTouchScreen=false, applicationCacheEnabled=false, takesScreenshot=true}]<br/>	at sun.reflect.GeneratedConstructorAccessor11.newInstance(Unknown Source)<br/>	at sun.reflect.DelegatingConstructorAccessorImpl.newInstance(DelegatingConstructorAccessorImpl.java:45)<br/>	at java.lang.reflect.Constructor.newInstance(Constructor.java:526)<br/>	at org.openqa.selenium.remote.ErrorHandler.createThrowable(ErrorHandler.java:206)<br/>	at org.openqa.selenium.remote.ErrorHandler.throwIfResponseFailed(ErrorHandler.java:158)<br/>	at org.openqa.selenium.remote.RemoteWebDriver.execute(RemoteWebDriver.java:678)<br/>	at org.openqa.selenium.remote.RemoteWebDriver.executeAsyncScript(RemoteWebDriver.java:598)<br/>	at nl.hsac.fitnesse.fixture.util.selenium.SeleniumHelper.waitForJavascriptCallback(SeleniumHelper.java:650)<br/>	at nl.hsac.fitnesse.fixture.slim.web.BrowserTest.waitForJavascriptCallback(BrowserTest.java:1768)<br/>	at nl.hsac.fitnesse.fixture.slim.web.NgBrowserTest.waitForAngularRequestsToFinish(NgBrowserTest.java:145)<br/>	at nl.hsac.fitnesse.fixture.slim.web.NgBrowserTest.waitForAngularRequestsToFinish(NgBrowserTest.java:112)<br/>	at nl.hsac.fitnesse.fixture.slim.web.NgBrowserTest.waitForAngularIfNeeded(NgBrowserTest.java:82)<br/>	at nl.hsac.fitnesse.fixture.slim.web.BrowserTest.beforeInvoke(BrowserTest.java:52)<br/>	at nl.hsac.fitnesse.fixture.slim.SlimFixture.aroundSlimInvoke(SlimFixture.java:24)<br/>	at sun.reflect.GeneratedMethodAccessor1.invoke(Unknown Source)<br/>	at sun.reflect.DelegatingMethodAccessorImpl.invoke(DelegatingMethodAccessorImpl.java:43)<br/>	at java.lang.reflect.Method.invoke(Method.java:606)<br/>	at fitnesse.slim.fixtureInteraction.DefaultInteraction.methodInvoke(DefaultInteraction.java:81)<br/>	at fitnesse.slim.MethodExecutor.callMethod(MethodExecutor.java:55)<br/>	at fitnesse.slim.MethodExecutor.invokeMethod(MethodExecutor.java:38)<br/>	at fitnesse.slim.MethodExecutor.findAndInvoke(MethodExecutor.java:72)<br/>	at fitnesse.slim.FixtureMethodExecutor.execute(FixtureMethodExecutor.java:20)<br/>	at fitnesse.slim.StatementExecutor.getMethodExecutionResult(StatementExecutor.java:135)<br/>	at fitnesse.slim.StatementExecutor.call(StatementExecutor.java:108)<br/>	at fitnesse.slim.StatementTimeoutExecutor$3.call(StatementTimeoutExecutor.java:90)<br/>	at java.util.concurrent.FutureTask.run(FutureTask.java:262)<br/>	at java.util.concurrent.ThreadPoolExecutor.runWorker(ThreadPoolExecutor.java:1145)<br/>	at java.util.concurrent.ThreadPoolExecutor$Worker.run(ThreadPoolExecutor.java:615)<br/>	at java.lang.Thread.run(Thread.java:745)<br/></div></span></td>
		<td colspan="3">down</td>
	</tr>
	<tr class="slimRowColor7">
		<td>press <span class="error"><div>org.openqa.selenium.UnsupportedCommandException: ERROR The test with session id 864bf71b1e52428eabffc4aeec1c017e has already finished, and can't receive further commands.<br/>You can learn more at https://saucelabs.com/jobs/864bf71b1e52428eabffc4aeec1c017e<br/>For help, please check https://docs.saucelabs.com/reference/troubleshooting-common-error-messages<br/>Command duration or timeout: 79 milliseconds<br/>Build info: version: '2.53.0', revision: '35ae25b1534ae328c771e0856c93e187490ca824', time: '2016-03-15 10:43:46'<br/>System info: host: 'testing-worker-linux-docker-89428371-3382-linux-5', ip: '172.17.5.65', os.name: 'Linux', os.arch: 'amd64', os.version: '3.13.0-40-generic', java.version: '1.7.0_76'<br/>Session ID: 864bf71b1e52428eabffc4aeec1c017e<br/>Driver info: org.openqa.selenium.remote.RemoteWebDriver<br/>Capabilities [{platform=XP, acceptSslCerts=true, javascriptEnabled=true, hasMetadata=true, browserName=chrome, chrome={userDataDir=C:\Users\ADMINI~1\AppData\Local\Temp\scoped_dir1880_19415, chromedriverVersion=2.21.371459 (36d3d07f660ff2bc1bf28a75d1cdabed0983e7c4)}, rotatable=false, locationContextEnabled=true, mobileEmulationEnabled=false, webdriver.remote.sessionid=864bf71b1e52428eabffc4aeec1c017e, version=50.0.2661.75, takesHeapSnapshot=true, cssSelectorsEnabled=true, databaseEnabled=false, handlesAlerts=true, browserConnectionEnabled=false, webStorageEnabled=true, nativeEvents=true, hasTouchScreen=false, applicationCacheEnabled=false, takesScreenshot=true}]<br/>	at sun.reflect.GeneratedConstructorAccessor11.newInstance(Unknown Source)<br/>	at sun.reflect.DelegatingConstructorAccessorImpl.newInstance(DelegatingConstructorAccessorImpl.java:45)<br/>	at java.lang.reflect.Constructor.newInstance(Constructor.java:526)<br/>	at org.openqa.selenium.remote.ErrorHandler.createThrowable(ErrorHandler.java:206)<br/>	at org.openqa.selenium.remote.ErrorHandler.throwIfResponseFailed(ErrorHandler.java:158)<br/>	at org.openqa.selenium.remote.RemoteWebDriver.execute(RemoteWebDriver.java:678)<br/>	at org.openqa.selenium.remote.RemoteWebDriver.executeAsyncScript(RemoteWebDriver.java:598)<br/>	at nl.hsac.fitnesse.fixture.util.selenium.SeleniumHelper.waitForJavascriptCallback(SeleniumHelper.java:650)<br/>	at nl.hsac.fitnesse.fixture.slim.web.BrowserTest.waitForJavascriptCallback(BrowserTest.java:1768)<br/>	at nl.hsac.fitnesse.fixture.slim.web.NgBrowserTest.waitForAngularRequestsToFinish(NgBrowserTest.java:145)<br/>	at nl.hsac.fitnesse.fixture.slim.web.NgBrowserTest.waitForAngularRequestsToFinish(NgBrowserTest.java:112)<br/>	at nl.hsac.fitnesse.fixture.slim.web.NgBrowserTest.waitForAngularIfNeeded(NgBrowserTest.java:82)<br/>	at nl.hsac.fitnesse.fixture.slim.web.BrowserTest.beforeInvoke(BrowserTest.java:52)<br/>	at nl.hsac.fitnesse.fixture.slim.SlimFixture.aroundSlimInvoke(SlimFixture.java:24)<br/>	at sun.reflect.GeneratedMethodAccessor1.invoke(Unknown Source)<br/>	at sun.reflect.DelegatingMethodAccessorImpl.invoke(DelegatingMethodAccessorImpl.java:43)<br/>	at java.lang.reflect.Method.invoke(Method.java:606)<br/>	at fitnesse.slim.fixtureInteraction.DefaultInteraction.methodInvoke(DefaultInteraction.java:81)<br/>	at fitnesse.slim.MethodExecutor.callMethod(MethodExecutor.java:55)<br/>	at fitnesse.slim.MethodExecutor.invokeMethod(MethodExecutor.java:38)<br/>	at fitnesse.slim.MethodExecutor.findAndInvoke(MethodExecutor.java:72)<br/>	at fitnesse.slim.FixtureMethodExecutor.execute(FixtureMethodExecutor.java:20)<br/>	at fitnesse.slim.StatementExecutor.getMethodExecutionResult(StatementExecutor.java:135)<br/>	at fitnesse.slim.StatementExecutor.call(StatementExecutor.java:108)<br/>	at fitnesse.slim.StatementTimeoutExecutor$3.call(StatementTimeoutExecutor.java:90)<br/>	at java.util.concurrent.FutureTask.run(FutureTask.java:262)<br/>	at java.util.concurrent.ThreadPoolExecutor.runWorker(ThreadPoolExecutor.java:1145)<br/>	at java.util.concurrent.ThreadPoolExecutor$Worker.run(ThreadPoolExecutor.java:615)<br/>	at java.lang.Thread.run(Thread.java:745)<br/></div></span></td>
		<td colspan="3">enter</td>
	</tr>
	<tr class="slimRowColor0">
		<td>select <span class="error"><div>org.openqa.selenium.UnsupportedCommandException: ERROR The test with session id 864bf71b1e52428eabffc4aeec1c017e has already finished, and can't receive further commands.<br/>You can learn more at https://saucelabs.com/jobs/864bf71b1e52428eabffc4aeec1c017e<br/>For help, please check https://docs.saucelabs.com/reference/troubleshooting-common-error-messages<br/>Command duration or timeout: 79 milliseconds<br/>Build info: version: '2.53.0', revision: '35ae25b1534ae328c771e0856c93e187490ca824', time: '2016-03-15 10:43:46'<br/>System info: host: 'testing-worker-linux-docker-89428371-3382-linux-5', ip: '172.17.5.65', os.name: 'Linux', os.arch: 'amd64', os.version: '3.13.0-40-generic', java.version: '1.7.0_76'<br/>Session ID: 864bf71b1e52428eabffc4aeec1c017e<br/>Driver info: org.openqa.selenium.remote.RemoteWebDriver<br/>Capabilities [{platform=XP, acceptSslCerts=true, javascriptEnabled=true, hasMetadata=true, browserName=chrome, chrome={userDataDir=C:\Users\ADMINI~1\AppData\Local\Temp\scoped_dir1880_19415, chromedriverVersion=2.21.371459 (36d3d07f660ff2bc1bf28a75d1cdabed0983e7c4)}, rotatable=false, locationContextEnabled=true, mobileEmulationEnabled=false, webdriver.remote.sessionid=864bf71b1e52428eabffc4aeec1c017e, version=50.0.2661.75, takesHeapSnapshot=true, cssSelectorsEnabled=true, databaseEnabled=false, handlesAlerts=true, browserConnectionEnabled=false, webStorageEnabled=true, nativeEvents=true, hasTouchScreen=false, applicationCacheEnabled=false, takesScreenshot=true}]<br/>	at sun.reflect.GeneratedConstructorAccessor11.newInstance(Unknown Source)<br/>	at sun.reflect.DelegatingConstructorAccessorImpl.newInstance(DelegatingConstructorAccessorImpl.java:45)<br/>	at java.lang.reflect.Constructor.newInstance(Constructor.java:526)<br/>	at org.openqa.selenium.remote.ErrorHandler.createThrowable(ErrorHandler.java:206)<br/>	at org.openqa.selenium.remote.ErrorHandler.throwIfResponseFailed(ErrorHandler.java:158)<br/>	at org.openqa.selenium.remote.RemoteWebDriver.execute(RemoteWebDriver.java:678)<br/>	at org.openqa.selenium.remote.RemoteWebDriver.executeAsyncScript(RemoteWebDriver.java:598)<br/>	at nl.hsac.fitnesse.fixture.util.selenium.SeleniumHelper.waitForJavascriptCallback(SeleniumHelper.java:650)<br/>	at nl.hsac.fitnesse.fixture.slim.web.BrowserTest.waitForJavascriptCallback(BrowserTest.java:1768)<br/>	at nl.hsac.fitnesse.fixture.slim.web.NgBrowserTest.waitForAngularRequestsToFinish(NgBrowserTest.java:145)<br/>	at nl.hsac.fitnesse.fixture.slim.web.NgBrowserTest.waitForAngularRequestsToFinish(NgBrowserTest.java:112)<br/>	at nl.hsac.fitnesse.fixture.slim.web.NgBrowserTest.waitForAngularIfNeeded(NgBrowserTest.java:82)<br/>	at nl.hsac.fitnesse.fixture.slim.web.BrowserTest.beforeInvoke(BrowserTest.java:52)<br/>	at nl.hsac.fitnesse.fixture.slim.SlimFixture.aroundSlimInvoke(SlimFixture.java:24)<br/>	at sun.reflect.GeneratedMethodAccessor1.invoke(Unknown Source)<br/>	at sun.reflect.DelegatingMethodAccessorImpl.invoke(DelegatingMethodAccessorImpl.java:43)<br/>	at java.lang.reflect.Method.invoke(Method.java:606)<br/>	at fitnesse.slim.fixtureInteraction.DefaultInteraction.methodInvoke(DefaultInteraction.java:81)<br/>	at fitnesse.slim.MethodExecutor.callMethod(MethodExecutor.java:55)<br/>	at fitnesse.slim.MethodExecutor.invokeMethod(MethodExecutor.java:38)<br/>	at fitnesse.slim.MethodExecutor.findAndInvoke(MethodExecutor.java:72)<br/>	at fitnesse.slim.FixtureMethodExecutor.execute(FixtureMethodExecutor.java:20)<br/>	at fitnesse.slim.StatementExecutor.getMethodExecutionResult(StatementExecutor.java:135)<br/>	at fitnesse.slim.StatementExecutor.call(StatementExecutor.java:108)<br/>	at fitnesse.slim.StatementTimeoutExecutor$3.call(StatementTimeoutExecutor.java:90)<br/>	at java.util.concurrent.FutureTask.run(FutureTask.java:262)<br/>	at java.util.concurrent.ThreadPoolExecutor.runWorker(ThreadPoolExecutor.java:1145)<br/>	at java.util.concurrent.ThreadPoolExecutor$Worker.run(ThreadPoolExecutor.java:615)<br/>	at java.lang.Thread.run(Thread.java:745)<br/></div></span></td>
		<td>€ 200.000</td>
		<td>for</td>
		<td>van</td>
	</tr>
	<tr class="slimRowColor0">
		<td>select <span class="error"><div>org.openqa.selenium.UnsupportedCommandException: ERROR The test with session id 864bf71b1e52428eabffc4aeec1c017e has already finished, and can't receive further commands.<br/>You can learn more at https://saucelabs.com/jobs/864bf71b1e52428eabffc4aeec1c017e<br/>For help, please check https://docs.saucelabs.com/reference/troubleshooting-common-error-messages<br/>Command duration or timeout: 80 milliseconds<br/>Build info: version: '2.53.0', revision: '35ae25b1534ae328c771e0856c93e187490ca824', time: '2016-03-15 10:43:46'<br/>System info: host: 'testing-worker-linux-docker-89428371-3382-linux-5', ip: '172.17.5.65', os.name: 'Linux', os.arch: 'amd64', os.version: '3.13.0-40-generic', java.version: '1.7.0_76'<br/>Session ID: 864bf71b1e52428eabffc4aeec1c017e<br/>Driver info: org.openqa.selenium.remote.RemoteWebDriver<br/>Capabilities [{platform=XP, acceptSslCerts=true, javascriptEnabled=true, hasMetadata=true, browserName=chrome, chrome={userDataDir=C:\Users\ADMINI~1\AppData\Local\Temp\scoped_dir1880_19415, chromedriverVersion=2.21.371459 (36d3d07f660ff2bc1bf28a75d1cdabed0983e7c4)}, rotatable=false, locationContextEnabled=true, mobileEmulationEnabled=false, webdriver.remote.sessionid=864bf71b1e52428eabffc4aeec1c017e, version=50.0.2661.75, takesHeapSnapshot=true, cssSelectorsEnabled=true, databaseEnabled=false, handlesAlerts=true, browserConnectionEnabled=false, webStorageEnabled=true, nativeEvents=true, hasTouchScreen=false, applicationCacheEnabled=false, takesScreenshot=true}]<br/>	at sun.reflect.GeneratedConstructorAccessor11.newInstance(Unknown Source)<br/>	at sun.reflect.DelegatingConstructorAccessorImpl.newInstance(DelegatingConstructorAccessorImpl.java:45)<br/>	at java.lang.reflect.Constructor.newInstance(Constructor.java:526)<br/>	at org.openqa.selenium.remote.ErrorHandler.createThrowable(ErrorHandler.java:206)<br/>	at org.openqa.selenium.remote.ErrorHandler.throwIfResponseFailed(ErrorHandler.java:158)<br/>	at org.openqa.selenium.remote.RemoteWebDriver.execute(RemoteWebDriver.java:678)<br/>	at org.openqa.selenium.remote.RemoteWebDriver.executeAsyncScript(RemoteWebDriver.java:598)<br/>	at nl.hsac.fitnesse.fixture.util.selenium.SeleniumHelper.waitForJavascriptCallback(SeleniumHelper.java:650)<br/>	at nl.hsac.fitnesse.fixture.slim.web.BrowserTest.waitForJavascriptCallback(BrowserTest.java:1768)<br/>	at nl.hsac.fitnesse.fixture.slim.web.NgBrowserTest.waitForAngularRequestsToFinish(NgBrowserTest.java:145)<br/>	at nl.hsac.fitnesse.fixture.slim.web.NgBrowserTest.waitForAngularRequestsToFinish(NgBrowserTest.java:112)<br/>	at nl.hsac.fitnesse.fixture.slim.web.NgBrowserTest.waitForAngularIfNeeded(NgBrowserTest.java:82)<br/>	at nl.hsac.fitnesse.fixture.slim.web.BrowserTest.beforeInvoke(BrowserTest.java:52)<br/>	at nl.hsac.fitnesse.fixture.slim.SlimFixture.aroundSlimInvoke(SlimFixture.java:24)<br/>	at sun.reflect.GeneratedMethodAccessor1.invoke(Unknown Source)<br/>	at sun.reflect.DelegatingMethodAccessorImpl.invoke(DelegatingMethodAccessorImpl.java:43)<br/>	at java.lang.reflect.Method.invoke(Method.java:606)<br/>	at fitnesse.slim.fixtureInteraction.DefaultInteraction.methodInvoke(DefaultInteraction.java:81)<br/>	at fitnesse.slim.MethodExecutor.callMethod(MethodExecutor.java:55)<br/>	at fitnesse.slim.MethodExecutor.invokeMethod(MethodExecutor.java:38)<br/>	at fitnesse.slim.MethodExecutor.findAndInvoke(MethodExecutor.java:72)<br/>	at fitnesse.slim.FixtureMethodExecutor.execute(FixtureMethodExecutor.java:20)<br/>	at fitnesse.slim.StatementExecutor.getMethodExecutionResult(StatementExecutor.java:135)<br/>	at fitnesse.slim.StatementExecutor.call(StatementExecutor.java:108)<br/>	at fitnesse.slim.StatementTimeoutExecutor$3.call(StatementTimeoutExecutor.java:90)<br/>	at java.util.concurrent.FutureTask.run(FutureTask.java:262)<br/>	at java.util.concurrent.ThreadPoolExecutor.runWorker(ThreadPoolExecutor.java:1145)<br/>	at java.util.concurrent.ThreadPoolExecutor$Worker.run(ThreadPoolExecutor.java:615)<br/>	at java.lang.Thread.run(Thread.java:745)<br/></div></span></td>
		<td>€ 1.000.000</td>
		<td>for</td>
		<td>tot</td>
	</tr>
	<tr class="slimRowColor8">
		<td>click <span class="error"><div>org.openqa.selenium.UnsupportedCommandException: ERROR The test with session id 864bf71b1e52428eabffc4aeec1c017e has already finished, and can't receive further commands.<br/>You can learn more at https://saucelabs.com/jobs/864bf71b1e52428eabffc4aeec1c017e<br/>For help, please check https://docs.saucelabs.com/reference/troubleshooting-common-error-messages<br/>Command duration or timeout: 80 milliseconds<br/>Build info: version: '2.53.0', revision: '35ae25b1534ae328c771e0856c93e187490ca824', time: '2016-03-15 10:43:46'<br/>System info: host: 'testing-worker-linux-docker-89428371-3382-linux-5', ip: '172.17.5.65', os.name: 'Linux', os.arch: 'amd64', os.version: '3.13.0-40-generic', java.version: '1.7.0_76'<br/>Session ID: 864bf71b1e52428eabffc4aeec1c017e<br/>Driver info: org.openqa.selenium.remote.RemoteWebDriver<br/>Capabilities [{platform=XP, acceptSslCerts=true, javascriptEnabled=true, hasMetadata=true, browserName=chrome, chrome={userDataDir=C:\Users\ADMINI~1\AppData\Local\Temp\scoped_dir1880_19415, chromedriverVersion=2.21.371459 (36d3d07f660ff2bc1bf28a75d1cdabed0983e7c4)}, rotatable=false, locationContextEnabled=true, mobileEmulationEnabled=false, webdriver.remote.sessionid=864bf71b1e52428eabffc4aeec1c017e, version=50.0.2661.75, takesHeapSnapshot=true, cssSelectorsEnabled=true, databaseEnabled=false, handlesAlerts=true, browserConnectionEnabled=false, webStorageEnabled=true, nativeEvents=true, hasTouchScreen=false, applicationCacheEnabled=false, takesScreenshot=true}]<br/>	at sun.reflect.GeneratedConstructorAccessor11.newInstance(Unknown Source)<br/>	at sun.reflect.DelegatingConstructorAccessorImpl.newInstance(DelegatingConstructorAccessorImpl.java:45)<br/>	at java.lang.reflect.Constructor.newInstance(Constructor.java:526)<br/>	at org.openqa.selenium.remote.ErrorHandler.createThrowable(ErrorHandler.java:206)<br/>	at org.openqa.selenium.remote.ErrorHandler.throwIfResponseFailed(ErrorHandler.java:158)<br/>	at org.openqa.selenium.remote.RemoteWebDriver.execute(RemoteWebDriver.java:678)<br/>	at org.openqa.selenium.remote.RemoteWebDriver.executeAsyncScript(RemoteWebDriver.java:598)<br/>	at nl.hsac.fitnesse.fixture.util.selenium.SeleniumHelper.waitForJavascriptCallback(SeleniumHelper.java:650)<br/>	at nl.hsac.fitnesse.fixture.slim.web.BrowserTest.waitForJavascriptCallback(BrowserTest.java:1768)<br/>	at nl.hsac.fitnesse.fixture.slim.web.NgBrowserTest.waitForAngularRequestsToFinish(NgBrowserTest.java:145)<br/>	at nl.hsac.fitnesse.fixture.slim.web.NgBrowserTest.waitForAngularRequestsToFinish(NgBrowserTest.java:112)<br/>	at nl.hsac.fitnesse.fixture.slim.web.NgBrowserTest.waitForAngularIfNeeded(NgBrowserTest.java:82)<br/>	at nl.hsac.fitnesse.fixture.slim.web.BrowserTest.beforeInvoke(BrowserTest.java:52)<br/>	at nl.hsac.fitnesse.fixture.slim.SlimFixture.aroundSlimInvoke(SlimFixture.java:24)<br/>	at sun.reflect.GeneratedMethodAccessor1.invoke(Unknown Source)<br/>	at sun.reflect.DelegatingMethodAccessorImpl.invoke(DelegatingMethodAccessorImpl.java:43)<br/>	at java.lang.reflect.Method.invoke(Method.java:606)<br/>	at fitnesse.slim.fixtureInteraction.DefaultInteraction.methodInvoke(DefaultInteraction.java:81)<br/>	at fitnesse.slim.MethodExecutor.callMethod(MethodExecutor.java:55)<br/>	at fitnesse.slim.MethodExecutor.invokeMethod(MethodExecutor.java:38)<br/>	at fitnesse.slim.MethodExecutor.findAndInvoke(MethodExecutor.java:72)<br/>	at fitnesse.slim.FixtureMethodExecutor.execute(FixtureMethodExecutor.java:20)<br/>	at fitnesse.slim.StatementExecutor.getMethodExecutionResult(StatementExecutor.java:135)<br/>	at fitnesse.slim.StatementExecutor.call(StatementExecutor.java:108)<br/>	at fitnesse.slim.StatementTimeoutExecutor$3.call(StatementTimeoutExecutor.java:90)<br/>	at java.util.concurrent.FutureTask.run(FutureTask.java:262)<br/>	at java.util.concurrent.ThreadPoolExecutor.runWorker(ThreadPoolExecutor.java:1145)<br/>	at java.util.concurrent.ThreadPoolExecutor$Worker.run(ThreadPoolExecutor.java:615)<br/>	at java.lang.Thread.run(Thread.java:745)<br/></div></span></td>
		<td colspan="3">Zoek</td>
	</tr>
	<tr class="slimRowColor8">
		<td>click <span class="error"><div>org.openqa.selenium.UnsupportedCommandException: ERROR The test with session id 864bf71b1e52428eabffc4aeec1c017e has already finished, and can't receive further commands.<br/>You can learn more at https://saucelabs.com/jobs/864bf71b1e52428eabffc4aeec1c017e<br/>For help, please check https://docs.saucelabs.com/reference/troubleshooting-common-error-messages<br/>Command duration or timeout: 80 milliseconds<br/>Build info: version: '2.53.0', revision: '35ae25b1534ae328c771e0856c93e187490ca824', time: '2016-03-15 10:43:46'<br/>System info: host: 'testing-worker-linux-docker-89428371-3382-linux-5', ip: '172.17.5.65', os.name: 'Linux', os.arch: 'amd64', os.version: '3.13.0-40-generic', java.version: '1.7.0_76'<br/>Session ID: 864bf71b1e52428eabffc4aeec1c017e<br/>Driver info: org.openqa.selenium.remote.RemoteWebDriver<br/>Capabilities [{platform=XP, acceptSslCerts=true, javascriptEnabled=true, hasMetadata=true, browserName=chrome, chrome={userDataDir=C:\Users\ADMINI~1\AppData\Local\Temp\scoped_dir1880_19415, chromedriverVersion=2.21.371459 (36d3d07f660ff2bc1bf28a75d1cdabed0983e7c4)}, rotatable=false, locationContextEnabled=true, mobileEmulationEnabled=false, webdriver.remote.sessionid=864bf71b1e52428eabffc4aeec1c017e, version=50.0.2661.75, takesHeapSnapshot=true, cssSelectorsEnabled=true, databaseEnabled=false, handlesAlerts=true, browserConnectionEnabled=false, webStorageEnabled=true, nativeEvents=true, hasTouchScreen=false, applicationCacheEnabled=false, takesScreenshot=true}]<br/>	at sun.reflect.GeneratedConstructorAccessor11.newInstance(Unknown Source)<br/>	at sun.reflect.DelegatingConstructorAccessorImpl.newInstance(DelegatingConstructorAccessorImpl.java:45)<br/>	at java.lang.reflect.Constructor.newInstance(Constructor.java:526)<br/>	at org.openqa.selenium.remote.ErrorHandler.createThrowable(ErrorHandler.java:206)<br/>	at org.openqa.selenium.remote.ErrorHandler.throwIfResponseFailed(ErrorHandler.java:158)<br/>	at org.openqa.selenium.remote.RemoteWebDriver.execute(RemoteWebDriver.java:678)<br/>	at org.openqa.selenium.remote.RemoteWebDriver.executeAsyncScript(RemoteWebDriver.java:598)<br/>	at nl.hsac.fitnesse.fixture.util.selenium.SeleniumHelper.waitForJavascriptCallback(SeleniumHelper.java:650)<br/>	at nl.hsac.fitnesse.fixture.slim.web.BrowserTest.waitForJavascriptCallback(BrowserTest.java:1768)<br/>	at nl.hsac.fitnesse.fixture.slim.web.NgBrowserTest.waitForAngularRequestsToFinish(NgBrowserTest.java:145)<br/>	at nl.hsac.fitnesse.fixture.slim.web.NgBrowserTest.waitForAngularRequestsToFinish(NgBrowserTest.java:112)<br/>	at nl.hsac.fitnesse.fixture.slim.web.NgBrowserTest.waitForAngularIfNeeded(NgBrowserTest.java:82)<br/>	at nl.hsac.fitnesse.fixture.slim.web.BrowserTest.beforeInvoke(BrowserTest.java:52)<br/>	at nl.hsac.fitnesse.fixture.slim.SlimFixture.aroundSlimInvoke(SlimFixture.java:24)<br/>	at sun.reflect.GeneratedMethodAccessor1.invoke(Unknown Source)<br/>	at sun.reflect.DelegatingMethodAccessorImpl.invoke(DelegatingMethodAccessorImpl.java:43)<br/>	at java.lang.reflect.Method.invoke(Method.java:606)<br/>	at fitnesse.slim.fixtureInteraction.DefaultInteraction.methodInvoke(DefaultInteraction.java:81)<br/>	at fitnesse.slim.MethodExecutor.callMethod(MethodExecutor.java:55)<br/>	at fitnesse.slim.MethodExecutor.invokeMethod(MethodExecutor.java:38)<br/>	at fitnesse.slim.MethodExecutor.findAndInvoke(MethodExecutor.java:72)<br/>	at fitnesse.slim.FixtureMethodExecutor.execute(FixtureMethodExecutor.java:20)<br/>	at fitnesse.slim.StatementExecutor.getMethodExecutionResult(StatementExecutor.java:135)<br/>	at fitnesse.slim.StatementExecutor.call(StatementExecutor.java:108)<br/>	at fitnesse.slim.StatementTimeoutExecutor$3.call(StatementTimeoutExecutor.java:90)<br/>	at java.util.concurrent.FutureTask.run(FutureTask.java:262)<br/>	at java.util.concurrent.ThreadPoolExecutor.runWorker(ThreadPoolExecutor.java:1145)<br/>	at java.util.concurrent.ThreadPoolExecutor$Worker.run(ThreadPoolExecutor.java:615)<br/>	at java.lang.Thread.run(Thread.java:745)<br/></div></span></td>
		<td colspan="3">Maliebaan 73 D</td>
	</tr>
	<tr class="slimRowColor8">
		<td>$price= <span class="error"><div>org.openqa.selenium.UnsupportedCommandException: ERROR The test with session id 864bf71b1e52428eabffc4aeec1c017e has already finished, and can't receive further commands.<br/>You can learn more at https://saucelabs.com/jobs/864bf71b1e52428eabffc4aeec1c017e<br/>For help, please check https://docs.saucelabs.com/reference/troubleshooting-common-error-messages<br/>Command duration or timeout: 78 milliseconds<br/>Build info: version: '2.53.0', revision: '35ae25b1534ae328c771e0856c93e187490ca824', time: '2016-03-15 10:43:46'<br/>System info: host: 'testing-worker-linux-docker-89428371-3382-linux-5', ip: '172.17.5.65', os.name: 'Linux', os.arch: 'amd64', os.version: '3.13.0-40-generic', java.version: '1.7.0_76'<br/>Session ID: 864bf71b1e52428eabffc4aeec1c017e<br/>Driver info: org.openqa.selenium.remote.RemoteWebDriver<br/>Capabilities [{platform=XP, acceptSslCerts=true, javascriptEnabled=true, hasMetadata=true, browserName=chrome, chrome={userDataDir=C:\Users\ADMINI~1\AppData\Local\Temp\scoped_dir1880_19415, chromedriverVersion=2.21.371459 (36d3d07f660ff2bc1bf28a75d1cdabed0983e7c4)}, rotatable=false, locationContextEnabled=true, mobileEmulationEnabled=false, webdriver.remote.sessionid=864bf71b1e52428eabffc4aeec1c017e, version=50.0.2661.75, takesHeapSnapshot=true, cssSelectorsEnabled=true, databaseEnabled=false, handlesAlerts=true, browserConnectionEnabled=false, webStorageEnabled=true, nativeEvents=true, hasTouchScreen=false, applicationCacheEnabled=false, takesScreenshot=true}]<br/>	at sun.reflect.GeneratedConstructorAccessor11.newInstance(Unknown Source)<br/>	at sun.reflect.DelegatingConstructorAccessorImpl.newInstance(DelegatingConstructorAccessorImpl.java:45)<br/>	at java.lang.reflect.Constructor.newInstance(Constructor.java:526)<br/>	at org.openqa.selenium.remote.ErrorHandler.createThrowable(ErrorHandler.java:206)<br/>	at org.openqa.selenium.remote.ErrorHandler.throwIfResponseFailed(ErrorHandler.java:158)<br/>	at org.openqa.selenium.remote.RemoteWebDriver.execute(RemoteWebDriver.java:678)<br/>	at org.openqa.selenium.remote.RemoteWebDriver.executeAsyncScript(RemoteWebDriver.java:598)<br/>	at nl.hsac.fitnesse.fixture.util.selenium.SeleniumHelper.waitForJavascriptCallback(SeleniumHelper.java:650)<br/>	at nl.hsac.fitnesse.fixture.slim.web.BrowserTest.waitForJavascriptCallback(BrowserTest.java:1768)<br/>	at nl.hsac.fitnesse.fixture.slim.web.NgBrowserTest.waitForAngularRequestsToFinish(NgBrowserTest.java:145)<br/>	at nl.hsac.fitnesse.fixture.slim.web.NgBrowserTest.waitForAngularRequestsToFinish(NgBrowserTest.java:112)<br/>	at nl.hsac.fitnesse.fixture.slim.web.NgBrowserTest.waitForAngularIfNeeded(NgBrowserTest.java:82)<br/>	at nl.hsac.fitnesse.fixture.slim.web.BrowserTest.beforeInvoke(BrowserTest.java:52)<br/>	at nl.hsac.fitnesse.fixture.slim.SlimFixture.aroundSlimInvoke(SlimFixture.java:24)<br/>	at sun.reflect.GeneratedMethodAccessor1.invoke(Unknown Source)<br/>	at sun.reflect.DelegatingMethodAccessorImpl.invoke(DelegatingMethodAccessorImpl.java:43)<br/>	at java.lang.reflect.Method.invoke(Method.java:606)<br/>	at fitnesse.slim.fixtureInteraction.DefaultInteraction.methodInvoke(DefaultInteraction.java:81)<br/>	at fitnesse.slim.MethodExecutor.callMethod(MethodExecutor.java:55)<br/>	at fitnesse.slim.MethodExecutor.invokeMethod(MethodExecutor.java:38)<br/>	at fitnesse.slim.MethodExecutor.findAndInvoke(MethodExecutor.java:72)<br/>	at fitnesse.slim.FixtureMethodExecutor.execute(FixtureMethodExecutor.java:20)<br/>	at fitnesse.slim.StatementExecutor.getMethodExecutionResult(StatementExecutor.java:135)<br/>	at fitnesse.slim.StatementExecutor.callAndAssign(StatementExecutor.java:118)<br/>	at fitnesse.slim.StatementTimeoutExecutor$2.call(StatementTimeoutExecutor.java:79)<br/>	at java.util.concurrent.FutureTask.run(FutureTask.java:262)<br/>	at java.util.concurrent.ThreadPoolExecutor.runWorker(ThreadPoolExecutor.java:1145)<br/>	at java.util.concurrent.ThreadPoolExecutor$Worker.run(ThreadPoolExecutor.java:615)<br/>	at java.lang.Thread.run(Thread.java:745)<br/></div></span></td>
		<td>value of</td>
		<td colspan="2">Vraagprijs</td>
	</tr>
	<tr class="slimRowColor2">
		<td>$state= <span class="error"><div>org.openqa.selenium.UnsupportedCommandException: ERROR The test with session id 864bf71b1e52428eabffc4aeec1c017e has already finished, and can't receive further commands.<br/>You can learn more at https://saucelabs.com/jobs/864bf71b1e52428eabffc4aeec1c017e<br/>For help, please check https://docs.saucelabs.com/reference/troubleshooting-common-error-messages<br/>Command duration or timeout: 79 milliseconds<br/>Build info: version: '2.53.0', revision: '35ae25b1534ae328c771e0856c93e187490ca824', time: '2016-03-15 10:43:46'<br/>System info: host: 'testing-worker-linux-docker-89428371-3382-linux-5', ip: '172.17.5.65', os.name: 'Linux', os.arch: 'amd64', os.version: '3.13.0-40-generic', java.version: '1.7.0_76'<br/>Session ID: 864bf71b1e52428eabffc4aeec1c017e<br/>Driver info: org.openqa.selenium.remote.RemoteWebDriver<br/>Capabilities [{platform=XP, acceptSslCerts=true, javascriptEnabled=true, hasMetadata=true, browserName=chrome, chrome={userDataDir=C:\Users\ADMINI~1\AppData\Local\Temp\scoped_dir1880_19415, chromedriverVersion=2.21.371459 (36d3d07f660ff2bc1bf28a75d1cdabed0983e7c4)}, rotatable=false, locationContextEnabled=true, mobileEmulationEnabled=false, webdriver.remote.sessionid=864bf71b1e52428eabffc4aeec1c017e, version=50.0.2661.75, takesHeapSnapshot=true, cssSelectorsEnabled=true, databaseEnabled=false, handlesAlerts=true, browserConnectionEnabled=false, webStorageEnabled=true, nativeEvents=true, hasTouchScreen=false, applicationCacheEnabled=false, takesScreenshot=true}]<br/>	at sun.reflect.GeneratedConstructorAccessor11.newInstance(Unknown Source)<br/>	at sun.reflect.DelegatingConstructorAccessorImpl.newInstance(DelegatingConstructorAccessorImpl.java:45)<br/>	at java.lang.reflect.Constructor.newInstance(Constructor.java:526)<br/>	at org.openqa.selenium.remote.ErrorHandler.createThrowable(ErrorHandler.java:206)<br/>	at org.openqa.selenium.remote.ErrorHandler.throwIfResponseFailed(ErrorHandler.java:158)<br/>	at org.openqa.selenium.remote.RemoteWebDriver.execute(RemoteWebDriver.java:678)<br/>	at org.openqa.selenium.remote.RemoteWebDriver.executeAsyncScript(RemoteWebDriver.java:598)<br/>	at nl.hsac.fitnesse.fixture.util.selenium.SeleniumHelper.waitForJavascriptCallback(SeleniumHelper.java:650)<br/>	at nl.hsac.fitnesse.fixture.slim.web.BrowserTest.waitForJavascriptCallback(BrowserTest.java:1768)<br/>	at nl.hsac.fitnesse.fixture.slim.web.NgBrowserTest.waitForAngularRequestsToFinish(NgBrowserTest.java:145)<br/>	at nl.hsac.fitnesse.fixture.slim.web.NgBrowserTest.waitForAngularRequestsToFinish(NgBrowserTest.java:112)<br/>	at nl.hsac.fitnesse.fixture.slim.web.NgBrowserTest.waitForAngularIfNeeded(NgBrowserTest.java:82)<br/>	at nl.hsac.fitnesse.fixture.slim.web.BrowserTest.beforeInvoke(BrowserTest.java:52)<br/>	at nl.hsac.fitnesse.fixture.slim.SlimFixture.aroundSlimInvoke(SlimFixture.java:24)<br/>	at sun.reflect.GeneratedMethodAccessor1.invoke(Unknown Source)<br/>	at sun.reflect.DelegatingMethodAccessorImpl.invoke(DelegatingMethodAccessorImpl.java:43)<br/>	at java.lang.reflect.Method.invoke(Method.java:606)<br/>	at fitnesse.slim.fixtureInteraction.DefaultInteraction.methodInvoke(DefaultInteraction.java:81)<br/>	at fitnesse.slim.MethodExecutor.callMethod(MethodExecutor.java:55)<br/>	at fitnesse.slim.MethodExecutor.invokeMethod(MethodExecutor.java:38)<br/>	at fitnesse.slim.MethodExecutor.findAndInvoke(MethodExecutor.java:72)<br/>	at fitnesse.slim.FixtureMethodExecutor.execute(FixtureMethodExecutor.java:20)<br/>	at fitnesse.slim.StatementExecutor.getMethodExecutionResult(StatementExecutor.java:135)<br/>	at fitnesse.slim.StatementExecutor.callAndAssign(StatementExecutor.java:118)<br/>	at fitnesse.slim.StatementTimeoutExecutor$2.call(StatementTimeoutExecutor.java:79)<br/>	at java.util.concurrent.FutureTask.run(FutureTask.java:262)<br/>	at java.util.concurrent.ThreadPoolExecutor.runWorker(ThreadPoolExecutor.java:1145)<br/>	at java.util.concurrent.ThreadPoolExecutor$Worker.run(ThreadPoolExecutor.java:615)<br/>	at java.lang.Thread.run(Thread.java:745)<br/></div></span></td>
		<td>value of</td>
		<td colspan="2">Status</td>
	</tr>
</table></td></tr>
	<tr class="scenario closed">
		<td class="error">Gageldijk 104</td>
		<td class="error">Utrecht</td>
		<td class="error">€ 900.000 k.k. <span class="ignore">Test not run</span></td>
		<td class="error">Beschikbaar <span class="ignore">Test not run</span></td>
	</tr><tr class="scenario-detail closed-detail"><td colspan="4"><table>
	<tr class="slimRowTitle">
		<td>scenario</td>
		<td>check original price _</td>
		<td colspan="2">address, city</td>
	</tr>
	<tr class="slimRowColor4">
		<td>open <span class="error"><div>org.openqa.selenium.UnsupportedCommandException: ERROR The test with session id 864bf71b1e52428eabffc4aeec1c017e has already finished, and can't receive further commands.<br/>You can learn more at https://saucelabs.com/jobs/864bf71b1e52428eabffc4aeec1c017e<br/>For help, please check https://docs.saucelabs.com/reference/troubleshooting-common-error-messages<br/>Command duration or timeout: 78 milliseconds<br/>Build info: version: '2.53.0', revision: '35ae25b1534ae328c771e0856c93e187490ca824', time: '2016-03-15 10:43:46'<br/>System info: host: 'testing-worker-linux-docker-89428371-3382-linux-5', ip: '172.17.5.65', os.name: 'Linux', os.arch: 'amd64', os.version: '3.13.0-40-generic', java.version: '1.7.0_76'<br/>Session ID: 864bf71b1e52428eabffc4aeec1c017e<br/>Driver info: org.openqa.selenium.remote.RemoteWebDriver<br/>Capabilities [{platform=XP, acceptSslCerts=true, javascriptEnabled=true, hasMetadata=true, browserName=chrome, chrome={userDataDir=C:\Users\ADMINI~1\AppData\Local\Temp\scoped_dir1880_19415, chromedriverVersion=2.21.371459 (36d3d07f660ff2bc1bf28a75d1cdabed0983e7c4)}, rotatable=false, locationContextEnabled=true, mobileEmulationEnabled=false, webdriver.remote.sessionid=864bf71b1e52428eabffc4aeec1c017e, version=50.0.2661.75, takesHeapSnapshot=true, cssSelectorsEnabled=true, databaseEnabled=false, handlesAlerts=true, browserConnectionEnabled=false, webStorageEnabled=true, nativeEvents=true, hasTouchScreen=false, applicationCacheEnabled=false, takesScreenshot=true}]<br/>	at sun.reflect.GeneratedConstructorAccessor11.newInstance(Unknown Source)<br/>	at sun.reflect.DelegatingConstructorAccessorImpl.newInstance(DelegatingConstructorAccessorImpl.java:45)<br/>	at java.lang.reflect.Constructor.newInstance(Constructor.java:526)<br/>	at org.openqa.selenium.remote.ErrorHandler.createThrowable(ErrorHandler.java:206)<br/>	at org.openqa.selenium.remote.ErrorHandler.throwIfResponseFailed(ErrorHandler.java:158)<br/>	at org.openqa.selenium.remote.RemoteWebDriver.execute(RemoteWebDriver.java:678)<br/>	at org.openqa.selenium.remote.RemoteWebDriver$RemoteTargetLocator.defaultContent(RemoteWebDriver.java:1039)<br/>	at nl.hsac.fitnesse.fixture.util.selenium.SeleniumHelper.switchToDefaultContent(SeleniumHelper.java:1172)<br/>	at nl.hsac.fitnesse.fixture.slim.web.BrowserTest.switchToDefaultContent(BrowserTest.java:397)<br/>	at nl.hsac.fitnesse.fixture.slim.web.BrowserTest.open(BrowserTest.java:185)<br/>	at nl.hsac.fitnesse.fixture.slim.web.NgBrowserTest.open(NgBrowserTest.java:99)<br/>	at sun.reflect.NativeMethodAccessorImpl.invoke0(Native Method)<br/>	at sun.reflect.NativeMethodAccessorImpl.invoke(NativeMethodAccessorImpl.java:57)<br/>	at sun.reflect.DelegatingMethodAccessorImpl.invoke(DelegatingMethodAccessorImpl.java:43)<br/>	at java.lang.reflect.Method.invoke(Method.java:606)<br/>	at fitnesse.slim.fixtureInteraction.DefaultInteraction.methodInvoke(DefaultInteraction.java:81)<br/>	at nl.hsac.fitnesse.fixture.slim.SlimFixture.invoke(SlimFixture.java:45)<br/>	at nl.hsac.fitnesse.fixture.slim.web.BrowserTest.superInvoke(BrowserTest.java:109)<br/>	at nl.hsac.fitnesse.fixture.slim.web.BrowserTest.invoke(BrowserTest.java:61)<br/>	at nl.hsac.fitnesse.fixture.slim.SlimFixture.aroundSlimInvoke(SlimFixture.java:25)<br/>	at sun.reflect.GeneratedMethodAccessor1.invoke(Unknown Source)<br/>	at sun.reflect.DelegatingMethodAccessorImpl.invoke(DelegatingMethodAccessorImpl.java:43)<br/>	at java.lang.reflect.Method.invoke(Method.java:606)<br/>	at fitnesse.slim.fixtureInteraction.DefaultInteraction.methodInvoke(DefaultInteraction.java:81)<br/>	at fitnesse.slim.MethodExecutor.callMethod(MethodExecutor.java:55)<br/>	at fitnesse.slim.MethodExecutor.invokeMethod(MethodExecutor.java:38)<br/>	at fitnesse.slim.MethodExecutor.findAndInvoke(MethodExecutor.java:72)<br/>	at fitnesse.slim.FixtureMethodExecutor.execute(FixtureMethodExecutor.java:20)<br/>	at fitnesse.slim.StatementExecutor.getMethodExecutionResult(StatementExecutor.java:135)<br/>	at fitnesse.slim.StatementExecutor.call(StatementExecutor.java:108)<br/>	at fitnesse.slim.StatementTimeoutExecutor$3.call(StatementTimeoutExecutor.java:90)<br/>	at java.util.concurrent.FutureTask.run(FutureTask.java:262)<br/>	at java.util.concurrent.ThreadPoolExecutor.runWorker(ThreadPoolExecutor.java:1145)<br/>	at java.util.concurrent.ThreadPoolExecutor$Worker.run(ThreadPoolExecutor.java:615)<br/>	at java.lang.Thread.run(Thread.java:745)<br/></div></span></td>
		<td colspan="3"><a href="http://www.funda.nl">http://www.funda.nl</a></td>
	</tr>
	<tr class="slimRowColor2">
		<td>enter <span class="error"><div>org.openqa.selenium.UnsupportedCommandException: ERROR The test with session id 864bf71b1e52428eabffc4aeec1c017e has already finished, and can't receive further commands.<br/>You can learn more at https://saucelabs.com/jobs/864bf71b1e52428eabffc4aeec1c017e<br/>For help, please check https://docs.saucelabs.com/reference/troubleshooting-common-error-messages<br/>Command duration or timeout: 78 milliseconds<br/>Build info: version: '2.53.0', revision: '35ae25b1534ae328c771e0856c93e187490ca824', time: '2016-03-15 10:43:46'<br/>System info: host: 'testing-worker-linux-docker-89428371-3382-linux-5', ip: '172.17.5.65', os.name: 'Linux', os.arch: 'amd64', os.version: '3.13.0-40-generic', java.version: '1.7.0_76'<br/>Session ID: 864bf71b1e52428eabffc4aeec1c017e<br/>Driver info: org.openqa.selenium.remote.RemoteWebDriver<br/>Capabilities [{platform=XP, acceptSslCerts=true, javascriptEnabled=true, hasMetadata=true, browserName=chrome, chrome={userDataDir=C:\Users\ADMINI~1\AppData\Local\Temp\scoped_dir1880_19415, chromedriverVersion=2.21.371459 (36d3d07f660ff2bc1bf28a75d1cdabed0983e7c4)}, rotatable=false, locationContextEnabled=true, mobileEmulationEnabled=false, webdriver.remote.sessionid=864bf71b1e52428eabffc4aeec1c017e, version=50.0.2661.75, takesHeapSnapshot=true, cssSelectorsEnabled=true, databaseEnabled=false, handlesAlerts=true, browserConnectionEnabled=false, webStorageEnabled=true, nativeEvents=true, hasTouchScreen=false, applicationCacheEnabled=false, takesScreenshot=true}]<br/>	at sun.reflect.GeneratedConstructorAccessor11.newInstance(Unknown Source)<br/>	at sun.reflect.DelegatingConstructorAccessorImpl.newInstance(DelegatingConstructorAccessorImpl.java:45)<br/>	at java.lang.reflect.Constructor.newInstance(Constructor.java:526)<br/>	at org.openqa.selenium.remote.ErrorHandler.createThrowable(ErrorHandler.java:206)<br/>	at org.openqa.selenium.remote.ErrorHandler.throwIfResponseFailed(ErrorHandler.java:158)<br/>	at org.openqa.selenium.remote.RemoteWebDriver.execute(RemoteWebDriver.java:678)<br/>	at org.openqa.selenium.remote.RemoteWebDriver.executeAsyncScript(RemoteWebDriver.java:598)<br/>	at nl.hsac.fitnesse.fixture.util.selenium.SeleniumHelper.waitForJavascriptCallback(SeleniumHelper.java:650)<br/>	at nl.hsac.fitnesse.fixture.slim.web.BrowserTest.waitForJavascriptCallback(BrowserTest.java:1768)<br/>	at nl.hsac.fitnesse.fixture.slim.web.NgBrowserTest.waitForAngularRequestsToFinish(NgBrowserTest.java:145)<br/>	at nl.hsac.fitnesse.fixture.slim.web.NgBrowserTest.waitForAngularRequestsToFinish(NgBrowserTest.java:112)<br/>	at nl.hsac.fitnesse.fixture.slim.web.NgBrowserTest.waitForAngularIfNeeded(NgBrowserTest.java:82)<br/>	at nl.hsac.fitnesse.fixture.slim.web.BrowserTest.beforeInvoke(BrowserTest.java:52)<br/>	at nl.hsac.fitnesse.fixture.slim.SlimFixture.aroundSlimInvoke(SlimFixture.java:24)<br/>	at sun.reflect.GeneratedMethodAccessor1.invoke(Unknown Source)<br/>	at sun.reflect.DelegatingMethodAccessorImpl.invoke(DelegatingMethodAccessorImpl.java:43)<br/>	at java.lang.reflect.Method.invoke(Method.java:606)<br/>	at fitnesse.slim.fixtureInteraction.DefaultInteraction.methodInvoke(DefaultInteraction.java:81)<br/>	at fitnesse.slim.MethodExecutor.callMethod(MethodExecutor.java:55)<br/>	at fitnesse.slim.MethodExecutor.invokeMethod(MethodExecutor.java:38)<br/>	at fitnesse.slim.MethodExecutor.findAndInvoke(MethodExecutor.java:72)<br/>	at fitnesse.slim.FixtureMethodExecutor.execute(FixtureMethodExecutor.java:20)<br/>	at fitnesse.slim.StatementExecutor.getMethodExecutionResult(StatementExecutor.java:135)<br/>	at fitnesse.slim.StatementExecutor.call(StatementExecutor.java:108)<br/>	at fitnesse.slim.StatementTimeoutExecutor$3.call(StatementTimeoutExecutor.java:90)<br/>	at java.util.concurrent.FutureTask.run(FutureTask.java:262)<br/>	at java.util.concurrent.ThreadPoolExecutor.runWorker(ThreadPoolExecutor.java:1145)<br/>	at java.util.concurrent.ThreadPoolExecutor$Worker.run(ThreadPoolExecutor.java:615)<br/>	at java.lang.Thread.run(Thread.java:745)<br/></div></span></td>
		<td>Gageldijk 104, Utrecht</td>
		<td>as</td>
		<td>Plaats, buurt, adres etc</td>
	</tr>
	<tr class="slimRowColor8">
		<td>note</td>
		<td colspan="3">select option from autocomplete</td>
	</tr>
	<tr class="slimRowColor7">
		<td>press <span class="error"><div>org.openqa.selenium.UnsupportedCommandException: ERROR The test with session id 864bf71b1e52428eabffc4aeec1c017e has already finished, and can't receive further commands.<br/>You can learn more at https://saucelabs.com/jobs/864bf71b1e52428eabffc4aeec1c017e<br/>For help, please check https://docs.saucelabs.com/reference/troubleshooting-common-error-messages<br/>Command duration or timeout: 79 milliseconds<br/>Build info: version: '2.53.0', revision: '35ae25b1534ae328c771e0856c93e187490ca824', time: '2016-03-15 10:43:46'<br/>System info: host: 'testing-worker-linux-docker-89428371-3382-linux-5', ip: '172.17.5.65', os.name: 'Linux', os.arch: 'amd64', os.version: '3.13.0-40-generic', java.version: '1.7.0_76'<br/>Session ID: 864bf71b1e52428eabffc4aeec1c017e<br/>Driver info: org.openqa.selenium.remote.RemoteWebDriver<br/>Capabilities [{platform=XP, acceptSslCerts=true, javascriptEnabled=true, hasMetadata=true, browserName=chrome, chrome={userDataDir=C:\Users\ADMINI~1\AppData\Local\Temp\scoped_dir1880_19415, chromedriverVersion=2.21.371459 (36d3d07f660ff2bc1bf28a75d1cdabed0983e7c4)}, rotatable=false, locationContextEnabled=true, mobileEmulationEnabled=false, webdriver.remote.sessionid=864bf71b1e52428eabffc4aeec1c017e, version=50.0.2661.75, takesHeapSnapshot=true, cssSelectorsEnabled=true, databaseEnabled=false, handlesAlerts=true, browserConnectionEnabled=false, webStorageEnabled=true, nativeEvents=true, hasTouchScreen=false, applicationCacheEnabled=false, takesScreenshot=true}]<br/>	at sun.reflect.GeneratedConstructorAccessor11.newInstance(Unknown Source)<br/>	at sun.reflect.DelegatingConstructorAccessorImpl.newInstance(DelegatingConstructorAccessorImpl.java:45)<br/>	at java.lang.reflect.Constructor.newInstance(Constructor.java:526)<br/>	at org.openqa.selenium.remote.ErrorHandler.createThrowable(ErrorHandler.java:206)<br/>	at org.openqa.selenium.remote.ErrorHandler.throwIfResponseFailed(ErrorHandler.java:158)<br/>	at org.openqa.selenium.remote.RemoteWebDriver.execute(RemoteWebDriver.java:678)<br/>	at org.openqa.selenium.remote.RemoteWebDriver.executeAsyncScript(RemoteWebDriver.java:598)<br/>	at nl.hsac.fitnesse.fixture.util.selenium.SeleniumHelper.waitForJavascriptCallback(SeleniumHelper.java:650)<br/>	at nl.hsac.fitnesse.fixture.slim.web.BrowserTest.waitForJavascriptCallback(BrowserTest.java:1768)<br/>	at nl.hsac.fitnesse.fixture.slim.web.NgBrowserTest.waitForAngularRequestsToFinish(NgBrowserTest.java:145)<br/>	at nl.hsac.fitnesse.fixture.slim.web.NgBrowserTest.waitForAngularRequestsToFinish(NgBrowserTest.java:112)<br/>	at nl.hsac.fitnesse.fixture.slim.web.NgBrowserTest.waitForAngularIfNeeded(NgBrowserTest.java:82)<br/>	at nl.hsac.fitnesse.fixture.slim.web.BrowserTest.beforeInvoke(BrowserTest.java:52)<br/>	at nl.hsac.fitnesse.fixture.slim.SlimFixture.aroundSlimInvoke(SlimFixture.java:24)<br/>	at sun.reflect.GeneratedMethodAccessor1.invoke(Unknown Source)<br/>	at sun.reflect.DelegatingMethodAccessorImpl.invoke(DelegatingMethodAccessorImpl.java:43)<br/>	at java.lang.reflect.Method.invoke(Method.java:606)<br/>	at fitnesse.slim.fixtureInteraction.DefaultInteraction.methodInvoke(DefaultInteraction.java:81)<br/>	at fitnesse.slim.MethodExecutor.callMethod(MethodExecutor.java:55)<br/>	at fitnesse.slim.MethodExecutor.invokeMethod(MethodExecutor.java:38)<br/>	at fitnesse.slim.MethodExecutor.findAndInvoke(MethodExecutor.java:72)<br/>	at fitnesse.slim.FixtureMethodExecutor.execute(FixtureMethodExecutor.java:20)<br/>	at fitnesse.slim.StatementExecutor.getMethodExecutionResult(StatementExecutor.java:135)<br/>	at fitnesse.slim.StatementExecutor.call(StatementExecutor.java:108)<br/>	at fitnesse.slim.StatementTimeoutExecutor$3.call(StatementTimeoutExecutor.java:90)<br/>	at java.util.concurrent.FutureTask.run(FutureTask.java:262)<br/>	at java.util.concurrent.ThreadPoolExecutor.runWorker(ThreadPoolExecutor.java:1145)<br/>	at java.util.concurrent.ThreadPoolExecutor$Worker.run(ThreadPoolExecutor.java:615)<br/>	at java.lang.Thread.run(Thread.java:745)<br/></div></span></td>
		<td colspan="3">down</td>
	</tr>
	<tr class="slimRowColor7">
		<td>press <span class="error"><div>org.openqa.selenium.UnsupportedCommandException: ERROR The test with session id 864bf71b1e52428eabffc4aeec1c017e has already finished, and can't receive further commands.<br/>You can learn more at https://saucelabs.com/jobs/864bf71b1e52428eabffc4aeec1c017e<br/>For help, please check https://docs.saucelabs.com/reference/troubleshooting-common-error-messages<br/>Command duration or timeout: 79 milliseconds<br/>Build info: version: '2.53.0', revision: '35ae25b1534ae328c771e0856c93e187490ca824', time: '2016-03-15 10:43:46'<br/>System info: host: 'testing-worker-linux-docker-89428371-3382-linux-5', ip: '172.17.5.65', os.name: 'Linux', os.arch: 'amd64', os.version: '3.13.0-40-generic', java.version: '1.7.0_76'<br/>Session ID: 864bf71b1e52428eabffc4aeec1c017e<br/>Driver info: org.openqa.selenium.remote.RemoteWebDriver<br/>Capabilities [{platform=XP, acceptSslCerts=true, javascriptEnabled=true, hasMetadata=true, browserName=chrome, chrome={userDataDir=C:\Users\ADMINI~1\AppData\Local\Temp\scoped_dir1880_19415, chromedriverVersion=2.21.371459 (36d3d07f660ff2bc1bf28a75d1cdabed0983e7c4)}, rotatable=false, locationContextEnabled=true, mobileEmulationEnabled=false, webdriver.remote.sessionid=864bf71b1e52428eabffc4aeec1c017e, version=50.0.2661.75, takesHeapSnapshot=true, cssSelectorsEnabled=true, databaseEnabled=false, handlesAlerts=true, browserConnectionEnabled=false, webStorageEnabled=true, nativeEvents=true, hasTouchScreen=false, applicationCacheEnabled=false, takesScreenshot=true}]<br/>	at sun.reflect.GeneratedConstructorAccessor11.newInstance(Unknown Source)<br/>	at sun.reflect.DelegatingConstructorAccessorImpl.newInstance(DelegatingConstructorAccessorImpl.java:45)<br/>	at java.lang.reflect.Constructor.newInstance(Constructor.java:526)<br/>	at org.openqa.selenium.remote.ErrorHandler.createThrowable(ErrorHandler.java:206)<br/>	at org.openqa.selenium.remote.ErrorHandler.throwIfResponseFailed(ErrorHandler.java:158)<br/>	at org.openqa.selenium.remote.RemoteWebDriver.execute(RemoteWebDriver.java:678)<br/>	at org.openqa.selenium.remote.RemoteWebDriver.executeAsyncScript(RemoteWebDriver.java:598)<br/>	at nl.hsac.fitnesse.fixture.util.selenium.SeleniumHelper.waitForJavascriptCallback(SeleniumHelper.java:650)<br/>	at nl.hsac.fitnesse.fixture.slim.web.BrowserTest.waitForJavascriptCallback(BrowserTest.java:1768)<br/>	at nl.hsac.fitnesse.fixture.slim.web.NgBrowserTest.waitForAngularRequestsToFinish(NgBrowserTest.java:145)<br/>	at nl.hsac.fitnesse.fixture.slim.web.NgBrowserTest.waitForAngularRequestsToFinish(NgBrowserTest.java:112)<br/>	at nl.hsac.fitnesse.fixture.slim.web.NgBrowserTest.waitForAngularIfNeeded(NgBrowserTest.java:82)<br/>	at nl.hsac.fitnesse.fixture.slim.web.BrowserTest.beforeInvoke(BrowserTest.java:52)<br/>	at nl.hsac.fitnesse.fixture.slim.SlimFixture.aroundSlimInvoke(SlimFixture.java:24)<br/>	at sun.reflect.GeneratedMethodAccessor1.invoke(Unknown Source)<br/>	at sun.reflect.DelegatingMethodAccessorImpl.invoke(DelegatingMethodAccessorImpl.java:43)<br/>	at java.lang.reflect.Method.invoke(Method.java:606)<br/>	at fitnesse.slim.fixtureInteraction.DefaultInteraction.methodInvoke(DefaultInteraction.java:81)<br/>	at fitnesse.slim.MethodExecutor.callMethod(MethodExecutor.java:55)<br/>	at fitnesse.slim.MethodExecutor.invokeMethod(MethodExecutor.java:38)<br/>	at fitnesse.slim.MethodExecutor.findAndInvoke(MethodExecutor.java:72)<br/>	at fitnesse.slim.FixtureMethodExecutor.execute(FixtureMethodExecutor.java:20)<br/>	at fitnesse.slim.StatementExecutor.getMethodExecutionResult(StatementExecutor.java:135)<br/>	at fitnesse.slim.StatementExecutor.call(StatementExecutor.java:108)<br/>	at fitnesse.slim.StatementTimeoutExecutor$3.call(StatementTimeoutExecutor.java:90)<br/>	at java.util.concurrent.FutureTask.run(FutureTask.java:262)<br/>	at java.util.concurrent.ThreadPoolExecutor.runWorker(ThreadPoolExecutor.java:1145)<br/>	at java.util.concurrent.ThreadPoolExecutor$Worker.run(ThreadPoolExecutor.java:615)<br/>	at java.lang.Thread.run(Thread.java:745)<br/></div></span></td>
		<td colspan="3">enter</td>
	</tr>
	<tr class="slimRowColor0">
		<td>select <span class="error"><div>org.openqa.selenium.UnsupportedCommandException: ERROR The test with session id 864bf71b1e52428eabffc4aeec1c017e has already finished, and can't receive further commands.<br/>You can learn more at https://saucelabs.com/jobs/864bf71b1e52428eabffc4aeec1c017e<br/>For help, please check https://docs.saucelabs.com/reference/troubleshooting-common-error-messages<br/>Command duration or timeout: 79 milliseconds<br/>Build info: version: '2.53.0', revision: '35ae25b1534ae328c771e0856c93e187490ca824', time: '2016-03-15 10:43:46'<br/>System info: host: 'testing-worker-linux-docker-89428371-3382-linux-5', ip: '172.17.5.65', os.name: 'Linux', os.arch: 'amd64', os.version: '3.13.0-40-generic', java.version: '1.7.0_76'<br/>Session ID: 864bf71b1e52428eabffc4aeec1c017e<br/>Driver info: org.openqa.selenium.remote.RemoteWebDriver<br/>Capabilities [{platform=XP, acceptSslCerts=true, javascriptEnabled=true, hasMetadata=true, browserName=chrome, chrome={userDataDir=C:\Users\ADMINI~1\AppData\Local\Temp\scoped_dir1880_19415, chromedriverVersion=2.21.371459 (36d3d07f660ff2bc1bf28a75d1cdabed0983e7c4)}, rotatable=false, locationContextEnabled=true, mobileEmulationEnabled=false, webdriver.remote.sessionid=864bf71b1e52428eabffc4aeec1c017e, version=50.0.2661.75, takesHeapSnapshot=true, cssSelectorsEnabled=true, databaseEnabled=false, handlesAlerts=true, browserConnectionEnabled=false, webStorageEnabled=true, nativeEvents=true, hasTouchScreen=false, applicationCacheEnabled=false, takesScreenshot=true}]<br/>	at sun.reflect.GeneratedConstructorAccessor11.newInstance(Unknown Source)<br/>	at sun.reflect.DelegatingConstructorAccessorImpl.newInstance(DelegatingConstructorAccessorImpl.java:45)<br/>	at java.lang.reflect.Constructor.newInstance(Constructor.java:526)<br/>	at org.openqa.selenium.remote.ErrorHandler.createThrowable(ErrorHandler.java:206)<br/>	at org.openqa.selenium.remote.ErrorHandler.throwIfResponseFailed(ErrorHandler.java:158)<br/>	at org.openqa.selenium.remote.RemoteWebDriver.execute(RemoteWebDriver.java:678)<br/>	at org.openqa.selenium.remote.RemoteWebDriver.executeAsyncScript(RemoteWebDriver.java:598)<br/>	at nl.hsac.fitnesse.fixture.util.selenium.SeleniumHelper.waitForJavascriptCallback(SeleniumHelper.java:650)<br/>	at nl.hsac.fitnesse.fixture.slim.web.BrowserTest.waitForJavascriptCallback(BrowserTest.java:1768)<br/>	at nl.hsac.fitnesse.fixture.slim.web.NgBrowserTest.waitForAngularRequestsToFinish(NgBrowserTest.java:145)<br/>	at nl.hsac.fitnesse.fixture.slim.web.NgBrowserTest.waitForAngularRequestsToFinish(NgBrowserTest.java:112)<br/>	at nl.hsac.fitnesse.fixture.slim.web.NgBrowserTest.waitForAngularIfNeeded(NgBrowserTest.java:82)<br/>	at nl.hsac.fitnesse.fixture.slim.web.BrowserTest.beforeInvoke(BrowserTest.java:52)<br/>	at nl.hsac.fitnesse.fixture.slim.SlimFixture.aroundSlimInvoke(SlimFixture.java:24)<br/>	at sun.reflect.GeneratedMethodAccessor1.invoke(Unknown Source)<br/>	at sun.reflect.DelegatingMethodAccessorImpl.invoke(DelegatingMethodAccessorImpl.java:43)<br/>	at java.lang.reflect.Method.invoke(Method.java:606)<br/>	at fitnesse.slim.fixtureInteraction.DefaultInteraction.methodInvoke(DefaultInteraction.java:81)<br/>	at fitnesse.slim.MethodExecutor.callMethod(MethodExecutor.java:55)<br/>	at fitnesse.slim.MethodExecutor.invokeMethod(MethodExecutor.java:38)<br/>	at fitnesse.slim.MethodExecutor.findAndInvoke(MethodExecutor.java:72)<br/>	at fitnesse.slim.FixtureMethodExecutor.execute(FixtureMethodExecutor.java:20)<br/>	at fitnesse.slim.StatementExecutor.getMethodExecutionResult(StatementExecutor.java:135)<br/>	at fitnesse.slim.StatementExecutor.call(StatementExecutor.java:108)<br/>	at fitnesse.slim.StatementTimeoutExecutor$3.call(StatementTimeoutExecutor.java:90)<br/>	at java.util.concurrent.FutureTask.run(FutureTask.java:262)<br/>	at java.util.concurrent.ThreadPoolExecutor.runWorker(ThreadPoolExecutor.java:1145)<br/>	at java.util.concurrent.ThreadPoolExecutor$Worker.run(ThreadPoolExecutor.java:615)<br/>	at java.lang.Thread.run(Thread.java:745)<br/></div></span></td>
		<td>€ 200.000</td>
		<td>for</td>
		<td>van</td>
	</tr>
	<tr class="slimRowColor0">
		<td>select <span class="error"><div>org.openqa.selenium.UnsupportedCommandException: ERROR The test with session id 864bf71b1e52428eabffc4aeec1c017e has already finished, and can't receive further commands.<br/>You can learn more at https://saucelabs.com/jobs/864bf71b1e52428eabffc4aeec1c017e<br/>For help, please check https://docs.saucelabs.com/reference/troubleshooting-common-error-messages<br/>Command duration or timeout: 78 milliseconds<br/>Build info: version: '2.53.0', revision: '35ae25b1534ae328c771e0856c93e187490ca824', time: '2016-03-15 10:43:46'<br/>System info: host: 'testing-worker-linux-docker-89428371-3382-linux-5', ip: '172.17.5.65', os.name: 'Linux', os.arch: 'amd64', os.version: '3.13.0-40-generic', java.version: '1.7.0_76'<br/>Session ID: 864bf71b1e52428eabffc4aeec1c017e<br/>Driver info: org.openqa.selenium.remote.RemoteWebDriver<br/>Capabilities [{platform=XP, acceptSslCerts=true, javascriptEnabled=true, hasMetadata=true, browserName=chrome, chrome={userDataDir=C:\Users\ADMINI~1\AppData\Local\Temp\scoped_dir1880_19415, chromedriverVersion=2.21.371459 (36d3d07f660ff2bc1bf28a75d1cdabed0983e7c4)}, rotatable=false, locationContextEnabled=true, mobileEmulationEnabled=false, webdriver.remote.sessionid=864bf71b1e52428eabffc4aeec1c017e, version=50.0.2661.75, takesHeapSnapshot=true, cssSelectorsEnabled=true, databaseEnabled=false, handlesAlerts=true, browserConnectionEnabled=false, webStorageEnabled=true, nativeEvents=true, hasTouchScreen=false, applicationCacheEnabled=false, takesScreenshot=true}]<br/>	at sun.reflect.GeneratedConstructorAccessor11.newInstance(Unknown Source)<br/>	at sun.reflect.DelegatingConstructorAccessorImpl.newInstance(DelegatingConstructorAccessorImpl.java:45)<br/>	at java.lang.reflect.Constructor.newInstance(Constructor.java:526)<br/>	at org.openqa.selenium.remote.ErrorHandler.createThrowable(ErrorHandler.java:206)<br/>	at org.openqa.selenium.remote.ErrorHandler.throwIfResponseFailed(ErrorHandler.java:158)<br/>	at org.openqa.selenium.remote.RemoteWebDriver.execute(RemoteWebDriver.java:678)<br/>	at org.openqa.selenium.remote.RemoteWebDriver.executeAsyncScript(RemoteWebDriver.java:598)<br/>	at nl.hsac.fitnesse.fixture.util.selenium.SeleniumHelper.waitForJavascriptCallback(SeleniumHelper.java:650)<br/>	at nl.hsac.fitnesse.fixture.slim.web.BrowserTest.waitForJavascriptCallback(BrowserTest.java:1768)<br/>	at nl.hsac.fitnesse.fixture.slim.web.NgBrowserTest.waitForAngularRequestsToFinish(NgBrowserTest.java:145)<br/>	at nl.hsac.fitnesse.fixture.slim.web.NgBrowserTest.waitForAngularRequestsToFinish(NgBrowserTest.java:112)<br/>	at nl.hsac.fitnesse.fixture.slim.web.NgBrowserTest.waitForAngularIfNeeded(NgBrowserTest.java:82)<br/>	at nl.hsac.fitnesse.fixture.slim.web.BrowserTest.beforeInvoke(BrowserTest.java:52)<br/>	at nl.hsac.fitnesse.fixture.slim.SlimFixture.aroundSlimInvoke(SlimFixture.java:24)<br/>	at sun.reflect.GeneratedMethodAccessor1.invoke(Unknown Source)<br/>	at sun.reflect.DelegatingMethodAccessorImpl.invoke(DelegatingMethodAccessorImpl.java:43)<br/>	at java.lang.reflect.Method.invoke(Method.java:606)<br/>	at fitnesse.slim.fixtureInteraction.DefaultInteraction.methodInvoke(DefaultInteraction.java:81)<br/>	at fitnesse.slim.MethodExecutor.callMethod(MethodExecutor.java:55)<br/>	at fitnesse.slim.MethodExecutor.invokeMethod(MethodExecutor.java:38)<br/>	at fitnesse.slim.MethodExecutor.findAndInvoke(MethodExecutor.java:72)<br/>	at fitnesse.slim.FixtureMethodExecutor.execute(FixtureMethodExecutor.java:20)<br/>	at fitnesse.slim.StatementExecutor.getMethodExecutionResult(StatementExecutor.java:135)<br/>	at fitnesse.slim.StatementExecutor.call(StatementExecutor.java:108)<br/>	at fitnesse.slim.StatementTimeoutExecutor$3.call(StatementTimeoutExecutor.java:90)<br/>	at java.util.concurrent.FutureTask.run(FutureTask.java:262)<br/>	at java.util.concurrent.ThreadPoolExecutor.runWorker(ThreadPoolExecutor.java:1145)<br/>	at java.util.concurrent.ThreadPoolExecutor$Worker.run(ThreadPoolExecutor.java:615)<br/>	at java.lang.Thread.run(Thread.java:745)<br/></div></span></td>
		<td>€ 1.000.000</td>
		<td>for</td>
		<td>tot</td>
	</tr>
	<tr class="slimRowColor8">
		<td>click <span class="error"><div>org.openqa.selenium.UnsupportedCommandException: ERROR The test with session id 864bf71b1e52428eabffc4aeec1c017e has already finished, and can't receive further commands.<br/>You can learn more at https://saucelabs.com/jobs/864bf71b1e52428eabffc4aeec1c017e<br/>For help, please check https://docs.saucelabs.com/reference/troubleshooting-common-error-messages<br/>Command duration or timeout: 79 milliseconds<br/>Build info: version: '2.53.0', revision: '35ae25b1534ae328c771e0856c93e187490ca824', time: '2016-03-15 10:43:46'<br/>System info: host: 'testing-worker-linux-docker-89428371-3382-linux-5', ip: '172.17.5.65', os.name: 'Linux', os.arch: 'amd64', os.version: '3.13.0-40-generic', java.version: '1.7.0_76'<br/>Session ID: 864bf71b1e52428eabffc4aeec1c017e<br/>Driver info: org.openqa.selenium.remote.RemoteWebDriver<br/>Capabilities [{platform=XP, acceptSslCerts=true, javascriptEnabled=true, hasMetadata=true, browserName=chrome, chrome={userDataDir=C:\Users\ADMINI~1\AppData\Local\Temp\scoped_dir1880_19415, chromedriverVersion=2.21.371459 (36d3d07f660ff2bc1bf28a75d1cdabed0983e7c4)}, rotatable=false, locationContextEnabled=true, mobileEmulationEnabled=false, webdriver.remote.sessionid=864bf71b1e52428eabffc4aeec1c017e, version=50.0.2661.75, takesHeapSnapshot=true, cssSelectorsEnabled=true, databaseEnabled=false, handlesAlerts=true, browserConnectionEnabled=false, webStorageEnabled=true, nativeEvents=true, hasTouchScreen=false, applicationCacheEnabled=false, takesScreenshot=true}]<br/>	at sun.reflect.GeneratedConstructorAccessor11.newInstance(Unknown Source)<br/>	at sun.reflect.DelegatingConstructorAccessorImpl.newInstance(DelegatingConstructorAccessorImpl.java:45)<br/>	at java.lang.reflect.Constructor.newInstance(Constructor.java:526)<br/>	at org.openqa.selenium.remote.ErrorHandler.createThrowable(ErrorHandler.java:206)<br/>	at org.openqa.selenium.remote.ErrorHandler.throwIfResponseFailed(ErrorHandler.java:158)<br/>	at org.openqa.selenium.remote.RemoteWebDriver.execute(RemoteWebDriver.java:678)<br/>	at org.openqa.selenium.remote.RemoteWebDriver.executeAsyncScript(RemoteWebDriver.java:598)<br/>	at nl.hsac.fitnesse.fixture.util.selenium.SeleniumHelper.waitForJavascriptCallback(SeleniumHelper.java:650)<br/>	at nl.hsac.fitnesse.fixture.slim.web.BrowserTest.waitForJavascriptCallback(BrowserTest.java:1768)<br/>	at nl.hsac.fitnesse.fixture.slim.web.NgBrowserTest.waitForAngularRequestsToFinish(NgBrowserTest.java:145)<br/>	at nl.hsac.fitnesse.fixture.slim.web.NgBrowserTest.waitForAngularRequestsToFinish(NgBrowserTest.java:112)<br/>	at nl.hsac.fitnesse.fixture.slim.web.NgBrowserTest.waitForAngularIfNeeded(NgBrowserTest.java:82)<br/>	at nl.hsac.fitnesse.fixture.slim.web.BrowserTest.beforeInvoke(BrowserTest.java:52)<br/>	at nl.hsac.fitnesse.fixture.slim.SlimFixture.aroundSlimInvoke(SlimFixture.java:24)<br/>	at sun.reflect.GeneratedMethodAccessor1.invoke(Unknown Source)<br/>	at sun.reflect.DelegatingMethodAccessorImpl.invoke(DelegatingMethodAccessorImpl.java:43)<br/>	at java.lang.reflect.Method.invoke(Method.java:606)<br/>	at fitnesse.slim.fixtureInteraction.DefaultInteraction.methodInvoke(DefaultInteraction.java:81)<br/>	at fitnesse.slim.MethodExecutor.callMethod(MethodExecutor.java:55)<br/>	at fitnesse.slim.MethodExecutor.invokeMethod(MethodExecutor.java:38)<br/>	at fitnesse.slim.MethodExecutor.findAndInvoke(MethodExecutor.java:72)<br/>	at fitnesse.slim.FixtureMethodExecutor.execute(FixtureMethodExecutor.java:20)<br/>	at fitnesse.slim.StatementExecutor.getMethodExecutionResult(StatementExecutor.java:135)<br/>	at fitnesse.slim.StatementExecutor.call(StatementExecutor.java:108)<br/>	at fitnesse.slim.StatementTimeoutExecutor$3.call(StatementTimeoutExecutor.java:90)<br/>	at java.util.concurrent.FutureTask.run(FutureTask.java:262)<br/>	at java.util.concurrent.ThreadPoolExecutor.runWorker(ThreadPoolExecutor.java:1145)<br/>	at java.util.concurrent.ThreadPoolExecutor$Worker.run(ThreadPoolExecutor.java:615)<br/>	at java.lang.Thread.run(Thread.java:745)<br/></div></span></td>
		<td colspan="3">Zoek</td>
	</tr>
	<tr class="slimRowColor8">
		<td>click <span class="error"><div>org.openqa.selenium.UnsupportedCommandException: ERROR The test with session id 864bf71b1e52428eabffc4aeec1c017e has already finished, and can't receive further commands.<br/>You can learn more at https://saucelabs.com/jobs/864bf71b1e52428eabffc4aeec1c017e<br/>For help, please check https://docs.saucelabs.com/reference/troubleshooting-common-error-messages<br/>Command duration or timeout: 77 milliseconds<br/>Build info: version: '2.53.0', revision: '35ae25b1534ae328c771e0856c93e187490ca824', time: '2016-03-15 10:43:46'<br/>System info: host: 'testing-worker-linux-docker-89428371-3382-linux-5', ip: '172.17.5.65', os.name: 'Linux', os.arch: 'amd64', os.version: '3.13.0-40-generic', java.version: '1.7.0_76'<br/>Session ID: 864bf71b1e52428eabffc4aeec1c017e<br/>Driver info: org.openqa.selenium.remote.RemoteWebDriver<br/>Capabilities [{platform=XP, acceptSslCerts=true, javascriptEnabled=true, hasMetadata=true, browserName=chrome, chrome={userDataDir=C:\Users\ADMINI~1\AppData\Local\Temp\scoped_dir1880_19415, chromedriverVersion=2.21.371459 (36d3d07f660ff2bc1bf28a75d1cdabed0983e7c4)}, rotatable=false, locationContextEnabled=true, mobileEmulationEnabled=false, webdriver.remote.sessionid=864bf71b1e52428eabffc4aeec1c017e, version=50.0.2661.75, takesHeapSnapshot=true, cssSelectorsEnabled=true, databaseEnabled=false, handlesAlerts=true, browserConnectionEnabled=false, webStorageEnabled=true, nativeEvents=true, hasTouchScreen=false, applicationCacheEnabled=false, takesScreenshot=true}]<br/>	at sun.reflect.GeneratedConstructorAccessor11.newInstance(Unknown Source)<br/>	at sun.reflect.DelegatingConstructorAccessorImpl.newInstance(DelegatingConstructorAccessorImpl.java:45)<br/>	at java.lang.reflect.Constructor.newInstance(Constructor.java:526)<br/>	at org.openqa.selenium.remote.ErrorHandler.createThrowable(ErrorHandler.java:206)<br/>	at org.openqa.selenium.remote.ErrorHandler.throwIfResponseFailed(ErrorHandler.java:158)<br/>	at org.openqa.selenium.remote.RemoteWebDriver.execute(RemoteWebDriver.java:678)<br/>	at org.openqa.selenium.remote.RemoteWebDriver.executeAsyncScript(RemoteWebDriver.java:598)<br/>	at nl.hsac.fitnesse.fixture.util.selenium.SeleniumHelper.waitForJavascriptCallback(SeleniumHelper.java:650)<br/>	at nl.hsac.fitnesse.fixture.slim.web.BrowserTest.waitForJavascriptCallback(BrowserTest.java:1768)<br/>	at nl.hsac.fitnesse.fixture.slim.web.NgBrowserTest.waitForAngularRequestsToFinish(NgBrowserTest.java:145)<br/>	at nl.hsac.fitnesse.fixture.slim.web.NgBrowserTest.waitForAngularRequestsToFinish(NgBrowserTest.java:112)<br/>	at nl.hsac.fitnesse.fixture.slim.web.NgBrowserTest.waitForAngularIfNeeded(NgBrowserTest.java:82)<br/>	at nl.hsac.fitnesse.fixture.slim.web.BrowserTest.beforeInvoke(BrowserTest.java:52)<br/>	at nl.hsac.fitnesse.fixture.slim.SlimFixture.aroundSlimInvoke(SlimFixture.java:24)<br/>	at sun.reflect.GeneratedMethodAccessor1.invoke(Unknown Source)<br/>	at sun.reflect.DelegatingMethodAccessorImpl.invoke(DelegatingMethodAccessorImpl.java:43)<br/>	at java.lang.reflect.Method.invoke(Method.java:606)<br/>	at fitnesse.slim.fixtureInteraction.DefaultInteraction.methodInvoke(DefaultInteraction.java:81)<br/>	at fitnesse.slim.MethodExecutor.callMethod(MethodExecutor.java:55)<br/>	at fitnesse.slim.MethodExecutor.invokeMethod(MethodExecutor.java:38)<br/>	at fitnesse.slim.MethodExecutor.findAndInvoke(MethodExecutor.java:72)<br/>	at fitnesse.slim.FixtureMethodExecutor.execute(FixtureMethodExecutor.java:20)<br/>	at fitnesse.slim.StatementExecutor.getMethodExecutionResult(StatementExecutor.java:135)<br/>	at fitnesse.slim.StatementExecutor.call(StatementExecutor.java:108)<br/>	at fitnesse.slim.StatementTimeoutExecutor$3.call(StatementTimeoutExecutor.java:90)<br/>	at java.util.concurrent.FutureTask.run(FutureTask.java:262)<br/>	at java.util.concurrent.ThreadPoolExecutor.runWorker(ThreadPoolExecutor.java:1145)<br/>	at java.util.concurrent.ThreadPoolExecutor$Worker.run(ThreadPoolExecutor.java:615)<br/>	at java.lang.Thread.run(Thread.java:745)<br/></div></span></td>
		<td colspan="3">Gageldijk 104</td>
	</tr>
	<tr class="slimRowColor8">
		<td>$price= <span class="error"><div>org.openqa.selenium.UnsupportedCommandException: ERROR The test with session id 864bf71b1e52428eabffc4aeec1c017e has already finished, and can't receive further commands.<br/>You can learn more at https://saucelabs.com/jobs/864bf71b1e52428eabffc4aeec1c017e<br/>For help, please check https://docs.saucelabs.com/reference/troubleshooting-common-error-messages<br/>Command duration or timeout: 80 milliseconds<br/>Build info: version: '2.53.0', revision: '35ae25b1534ae328c771e0856c93e187490ca824', time: '2016-03-15 10:43:46'<br/>System info: host: 'testing-worker-linux-docker-89428371-3382-linux-5', ip: '172.17.5.65', os.name: 'Linux', os.arch: 'amd64', os.version: '3.13.0-40-generic', java.version: '1.7.0_76'<br/>Session ID: 864bf71b1e52428eabffc4aeec1c017e<br/>Driver info: org.openqa.selenium.remote.RemoteWebDriver<br/>Capabilities [{platform=XP, acceptSslCerts=true, javascriptEnabled=true, hasMetadata=true, browserName=chrome, chrome={userDataDir=C:\Users\ADMINI~1\AppData\Local\Temp\scoped_dir1880_19415, chromedriverVersion=2.21.371459 (36d3d07f660ff2bc1bf28a75d1cdabed0983e7c4)}, rotatable=false, locationContextEnabled=true, mobileEmulationEnabled=false, webdriver.remote.sessionid=864bf71b1e52428eabffc4aeec1c017e, version=50.0.2661.75, takesHeapSnapshot=true, cssSelectorsEnabled=true, databaseEnabled=false, handlesAlerts=true, browserConnectionEnabled=false, webStorageEnabled=true, nativeEvents=true, hasTouchScreen=false, applicationCacheEnabled=false, takesScreenshot=true}]<br/>	at sun.reflect.GeneratedConstructorAccessor11.newInstance(Unknown Source)<br/>	at sun.reflect.DelegatingConstructorAccessorImpl.newInstance(DelegatingConstructorAccessorImpl.java:45)<br/>	at java.lang.reflect.Constructor.newInstance(Constructor.java:526)<br/>	at org.openqa.selenium.remote.ErrorHandler.createThrowable(ErrorHandler.java:206)<br/>	at org.openqa.selenium.remote.ErrorHandler.throwIfResponseFailed(ErrorHandler.java:158)<br/>	at org.openqa.selenium.remote.RemoteWebDriver.execute(RemoteWebDriver.java:678)<br/>	at org.openqa.selenium.remote.RemoteWebDriver.executeAsyncScript(RemoteWebDriver.java:598)<br/>	at nl.hsac.fitnesse.fixture.util.selenium.SeleniumHelper.waitForJavascriptCallback(SeleniumHelper.java:650)<br/>	at nl.hsac.fitnesse.fixture.slim.web.BrowserTest.waitForJavascriptCallback(BrowserTest.java:1768)<br/>	at nl.hsac.fitnesse.fixture.slim.web.NgBrowserTest.waitForAngularRequestsToFinish(NgBrowserTest.java:145)<br/>	at nl.hsac.fitnesse.fixture.slim.web.NgBrowserTest.waitForAngularRequestsToFinish(NgBrowserTest.java:112)<br/>	at nl.hsac.fitnesse.fixture.slim.web.NgBrowserTest.waitForAngularIfNeeded(NgBrowserTest.java:82)<br/>	at nl.hsac.fitnesse.fixture.slim.web.BrowserTest.beforeInvoke(BrowserTest.java:52)<br/>	at nl.hsac.fitnesse.fixture.slim.SlimFixture.aroundSlimInvoke(SlimFixture.java:24)<br/>	at sun.reflect.GeneratedMethodAccessor1.invoke(Unknown Source)<br/>	at sun.reflect.DelegatingMethodAccessorImpl.invoke(DelegatingMethodAccessorImpl.java:43)<br/>	at java.lang.reflect.Method.invoke(Method.java:606)<br/>	at fitnesse.slim.fixtureInteraction.DefaultInteraction.methodInvoke(DefaultInteraction.java:81)<br/>	at fitnesse.slim.MethodExecutor.callMethod(MethodExecutor.java:55)<br/>	at fitnesse.slim.MethodExecutor.invokeMethod(MethodExecutor.java:38)<br/>	at fitnesse.slim.MethodExecutor.findAndInvoke(MethodExecutor.java:72)<br/>	at fitnesse.slim.FixtureMethodExecutor.execute(FixtureMethodExecutor.java:20)<br/>	at fitnesse.slim.StatementExecutor.getMethodExecutionResult(StatementExecutor.java:135)<br/>	at fitnesse.slim.StatementExecutor.callAndAssign(StatementExecutor.java:118)<br/>	at fitnesse.slim.StatementTimeoutExecutor$2.call(StatementTimeoutExecutor.java:79)<br/>	at java.util.concurrent.FutureTask.run(FutureTask.java:262)<br/>	at java.util.concurrent.ThreadPoolExecutor.runWorker(ThreadPoolExecutor.java:1145)<br/>	at java.util.concurrent.ThreadPoolExecutor$Worker.run(ThreadPoolExecutor.java:615)<br/>	at java.lang.Thread.run(Thread.java:745)<br/></div></span></td>
		<td>value of</td>
		<td colspan="2">Vraagprijs</td>
	</tr>
	<tr class="slimRowColor2">
		<td>$state= <span class="error"><div>org.openqa.selenium.UnsupportedCommandException: ERROR The test with session id 864bf71b1e52428eabffc4aeec1c017e has already finished, and can't receive further commands.<br/>You can learn more at https://saucelabs.com/jobs/864bf71b1e52428eabffc4aeec1c017e<br/>For help, please check https://docs.saucelabs.com/reference/troubleshooting-common-error-messages<br/>Command duration or timeout: 77 milliseconds<br/>Build info: version: '2.53.0', revision: '35ae25b1534ae328c771e0856c93e187490ca824', time: '2016-03-15 10:43:46'<br/>System info: host: 'testing-worker-linux-docker-89428371-3382-linux-5', ip: '172.17.5.65', os.name: 'Linux', os.arch: 'amd64', os.version: '3.13.0-40-generic', java.version: '1.7.0_76'<br/>Session ID: 864bf71b1e52428eabffc4aeec1c017e<br/>Driver info: org.openqa.selenium.remote.RemoteWebDriver<br/>Capabilities [{platform=XP, acceptSslCerts=true, javascriptEnabled=true, hasMetadata=true, browserName=chrome, chrome={userDataDir=C:\Users\ADMINI~1\AppData\Local\Temp\scoped_dir1880_19415, chromedriverVersion=2.21.371459 (36d3d07f660ff2bc1bf28a75d1cdabed0983e7c4)}, rotatable=false, locationContextEnabled=true, mobileEmulationEnabled=false, webdriver.remote.sessionid=864bf71b1e52428eabffc4aeec1c017e, version=50.0.2661.75, takesHeapSnapshot=true, cssSelectorsEnabled=true, databaseEnabled=false, handlesAlerts=true, browserConnectionEnabled=false, webStorageEnabled=true, nativeEvents=true, hasTouchScreen=false, applicationCacheEnabled=false, takesScreenshot=true}]<br/>	at sun.reflect.GeneratedConstructorAccessor11.newInstance(Unknown Source)<br/>	at sun.reflect.DelegatingConstructorAccessorImpl.newInstance(DelegatingConstructorAccessorImpl.java:45)<br/>	at java.lang.reflect.Constructor.newInstance(Constructor.java:526)<br/>	at org.openqa.selenium.remote.ErrorHandler.createThrowable(ErrorHandler.java:206)<br/>	at org.openqa.selenium.remote.ErrorHandler.throwIfResponseFailed(ErrorHandler.java:158)<br/>	at org.openqa.selenium.remote.RemoteWebDriver.execute(RemoteWebDriver.java:678)<br/>	at org.openqa.selenium.remote.RemoteWebDriver.executeAsyncScript(RemoteWebDriver.java:598)<br/>	at nl.hsac.fitnesse.fixture.util.selenium.SeleniumHelper.waitForJavascriptCallback(SeleniumHelper.java:650)<br/>	at nl.hsac.fitnesse.fixture.slim.web.BrowserTest.waitForJavascriptCallback(BrowserTest.java:1768)<br/>	at nl.hsac.fitnesse.fixture.slim.web.NgBrowserTest.waitForAngularRequestsToFinish(NgBrowserTest.java:145)<br/>	at nl.hsac.fitnesse.fixture.slim.web.NgBrowserTest.waitForAngularRequestsToFinish(NgBrowserTest.java:112)<br/>	at nl.hsac.fitnesse.fixture.slim.web.NgBrowserTest.waitForAngularIfNeeded(NgBrowserTest.java:82)<br/>	at nl.hsac.fitnesse.fixture.slim.web.BrowserTest.beforeInvoke(BrowserTest.java:52)<br/>	at nl.hsac.fitnesse.fixture.slim.SlimFixture.aroundSlimInvoke(SlimFixture.java:24)<br/>	at sun.reflect.GeneratedMethodAccessor1.invoke(Unknown Source)<br/>	at sun.reflect.DelegatingMethodAccessorImpl.invoke(DelegatingMethodAccessorImpl.java:43)<br/>	at java.lang.reflect.Method.invoke(Method.java:606)<br/>	at fitnesse.slim.fixtureInteraction.DefaultInteraction.methodInvoke(DefaultInteraction.java:81)<br/>	at fitnesse.slim.MethodExecutor.callMethod(MethodExecutor.java:55)<br/>	at fitnesse.slim.MethodExecutor.invokeMethod(MethodExecutor.java:38)<br/>	at fitnesse.slim.MethodExecutor.findAndInvoke(MethodExecutor.java:72)<br/>	at fitnesse.slim.FixtureMethodExecutor.execute(FixtureMethodExecutor.java:20)<br/>	at fitnesse.slim.StatementExecutor.getMethodExecutionResult(StatementExecutor.java:135)<br/>	at fitnesse.slim.StatementExecutor.callAndAssign(StatementExecutor.java:118)<br/>	at fitnesse.slim.StatementTimeoutExecutor$2.call(StatementTimeoutExecutor.java:79)<br/>	at java.util.concurrent.FutureTask.run(FutureTask.java:262)<br/>	at java.util.concurrent.ThreadPoolExecutor.runWorker(ThreadPoolExecutor.java:1145)<br/>	at java.util.concurrent.ThreadPoolExecutor$Worker.run(ThreadPoolExecutor.java:615)<br/>	at java.lang.Thread.run(Thread.java:745)<br/></div></span></td>
		<td>value of</td>
		<td colspan="2">Status</td>
	</tr>
</table></td></tr>
</table>
<br/><br/><br/>Writing the scenario like this can become a bit cumbersome when many parameters are needed. They are repeated in: the scenario's first row, the scenario rows where they are used and the table headers where the scenario is invoked.<br/>Repeating the parameters in the first row of the scenario definition can be omitted using a custom extension to Slim. This is shown in <a href="HsacExamples.SlimTests.BrowserTests.TableTemplateTest">TableTemplateTest</a>.<br/></article></body></html>