<html><head><title>HsacExamples.SlimTests.BrowserTests.CheckboxRadiobuttonTest</title><meta http-equiv='Content-Type' content='text/html;charset=UTF-8'/><link rel='stylesheet' type='text/css' href='css/fitnesse.css'/><script src='javascript/jquery-1.11.3.min.js' type='text/javascript'></script><script src='javascript/fitnesse.js' type='text/javascript'></script></head><body><header><h2>HsacExamples.SlimTests.BrowserTests.CheckboxRadiobuttonTest</h2></header><article><br/>This test shows how to manipulate and check values of radiobuttons and checkboxes.<br/><br/><table>
	<tr class="slimRowTitle">
		<td>script</td>
		<td colspan="3">browser test <span class="error">org.openqa.selenium.UnsupportedCommandException: ERROR The test with session id 864bf71b1e52428eabffc4aeec1c017e has already finished, and can't receive further commands.
You can learn more at https://saucelabs.com/jobs/864bf71b1e52428eabffc4aeec1c017e
For help, please check https://docs.saucelabs.com/reference/troubleshooting-common-error-messages
Command duration or timeout: 79 milliseconds
Build info: version: '2.53.0', revision: '35ae25b1534ae328c771e0856c93e187490ca824', time: '2016-03-15 10:43:46'
System info: host: 'testing-worker-linux-docker-89428371-3382-linux-5', ip: '172.17.5.65', os.name: 'Linux', os.arch: 'amd64', os.version: '3.13.0-40-generic', java.version: '1.7.0_76'
Session ID: 864bf71b1e52428eabffc4aeec1c017e
Driver info: org.openqa.selenium.remote.RemoteWebDriver
Capabilities [{platform=XP, acceptSslCerts=true, javascriptEnabled=true, hasMetadata=true, browserName=chrome, chrome={userDataDir=C:\Users\ADMINI~1\AppData\Local\Temp\scoped_dir1880_19415, chromedriverVersion=2.21.371459 (36d3d07f660ff2bc1bf28a75d1cdabed0983e7c4)}, rotatable=false, locationContextEnabled=true, mobileEmulationEnabled=false, webdriver.remote.sessionid=864bf71b1e52428eabffc4aeec1c017e, version=50.0.2661.75, takesHeapSnapshot=true, cssSelectorsEnabled=true, databaseEnabled=false, handlesAlerts=true, browserConnectionEnabled=false, webStorageEnabled=true, nativeEvents=true, hasTouchScreen=false, applicationCacheEnabled=false, takesScreenshot=true}]</span></td>
	</tr>
	<tr class="slimRowColor4">
		<td>open <span class="error"><div>org.openqa.selenium.UnsupportedCommandException: ERROR The test with session id 864bf71b1e52428eabffc4aeec1c017e has already finished, and can't receive further commands.<br/>You can learn more at https://saucelabs.com/jobs/864bf71b1e52428eabffc4aeec1c017e<br/>For help, please check https://docs.saucelabs.com/reference/troubleshooting-common-error-messages<br/>Command duration or timeout: 86 milliseconds<br/>Build info: version: '2.53.0', revision: '35ae25b1534ae328c771e0856c93e187490ca824', time: '2016-03-15 10:43:46'<br/>System info: host: 'testing-worker-linux-docker-89428371-3382-linux-5', ip: '172.17.5.65', os.name: 'Linux', os.arch: 'amd64', os.version: '3.13.0-40-generic', java.version: '1.7.0_76'<br/>Session ID: 864bf71b1e52428eabffc4aeec1c017e<br/>Driver info: org.openqa.selenium.remote.RemoteWebDriver<br/>Capabilities [{platform=XP, acceptSslCerts=true, javascriptEnabled=true, hasMetadata=true, browserName=chrome, chrome={userDataDir=C:\Users\ADMINI~1\AppData\Local\Temp\scoped_dir1880_19415, chromedriverVersion=2.21.371459 (36d3d07f660ff2bc1bf28a75d1cdabed0983e7c4)}, rotatable=false, locationContextEnabled=true, mobileEmulationEnabled=false, webdriver.remote.sessionid=864bf71b1e52428eabffc4aeec1c017e, version=50.0.2661.75, takesHeapSnapshot=true, cssSelectorsEnabled=true, databaseEnabled=false, handlesAlerts=true, browserConnectionEnabled=false, webStorageEnabled=true, nativeEvents=true, hasTouchScreen=false, applicationCacheEnabled=false, takesScreenshot=true}]<br/>	at sun.reflect.GeneratedConstructorAccessor11.newInstance(Unknown Source)<br/>	at sun.reflect.DelegatingConstructorAccessorImpl.newInstance(DelegatingConstructorAccessorImpl.java:45)<br/>	at java.lang.reflect.Constructor.newInstance(Constructor.java:526)<br/>	at org.openqa.selenium.remote.ErrorHandler.createThrowable(ErrorHandler.java:206)<br/>	at org.openqa.selenium.remote.ErrorHandler.throwIfResponseFailed(ErrorHandler.java:158)<br/>	at org.openqa.selenium.remote.RemoteWebDriver.execute(RemoteWebDriver.java:678)<br/>	at org.openqa.selenium.remote.RemoteWebDriver$RemoteTargetLocator.defaultContent(RemoteWebDriver.java:1039)<br/>	at nl.hsac.fitnesse.fixture.util.selenium.SeleniumHelper.switchToDefaultContent(SeleniumHelper.java:1172)<br/>	at nl.hsac.fitnesse.fixture.slim.web.BrowserTest.switchToDefaultContent(BrowserTest.java:397)<br/>	at nl.hsac.fitnesse.fixture.slim.web.BrowserTest.open(BrowserTest.java:185)<br/>	at nl.hsac.fitnesse.fixture.slim.web.NgBrowserTest.open(NgBrowserTest.java:99)<br/>	at sun.reflect.NativeMethodAccessorImpl.invoke0(Native Method)<br/>	at sun.reflect.NativeMethodAccessorImpl.invoke(NativeMethodAccessorImpl.java:57)<br/>	at sun.reflect.DelegatingMethodAccessorImpl.invoke(DelegatingMethodAccessorImpl.java:43)<br/>	at java.lang.reflect.Method.invoke(Method.java:606)<br/>	at fitnesse.slim.fixtureInteraction.DefaultInteraction.methodInvoke(DefaultInteraction.java:81)<br/>	at nl.hsac.fitnesse.fixture.slim.SlimFixture.invoke(SlimFixture.java:45)<br/>	at nl.hsac.fitnesse.fixture.slim.web.BrowserTest.superInvoke(BrowserTest.java:109)<br/>	at nl.hsac.fitnesse.fixture.slim.web.BrowserTest.invoke(BrowserTest.java:61)<br/>	at nl.hsac.fitnesse.fixture.slim.SlimFixture.aroundSlimInvoke(SlimFixture.java:25)<br/>	at sun.reflect.GeneratedMethodAccessor1.invoke(Unknown Source)<br/>	at sun.reflect.DelegatingMethodAccessorImpl.invoke(DelegatingMethodAccessorImpl.java:43)<br/>	at java.lang.reflect.Method.invoke(Method.java:606)<br/>	at fitnesse.slim.fixtureInteraction.DefaultInteraction.methodInvoke(DefaultInteraction.java:81)<br/>	at fitnesse.slim.MethodExecutor.callMethod(MethodExecutor.java:55)<br/>	at fitnesse.slim.MethodExecutor.invokeMethod(MethodExecutor.java:38)<br/>	at fitnesse.slim.MethodExecutor.findAndInvoke(MethodExecutor.java:72)<br/>	at fitnesse.slim.FixtureMethodExecutor.execute(FixtureMethodExecutor.java:20)<br/>	at fitnesse.slim.StatementExecutor.getMethodExecutionResult(StatementExecutor.java:135)<br/>	at fitnesse.slim.StatementExecutor.call(StatementExecutor.java:108)<br/>	at fitnesse.slim.StatementTimeoutExecutor$3.call(StatementTimeoutExecutor.java:90)<br/>	at java.util.concurrent.FutureTask.run(FutureTask.java:262)<br/>	at java.util.concurrent.ThreadPoolExecutor.runWorker(ThreadPoolExecutor.java:1145)<br/>	at java.util.concurrent.ThreadPoolExecutor$Worker.run(ThreadPoolExecutor.java:615)<br/>	at java.lang.Thread.run(Thread.java:745)<br/></div></span></td>
		<td colspan="3"><a href="http://toolsentesters.nl/seleniumdemo/sel.html">http://toolsentesters.nl/seleniumdemo/sel.html</a></td>
	</tr>
	<tr class="slimRowColor0">
		<td>check</td>
		<td>value of</td>
		<td>Dit is een openbare of gedeelde computer</td>
		<td>true <span class="error"><div>org.openqa.selenium.UnsupportedCommandException: ERROR The test with session id 864bf71b1e52428eabffc4aeec1c017e has already finished, and can't receive further commands.<br/>You can learn more at https://saucelabs.com/jobs/864bf71b1e52428eabffc4aeec1c017e<br/>For help, please check https://docs.saucelabs.com/reference/troubleshooting-common-error-messages<br/>Command duration or timeout: 93 milliseconds<br/>Build info: version: '2.53.0', revision: '35ae25b1534ae328c771e0856c93e187490ca824', time: '2016-03-15 10:43:46'<br/>System info: host: 'testing-worker-linux-docker-89428371-3382-linux-5', ip: '172.17.5.65', os.name: 'Linux', os.arch: 'amd64', os.version: '3.13.0-40-generic', java.version: '1.7.0_76'<br/>Session ID: 864bf71b1e52428eabffc4aeec1c017e<br/>Driver info: org.openqa.selenium.remote.RemoteWebDriver<br/>Capabilities [{platform=XP, acceptSslCerts=true, javascriptEnabled=true, hasMetadata=true, browserName=chrome, chrome={userDataDir=C:\Users\ADMINI~1\AppData\Local\Temp\scoped_dir1880_19415, chromedriverVersion=2.21.371459 (36d3d07f660ff2bc1bf28a75d1cdabed0983e7c4)}, rotatable=false, locationContextEnabled=true, mobileEmulationEnabled=false, webdriver.remote.sessionid=864bf71b1e52428eabffc4aeec1c017e, version=50.0.2661.75, takesHeapSnapshot=true, cssSelectorsEnabled=true, databaseEnabled=false, handlesAlerts=true, browserConnectionEnabled=false, webStorageEnabled=true, nativeEvents=true, hasTouchScreen=false, applicationCacheEnabled=false, takesScreenshot=true}]<br/>	at sun.reflect.GeneratedConstructorAccessor11.newInstance(Unknown Source)<br/>	at sun.reflect.DelegatingConstructorAccessorImpl.newInstance(DelegatingConstructorAccessorImpl.java:45)<br/>	at java.lang.reflect.Constructor.newInstance(Constructor.java:526)<br/>	at org.openqa.selenium.remote.ErrorHandler.createThrowable(ErrorHandler.java:206)<br/>	at org.openqa.selenium.remote.ErrorHandler.throwIfResponseFailed(ErrorHandler.java:158)<br/>	at org.openqa.selenium.remote.RemoteWebDriver.execute(RemoteWebDriver.java:678)<br/>	at org.openqa.selenium.remote.RemoteWebDriver.executeAsyncScript(RemoteWebDriver.java:598)<br/>	at nl.hsac.fitnesse.fixture.util.selenium.SeleniumHelper.waitForJavascriptCallback(SeleniumHelper.java:650)<br/>	at nl.hsac.fitnesse.fixture.slim.web.BrowserTest.waitForJavascriptCallback(BrowserTest.java:1768)<br/>	at nl.hsac.fitnesse.fixture.slim.web.NgBrowserTest.waitForAngularRequestsToFinish(NgBrowserTest.java:145)<br/>	at nl.hsac.fitnesse.fixture.slim.web.NgBrowserTest.waitForAngularRequestsToFinish(NgBrowserTest.java:112)<br/>	at nl.hsac.fitnesse.fixture.slim.web.NgBrowserTest.waitForAngularIfNeeded(NgBrowserTest.java:82)<br/>	at nl.hsac.fitnesse.fixture.slim.web.BrowserTest.beforeInvoke(BrowserTest.java:52)<br/>	at nl.hsac.fitnesse.fixture.slim.SlimFixture.aroundSlimInvoke(SlimFixture.java:24)<br/>	at sun.reflect.GeneratedMethodAccessor1.invoke(Unknown Source)<br/>	at sun.reflect.DelegatingMethodAccessorImpl.invoke(DelegatingMethodAccessorImpl.java:43)<br/>	at java.lang.reflect.Method.invoke(Method.java:606)<br/>	at fitnesse.slim.fixtureInteraction.DefaultInteraction.methodInvoke(DefaultInteraction.java:81)<br/>	at fitnesse.slim.MethodExecutor.callMethod(MethodExecutor.java:55)<br/>	at fitnesse.slim.MethodExecutor.invokeMethod(MethodExecutor.java:38)<br/>	at fitnesse.slim.MethodExecutor.findAndInvoke(MethodExecutor.java:72)<br/>	at fitnesse.slim.FixtureMethodExecutor.execute(FixtureMethodExecutor.java:20)<br/>	at fitnesse.slim.StatementExecutor.getMethodExecutionResult(StatementExecutor.java:135)<br/>	at fitnesse.slim.StatementExecutor.call(StatementExecutor.java:108)<br/>	at fitnesse.slim.StatementTimeoutExecutor$3.call(StatementTimeoutExecutor.java:90)<br/>	at java.util.concurrent.FutureTask.run(FutureTask.java:262)<br/>	at java.util.concurrent.ThreadPoolExecutor.runWorker(ThreadPoolExecutor.java:1145)<br/>	at java.util.concurrent.ThreadPoolExecutor$Worker.run(ThreadPoolExecutor.java:615)<br/>	at java.lang.Thread.run(Thread.java:745)<br/></div></span></td>
	</tr>
	<tr class="slimRowColor8">
		<td>ensure <span class="error"><div>org.openqa.selenium.UnsupportedCommandException: ERROR The test with session id 864bf71b1e52428eabffc4aeec1c017e has already finished, and can't receive further commands.<br/>You can learn more at https://saucelabs.com/jobs/864bf71b1e52428eabffc4aeec1c017e<br/>For help, please check https://docs.saucelabs.com/reference/troubleshooting-common-error-messages<br/>Command duration or timeout: 83 milliseconds<br/>Build info: version: '2.53.0', revision: '35ae25b1534ae328c771e0856c93e187490ca824', time: '2016-03-15 10:43:46'<br/>System info: host: 'testing-worker-linux-docker-89428371-3382-linux-5', ip: '172.17.5.65', os.name: 'Linux', os.arch: 'amd64', os.version: '3.13.0-40-generic', java.version: '1.7.0_76'<br/>Session ID: 864bf71b1e52428eabffc4aeec1c017e<br/>Driver info: org.openqa.selenium.remote.RemoteWebDriver<br/>Capabilities [{platform=XP, acceptSslCerts=true, javascriptEnabled=true, hasMetadata=true, browserName=chrome, chrome={userDataDir=C:\Users\ADMINI~1\AppData\Local\Temp\scoped_dir1880_19415, chromedriverVersion=2.21.371459 (36d3d07f660ff2bc1bf28a75d1cdabed0983e7c4)}, rotatable=false, locationContextEnabled=true, mobileEmulationEnabled=false, webdriver.remote.sessionid=864bf71b1e52428eabffc4aeec1c017e, version=50.0.2661.75, takesHeapSnapshot=true, cssSelectorsEnabled=true, databaseEnabled=false, handlesAlerts=true, browserConnectionEnabled=false, webStorageEnabled=true, nativeEvents=true, hasTouchScreen=false, applicationCacheEnabled=false, takesScreenshot=true}]<br/>	at sun.reflect.GeneratedConstructorAccessor11.newInstance(Unknown Source)<br/>	at sun.reflect.DelegatingConstructorAccessorImpl.newInstance(DelegatingConstructorAccessorImpl.java:45)<br/>	at java.lang.reflect.Constructor.newInstance(Constructor.java:526)<br/>	at org.openqa.selenium.remote.ErrorHandler.createThrowable(ErrorHandler.java:206)<br/>	at org.openqa.selenium.remote.ErrorHandler.throwIfResponseFailed(ErrorHandler.java:158)<br/>	at org.openqa.selenium.remote.RemoteWebDriver.execute(RemoteWebDriver.java:678)<br/>	at org.openqa.selenium.remote.RemoteWebDriver.executeAsyncScript(RemoteWebDriver.java:598)<br/>	at nl.hsac.fitnesse.fixture.util.selenium.SeleniumHelper.waitForJavascriptCallback(SeleniumHelper.java:650)<br/>	at nl.hsac.fitnesse.fixture.slim.web.BrowserTest.waitForJavascriptCallback(BrowserTest.java:1768)<br/>	at nl.hsac.fitnesse.fixture.slim.web.NgBrowserTest.waitForAngularRequestsToFinish(NgBrowserTest.java:145)<br/>	at nl.hsac.fitnesse.fixture.slim.web.NgBrowserTest.waitForAngularRequestsToFinish(NgBrowserTest.java:112)<br/>	at nl.hsac.fitnesse.fixture.slim.web.NgBrowserTest.waitForAngularIfNeeded(NgBrowserTest.java:82)<br/>	at nl.hsac.fitnesse.fixture.slim.web.BrowserTest.beforeInvoke(BrowserTest.java:52)<br/>	at nl.hsac.fitnesse.fixture.slim.SlimFixture.aroundSlimInvoke(SlimFixture.java:24)<br/>	at sun.reflect.GeneratedMethodAccessor1.invoke(Unknown Source)<br/>	at sun.reflect.DelegatingMethodAccessorImpl.invoke(DelegatingMethodAccessorImpl.java:43)<br/>	at java.lang.reflect.Method.invoke(Method.java:606)<br/>	at fitnesse.slim.fixtureInteraction.DefaultInteraction.methodInvoke(DefaultInteraction.java:81)<br/>	at fitnesse.slim.MethodExecutor.callMethod(MethodExecutor.java:55)<br/>	at fitnesse.slim.MethodExecutor.invokeMethod(MethodExecutor.java:38)<br/>	at fitnesse.slim.MethodExecutor.findAndInvoke(MethodExecutor.java:72)<br/>	at fitnesse.slim.FixtureMethodExecutor.execute(FixtureMethodExecutor.java:20)<br/>	at fitnesse.slim.StatementExecutor.getMethodExecutionResult(StatementExecutor.java:135)<br/>	at fitnesse.slim.StatementExecutor.call(StatementExecutor.java:108)<br/>	at fitnesse.slim.StatementTimeoutExecutor$3.call(StatementTimeoutExecutor.java:90)<br/>	at java.util.concurrent.FutureTask.run(FutureTask.java:262)<br/>	at java.util.concurrent.ThreadPoolExecutor.runWorker(ThreadPoolExecutor.java:1145)<br/>	at java.util.concurrent.ThreadPoolExecutor$Worker.run(ThreadPoolExecutor.java:615)<br/>	at java.lang.Thread.run(Thread.java:745)<br/></div></span></td>
		<td>value of</td>
		<td colspan="2">Dit is een openbare of gedeelde computer</td>
	</tr>
	<tr class="slimRowColor0">
		<td>check</td>
		<td>value of</td>
		<td>Dit is een particuliere computer</td>
		<td>false <span class="error"><div>org.openqa.selenium.UnsupportedCommandException: ERROR The test with session id 864bf71b1e52428eabffc4aeec1c017e has already finished, and can't receive further commands.<br/>You can learn more at https://saucelabs.com/jobs/864bf71b1e52428eabffc4aeec1c017e<br/>For help, please check https://docs.saucelabs.com/reference/troubleshooting-common-error-messages<br/>Command duration or timeout: 98 milliseconds<br/>Build info: version: '2.53.0', revision: '35ae25b1534ae328c771e0856c93e187490ca824', time: '2016-03-15 10:43:46'<br/>System info: host: 'testing-worker-linux-docker-89428371-3382-linux-5', ip: '172.17.5.65', os.name: 'Linux', os.arch: 'amd64', os.version: '3.13.0-40-generic', java.version: '1.7.0_76'<br/>Session ID: 864bf71b1e52428eabffc4aeec1c017e<br/>Driver info: org.openqa.selenium.remote.RemoteWebDriver<br/>Capabilities [{platform=XP, acceptSslCerts=true, javascriptEnabled=true, hasMetadata=true, browserName=chrome, chrome={userDataDir=C:\Users\ADMINI~1\AppData\Local\Temp\scoped_dir1880_19415, chromedriverVersion=2.21.371459 (36d3d07f660ff2bc1bf28a75d1cdabed0983e7c4)}, rotatable=false, locationContextEnabled=true, mobileEmulationEnabled=false, webdriver.remote.sessionid=864bf71b1e52428eabffc4aeec1c017e, version=50.0.2661.75, takesHeapSnapshot=true, cssSelectorsEnabled=true, databaseEnabled=false, handlesAlerts=true, browserConnectionEnabled=false, webStorageEnabled=true, nativeEvents=true, hasTouchScreen=false, applicationCacheEnabled=false, takesScreenshot=true}]<br/>	at sun.reflect.GeneratedConstructorAccessor11.newInstance(Unknown Source)<br/>	at sun.reflect.DelegatingConstructorAccessorImpl.newInstance(DelegatingConstructorAccessorImpl.java:45)<br/>	at java.lang.reflect.Constructor.newInstance(Constructor.java:526)<br/>	at org.openqa.selenium.remote.ErrorHandler.createThrowable(ErrorHandler.java:206)<br/>	at org.openqa.selenium.remote.ErrorHandler.throwIfResponseFailed(ErrorHandler.java:158)<br/>	at org.openqa.selenium.remote.RemoteWebDriver.execute(RemoteWebDriver.java:678)<br/>	at org.openqa.selenium.remote.RemoteWebDriver.executeAsyncScript(RemoteWebDriver.java:598)<br/>	at nl.hsac.fitnesse.fixture.util.selenium.SeleniumHelper.waitForJavascriptCallback(SeleniumHelper.java:650)<br/>	at nl.hsac.fitnesse.fixture.slim.web.BrowserTest.waitForJavascriptCallback(BrowserTest.java:1768)<br/>	at nl.hsac.fitnesse.fixture.slim.web.NgBrowserTest.waitForAngularRequestsToFinish(NgBrowserTest.java:145)<br/>	at nl.hsac.fitnesse.fixture.slim.web.NgBrowserTest.waitForAngularRequestsToFinish(NgBrowserTest.java:112)<br/>	at nl.hsac.fitnesse.fixture.slim.web.NgBrowserTest.waitForAngularIfNeeded(NgBrowserTest.java:82)<br/>	at nl.hsac.fitnesse.fixture.slim.web.BrowserTest.beforeInvoke(BrowserTest.java:52)<br/>	at nl.hsac.fitnesse.fixture.slim.SlimFixture.aroundSlimInvoke(SlimFixture.java:24)<br/>	at sun.reflect.GeneratedMethodAccessor1.invoke(Unknown Source)<br/>	at sun.reflect.DelegatingMethodAccessorImpl.invoke(DelegatingMethodAccessorImpl.java:43)<br/>	at java.lang.reflect.Method.invoke(Method.java:606)<br/>	at fitnesse.slim.fixtureInteraction.DefaultInteraction.methodInvoke(DefaultInteraction.java:81)<br/>	at fitnesse.slim.MethodExecutor.callMethod(MethodExecutor.java:55)<br/>	at fitnesse.slim.MethodExecutor.invokeMethod(MethodExecutor.java:38)<br/>	at fitnesse.slim.MethodExecutor.findAndInvoke(MethodExecutor.java:72)<br/>	at fitnesse.slim.FixtureMethodExecutor.execute(FixtureMethodExecutor.java:20)<br/>	at fitnesse.slim.StatementExecutor.getMethodExecutionResult(StatementExecutor.java:135)<br/>	at fitnesse.slim.StatementExecutor.call(StatementExecutor.java:108)<br/>	at fitnesse.slim.StatementTimeoutExecutor$3.call(StatementTimeoutExecutor.java:90)<br/>	at java.util.concurrent.FutureTask.run(FutureTask.java:262)<br/>	at java.util.concurrent.ThreadPoolExecutor.runWorker(ThreadPoolExecutor.java:1145)<br/>	at java.util.concurrent.ThreadPoolExecutor$Worker.run(ThreadPoolExecutor.java:615)<br/>	at java.lang.Thread.run(Thread.java:745)<br/></div></span></td>
	</tr>
	<tr class="slimRowColor7">
		<td>reject <span class="error"><div>org.openqa.selenium.UnsupportedCommandException: ERROR The test with session id 864bf71b1e52428eabffc4aeec1c017e has already finished, and can't receive further commands.<br/>You can learn more at https://saucelabs.com/jobs/864bf71b1e52428eabffc4aeec1c017e<br/>For help, please check https://docs.saucelabs.com/reference/troubleshooting-common-error-messages<br/>Command duration or timeout: 91 milliseconds<br/>Build info: version: '2.53.0', revision: '35ae25b1534ae328c771e0856c93e187490ca824', time: '2016-03-15 10:43:46'<br/>System info: host: 'testing-worker-linux-docker-89428371-3382-linux-5', ip: '172.17.5.65', os.name: 'Linux', os.arch: 'amd64', os.version: '3.13.0-40-generic', java.version: '1.7.0_76'<br/>Session ID: 864bf71b1e52428eabffc4aeec1c017e<br/>Driver info: org.openqa.selenium.remote.RemoteWebDriver<br/>Capabilities [{platform=XP, acceptSslCerts=true, javascriptEnabled=true, hasMetadata=true, browserName=chrome, chrome={userDataDir=C:\Users\ADMINI~1\AppData\Local\Temp\scoped_dir1880_19415, chromedriverVersion=2.21.371459 (36d3d07f660ff2bc1bf28a75d1cdabed0983e7c4)}, rotatable=false, locationContextEnabled=true, mobileEmulationEnabled=false, webdriver.remote.sessionid=864bf71b1e52428eabffc4aeec1c017e, version=50.0.2661.75, takesHeapSnapshot=true, cssSelectorsEnabled=true, databaseEnabled=false, handlesAlerts=true, browserConnectionEnabled=false, webStorageEnabled=true, nativeEvents=true, hasTouchScreen=false, applicationCacheEnabled=false, takesScreenshot=true}]<br/>	at sun.reflect.GeneratedConstructorAccessor11.newInstance(Unknown Source)<br/>	at sun.reflect.DelegatingConstructorAccessorImpl.newInstance(DelegatingConstructorAccessorImpl.java:45)<br/>	at java.lang.reflect.Constructor.newInstance(Constructor.java:526)<br/>	at org.openqa.selenium.remote.ErrorHandler.createThrowable(ErrorHandler.java:206)<br/>	at org.openqa.selenium.remote.ErrorHandler.throwIfResponseFailed(ErrorHandler.java:158)<br/>	at org.openqa.selenium.remote.RemoteWebDriver.execute(RemoteWebDriver.java:678)<br/>	at org.openqa.selenium.remote.RemoteWebDriver.executeAsyncScript(RemoteWebDriver.java:598)<br/>	at nl.hsac.fitnesse.fixture.util.selenium.SeleniumHelper.waitForJavascriptCallback(SeleniumHelper.java:650)<br/>	at nl.hsac.fitnesse.fixture.slim.web.BrowserTest.waitForJavascriptCallback(BrowserTest.java:1768)<br/>	at nl.hsac.fitnesse.fixture.slim.web.NgBrowserTest.waitForAngularRequestsToFinish(NgBrowserTest.java:145)<br/>	at nl.hsac.fitnesse.fixture.slim.web.NgBrowserTest.waitForAngularRequestsToFinish(NgBrowserTest.java:112)<br/>	at nl.hsac.fitnesse.fixture.slim.web.NgBrowserTest.waitForAngularIfNeeded(NgBrowserTest.java:82)<br/>	at nl.hsac.fitnesse.fixture.slim.web.BrowserTest.beforeInvoke(BrowserTest.java:52)<br/>	at nl.hsac.fitnesse.fixture.slim.SlimFixture.aroundSlimInvoke(SlimFixture.java:24)<br/>	at sun.reflect.GeneratedMethodAccessor1.invoke(Unknown Source)<br/>	at sun.reflect.DelegatingMethodAccessorImpl.invoke(DelegatingMethodAccessorImpl.java:43)<br/>	at java.lang.reflect.Method.invoke(Method.java:606)<br/>	at fitnesse.slim.fixtureInteraction.DefaultInteraction.methodInvoke(DefaultInteraction.java:81)<br/>	at fitnesse.slim.MethodExecutor.callMethod(MethodExecutor.java:55)<br/>	at fitnesse.slim.MethodExecutor.invokeMethod(MethodExecutor.java:38)<br/>	at fitnesse.slim.MethodExecutor.findAndInvoke(MethodExecutor.java:72)<br/>	at fitnesse.slim.FixtureMethodExecutor.execute(FixtureMethodExecutor.java:20)<br/>	at fitnesse.slim.StatementExecutor.getMethodExecutionResult(StatementExecutor.java:135)<br/>	at fitnesse.slim.StatementExecutor.call(StatementExecutor.java:108)<br/>	at fitnesse.slim.StatementTimeoutExecutor$3.call(StatementTimeoutExecutor.java:90)<br/>	at java.util.concurrent.FutureTask.run(FutureTask.java:262)<br/>	at java.util.concurrent.ThreadPoolExecutor.runWorker(ThreadPoolExecutor.java:1145)<br/>	at java.util.concurrent.ThreadPoolExecutor$Worker.run(ThreadPoolExecutor.java:615)<br/>	at java.lang.Thread.run(Thread.java:745)<br/></div></span></td>
		<td>value of</td>
		<td colspan="2">Dit is een particuliere computer</td>
	</tr>
	<tr class="slimRowColor0">
		<td>check</td>
		<td>value of</td>
		<td>Ik wil mijn wachtwoord wijzigen nadat ik ben aangemeld</td>
		<td>false <span class="error"><div>org.openqa.selenium.UnsupportedCommandException: ERROR The test with session id 864bf71b1e52428eabffc4aeec1c017e has already finished, and can't receive further commands.<br/>You can learn more at https://saucelabs.com/jobs/864bf71b1e52428eabffc4aeec1c017e<br/>For help, please check https://docs.saucelabs.com/reference/troubleshooting-common-error-messages<br/>Command duration or timeout: 107 milliseconds<br/>Build info: version: '2.53.0', revision: '35ae25b1534ae328c771e0856c93e187490ca824', time: '2016-03-15 10:43:46'<br/>System info: host: 'testing-worker-linux-docker-89428371-3382-linux-5', ip: '172.17.5.65', os.name: 'Linux', os.arch: 'amd64', os.version: '3.13.0-40-generic', java.version: '1.7.0_76'<br/>Session ID: 864bf71b1e52428eabffc4aeec1c017e<br/>Driver info: org.openqa.selenium.remote.RemoteWebDriver<br/>Capabilities [{platform=XP, acceptSslCerts=true, javascriptEnabled=true, hasMetadata=true, browserName=chrome, chrome={userDataDir=C:\Users\ADMINI~1\AppData\Local\Temp\scoped_dir1880_19415, chromedriverVersion=2.21.371459 (36d3d07f660ff2bc1bf28a75d1cdabed0983e7c4)}, rotatable=false, locationContextEnabled=true, mobileEmulationEnabled=false, webdriver.remote.sessionid=864bf71b1e52428eabffc4aeec1c017e, version=50.0.2661.75, takesHeapSnapshot=true, cssSelectorsEnabled=true, databaseEnabled=false, handlesAlerts=true, browserConnectionEnabled=false, webStorageEnabled=true, nativeEvents=true, hasTouchScreen=false, applicationCacheEnabled=false, takesScreenshot=true}]<br/>	at sun.reflect.GeneratedConstructorAccessor11.newInstance(Unknown Source)<br/>	at sun.reflect.DelegatingConstructorAccessorImpl.newInstance(DelegatingConstructorAccessorImpl.java:45)<br/>	at java.lang.reflect.Constructor.newInstance(Constructor.java:526)<br/>	at org.openqa.selenium.remote.ErrorHandler.createThrowable(ErrorHandler.java:206)<br/>	at org.openqa.selenium.remote.ErrorHandler.throwIfResponseFailed(ErrorHandler.java:158)<br/>	at org.openqa.selenium.remote.RemoteWebDriver.execute(RemoteWebDriver.java:678)<br/>	at org.openqa.selenium.remote.RemoteWebDriver.executeAsyncScript(RemoteWebDriver.java:598)<br/>	at nl.hsac.fitnesse.fixture.util.selenium.SeleniumHelper.waitForJavascriptCallback(SeleniumHelper.java:650)<br/>	at nl.hsac.fitnesse.fixture.slim.web.BrowserTest.waitForJavascriptCallback(BrowserTest.java:1768)<br/>	at nl.hsac.fitnesse.fixture.slim.web.NgBrowserTest.waitForAngularRequestsToFinish(NgBrowserTest.java:145)<br/>	at nl.hsac.fitnesse.fixture.slim.web.NgBrowserTest.waitForAngularRequestsToFinish(NgBrowserTest.java:112)<br/>	at nl.hsac.fitnesse.fixture.slim.web.NgBrowserTest.waitForAngularIfNeeded(NgBrowserTest.java:82)<br/>	at nl.hsac.fitnesse.fixture.slim.web.BrowserTest.beforeInvoke(BrowserTest.java:52)<br/>	at nl.hsac.fitnesse.fixture.slim.SlimFixture.aroundSlimInvoke(SlimFixture.java:24)<br/>	at sun.reflect.GeneratedMethodAccessor1.invoke(Unknown Source)<br/>	at sun.reflect.DelegatingMethodAccessorImpl.invoke(DelegatingMethodAccessorImpl.java:43)<br/>	at java.lang.reflect.Method.invoke(Method.java:606)<br/>	at fitnesse.slim.fixtureInteraction.DefaultInteraction.methodInvoke(DefaultInteraction.java:81)<br/>	at fitnesse.slim.MethodExecutor.callMethod(MethodExecutor.java:55)<br/>	at fitnesse.slim.MethodExecutor.invokeMethod(MethodExecutor.java:38)<br/>	at fitnesse.slim.MethodExecutor.findAndInvoke(MethodExecutor.java:72)<br/>	at fitnesse.slim.FixtureMethodExecutor.execute(FixtureMethodExecutor.java:20)<br/>	at fitnesse.slim.StatementExecutor.getMethodExecutionResult(StatementExecutor.java:135)<br/>	at fitnesse.slim.StatementExecutor.call(StatementExecutor.java:108)<br/>	at fitnesse.slim.StatementTimeoutExecutor$3.call(StatementTimeoutExecutor.java:90)<br/>	at java.util.concurrent.FutureTask.run(FutureTask.java:262)<br/>	at java.util.concurrent.ThreadPoolExecutor.runWorker(ThreadPoolExecutor.java:1145)<br/>	at java.util.concurrent.ThreadPoolExecutor$Worker.run(ThreadPoolExecutor.java:615)<br/>	at java.lang.Thread.run(Thread.java:745)<br/></div></span></td>
	</tr>
	<tr class="slimRowColor7">
		<td>reject <span class="error"><div>org.openqa.selenium.UnsupportedCommandException: ERROR The test with session id 864bf71b1e52428eabffc4aeec1c017e has already finished, and can't receive further commands.<br/>You can learn more at https://saucelabs.com/jobs/864bf71b1e52428eabffc4aeec1c017e<br/>For help, please check https://docs.saucelabs.com/reference/troubleshooting-common-error-messages<br/>Command duration or timeout: 86 milliseconds<br/>Build info: version: '2.53.0', revision: '35ae25b1534ae328c771e0856c93e187490ca824', time: '2016-03-15 10:43:46'<br/>System info: host: 'testing-worker-linux-docker-89428371-3382-linux-5', ip: '172.17.5.65', os.name: 'Linux', os.arch: 'amd64', os.version: '3.13.0-40-generic', java.version: '1.7.0_76'<br/>Session ID: 864bf71b1e52428eabffc4aeec1c017e<br/>Driver info: org.openqa.selenium.remote.RemoteWebDriver<br/>Capabilities [{platform=XP, acceptSslCerts=true, javascriptEnabled=true, hasMetadata=true, browserName=chrome, chrome={userDataDir=C:\Users\ADMINI~1\AppData\Local\Temp\scoped_dir1880_19415, chromedriverVersion=2.21.371459 (36d3d07f660ff2bc1bf28a75d1cdabed0983e7c4)}, rotatable=false, locationContextEnabled=true, mobileEmulationEnabled=false, webdriver.remote.sessionid=864bf71b1e52428eabffc4aeec1c017e, version=50.0.2661.75, takesHeapSnapshot=true, cssSelectorsEnabled=true, databaseEnabled=false, handlesAlerts=true, browserConnectionEnabled=false, webStorageEnabled=true, nativeEvents=true, hasTouchScreen=false, applicationCacheEnabled=false, takesScreenshot=true}]<br/>	at sun.reflect.GeneratedConstructorAccessor11.newInstance(Unknown Source)<br/>	at sun.reflect.DelegatingConstructorAccessorImpl.newInstance(DelegatingConstructorAccessorImpl.java:45)<br/>	at java.lang.reflect.Constructor.newInstance(Constructor.java:526)<br/>	at org.openqa.selenium.remote.ErrorHandler.createThrowable(ErrorHandler.java:206)<br/>	at org.openqa.selenium.remote.ErrorHandler.throwIfResponseFailed(ErrorHandler.java:158)<br/>	at org.openqa.selenium.remote.RemoteWebDriver.execute(RemoteWebDriver.java:678)<br/>	at org.openqa.selenium.remote.RemoteWebDriver.executeAsyncScript(RemoteWebDriver.java:598)<br/>	at nl.hsac.fitnesse.fixture.util.selenium.SeleniumHelper.waitForJavascriptCallback(SeleniumHelper.java:650)<br/>	at nl.hsac.fitnesse.fixture.slim.web.BrowserTest.waitForJavascriptCallback(BrowserTest.java:1768)<br/>	at nl.hsac.fitnesse.fixture.slim.web.NgBrowserTest.waitForAngularRequestsToFinish(NgBrowserTest.java:145)<br/>	at nl.hsac.fitnesse.fixture.slim.web.NgBrowserTest.waitForAngularRequestsToFinish(NgBrowserTest.java:112)<br/>	at nl.hsac.fitnesse.fixture.slim.web.NgBrowserTest.waitForAngularIfNeeded(NgBrowserTest.java:82)<br/>	at nl.hsac.fitnesse.fixture.slim.web.BrowserTest.beforeInvoke(BrowserTest.java:52)<br/>	at nl.hsac.fitnesse.fixture.slim.SlimFixture.aroundSlimInvoke(SlimFixture.java:24)<br/>	at sun.reflect.GeneratedMethodAccessor1.invoke(Unknown Source)<br/>	at sun.reflect.DelegatingMethodAccessorImpl.invoke(DelegatingMethodAccessorImpl.java:43)<br/>	at java.lang.reflect.Method.invoke(Method.java:606)<br/>	at fitnesse.slim.fixtureInteraction.DefaultInteraction.methodInvoke(DefaultInteraction.java:81)<br/>	at fitnesse.slim.MethodExecutor.callMethod(MethodExecutor.java:55)<br/>	at fitnesse.slim.MethodExecutor.invokeMethod(MethodExecutor.java:38)<br/>	at fitnesse.slim.MethodExecutor.findAndInvoke(MethodExecutor.java:72)<br/>	at fitnesse.slim.FixtureMethodExecutor.execute(FixtureMethodExecutor.java:20)<br/>	at fitnesse.slim.StatementExecutor.getMethodExecutionResult(StatementExecutor.java:135)<br/>	at fitnesse.slim.StatementExecutor.call(StatementExecutor.java:108)<br/>	at fitnesse.slim.StatementTimeoutExecutor$3.call(StatementTimeoutExecutor.java:90)<br/>	at java.util.concurrent.FutureTask.run(FutureTask.java:262)<br/>	at java.util.concurrent.ThreadPoolExecutor.runWorker(ThreadPoolExecutor.java:1145)<br/>	at java.util.concurrent.ThreadPoolExecutor$Worker.run(ThreadPoolExecutor.java:615)<br/>	at java.lang.Thread.run(Thread.java:745)<br/></div></span></td>
		<td>value of</td>
		<td colspan="2">Ik wil mijn wachtwoord wijzigen nadat ik ben aangemeld</td>
	</tr>
	<tr class="slimRowColor8">
		<td>click <span class="error"><div>org.openqa.selenium.UnsupportedCommandException: ERROR The test with session id 864bf71b1e52428eabffc4aeec1c017e has already finished, and can't receive further commands.<br/>You can learn more at https://saucelabs.com/jobs/864bf71b1e52428eabffc4aeec1c017e<br/>For help, please check https://docs.saucelabs.com/reference/troubleshooting-common-error-messages<br/>Command duration or timeout: 97 milliseconds<br/>Build info: version: '2.53.0', revision: '35ae25b1534ae328c771e0856c93e187490ca824', time: '2016-03-15 10:43:46'<br/>System info: host: 'testing-worker-linux-docker-89428371-3382-linux-5', ip: '172.17.5.65', os.name: 'Linux', os.arch: 'amd64', os.version: '3.13.0-40-generic', java.version: '1.7.0_76'<br/>Session ID: 864bf71b1e52428eabffc4aeec1c017e<br/>Driver info: org.openqa.selenium.remote.RemoteWebDriver<br/>Capabilities [{platform=XP, acceptSslCerts=true, javascriptEnabled=true, hasMetadata=true, browserName=chrome, chrome={userDataDir=C:\Users\ADMINI~1\AppData\Local\Temp\scoped_dir1880_19415, chromedriverVersion=2.21.371459 (36d3d07f660ff2bc1bf28a75d1cdabed0983e7c4)}, rotatable=false, locationContextEnabled=true, mobileEmulationEnabled=false, webdriver.remote.sessionid=864bf71b1e52428eabffc4aeec1c017e, version=50.0.2661.75, takesHeapSnapshot=true, cssSelectorsEnabled=true, databaseEnabled=false, handlesAlerts=true, browserConnectionEnabled=false, webStorageEnabled=true, nativeEvents=true, hasTouchScreen=false, applicationCacheEnabled=false, takesScreenshot=true}]<br/>	at sun.reflect.GeneratedConstructorAccessor11.newInstance(Unknown Source)<br/>	at sun.reflect.DelegatingConstructorAccessorImpl.newInstance(DelegatingConstructorAccessorImpl.java:45)<br/>	at java.lang.reflect.Constructor.newInstance(Constructor.java:526)<br/>	at org.openqa.selenium.remote.ErrorHandler.createThrowable(ErrorHandler.java:206)<br/>	at org.openqa.selenium.remote.ErrorHandler.throwIfResponseFailed(ErrorHandler.java:158)<br/>	at org.openqa.selenium.remote.RemoteWebDriver.execute(RemoteWebDriver.java:678)<br/>	at org.openqa.selenium.remote.RemoteWebDriver.executeAsyncScript(RemoteWebDriver.java:598)<br/>	at nl.hsac.fitnesse.fixture.util.selenium.SeleniumHelper.waitForJavascriptCallback(SeleniumHelper.java:650)<br/>	at nl.hsac.fitnesse.fixture.slim.web.BrowserTest.waitForJavascriptCallback(BrowserTest.java:1768)<br/>	at nl.hsac.fitnesse.fixture.slim.web.NgBrowserTest.waitForAngularRequestsToFinish(NgBrowserTest.java:145)<br/>	at nl.hsac.fitnesse.fixture.slim.web.NgBrowserTest.waitForAngularRequestsToFinish(NgBrowserTest.java:112)<br/>	at nl.hsac.fitnesse.fixture.slim.web.NgBrowserTest.waitForAngularIfNeeded(NgBrowserTest.java:82)<br/>	at nl.hsac.fitnesse.fixture.slim.web.BrowserTest.beforeInvoke(BrowserTest.java:52)<br/>	at nl.hsac.fitnesse.fixture.slim.SlimFixture.aroundSlimInvoke(SlimFixture.java:24)<br/>	at sun.reflect.GeneratedMethodAccessor1.invoke(Unknown Source)<br/>	at sun.reflect.DelegatingMethodAccessorImpl.invoke(DelegatingMethodAccessorImpl.java:43)<br/>	at java.lang.reflect.Method.invoke(Method.java:606)<br/>	at fitnesse.slim.fixtureInteraction.DefaultInteraction.methodInvoke(DefaultInteraction.java:81)<br/>	at fitnesse.slim.MethodExecutor.callMethod(MethodExecutor.java:55)<br/>	at fitnesse.slim.MethodExecutor.invokeMethod(MethodExecutor.java:38)<br/>	at fitnesse.slim.MethodExecutor.findAndInvoke(MethodExecutor.java:72)<br/>	at fitnesse.slim.FixtureMethodExecutor.execute(FixtureMethodExecutor.java:20)<br/>	at fitnesse.slim.StatementExecutor.getMethodExecutionResult(StatementExecutor.java:135)<br/>	at fitnesse.slim.StatementExecutor.call(StatementExecutor.java:108)<br/>	at fitnesse.slim.StatementTimeoutExecutor$3.call(StatementTimeoutExecutor.java:90)<br/>	at java.util.concurrent.FutureTask.run(FutureTask.java:262)<br/>	at java.util.concurrent.ThreadPoolExecutor.runWorker(ThreadPoolExecutor.java:1145)<br/>	at java.util.concurrent.ThreadPoolExecutor$Worker.run(ThreadPoolExecutor.java:615)<br/>	at java.lang.Thread.run(Thread.java:745)<br/></div></span></td>
		<td colspan="3">Dit is een particuliere computer</td>
	</tr>
	<tr class="slimRowColor0">
		<td>check</td>
		<td>value of</td>
		<td>Dit is een particuliere computer</td>
		<td>true <span class="error"><div>org.openqa.selenium.UnsupportedCommandException: ERROR The test with session id 864bf71b1e52428eabffc4aeec1c017e has already finished, and can't receive further commands.<br/>You can learn more at https://saucelabs.com/jobs/864bf71b1e52428eabffc4aeec1c017e<br/>For help, please check https://docs.saucelabs.com/reference/troubleshooting-common-error-messages<br/>Command duration or timeout: 101 milliseconds<br/>Build info: version: '2.53.0', revision: '35ae25b1534ae328c771e0856c93e187490ca824', time: '2016-03-15 10:43:46'<br/>System info: host: 'testing-worker-linux-docker-89428371-3382-linux-5', ip: '172.17.5.65', os.name: 'Linux', os.arch: 'amd64', os.version: '3.13.0-40-generic', java.version: '1.7.0_76'<br/>Session ID: 864bf71b1e52428eabffc4aeec1c017e<br/>Driver info: org.openqa.selenium.remote.RemoteWebDriver<br/>Capabilities [{platform=XP, acceptSslCerts=true, javascriptEnabled=true, hasMetadata=true, browserName=chrome, chrome={userDataDir=C:\Users\ADMINI~1\AppData\Local\Temp\scoped_dir1880_19415, chromedriverVersion=2.21.371459 (36d3d07f660ff2bc1bf28a75d1cdabed0983e7c4)}, rotatable=false, locationContextEnabled=true, mobileEmulationEnabled=false, webdriver.remote.sessionid=864bf71b1e52428eabffc4aeec1c017e, version=50.0.2661.75, takesHeapSnapshot=true, cssSelectorsEnabled=true, databaseEnabled=false, handlesAlerts=true, browserConnectionEnabled=false, webStorageEnabled=true, nativeEvents=true, hasTouchScreen=false, applicationCacheEnabled=false, takesScreenshot=true}]<br/>	at sun.reflect.GeneratedConstructorAccessor11.newInstance(Unknown Source)<br/>	at sun.reflect.DelegatingConstructorAccessorImpl.newInstance(DelegatingConstructorAccessorImpl.java:45)<br/>	at java.lang.reflect.Constructor.newInstance(Constructor.java:526)<br/>	at org.openqa.selenium.remote.ErrorHandler.createThrowable(ErrorHandler.java:206)<br/>	at org.openqa.selenium.remote.ErrorHandler.throwIfResponseFailed(ErrorHandler.java:158)<br/>	at org.openqa.selenium.remote.RemoteWebDriver.execute(RemoteWebDriver.java:678)<br/>	at org.openqa.selenium.remote.RemoteWebDriver.executeAsyncScript(RemoteWebDriver.java:598)<br/>	at nl.hsac.fitnesse.fixture.util.selenium.SeleniumHelper.waitForJavascriptCallback(SeleniumHelper.java:650)<br/>	at nl.hsac.fitnesse.fixture.slim.web.BrowserTest.waitForJavascriptCallback(BrowserTest.java:1768)<br/>	at nl.hsac.fitnesse.fixture.slim.web.NgBrowserTest.waitForAngularRequestsToFinish(NgBrowserTest.java:145)<br/>	at nl.hsac.fitnesse.fixture.slim.web.NgBrowserTest.waitForAngularRequestsToFinish(NgBrowserTest.java:112)<br/>	at nl.hsac.fitnesse.fixture.slim.web.NgBrowserTest.waitForAngularIfNeeded(NgBrowserTest.java:82)<br/>	at nl.hsac.fitnesse.fixture.slim.web.BrowserTest.beforeInvoke(BrowserTest.java:52)<br/>	at nl.hsac.fitnesse.fixture.slim.SlimFixture.aroundSlimInvoke(SlimFixture.java:24)<br/>	at sun.reflect.GeneratedMethodAccessor1.invoke(Unknown Source)<br/>	at sun.reflect.DelegatingMethodAccessorImpl.invoke(DelegatingMethodAccessorImpl.java:43)<br/>	at java.lang.reflect.Method.invoke(Method.java:606)<br/>	at fitnesse.slim.fixtureInteraction.DefaultInteraction.methodInvoke(DefaultInteraction.java:81)<br/>	at fitnesse.slim.MethodExecutor.callMethod(MethodExecutor.java:55)<br/>	at fitnesse.slim.MethodExecutor.invokeMethod(MethodExecutor.java:38)<br/>	at fitnesse.slim.MethodExecutor.findAndInvoke(MethodExecutor.java:72)<br/>	at fitnesse.slim.FixtureMethodExecutor.execute(FixtureMethodExecutor.java:20)<br/>	at fitnesse.slim.StatementExecutor.getMethodExecutionResult(StatementExecutor.java:135)<br/>	at fitnesse.slim.StatementExecutor.call(StatementExecutor.java:108)<br/>	at fitnesse.slim.StatementTimeoutExecutor$3.call(StatementTimeoutExecutor.java:90)<br/>	at java.util.concurrent.FutureTask.run(FutureTask.java:262)<br/>	at java.util.concurrent.ThreadPoolExecutor.runWorker(ThreadPoolExecutor.java:1145)<br/>	at java.util.concurrent.ThreadPoolExecutor$Worker.run(ThreadPoolExecutor.java:615)<br/>	at java.lang.Thread.run(Thread.java:745)<br/></div></span></td>
	</tr>
	<tr class="slimRowColor8">
		<td>ensure <span class="error"><div>org.openqa.selenium.UnsupportedCommandException: ERROR The test with session id 864bf71b1e52428eabffc4aeec1c017e has already finished, and can't receive further commands.<br/>You can learn more at https://saucelabs.com/jobs/864bf71b1e52428eabffc4aeec1c017e<br/>For help, please check https://docs.saucelabs.com/reference/troubleshooting-common-error-messages<br/>Command duration or timeout: 99 milliseconds<br/>Build info: version: '2.53.0', revision: '35ae25b1534ae328c771e0856c93e187490ca824', time: '2016-03-15 10:43:46'<br/>System info: host: 'testing-worker-linux-docker-89428371-3382-linux-5', ip: '172.17.5.65', os.name: 'Linux', os.arch: 'amd64', os.version: '3.13.0-40-generic', java.version: '1.7.0_76'<br/>Session ID: 864bf71b1e52428eabffc4aeec1c017e<br/>Driver info: org.openqa.selenium.remote.RemoteWebDriver<br/>Capabilities [{platform=XP, acceptSslCerts=true, javascriptEnabled=true, hasMetadata=true, browserName=chrome, chrome={userDataDir=C:\Users\ADMINI~1\AppData\Local\Temp\scoped_dir1880_19415, chromedriverVersion=2.21.371459 (36d3d07f660ff2bc1bf28a75d1cdabed0983e7c4)}, rotatable=false, locationContextEnabled=true, mobileEmulationEnabled=false, webdriver.remote.sessionid=864bf71b1e52428eabffc4aeec1c017e, version=50.0.2661.75, takesHeapSnapshot=true, cssSelectorsEnabled=true, databaseEnabled=false, handlesAlerts=true, browserConnectionEnabled=false, webStorageEnabled=true, nativeEvents=true, hasTouchScreen=false, applicationCacheEnabled=false, takesScreenshot=true}]<br/>	at sun.reflect.GeneratedConstructorAccessor11.newInstance(Unknown Source)<br/>	at sun.reflect.DelegatingConstructorAccessorImpl.newInstance(DelegatingConstructorAccessorImpl.java:45)<br/>	at java.lang.reflect.Constructor.newInstance(Constructor.java:526)<br/>	at org.openqa.selenium.remote.ErrorHandler.createThrowable(ErrorHandler.java:206)<br/>	at org.openqa.selenium.remote.ErrorHandler.throwIfResponseFailed(ErrorHandler.java:158)<br/>	at org.openqa.selenium.remote.RemoteWebDriver.execute(RemoteWebDriver.java:678)<br/>	at org.openqa.selenium.remote.RemoteWebDriver.executeAsyncScript(RemoteWebDriver.java:598)<br/>	at nl.hsac.fitnesse.fixture.util.selenium.SeleniumHelper.waitForJavascriptCallback(SeleniumHelper.java:650)<br/>	at nl.hsac.fitnesse.fixture.slim.web.BrowserTest.waitForJavascriptCallback(BrowserTest.java:1768)<br/>	at nl.hsac.fitnesse.fixture.slim.web.NgBrowserTest.waitForAngularRequestsToFinish(NgBrowserTest.java:145)<br/>	at nl.hsac.fitnesse.fixture.slim.web.NgBrowserTest.waitForAngularRequestsToFinish(NgBrowserTest.java:112)<br/>	at nl.hsac.fitnesse.fixture.slim.web.NgBrowserTest.waitForAngularIfNeeded(NgBrowserTest.java:82)<br/>	at nl.hsac.fitnesse.fixture.slim.web.BrowserTest.beforeInvoke(BrowserTest.java:52)<br/>	at nl.hsac.fitnesse.fixture.slim.SlimFixture.aroundSlimInvoke(SlimFixture.java:24)<br/>	at sun.reflect.GeneratedMethodAccessor1.invoke(Unknown Source)<br/>	at sun.reflect.DelegatingMethodAccessorImpl.invoke(DelegatingMethodAccessorImpl.java:43)<br/>	at java.lang.reflect.Method.invoke(Method.java:606)<br/>	at fitnesse.slim.fixtureInteraction.DefaultInteraction.methodInvoke(DefaultInteraction.java:81)<br/>	at fitnesse.slim.MethodExecutor.callMethod(MethodExecutor.java:55)<br/>	at fitnesse.slim.MethodExecutor.invokeMethod(MethodExecutor.java:38)<br/>	at fitnesse.slim.MethodExecutor.findAndInvoke(MethodExecutor.java:72)<br/>	at fitnesse.slim.FixtureMethodExecutor.execute(FixtureMethodExecutor.java:20)<br/>	at fitnesse.slim.StatementExecutor.getMethodExecutionResult(StatementExecutor.java:135)<br/>	at fitnesse.slim.StatementExecutor.call(StatementExecutor.java:108)<br/>	at fitnesse.slim.StatementTimeoutExecutor$3.call(StatementTimeoutExecutor.java:90)<br/>	at java.util.concurrent.FutureTask.run(FutureTask.java:262)<br/>	at java.util.concurrent.ThreadPoolExecutor.runWorker(ThreadPoolExecutor.java:1145)<br/>	at java.util.concurrent.ThreadPoolExecutor$Worker.run(ThreadPoolExecutor.java:615)<br/>	at java.lang.Thread.run(Thread.java:745)<br/></div></span></td>
		<td>value of</td>
		<td colspan="2">Dit is een particuliere computer</td>
	</tr>
	<tr class="slimRowColor7">
		<td>reject <span class="error"><div>org.openqa.selenium.UnsupportedCommandException: ERROR The test with session id 864bf71b1e52428eabffc4aeec1c017e has already finished, and can't receive further commands.<br/>You can learn more at https://saucelabs.com/jobs/864bf71b1e52428eabffc4aeec1c017e<br/>For help, please check https://docs.saucelabs.com/reference/troubleshooting-common-error-messages<br/>Command duration or timeout: 101 milliseconds<br/>Build info: version: '2.53.0', revision: '35ae25b1534ae328c771e0856c93e187490ca824', time: '2016-03-15 10:43:46'<br/>System info: host: 'testing-worker-linux-docker-89428371-3382-linux-5', ip: '172.17.5.65', os.name: 'Linux', os.arch: 'amd64', os.version: '3.13.0-40-generic', java.version: '1.7.0_76'<br/>Session ID: 864bf71b1e52428eabffc4aeec1c017e<br/>Driver info: org.openqa.selenium.remote.RemoteWebDriver<br/>Capabilities [{platform=XP, acceptSslCerts=true, javascriptEnabled=true, hasMetadata=true, browserName=chrome, chrome={userDataDir=C:\Users\ADMINI~1\AppData\Local\Temp\scoped_dir1880_19415, chromedriverVersion=2.21.371459 (36d3d07f660ff2bc1bf28a75d1cdabed0983e7c4)}, rotatable=false, locationContextEnabled=true, mobileEmulationEnabled=false, webdriver.remote.sessionid=864bf71b1e52428eabffc4aeec1c017e, version=50.0.2661.75, takesHeapSnapshot=true, cssSelectorsEnabled=true, databaseEnabled=false, handlesAlerts=true, browserConnectionEnabled=false, webStorageEnabled=true, nativeEvents=true, hasTouchScreen=false, applicationCacheEnabled=false, takesScreenshot=true}]<br/>	at sun.reflect.GeneratedConstructorAccessor11.newInstance(Unknown Source)<br/>	at sun.reflect.DelegatingConstructorAccessorImpl.newInstance(DelegatingConstructorAccessorImpl.java:45)<br/>	at java.lang.reflect.Constructor.newInstance(Constructor.java:526)<br/>	at org.openqa.selenium.remote.ErrorHandler.createThrowable(ErrorHandler.java:206)<br/>	at org.openqa.selenium.remote.ErrorHandler.throwIfResponseFailed(ErrorHandler.java:158)<br/>	at org.openqa.selenium.remote.RemoteWebDriver.execute(RemoteWebDriver.java:678)<br/>	at org.openqa.selenium.remote.RemoteWebDriver.executeAsyncScript(RemoteWebDriver.java:598)<br/>	at nl.hsac.fitnesse.fixture.util.selenium.SeleniumHelper.waitForJavascriptCallback(SeleniumHelper.java:650)<br/>	at nl.hsac.fitnesse.fixture.slim.web.BrowserTest.waitForJavascriptCallback(BrowserTest.java:1768)<br/>	at nl.hsac.fitnesse.fixture.slim.web.NgBrowserTest.waitForAngularRequestsToFinish(NgBrowserTest.java:145)<br/>	at nl.hsac.fitnesse.fixture.slim.web.NgBrowserTest.waitForAngularRequestsToFinish(NgBrowserTest.java:112)<br/>	at nl.hsac.fitnesse.fixture.slim.web.NgBrowserTest.waitForAngularIfNeeded(NgBrowserTest.java:82)<br/>	at nl.hsac.fitnesse.fixture.slim.web.BrowserTest.beforeInvoke(BrowserTest.java:52)<br/>	at nl.hsac.fitnesse.fixture.slim.SlimFixture.aroundSlimInvoke(SlimFixture.java:24)<br/>	at sun.reflect.GeneratedMethodAccessor1.invoke(Unknown Source)<br/>	at sun.reflect.DelegatingMethodAccessorImpl.invoke(DelegatingMethodAccessorImpl.java:43)<br/>	at java.lang.reflect.Method.invoke(Method.java:606)<br/>	at fitnesse.slim.fixtureInteraction.DefaultInteraction.methodInvoke(DefaultInteraction.java:81)<br/>	at fitnesse.slim.MethodExecutor.callMethod(MethodExecutor.java:55)<br/>	at fitnesse.slim.MethodExecutor.invokeMethod(MethodExecutor.java:38)<br/>	at fitnesse.slim.MethodExecutor.findAndInvoke(MethodExecutor.java:72)<br/>	at fitnesse.slim.FixtureMethodExecutor.execute(FixtureMethodExecutor.java:20)<br/>	at fitnesse.slim.StatementExecutor.getMethodExecutionResult(StatementExecutor.java:135)<br/>	at fitnesse.slim.StatementExecutor.call(StatementExecutor.java:108)<br/>	at fitnesse.slim.StatementTimeoutExecutor$3.call(StatementTimeoutExecutor.java:90)<br/>	at java.util.concurrent.FutureTask.run(FutureTask.java:262)<br/>	at java.util.concurrent.ThreadPoolExecutor.runWorker(ThreadPoolExecutor.java:1145)<br/>	at java.util.concurrent.ThreadPoolExecutor$Worker.run(ThreadPoolExecutor.java:615)<br/>	at java.lang.Thread.run(Thread.java:745)<br/></div></span></td>
		<td>value of</td>
		<td colspan="2">Dit is een openbare of gedeelde computer</td>
	</tr>
	<tr class="slimRowColor8">
		<td>click <span class="error"><div>org.openqa.selenium.UnsupportedCommandException: ERROR The test with session id 864bf71b1e52428eabffc4aeec1c017e has already finished, and can't receive further commands.<br/>You can learn more at https://saucelabs.com/jobs/864bf71b1e52428eabffc4aeec1c017e<br/>For help, please check https://docs.saucelabs.com/reference/troubleshooting-common-error-messages<br/>Command duration or timeout: 91 milliseconds<br/>Build info: version: '2.53.0', revision: '35ae25b1534ae328c771e0856c93e187490ca824', time: '2016-03-15 10:43:46'<br/>System info: host: 'testing-worker-linux-docker-89428371-3382-linux-5', ip: '172.17.5.65', os.name: 'Linux', os.arch: 'amd64', os.version: '3.13.0-40-generic', java.version: '1.7.0_76'<br/>Session ID: 864bf71b1e52428eabffc4aeec1c017e<br/>Driver info: org.openqa.selenium.remote.RemoteWebDriver<br/>Capabilities [{platform=XP, acceptSslCerts=true, javascriptEnabled=true, hasMetadata=true, browserName=chrome, chrome={userDataDir=C:\Users\ADMINI~1\AppData\Local\Temp\scoped_dir1880_19415, chromedriverVersion=2.21.371459 (36d3d07f660ff2bc1bf28a75d1cdabed0983e7c4)}, rotatable=false, locationContextEnabled=true, mobileEmulationEnabled=false, webdriver.remote.sessionid=864bf71b1e52428eabffc4aeec1c017e, version=50.0.2661.75, takesHeapSnapshot=true, cssSelectorsEnabled=true, databaseEnabled=false, handlesAlerts=true, browserConnectionEnabled=false, webStorageEnabled=true, nativeEvents=true, hasTouchScreen=false, applicationCacheEnabled=false, takesScreenshot=true}]<br/>	at sun.reflect.GeneratedConstructorAccessor11.newInstance(Unknown Source)<br/>	at sun.reflect.DelegatingConstructorAccessorImpl.newInstance(DelegatingConstructorAccessorImpl.java:45)<br/>	at java.lang.reflect.Constructor.newInstance(Constructor.java:526)<br/>	at org.openqa.selenium.remote.ErrorHandler.createThrowable(ErrorHandler.java:206)<br/>	at org.openqa.selenium.remote.ErrorHandler.throwIfResponseFailed(ErrorHandler.java:158)<br/>	at org.openqa.selenium.remote.RemoteWebDriver.execute(RemoteWebDriver.java:678)<br/>	at org.openqa.selenium.remote.RemoteWebDriver.executeAsyncScript(RemoteWebDriver.java:598)<br/>	at nl.hsac.fitnesse.fixture.util.selenium.SeleniumHelper.waitForJavascriptCallback(SeleniumHelper.java:650)<br/>	at nl.hsac.fitnesse.fixture.slim.web.BrowserTest.waitForJavascriptCallback(BrowserTest.java:1768)<br/>	at nl.hsac.fitnesse.fixture.slim.web.NgBrowserTest.waitForAngularRequestsToFinish(NgBrowserTest.java:145)<br/>	at nl.hsac.fitnesse.fixture.slim.web.NgBrowserTest.waitForAngularRequestsToFinish(NgBrowserTest.java:112)<br/>	at nl.hsac.fitnesse.fixture.slim.web.NgBrowserTest.waitForAngularIfNeeded(NgBrowserTest.java:82)<br/>	at nl.hsac.fitnesse.fixture.slim.web.BrowserTest.beforeInvoke(BrowserTest.java:52)<br/>	at nl.hsac.fitnesse.fixture.slim.SlimFixture.aroundSlimInvoke(SlimFixture.java:24)<br/>	at sun.reflect.GeneratedMethodAccessor1.invoke(Unknown Source)<br/>	at sun.reflect.DelegatingMethodAccessorImpl.invoke(DelegatingMethodAccessorImpl.java:43)<br/>	at java.lang.reflect.Method.invoke(Method.java:606)<br/>	at fitnesse.slim.fixtureInteraction.DefaultInteraction.methodInvoke(DefaultInteraction.java:81)<br/>	at fitnesse.slim.MethodExecutor.callMethod(MethodExecutor.java:55)<br/>	at fitnesse.slim.MethodExecutor.invokeMethod(MethodExecutor.java:38)<br/>	at fitnesse.slim.MethodExecutor.findAndInvoke(MethodExecutor.java:72)<br/>	at fitnesse.slim.FixtureMethodExecutor.execute(FixtureMethodExecutor.java:20)<br/>	at fitnesse.slim.StatementExecutor.getMethodExecutionResult(StatementExecutor.java:135)<br/>	at fitnesse.slim.StatementExecutor.call(StatementExecutor.java:108)<br/>	at fitnesse.slim.StatementTimeoutExecutor$3.call(StatementTimeoutExecutor.java:90)<br/>	at java.util.concurrent.FutureTask.run(FutureTask.java:262)<br/>	at java.util.concurrent.ThreadPoolExecutor.runWorker(ThreadPoolExecutor.java:1145)<br/>	at java.util.concurrent.ThreadPoolExecutor$Worker.run(ThreadPoolExecutor.java:615)<br/>	at java.lang.Thread.run(Thread.java:745)<br/></div></span></td>
		<td colspan="3">Dit is een openbare of gedeelde computer</td>
	</tr>
	<tr class="slimRowColor0">
		<td>check</td>
		<td>value of</td>
		<td>Dit is een openbare of gedeelde computer</td>
		<td>true <span class="error"><div>org.openqa.selenium.UnsupportedCommandException: ERROR The test with session id 864bf71b1e52428eabffc4aeec1c017e has already finished, and can't receive further commands.<br/>You can learn more at https://saucelabs.com/jobs/864bf71b1e52428eabffc4aeec1c017e<br/>For help, please check https://docs.saucelabs.com/reference/troubleshooting-common-error-messages<br/>Command duration or timeout: 92 milliseconds<br/>Build info: version: '2.53.0', revision: '35ae25b1534ae328c771e0856c93e187490ca824', time: '2016-03-15 10:43:46'<br/>System info: host: 'testing-worker-linux-docker-89428371-3382-linux-5', ip: '172.17.5.65', os.name: 'Linux', os.arch: 'amd64', os.version: '3.13.0-40-generic', java.version: '1.7.0_76'<br/>Session ID: 864bf71b1e52428eabffc4aeec1c017e<br/>Driver info: org.openqa.selenium.remote.RemoteWebDriver<br/>Capabilities [{platform=XP, acceptSslCerts=true, javascriptEnabled=true, hasMetadata=true, browserName=chrome, chrome={userDataDir=C:\Users\ADMINI~1\AppData\Local\Temp\scoped_dir1880_19415, chromedriverVersion=2.21.371459 (36d3d07f660ff2bc1bf28a75d1cdabed0983e7c4)}, rotatable=false, locationContextEnabled=true, mobileEmulationEnabled=false, webdriver.remote.sessionid=864bf71b1e52428eabffc4aeec1c017e, version=50.0.2661.75, takesHeapSnapshot=true, cssSelectorsEnabled=true, databaseEnabled=false, handlesAlerts=true, browserConnectionEnabled=false, webStorageEnabled=true, nativeEvents=true, hasTouchScreen=false, applicationCacheEnabled=false, takesScreenshot=true}]<br/>	at sun.reflect.GeneratedConstructorAccessor11.newInstance(Unknown Source)<br/>	at sun.reflect.DelegatingConstructorAccessorImpl.newInstance(DelegatingConstructorAccessorImpl.java:45)<br/>	at java.lang.reflect.Constructor.newInstance(Constructor.java:526)<br/>	at org.openqa.selenium.remote.ErrorHandler.createThrowable(ErrorHandler.java:206)<br/>	at org.openqa.selenium.remote.ErrorHandler.throwIfResponseFailed(ErrorHandler.java:158)<br/>	at org.openqa.selenium.remote.RemoteWebDriver.execute(RemoteWebDriver.java:678)<br/>	at org.openqa.selenium.remote.RemoteWebDriver.executeAsyncScript(RemoteWebDriver.java:598)<br/>	at nl.hsac.fitnesse.fixture.util.selenium.SeleniumHelper.waitForJavascriptCallback(SeleniumHelper.java:650)<br/>	at nl.hsac.fitnesse.fixture.slim.web.BrowserTest.waitForJavascriptCallback(BrowserTest.java:1768)<br/>	at nl.hsac.fitnesse.fixture.slim.web.NgBrowserTest.waitForAngularRequestsToFinish(NgBrowserTest.java:145)<br/>	at nl.hsac.fitnesse.fixture.slim.web.NgBrowserTest.waitForAngularRequestsToFinish(NgBrowserTest.java:112)<br/>	at nl.hsac.fitnesse.fixture.slim.web.NgBrowserTest.waitForAngularIfNeeded(NgBrowserTest.java:82)<br/>	at nl.hsac.fitnesse.fixture.slim.web.BrowserTest.beforeInvoke(BrowserTest.java:52)<br/>	at nl.hsac.fitnesse.fixture.slim.SlimFixture.aroundSlimInvoke(SlimFixture.java:24)<br/>	at sun.reflect.GeneratedMethodAccessor1.invoke(Unknown Source)<br/>	at sun.reflect.DelegatingMethodAccessorImpl.invoke(DelegatingMethodAccessorImpl.java:43)<br/>	at java.lang.reflect.Method.invoke(Method.java:606)<br/>	at fitnesse.slim.fixtureInteraction.DefaultInteraction.methodInvoke(DefaultInteraction.java:81)<br/>	at fitnesse.slim.MethodExecutor.callMethod(MethodExecutor.java:55)<br/>	at fitnesse.slim.MethodExecutor.invokeMethod(MethodExecutor.java:38)<br/>	at fitnesse.slim.MethodExecutor.findAndInvoke(MethodExecutor.java:72)<br/>	at fitnesse.slim.FixtureMethodExecutor.execute(FixtureMethodExecutor.java:20)<br/>	at fitnesse.slim.StatementExecutor.getMethodExecutionResult(StatementExecutor.java:135)<br/>	at fitnesse.slim.StatementExecutor.call(StatementExecutor.java:108)<br/>	at fitnesse.slim.StatementTimeoutExecutor$3.call(StatementTimeoutExecutor.java:90)<br/>	at java.util.concurrent.FutureTask.run(FutureTask.java:262)<br/>	at java.util.concurrent.ThreadPoolExecutor.runWorker(ThreadPoolExecutor.java:1145)<br/>	at java.util.concurrent.ThreadPoolExecutor$Worker.run(ThreadPoolExecutor.java:615)<br/>	at java.lang.Thread.run(Thread.java:745)<br/></div></span></td>
	</tr>
	<tr class="slimRowColor8">
		<td>click <span class="error"><div>org.openqa.selenium.UnsupportedCommandException: ERROR The test with session id 864bf71b1e52428eabffc4aeec1c017e has already finished, and can't receive further commands.<br/>You can learn more at https://saucelabs.com/jobs/864bf71b1e52428eabffc4aeec1c017e<br/>For help, please check https://docs.saucelabs.com/reference/troubleshooting-common-error-messages<br/>Command duration or timeout: 82 milliseconds<br/>Build info: version: '2.53.0', revision: '35ae25b1534ae328c771e0856c93e187490ca824', time: '2016-03-15 10:43:46'<br/>System info: host: 'testing-worker-linux-docker-89428371-3382-linux-5', ip: '172.17.5.65', os.name: 'Linux', os.arch: 'amd64', os.version: '3.13.0-40-generic', java.version: '1.7.0_76'<br/>Session ID: 864bf71b1e52428eabffc4aeec1c017e<br/>Driver info: org.openqa.selenium.remote.RemoteWebDriver<br/>Capabilities [{platform=XP, acceptSslCerts=true, javascriptEnabled=true, hasMetadata=true, browserName=chrome, chrome={userDataDir=C:\Users\ADMINI~1\AppData\Local\Temp\scoped_dir1880_19415, chromedriverVersion=2.21.371459 (36d3d07f660ff2bc1bf28a75d1cdabed0983e7c4)}, rotatable=false, locationContextEnabled=true, mobileEmulationEnabled=false, webdriver.remote.sessionid=864bf71b1e52428eabffc4aeec1c017e, version=50.0.2661.75, takesHeapSnapshot=true, cssSelectorsEnabled=true, databaseEnabled=false, handlesAlerts=true, browserConnectionEnabled=false, webStorageEnabled=true, nativeEvents=true, hasTouchScreen=false, applicationCacheEnabled=false, takesScreenshot=true}]<br/>	at sun.reflect.GeneratedConstructorAccessor11.newInstance(Unknown Source)<br/>	at sun.reflect.DelegatingConstructorAccessorImpl.newInstance(DelegatingConstructorAccessorImpl.java:45)<br/>	at java.lang.reflect.Constructor.newInstance(Constructor.java:526)<br/>	at org.openqa.selenium.remote.ErrorHandler.createThrowable(ErrorHandler.java:206)<br/>	at org.openqa.selenium.remote.ErrorHandler.throwIfResponseFailed(ErrorHandler.java:158)<br/>	at org.openqa.selenium.remote.RemoteWebDriver.execute(RemoteWebDriver.java:678)<br/>	at org.openqa.selenium.remote.RemoteWebDriver.executeAsyncScript(RemoteWebDriver.java:598)<br/>	at nl.hsac.fitnesse.fixture.util.selenium.SeleniumHelper.waitForJavascriptCallback(SeleniumHelper.java:650)<br/>	at nl.hsac.fitnesse.fixture.slim.web.BrowserTest.waitForJavascriptCallback(BrowserTest.java:1768)<br/>	at nl.hsac.fitnesse.fixture.slim.web.NgBrowserTest.waitForAngularRequestsToFinish(NgBrowserTest.java:145)<br/>	at nl.hsac.fitnesse.fixture.slim.web.NgBrowserTest.waitForAngularRequestsToFinish(NgBrowserTest.java:112)<br/>	at nl.hsac.fitnesse.fixture.slim.web.NgBrowserTest.waitForAngularIfNeeded(NgBrowserTest.java:82)<br/>	at nl.hsac.fitnesse.fixture.slim.web.BrowserTest.beforeInvoke(BrowserTest.java:52)<br/>	at nl.hsac.fitnesse.fixture.slim.SlimFixture.aroundSlimInvoke(SlimFixture.java:24)<br/>	at sun.reflect.GeneratedMethodAccessor1.invoke(Unknown Source)<br/>	at sun.reflect.DelegatingMethodAccessorImpl.invoke(DelegatingMethodAccessorImpl.java:43)<br/>	at java.lang.reflect.Method.invoke(Method.java:606)<br/>	at fitnesse.slim.fixtureInteraction.DefaultInteraction.methodInvoke(DefaultInteraction.java:81)<br/>	at fitnesse.slim.MethodExecutor.callMethod(MethodExecutor.java:55)<br/>	at fitnesse.slim.MethodExecutor.invokeMethod(MethodExecutor.java:38)<br/>	at fitnesse.slim.MethodExecutor.findAndInvoke(MethodExecutor.java:72)<br/>	at fitnesse.slim.FixtureMethodExecutor.execute(FixtureMethodExecutor.java:20)<br/>	at fitnesse.slim.StatementExecutor.getMethodExecutionResult(StatementExecutor.java:135)<br/>	at fitnesse.slim.StatementExecutor.call(StatementExecutor.java:108)<br/>	at fitnesse.slim.StatementTimeoutExecutor$3.call(StatementTimeoutExecutor.java:90)<br/>	at java.util.concurrent.FutureTask.run(FutureTask.java:262)<br/>	at java.util.concurrent.ThreadPoolExecutor.runWorker(ThreadPoolExecutor.java:1145)<br/>	at java.util.concurrent.ThreadPoolExecutor$Worker.run(ThreadPoolExecutor.java:615)<br/>	at java.lang.Thread.run(Thread.java:745)<br/></div></span></td>
		<td colspan="3">Ik wil mijn wachtwoord wijzigen nadat ik ben aangemeld</td>
	</tr>
	<tr class="slimRowColor0">
		<td>check</td>
		<td>value of</td>
		<td>Ik wil mijn wachtwoord wijzigen nadat ik ben aangemeld</td>
		<td>true <span class="error"><div>org.openqa.selenium.UnsupportedCommandException: ERROR The test with session id 864bf71b1e52428eabffc4aeec1c017e has already finished, and can't receive further commands.<br/>You can learn more at https://saucelabs.com/jobs/864bf71b1e52428eabffc4aeec1c017e<br/>For help, please check https://docs.saucelabs.com/reference/troubleshooting-common-error-messages<br/>Command duration or timeout: 79 milliseconds<br/>Build info: version: '2.53.0', revision: '35ae25b1534ae328c771e0856c93e187490ca824', time: '2016-03-15 10:43:46'<br/>System info: host: 'testing-worker-linux-docker-89428371-3382-linux-5', ip: '172.17.5.65', os.name: 'Linux', os.arch: 'amd64', os.version: '3.13.0-40-generic', java.version: '1.7.0_76'<br/>Session ID: 864bf71b1e52428eabffc4aeec1c017e<br/>Driver info: org.openqa.selenium.remote.RemoteWebDriver<br/>Capabilities [{platform=XP, acceptSslCerts=true, javascriptEnabled=true, hasMetadata=true, browserName=chrome, chrome={userDataDir=C:\Users\ADMINI~1\AppData\Local\Temp\scoped_dir1880_19415, chromedriverVersion=2.21.371459 (36d3d07f660ff2bc1bf28a75d1cdabed0983e7c4)}, rotatable=false, locationContextEnabled=true, mobileEmulationEnabled=false, webdriver.remote.sessionid=864bf71b1e52428eabffc4aeec1c017e, version=50.0.2661.75, takesHeapSnapshot=true, cssSelectorsEnabled=true, databaseEnabled=false, handlesAlerts=true, browserConnectionEnabled=false, webStorageEnabled=true, nativeEvents=true, hasTouchScreen=false, applicationCacheEnabled=false, takesScreenshot=true}]<br/>	at sun.reflect.GeneratedConstructorAccessor11.newInstance(Unknown Source)<br/>	at sun.reflect.DelegatingConstructorAccessorImpl.newInstance(DelegatingConstructorAccessorImpl.java:45)<br/>	at java.lang.reflect.Constructor.newInstance(Constructor.java:526)<br/>	at org.openqa.selenium.remote.ErrorHandler.createThrowable(ErrorHandler.java:206)<br/>	at org.openqa.selenium.remote.ErrorHandler.throwIfResponseFailed(ErrorHandler.java:158)<br/>	at org.openqa.selenium.remote.RemoteWebDriver.execute(RemoteWebDriver.java:678)<br/>	at org.openqa.selenium.remote.RemoteWebDriver.executeAsyncScript(RemoteWebDriver.java:598)<br/>	at nl.hsac.fitnesse.fixture.util.selenium.SeleniumHelper.waitForJavascriptCallback(SeleniumHelper.java:650)<br/>	at nl.hsac.fitnesse.fixture.slim.web.BrowserTest.waitForJavascriptCallback(BrowserTest.java:1768)<br/>	at nl.hsac.fitnesse.fixture.slim.web.NgBrowserTest.waitForAngularRequestsToFinish(NgBrowserTest.java:145)<br/>	at nl.hsac.fitnesse.fixture.slim.web.NgBrowserTest.waitForAngularRequestsToFinish(NgBrowserTest.java:112)<br/>	at nl.hsac.fitnesse.fixture.slim.web.NgBrowserTest.waitForAngularIfNeeded(NgBrowserTest.java:82)<br/>	at nl.hsac.fitnesse.fixture.slim.web.BrowserTest.beforeInvoke(BrowserTest.java:52)<br/>	at nl.hsac.fitnesse.fixture.slim.SlimFixture.aroundSlimInvoke(SlimFixture.java:24)<br/>	at sun.reflect.GeneratedMethodAccessor1.invoke(Unknown Source)<br/>	at sun.reflect.DelegatingMethodAccessorImpl.invoke(DelegatingMethodAccessorImpl.java:43)<br/>	at java.lang.reflect.Method.invoke(Method.java:606)<br/>	at fitnesse.slim.fixtureInteraction.DefaultInteraction.methodInvoke(DefaultInteraction.java:81)<br/>	at fitnesse.slim.MethodExecutor.callMethod(MethodExecutor.java:55)<br/>	at fitnesse.slim.MethodExecutor.invokeMethod(MethodExecutor.java:38)<br/>	at fitnesse.slim.MethodExecutor.findAndInvoke(MethodExecutor.java:72)<br/>	at fitnesse.slim.FixtureMethodExecutor.execute(FixtureMethodExecutor.java:20)<br/>	at fitnesse.slim.StatementExecutor.getMethodExecutionResult(StatementExecutor.java:135)<br/>	at fitnesse.slim.StatementExecutor.call(StatementExecutor.java:108)<br/>	at fitnesse.slim.StatementTimeoutExecutor$3.call(StatementTimeoutExecutor.java:90)<br/>	at java.util.concurrent.FutureTask.run(FutureTask.java:262)<br/>	at java.util.concurrent.ThreadPoolExecutor.runWorker(ThreadPoolExecutor.java:1145)<br/>	at java.util.concurrent.ThreadPoolExecutor$Worker.run(ThreadPoolExecutor.java:615)<br/>	at java.lang.Thread.run(Thread.java:745)<br/></div></span></td>
	</tr>
	<tr class="slimRowColor8">
		<td>ensure <span class="error"><div>org.openqa.selenium.UnsupportedCommandException: ERROR The test with session id 864bf71b1e52428eabffc4aeec1c017e has already finished, and can't receive further commands.<br/>You can learn more at https://saucelabs.com/jobs/864bf71b1e52428eabffc4aeec1c017e<br/>For help, please check https://docs.saucelabs.com/reference/troubleshooting-common-error-messages<br/>Command duration or timeout: 83 milliseconds<br/>Build info: version: '2.53.0', revision: '35ae25b1534ae328c771e0856c93e187490ca824', time: '2016-03-15 10:43:46'<br/>System info: host: 'testing-worker-linux-docker-89428371-3382-linux-5', ip: '172.17.5.65', os.name: 'Linux', os.arch: 'amd64', os.version: '3.13.0-40-generic', java.version: '1.7.0_76'<br/>Session ID: 864bf71b1e52428eabffc4aeec1c017e<br/>Driver info: org.openqa.selenium.remote.RemoteWebDriver<br/>Capabilities [{platform=XP, acceptSslCerts=true, javascriptEnabled=true, hasMetadata=true, browserName=chrome, chrome={userDataDir=C:\Users\ADMINI~1\AppData\Local\Temp\scoped_dir1880_19415, chromedriverVersion=2.21.371459 (36d3d07f660ff2bc1bf28a75d1cdabed0983e7c4)}, rotatable=false, locationContextEnabled=true, mobileEmulationEnabled=false, webdriver.remote.sessionid=864bf71b1e52428eabffc4aeec1c017e, version=50.0.2661.75, takesHeapSnapshot=true, cssSelectorsEnabled=true, databaseEnabled=false, handlesAlerts=true, browserConnectionEnabled=false, webStorageEnabled=true, nativeEvents=true, hasTouchScreen=false, applicationCacheEnabled=false, takesScreenshot=true}]<br/>	at sun.reflect.GeneratedConstructorAccessor11.newInstance(Unknown Source)<br/>	at sun.reflect.DelegatingConstructorAccessorImpl.newInstance(DelegatingConstructorAccessorImpl.java:45)<br/>	at java.lang.reflect.Constructor.newInstance(Constructor.java:526)<br/>	at org.openqa.selenium.remote.ErrorHandler.createThrowable(ErrorHandler.java:206)<br/>	at org.openqa.selenium.remote.ErrorHandler.throwIfResponseFailed(ErrorHandler.java:158)<br/>	at org.openqa.selenium.remote.RemoteWebDriver.execute(RemoteWebDriver.java:678)<br/>	at org.openqa.selenium.remote.RemoteWebDriver.executeAsyncScript(RemoteWebDriver.java:598)<br/>	at nl.hsac.fitnesse.fixture.util.selenium.SeleniumHelper.waitForJavascriptCallback(SeleniumHelper.java:650)<br/>	at nl.hsac.fitnesse.fixture.slim.web.BrowserTest.waitForJavascriptCallback(BrowserTest.java:1768)<br/>	at nl.hsac.fitnesse.fixture.slim.web.NgBrowserTest.waitForAngularRequestsToFinish(NgBrowserTest.java:145)<br/>	at nl.hsac.fitnesse.fixture.slim.web.NgBrowserTest.waitForAngularRequestsToFinish(NgBrowserTest.java:112)<br/>	at nl.hsac.fitnesse.fixture.slim.web.NgBrowserTest.waitForAngularIfNeeded(NgBrowserTest.java:82)<br/>	at nl.hsac.fitnesse.fixture.slim.web.BrowserTest.beforeInvoke(BrowserTest.java:52)<br/>	at nl.hsac.fitnesse.fixture.slim.SlimFixture.aroundSlimInvoke(SlimFixture.java:24)<br/>	at sun.reflect.GeneratedMethodAccessor1.invoke(Unknown Source)<br/>	at sun.reflect.DelegatingMethodAccessorImpl.invoke(DelegatingMethodAccessorImpl.java:43)<br/>	at java.lang.reflect.Method.invoke(Method.java:606)<br/>	at fitnesse.slim.fixtureInteraction.DefaultInteraction.methodInvoke(DefaultInteraction.java:81)<br/>	at fitnesse.slim.MethodExecutor.callMethod(MethodExecutor.java:55)<br/>	at fitnesse.slim.MethodExecutor.invokeMethod(MethodExecutor.java:38)<br/>	at fitnesse.slim.MethodExecutor.findAndInvoke(MethodExecutor.java:72)<br/>	at fitnesse.slim.FixtureMethodExecutor.execute(FixtureMethodExecutor.java:20)<br/>	at fitnesse.slim.StatementExecutor.getMethodExecutionResult(StatementExecutor.java:135)<br/>	at fitnesse.slim.StatementExecutor.call(StatementExecutor.java:108)<br/>	at fitnesse.slim.StatementTimeoutExecutor$3.call(StatementTimeoutExecutor.java:90)<br/>	at java.util.concurrent.FutureTask.run(FutureTask.java:262)<br/>	at java.util.concurrent.ThreadPoolExecutor.runWorker(ThreadPoolExecutor.java:1145)<br/>	at java.util.concurrent.ThreadPoolExecutor$Worker.run(ThreadPoolExecutor.java:615)<br/>	at java.lang.Thread.run(Thread.java:745)<br/></div></span></td>
		<td>value of</td>
		<td colspan="2">Ik wil mijn wachtwoord wijzigen nadat ik ben aangemeld</td>
	</tr>
</table>
<br/><br/></article></body></html>